<?xml version="1.0" encoding="utf-8"?>
<TestRun id="fd4d539b-799b-45a5-a127-73c9baa41abd" name="@Einsteins-MacBook-Air 2026-06-30 12:26:32" xmlns="http://microsoft.com/schemas/VisualStudio/TeamTest/2010">
  <Times creation="2026-06-30T12:26:32.5446310-05:00" queuing="2026-06-30T12:26:32.5446310-05:00" start="2026-06-30T12:26:32.2379350-05:00" finish="2026-06-30T12:26:32.5591300-05:00" />
  <TestSettings name="default" id="09bb0c37-0655-4f5f-8b5c-adfecb6be54b">
    <Deployment runDeploymentRoot="_Einsteins-MacBook-Air_2026-06-30_12_26_32" />
  </TestSettings>
  <Results>
    <UnitTestResult executionId="028e2ca8-3b57-453e-b051-eeaede687db5" testId="3571b3d0-4dbe-fe77-01ab-81fafb90a1d8" testName="HPD.ML.Clustering.Tests.ClusteringScoringTransformTests.Apply_PreservesRowCount" computerName="Einsteins-MacBook-Air" duration="00:00:00.0000663" startTime="2026-06-30T12:26:32.5399230-05:00" endTime="2026-06-30T12:26:32.5399880-05:00" testType="13cdc9d9-ddb5-4fa4-a97d-d965ccfc6d4b" outcome="Passed" testListId="8c84fa94-04c1-424b-9868-57a2d4851a1d" relativeResultsDirectory="028e2ca8-3b57-453e-b051-eeaede687db5" />
    <UnitTestResult executionId="9f723f70-9f0d-4267-a785-57929fff8018" testId="33f2d0c5-d367-b17d-f6e3-428abb16d408" testName="HPD.ML.Clustering.Tests.KMeansPlusPlusInitTests.Initialize_Deterministic" computerName="Einsteins-MacBook-Air" duration="00:00:00.0056032" startTime="2026-06-30T12:26:32.5098020-05:00" endTime="2026-06-30T12:26:32.5193000-05:00" testType="13cdc9d9-ddb5-4fa4-a97d-d965ccfc6d4b" outcome="Passed" testListId="8c84fa94-04c1-424b-9868-57a2d4851a1d" relativeResultsDirectory="9f723f70-9f0d-4267-a785-57929fff8018" />
    <UnitTestResult executionId="17346434-e696-46c0-9c4f-0d8c152ecf51" testId="bd53253f-aeb0-4938-261b-f8c25748fafb" testName="HPD.ML.Clustering.Tests.RandomInitTests.Initialize_ReturnsKCentroids" computerName="Einsteins-MacBook-Air" duration="00:00:00.0000933" startTime="2026-06-30T12:26:32.5331520-05:00" endTime="2026-06-30T12:26:32.5331720-05:00" testType="13cdc9d9-ddb5-4fa4-a97d-d965ccfc6d4b" outcome="Passed" testListId="8c84fa94-04c1-424b-9868-57a2d4851a1d" relativeResultsDirectory="17346434-e696-46c0-9c4f-0d8c152ecf51" />
    <UnitTestResult executionId="3ef139a4-09d0-4273-82e0-ac9af9cb373e" testId="24a6c38e-b37c-e8d6-5d93-7999a209ebbc" testName="HPD.ML.Clustering.Tests.ClusteringScoringTransformTests.Apply_ScoreContainsAllDistances" computerName="Einsteins-MacBook-Air" duration="00:00:00.0121105" startTime="2026-06-30T12:26:32.5098160-05:00" endTime="2026-06-30T12:26:32.5390700-05:00" testType="13cdc9d9-ddb5-4fa4-a97d-d965ccfc6d4b" outcome="Passed" testListId="8c84fa94-04c1-424b-9868-57a2d4851a1d" relativeResultsDirectory="3ef139a4-09d0-4273-82e0-ac9af9cb373e" />
    <UnitTestResult executionId="c6266255-677b-420b-aadb-71c30ec933ca" testId="963ea254-c5ee-0d9c-5fc0-0bf4ebb84992" testName="HPD.ML.Clustering.Tests.PipelineTests.KMeans_TrainAndPredict" computerName="Einsteins-MacBook-Air" duration="00:00:00.0005578" startTime="2026-06-30T12:26:32.5393770-05:00" endTime="2026-06-30T12:26:32.5393930-05:00" testType="13cdc9d9-ddb5-4fa4-a97d-d965ccfc6d4b" outcome="Passed" testListId="8c84fa94-04c1-424b-9868-57a2d4851a1d" relativeResultsDirectory="c6266255-677b-420b-aadb-71c30ec933ca" />
    <UnitTestResult executionId="b5505ce4-f491-4745-9804-da0d897157fc" testId="0626f466-c8b2-5786-e01b-dc09a842f261" testName="HPD.ML.Clustering.Tests.ClusteringModelParametersTests.DistanceSquared_IdenticalPoint_Zero" computerName="Einsteins-MacBook-Air" duration="00:00:00.0000396" startTime="2026-06-30T12:26:32.5382920-05:00" endTime="2026-06-30T12:26:32.5383090-05:00" testType="13cdc9d9-ddb5-4fa4-a97d-d965ccfc6d4b" outcome="Passed" testListId="8c84fa94-04c1-424b-9868-57a2d4851a1d" relativeResultsDirectory="b5505ce4-f491-4745-9804-da0d897157fc" />
    <UnitTestResult executionId="ea4ce5d7-205b-44f0-8a2d-c03978e041c4" testId="8d77ac77-7daa-ba16-c77e-c0e8415042dd" testName="HPD.ML.Clustering.Tests.MiniBatchKMeansLearnerTests.Fit_SmallBatchSize_StillConverges" computerName="Einsteins-MacBook-Air" duration="00:00:00.0003196" startTime="2026-06-30T12:26:32.5389520-05:00" endTime="2026-06-30T12:26:32.5389680-05:00" testType="13cdc9d9-ddb5-4fa4-a97d-d965ccfc6d4b" outcome="Passed" testListId="8c84fa94-04c1-424b-9868-57a2d4851a1d" relativeResultsDirectory="ea4ce5d7-205b-44f0-8a2d-c03978e041c4" />
    <UnitTestResult executionId="21dd6d5b-2bd6-461c-b8a2-175b11b701fb" testId="9d9239c6-d58a-a763-a45e-68c950d74081" testName="HPD.ML.Clustering.Tests.ClusteringModelParametersTests.Constructor_ComputesCentroidNorms" computerName="Einsteins-MacBook-Air" duration="00:00:00.0000546" startTime="2026-06-30T12:26:32.5384620-05:00" endTime="2026-06-30T12:26:32.5385090-05:00" testType="13cdc9d9-ddb5-4fa4-a97d-d965ccfc6d4b" outcome="Passed" testListId="8c84fa94-04c1-424b-9868-57a2d4851a1d" relativeResultsDirectory="21dd6d5b-2bd6-461c-b8a2-175b11b701fb" />
    <UnitTestResult executionId="dc8c9d83-32f0-4eab-ae0b-818ae7202bc8" testId="1a62af7c-a4f0-c7fb-4f5f-cd197a5fc3c8" testName="HPD.ML.Clustering.Tests.PipelineTests.MiniBatch_TrainAndPredict" computerName="Einsteins-MacBook-Air" duration="00:00:00.0121864" startTime="2026-06-30T12:26:32.5098430-05:00" endTime="2026-06-30T12:26:32.5391240-05:00" testType="13cdc9d9-ddb5-4fa4-a97d-d965ccfc6d4b" outcome="Passed" testListId="8c84fa94-04c1-424b-9868-57a2d4851a1d" relativeResultsDirectory="dc8c9d83-32f0-4eab-ae0b-818ae7202bc8" />
    <UnitTestResult executionId="8ffd5717-3107-4887-9735-320c25c89ba7" testId="4264d6ba-1b10-3d3e-1cfd-714f250b1955" testName="HPD.ML.Clustering.Tests.KMeansLearnerTests.Fit_TooFewDataPoints_Throws" computerName="Einsteins-MacBook-Air" duration="00:00:00.0000883" startTime="2026-06-30T12:26:32.5402290-05:00" endTime="2026-06-30T12:26:32.5402440-05:00" testType="13cdc9d9-ddb5-4fa4-a97d-d965ccfc6d4b" outcome="Passed" testListId="8c84fa94-04c1-424b-9868-57a2d4851a1d" relativeResultsDirectory="8ffd5717-3107-4887-9735-320c25c89ba7" />
    <UnitTestResult executionId="be7bee36-691c-422e-ab9c-52d3513337ea" testId="4f373b60-5e40-39b8-0caa-cdaa2c397c7a" testName="HPD.ML.Clustering.Tests.KMeansParallelInitTests.Initialize_ReturnsKCentroids" computerName="Einsteins-MacBook-Air" duration="00:00:00.0059671" startTime="2026-06-30T12:26:32.5098340-05:00" endTime="2026-06-30T12:26:32.5175570-05:00" testType="13cdc9d9-ddb5-4fa4-a97d-d965ccfc6d4b" outcome="Passed" testListId="8c84fa94-04c1-424b-9868-57a2d4851a1d" relativeResultsDirectory="be7bee36-691c-422e-ab9c-52d3513337ea" />
    <UnitTestResult executionId="e505e910-3121-4c02-a9ec-dce9c245fea7" testId="0c075d06-f00e-a4ab-b89e-29b520901ce3" testName="HPD.ML.Clustering.Tests.MiniBatchKMeansLearnerTests.Fit_EmitsProgressEvents" computerName="Einsteins-MacBook-Air" duration="00:00:00.0007739" startTime="2026-06-30T12:26:32.5395080-05:00" endTime="2026-06-30T12:26:32.5401170-05:00" testType="13cdc9d9-ddb5-4fa4-a97d-d965ccfc6d4b" outcome="Passed" testListId="8c84fa94-04c1-424b-9868-57a2d4851a1d" relativeResultsDirectory="e505e910-3121-4c02-a9ec-dce9c245fea7" />
    <UnitTestResult executionId="674b4256-9c2f-4b43-80d8-bfbd86376ffe" testId="b3aeb5fa-8a0b-af27-6f27-b98a36b3a6f4" testName="HPD.ML.Clustering.Tests.KMeansPlusPlusInitTests.Initialize_FirstCentroidIsDataPoint" computerName="Einsteins-MacBook-Air" duration="00:00:00.0001799" startTime="2026-06-30T12:26:32.5327980-05:00" endTime="2026-06-30T12:26:32.5329870-05:00" testType="13cdc9d9-ddb5-4fa4-a97d-d965ccfc6d4b" outcome="Passed" testListId="8c84fa94-04c1-424b-9868-57a2d4851a1d" relativeResultsDirectory="674b4256-9c2f-4b43-80d8-bfbd86376ffe" />
    <UnitTestResult executionId="ee4a8811-83c2-4ecb-a56c-7dac9b328e0a" testId="a47349f9-5afc-f1db-5456-8dec8330b053" testName="HPD.ML.Clustering.Tests.DistanceHelperTests.DistanceSquared_SamePoint_Zero" computerName="Einsteins-MacBook-Air" duration="00:00:00.0001429" startTime="2026-06-30T12:26:32.5343410-05:00" endTime="2026-06-30T12:26:32.5343940-05:00" testType="13cdc9d9-ddb5-4fa4-a97d-d965ccfc6d4b" outcome="Passed" testListId="8c84fa94-04c1-424b-9868-57a2d4851a1d" relativeResultsDirectory="ee4a8811-83c2-4ecb-a56c-7dac9b328e0a" />
    <UnitTestResult executionId="48eaff31-809f-42b9-8eac-73d14addccc0" testId="4439a746-0b15-1140-e14a-3465e6b661c0" testName="HPD.ML.Clustering.Tests.ClusteringModelParametersTests.DistanceSquared_NonNegative" computerName="Einsteins-MacBook-Air" duration="00:00:00.0000769" startTime="2026-06-30T12:26:32.5378490-05:00" endTime="2026-06-30T12:26:32.5378740-05:00" testType="13cdc9d9-ddb5-4fa4-a97d-d965ccfc6d4b" outcome="Passed" testListId="8c84fa94-04c1-424b-9868-57a2d4851a1d" relativeResultsDirectory="48eaff31-809f-42b9-8eac-73d14addccc0" />
    <UnitTestResult executionId="38647f70-6db0-4d00-a6d6-11e696f7323c" testId="93003eaf-7cc7-9dc6-ee9c-18af0b4289b5" testName="HPD.ML.Clustering.Tests.ClusteringScoringTransformTests.Apply_PreservesInputColumns" computerName="Einsteins-MacBook-Air" duration="00:00:00.0000834" startTime="2026-06-30T12:26:32.5398710-05:00" endTime="2026-06-30T12:26:32.5398870-05:00" testType="13cdc9d9-ddb5-4fa4-a97d-d965ccfc6d4b" outcome="Passed" testListId="8c84fa94-04c1-424b-9868-57a2d4851a1d" relativeResultsDirectory="38647f70-6db0-4d00-a6d6-11e696f7323c" />
    <UnitTestResult executionId="41f8b634-9571-40e0-b9ae-f6a7a275e4c1" testId="3b219cef-2a25-8cd3-db1a-2e775ba33ba6" testName="HPD.ML.Clustering.Tests.ClusteringModelParametersTests.NearestCluster_TieBreaksToFirst" computerName="Einsteins-MacBook-Air" duration="00:00:00.0000405" startTime="2026-06-30T12:26:32.5382260-05:00" endTime="2026-06-30T12:26:32.5382450-05:00" testType="13cdc9d9-ddb5-4fa4-a97d-d965ccfc6d4b" outcome="Passed" testListId="8c84fa94-04c1-424b-9868-57a2d4851a1d" relativeResultsDirectory="41f8b634-9571-40e0-b9ae-f6a7a275e4c1" />
    <UnitTestResult executionId="35737f00-e498-4ef7-9617-fff96e01c306" testId="e4aafcb6-f81e-9db4-8e34-a2260cdb7122" testName="HPD.ML.Clustering.Tests.ExtensionTests.MiniBatchKMeans_ReturnsMiniBatchLearner" computerName="Einsteins-MacBook-Air" duration="00:00:00.0001466" startTime="2026-06-30T12:26:32.5329680-05:00" endTime="2026-06-30T12:26:32.5330800-05:00" testType="13cdc9d9-ddb5-4fa4-a97d-d965ccfc6d4b" outcome="Passed" testListId="8c84fa94-04c1-424b-9868-57a2d4851a1d" relativeResultsDirectory="35737f00-e498-4ef7-9617-fff96e01c306" />
    <UnitTestResult executionId="ab8e68f0-b38f-45ca-b892-f78136dcd8fd" testId="315118de-c946-2f0f-8935-678d51e7e3d7" testName="HPD.ML.Clustering.Tests.MiniBatchKMeansLearnerTests.Fit_Deterministic" computerName="Einsteins-MacBook-Air" duration="00:00:00.0008322" startTime="2026-06-30T12:26:32.5385520-05:00" endTime="2026-06-30T12:26:32.5388650-05:00" testType="13cdc9d9-ddb5-4fa4-a97d-d965ccfc6d4b" outcome="Passed" testListId="8c84fa94-04c1-424b-9868-57a2d4851a1d" relativeResultsDirectory="ab8e68f0-b38f-45ca-b892-f78136dcd8fd" />
    <UnitTestResult executionId="bc070587-37b4-4235-949e-82f25dd8b8d8" testId="b09496bb-d1b9-dca8-e51a-8b625b138b8f" testName="HPD.ML.Clustering.Tests.KMeansLearnerTests.Fit_EmitsProgressEvents" computerName="Einsteins-MacBook-Air" duration="00:00:00.0003384" startTime="2026-06-30T12:26:32.5400720-05:00" endTime="2026-06-30T12:26:32.5401470-05:00" testType="13cdc9d9-ddb5-4fa4-a97d-d965ccfc6d4b" outcome="Passed" testListId="8c84fa94-04c1-424b-9868-57a2d4851a1d" relativeResultsDirectory="bc070587-37b4-4235-949e-82f25dd8b8d8" />
    <UnitTestResult executionId="b1f851ba-b6be-4d3b-a028-43570eb6824a" testId="38f774de-f6b0-0a6c-459e-f62770850323" testName="HPD.ML.Clustering.Tests.MiniBatchKMeansLearnerTests.Fit_BatchSizeLargerThanData_Clamped" computerName="Einsteins-MacBook-Air" duration="00:00:00.0002094" startTime="2026-06-30T12:26:32.5389020-05:00" endTime="2026-06-30T12:26:32.5389170-05:00" testType="13cdc9d9-ddb5-4fa4-a97d-d965ccfc6d4b" outcome="Passed" testListId="8c84fa94-04c1-424b-9868-57a2d4851a1d" relativeResultsDirectory="b1f851ba-b6be-4d3b-a028-43570eb6824a" />
    <UnitTestResult executionId="a9316640-fe8e-4a32-82ec-25eaaeb120a4" testId="690e76fa-5b37-77e8-aee9-b49512ba5ec1" testName="HPD.ML.Clustering.Tests.RandomInitTests.Initialize_DistinctCentroids" computerName="Einsteins-MacBook-Air" duration="00:00:00.0010464" startTime="2026-06-30T12:26:32.5326380-05:00" endTime="2026-06-30T12:26:32.5331080-05:00" testType="13cdc9d9-ddb5-4fa4-a97d-d965ccfc6d4b" outcome="Passed" testListId="8c84fa94-04c1-424b-9868-57a2d4851a1d" relativeResultsDirectory="a9316640-fe8e-4a32-82ec-25eaaeb120a4" />
    <UnitTestResult executionId="001d6b61-beee-4484-9505-cc492d15d1d4" testId="733082da-2843-3ac7-f3d7-83e5336535d7" testName="HPD.ML.Clustering.Tests.ClusteringModelParametersTests.DistanceSquared_KnownValues" computerName="Einsteins-MacBook-Air" duration="00:00:00.0003480" startTime="2026-06-30T12:26:32.5343770-05:00" endTime="2026-06-30T12:26:32.5349460-05:00" testType="13cdc9d9-ddb5-4fa4-a97d-d965ccfc6d4b" outcome="Passed" testListId="8c84fa94-04c1-424b-9868-57a2d4851a1d" relativeResultsDirectory="001d6b61-beee-4484-9505-cc492d15d1d4" />
    <UnitTestResult executionId="e9ed5b8d-159a-473c-aefb-135a5cde376c" testId="d38b5a3f-2822-5d73-a082-4afccbd21a30" testName="HPD.ML.Clustering.Tests.ClusteringModelParametersTests.GetCentroid_ReturnsCorrectSlice" computerName="Einsteins-MacBook-Air" duration="00:00:00.0010524" startTime="2026-06-30T12:26:32.5383490-05:00" endTime="2026-06-30T12:26:32.5384240-05:00" testType="13cdc9d9-ddb5-4fa4-a97d-d965ccfc6d4b" outcome="Passed" testListId="8c84fa94-04c1-424b-9868-57a2d4851a1d" relativeResultsDirectory="e9ed5b8d-159a-473c-aefb-135a5cde376c" />
    <UnitTestResult executionId="eafe1b5d-d784-44a7-94fa-ad0cc44278e0" testId="d6ea2854-07cd-cbb9-bd56-2f32ab60323f" testName="HPD.ML.Clustering.Tests.ClusteringScoringTransformTests.GetOutputSchema_AddsPredictedLabelAndScore" computerName="Einsteins-MacBook-Air" duration="00:00:00.0002812" startTime="2026-06-30T12:26:32.5400230-05:00" endTime="2026-06-30T12:26:32.5400870-05:00" testType="13cdc9d9-ddb5-4fa4-a97d-d965ccfc6d4b" outcome="Passed" testListId="8c84fa94-04c1-424b-9868-57a2d4851a1d" relativeResultsDirectory="eafe1b5d-d784-44a7-94fa-ad0cc44278e0" />
    <UnitTestResult executionId="76ad9740-a166-4716-95d1-b293cc3aa714" testId="b0618e0d-584b-d9f0-f4e3-0da5d968f52e" testName="HPD.ML.Clustering.Tests.RandomInitTests.Initialize_CentroidsAreDataPoints" computerName="Einsteins-MacBook-Air" duration="00:00:00.0002966" startTime="2026-06-30T12:26:32.5337280-05:00" endTime="2026-06-30T12:26:32.5340790-05:00" testType="13cdc9d9-ddb5-4fa4-a97d-d965ccfc6d4b" outcome="Passed" testListId="8c84fa94-04c1-424b-9868-57a2d4851a1d" relativeResultsDirectory="76ad9740-a166-4716-95d1-b293cc3aa714" />
    <UnitTestResult executionId="c7fb4dfa-5c49-41fb-83bf-e3786980a0f4" testId="5b2f186f-f9fb-7bb9-2e58-72b13871ce8e" testName="HPD.ML.Clustering.Tests.DistanceHelperTests.DistanceSquared_FlatArray_Correct" computerName="Einsteins-MacBook-Air" duration="00:00:00.0000424" startTime="2026-06-30T12:26:32.5344370-05:00" endTime="2026-06-30T12:26:32.5344550-05:00" testType="13cdc9d9-ddb5-4fa4-a97d-d965ccfc6d4b" outcome="Passed" testListId="8c84fa94-04c1-424b-9868-57a2d4851a1d" relativeResultsDirectory="c7fb4dfa-5c49-41fb-83bf-e3786980a0f4" />
    <UnitTestResult executionId="35bd9f71-6573-4733-ae61-28d1c04e9953" testId="e606fb70-2efd-47e9-20d5-4ea5f0218cef" testName="HPD.ML.Clustering.Tests.KMeansLearnerTests.Fit_ConvergesOnSimpleData" computerName="Einsteins-MacBook-Air" duration="00:00:00.0001802" startTime="2026-06-30T12:26:32.5401810-05:00" endTime="2026-06-30T12:26:32.5401960-05:00" testType="13cdc9d9-ddb5-4fa4-a97d-d965ccfc6d4b" outcome="Passed" testListId="8c84fa94-04c1-424b-9868-57a2d4851a1d" relativeResultsDirectory="35bd9f71-6573-4733-ae61-28d1c04e9953" />
    <UnitTestResult executionId="970c8842-a4ce-4d17-aa84-8d6fd632729f" testId="4ce00f48-c756-f7e9-e152-1cfb4eb04ce4" testName="HPD.ML.Clustering.Tests.ClusteringScoringTransformTests.Apply_OneIndexedLabels" computerName="Einsteins-MacBook-Air" duration="00:00:00.0001047" startTime="2026-06-30T12:26:32.5396110-05:00" endTime="2026-06-30T12:26:32.5396590-05:00" testType="13cdc9d9-ddb5-4fa4-a97d-d965ccfc6d4b" outcome="Passed" testListId="8c84fa94-04c1-424b-9868-57a2d4851a1d" relativeResultsDirectory="970c8842-a4ce-4d17-aa84-8d6fd632729f" />
    <UnitTestResult executionId="eabb5a57-679b-47bd-98a8-2586ad9a5c2e" testId="e58c69f0-8b41-39d2-9bec-15e8d178c887" testName="HPD.ML.Clustering.Tests.KMeansPlusPlusInitTests.Initialize_SpreadOut" computerName="Einsteins-MacBook-Air" duration="00:00:00.0003267" startTime="2026-06-30T12:26:32.5326820-05:00" endTime="2026-06-30T12:26:32.5327020-05:00" testType="13cdc9d9-ddb5-4fa4-a97d-d965ccfc6d4b" outcome="Passed" testListId="8c84fa94-04c1-424b-9868-57a2d4851a1d" relativeResultsDirectory="eabb5a57-679b-47bd-98a8-2586ad9a5c2e" />
    <UnitTestResult executionId="eba98446-ae46-4f64-9429-720fed595fa0" testId="df8cd202-694c-08aa-18ee-6648bc3c06af" testName="HPD.ML.Clustering.Tests.ClusteringModelParametersTests.NearestCluster_ReturnsClosest" computerName="Einsteins-MacBook-Air" duration="00:00:00.0001476" startTime="2026-06-30T12:26:32.5350030-05:00" endTime="2026-06-30T12:26:32.5350230-05:00" testType="13cdc9d9-ddb5-4fa4-a97d-d965ccfc6d4b" outcome="Passed" testListId="8c84fa94-04c1-424b-9868-57a2d4851a1d" relativeResultsDirectory="eba98446-ae46-4f64-9429-720fed595fa0" />
    <UnitTestResult executionId="d0e13be9-98c3-4c95-a412-cb83f065104e" testId="a8b85640-f640-d6a6-b3c9-b0f596befbb2" testName="HPD.ML.Clustering.Tests.MiniBatchKMeansLearnerTests.Fit_SeparatedClusters_FindsThem" computerName="Einsteins-MacBook-Air" duration="00:00:00.0011404" startTime="2026-06-30T12:26:32.5390550-05:00" endTime="2026-06-30T12:26:32.5394240-05:00" testType="13cdc9d9-ddb5-4fa4-a97d-d965ccfc6d4b" outcome="Passed" testListId="8c84fa94-04c1-424b-9868-57a2d4851a1d" relativeResultsDirectory="d0e13be9-98c3-4c95-a412-cb83f065104e" />
    <UnitTestResult executionId="c145d5c1-6e06-4250-9326-6d11561008f6" testId="3d882c24-6bfe-00e4-e88b-c01653928969" testName="HPD.ML.Clustering.Tests.KMeansPlusPlusInitTests.Initialize_ReturnsKCentroids" computerName="Einsteins-MacBook-Air" duration="00:00:00.0000461" startTime="2026-06-30T12:26:32.5330340-05:00" endTime="2026-06-30T12:26:32.5330520-05:00" testType="13cdc9d9-ddb5-4fa4-a97d-d965ccfc6d4b" outcome="Passed" testListId="8c84fa94-04c1-424b-9868-57a2d4851a1d" relativeResultsDirectory="c145d5c1-6e06-4250-9326-6d11561008f6" />
    <UnitTestResult executionId="5bf3ebba-50ae-4765-b0a6-633b9f11f47b" testId="1b81275c-3d96-8478-9293-7252e25755d6" testName="HPD.ML.Clustering.Tests.KMeansParallelInitTests.Initialize_SmallData_PadsIfNeeded" computerName="Einsteins-MacBook-Air" duration="00:00:00.0000388" startTime="2026-06-30T12:26:32.5340290-05:00" endTime="2026-06-30T12:26:32.5340470-05:00" testType="13cdc9d9-ddb5-4fa4-a97d-d965ccfc6d4b" outcome="Passed" testListId="8c84fa94-04c1-424b-9868-57a2d4851a1d" relativeResultsDirectory="5bf3ebba-50ae-4765-b0a6-633b9f11f47b" />
    <UnitTestResult executionId="5b753e71-0a12-4569-94b7-b936638d7278" testId="f20a34a3-99f0-4d0c-9d06-076c06b233a5" testName="HPD.ML.Clustering.Tests.ClusteringScoringTransformTests.Apply_AssignsCorrectCluster" computerName="Einsteins-MacBook-Air" duration="00:00:00.0013147" startTime="2026-06-30T12:26:32.5391080-05:00" endTime="2026-06-30T12:26:32.5395750-05:00" testType="13cdc9d9-ddb5-4fa4-a97d-d965ccfc6d4b" outcome="Passed" testListId="8c84fa94-04c1-424b-9868-57a2d4851a1d" relativeResultsDirectory="5b753e71-0a12-4569-94b7-b936638d7278" />
    <UnitTestResult executionId="cefae1d5-0e52-428e-949b-8f9d90897f63" testId="53d86e3c-00ec-6f82-44e9-ec9c15a5881c" testName="HPD.ML.Clustering.Tests.MiniBatchKMeansLearnerTests.Fit_TooFewDataPoints_Throws" computerName="Einsteins-MacBook-Air" duration="00:00:00.0002691" startTime="2026-06-30T12:26:32.5394600-05:00" endTime="2026-06-30T12:26:32.5394750-05:00" testType="13cdc9d9-ddb5-4fa4-a97d-d965ccfc6d4b" outcome="Passed" testListId="8c84fa94-04c1-424b-9868-57a2d4851a1d" relativeResultsDirectory="cefae1d5-0e52-428e-949b-8f9d90897f63" />
    <UnitTestResult executionId="e7b8565c-12f2-4036-8181-0f31454d4ade" testId="530d676c-eb94-3a2e-1240-b02b34a68d7f" testName="HPD.ML.Clustering.Tests.KMeansLearnerTests.Fit_PredictionsHaveCorrectSchema" computerName="Einsteins-MacBook-Air" duration="00:00:00.0001510" startTime="2026-06-30T12:26:32.5395590-05:00" endTime="2026-06-30T12:26:32.5396260-05:00" testType="13cdc9d9-ddb5-4fa4-a97d-d965ccfc6d4b" outcome="Passed" testListId="8c84fa94-04c1-424b-9868-57a2d4851a1d" relativeResultsDirectory="e7b8565c-12f2-4036-8181-0f31454d4ade" />
    <UnitTestResult executionId="c923fea6-cf09-4e74-810b-0a5c849fb911" testId="092631a0-c420-61a4-cb6a-de88cf6bb56f" testName="HPD.ML.Clustering.Tests.PipelineTests.KMeans_SingleFeature_Works" computerName="Einsteins-MacBook-Air" duration="00:00:00.0002433" startTime="2026-06-30T12:26:32.5391600-05:00" endTime="2026-06-30T12:26:32.5391750-05:00" testType="13cdc9d9-ddb5-4fa4-a97d-d965ccfc6d4b" outcome="Passed" testListId="8c84fa94-04c1-424b-9868-57a2d4851a1d" relativeResultsDirectory="c923fea6-cf09-4e74-810b-0a5c849fb911" />
    <UnitTestResult executionId="e1f616b0-9258-4660-a9b5-14f271724086" testId="6b5159ae-d1b5-3f14-b574-b718b134fff7" testName="HPD.ML.Clustering.Tests.ExtensionTests.KMeans_ReturnsKMeansLearner" computerName="Einsteins-MacBook-Air" duration="00:00:00.0069913" startTime="2026-06-30T12:26:32.5098510-05:00" endTime="2026-06-30T12:26:32.5329180-05:00" testType="13cdc9d9-ddb5-4fa4-a97d-d965ccfc6d4b" outcome="Passed" testListId="8c84fa94-04c1-424b-9868-57a2d4851a1d" relativeResultsDirectory="e1f616b0-9258-4660-a9b5-14f271724086" />
    <UnitTestResult executionId="60ae9af9-0406-4fcd-b7c8-3b1f977827b1" testId="3ab5d18c-b3d3-7a6c-af2c-4dc0fa61382c" testName="HPD.ML.Clustering.Tests.KMeansParallelInitTests.Initialize_ReducesToKCentroids" computerName="Einsteins-MacBook-Air" duration="00:00:00.0004289" startTime="2026-06-30T12:26:32.5325990-05:00" endTime="2026-06-30T12:26:32.5328200-05:00" testType="13cdc9d9-ddb5-4fa4-a97d-d965ccfc6d4b" outcome="Passed" testListId="8c84fa94-04c1-424b-9868-57a2d4851a1d" relativeResultsDirectory="60ae9af9-0406-4fcd-b7c8-3b1f977827b1" />
    <UnitTestResult executionId="6a4ef711-56d3-430e-b42e-ffbe47b8de72" testId="3d12fe59-1684-073a-8f58-131d8d45480a" testName="HPD.ML.Clustering.Tests.DistanceHelperTests.DistanceSquared_TwoPoints_Correct" computerName="Einsteins-MacBook-Air" duration="00:00:00.0000505" startTime="2026-06-30T12:26:32.5344950-05:00" endTime="2026-06-30T12:26:32.5348870-05:00" testType="13cdc9d9-ddb5-4fa4-a97d-d965ccfc6d4b" outcome="Passed" testListId="8c84fa94-04c1-424b-9868-57a2d4851a1d" relativeResultsDirectory="6a4ef711-56d3-430e-b42e-ffbe47b8de72" />
    <UnitTestResult executionId="465d0a5e-0fb4-4340-9e45-e9cedc58b09a" testId="f9049213-0a8a-ca8f-f664-fa94f8859ca9" testName="HPD.ML.Clustering.Tests.KMeansLearnerTests.Fit_SeparatedClusters_FindsThem" computerName="Einsteins-MacBook-Air" duration="00:00:00.0030355" startTime="2026-06-30T12:26:32.5388490-05:00" endTime="2026-06-30T12:26:32.5395240-05:00" testType="13cdc9d9-ddb5-4fa4-a97d-d965ccfc6d4b" outcome="Passed" testListId="8c84fa94-04c1-424b-9868-57a2d4851a1d" relativeResultsDirectory="465d0a5e-0fb4-4340-9e45-e9cedc58b09a" />
    <UnitTestResult executionId="20fc52a2-bee7-436c-ba54-adab2ac3351d" testId="f15d6c76-158b-a4c2-2dc6-cdf6686b3ad3" testName="HPD.ML.Clustering.Tests.MiniBatchKMeansLearnerTests.Fit_ReturnsModelWithTransform" computerName="Einsteins-MacBook-Air" duration="00:00:00.0002806" startTime="2026-06-30T12:26:32.5390020-05:00" endTime="2026-06-30T12:26:32.5390170-05:00" testType="13cdc9d9-ddb5-4fa4-a97d-d965ccfc6d4b" outcome="Passed" testListId="8c84fa94-04c1-424b-9868-57a2d4851a1d" relativeResultsDirectory="20fc52a2-bee7-436c-ba54-adab2ac3351d" />
    <UnitTestResult executionId="05201089-a26a-40b5-be67-86c8199d6d05" testId="c57de388-4ffe-8441-a338-5568d85f3765" testName="HPD.ML.Clustering.Tests.RandomInitTests.Initialize_Deterministic" computerName="Einsteins-MacBook-Air" duration="00:00:00.0056694" startTime="2026-06-30T12:26:32.5092530-05:00" endTime="2026-06-30T12:26:32.5192470-05:00" testType="13cdc9d9-ddb5-4fa4-a97d-d965ccfc6d4b" outcome="Passed" testListId="8c84fa94-04c1-424b-9868-57a2d4851a1d" relativeResultsDirectory="05201089-a26a-40b5-be67-86c8199d6d05" />
    <UnitTestResult executionId="80fcd974-ef74-4590-bdaa-1d570c3eb05b" testId="8b8ee545-8743-2468-c72c-5113c76b4edd" testName="HPD.ML.Clustering.Tests.KMeansLearnerTests.Fit_Deterministic" computerName="Einsteins-MacBook-Air" duration="00:00:00.0001781" startTime="2026-06-30T12:26:32.5384070-05:00" endTime="2026-06-30T12:26:32.5385640-05:00" testType="13cdc9d9-ddb5-4fa4-a97d-d965ccfc6d4b" outcome="Passed" testListId="8c84fa94-04c1-424b-9868-57a2d4851a1d" relativeResultsDirectory="80fcd974-ef74-4590-bdaa-1d570c3eb05b" />
    <UnitTestResult executionId="b006b97a-7cd9-4469-b369-ffe1c0087a5c" testId="6d474a56-88e9-c260-d2c9-6532166d1fc9" testName="HPD.ML.Clustering.Tests.MiniBatchKMeansLearnerTests.Fit_ParametersHaveCorrectKAndDim" computerName="Einsteins-MacBook-Air" duration="00:00:00.0102308" startTime="2026-06-30T12:26:32.5098580-05:00" endTime="2026-06-30T12:26:32.5384780-05:00" testType="13cdc9d9-ddb5-4fa4-a97d-d965ccfc6d4b" outcome="Passed" testListId="8c84fa94-04c1-424b-9868-57a2d4851a1d" relativeResultsDirectory="b006b97a-7cd9-4469-b369-ffe1c0087a5c" />
    <UnitTestResult executionId="f899e190-e691-439e-b517-62a1008cc60b" testId="b5030ecc-e8f7-f5a5-e566-f39b18a6c857" testName="HPD.ML.Clustering.Tests.KMeansParallelInitTests.Initialize_Deterministic" computerName="Einsteins-MacBook-Air" duration="00:00:00.0009361" startTime="2026-06-30T12:26:32.5328980-05:00" endTime="2026-06-30T12:26:32.5339770-05:00" testType="13cdc9d9-ddb5-4fa4-a97d-d965ccfc6d4b" outcome="Passed" testListId="8c84fa94-04c1-424b-9868-57a2d4851a1d" relativeResultsDirectory="f899e190-e691-439e-b517-62a1008cc60b" />
    <UnitTestResult executionId="7afec081-7c95-4c4c-9d3c-31fc64d56ce8" testId="42d0906d-d945-d496-e68a-e09afd9aa713" testName="HPD.ML.Clustering.Tests.KMeansLearnerTests.Fit_ParametersHaveCorrectKAndDim" computerName="Einsteins-MacBook-Air" duration="00:00:00.0001119" startTime="2026-06-30T12:26:32.5399730-05:00" endTime="2026-06-30T12:26:32.5400380-05:00" testType="13cdc9d9-ddb5-4fa4-a97d-d965ccfc6d4b" outcome="Passed" testListId="8c84fa94-04c1-424b-9868-57a2d4851a1d" relativeResultsDirectory="7afec081-7c95-4c4c-9d3c-31fc64d56ce8" />
    <UnitTestResult executionId="b6493886-97fd-46e3-af43-3e78efd969db" testId="edf7b4ef-e94f-bfeb-65b4-ccb962fcf477" testName="HPD.ML.Clustering.Tests.KMeansLearnerTests.Fit_KMeansPlusPlusInit_Works" computerName="Einsteins-MacBook-Air" duration="00:00:00.0001198" startTime="2026-06-30T12:26:32.5396830-05:00" endTime="2026-06-30T12:26:32.5399380-05:00" testType="13cdc9d9-ddb5-4fa4-a97d-d965ccfc6d4b" outcome="Passed" testListId="8c84fa94-04c1-424b-9868-57a2d4851a1d" relativeResultsDirectory="b6493886-97fd-46e3-af43-3e78efd969db" />
    <UnitTestResult executionId="5c439dd1-bddb-40d2-856f-fda609039e29" testId="28c52578-3254-b959-970b-cd33a84e8365" testName="HPD.ML.Clustering.Tests.KMeansLearnerTests.Fit_ReturnsModelWithTransform" computerName="Einsteins-MacBook-Air" duration="00:00:00.0001128" startTime="2026-06-30T12:26:32.5386060-05:00" endTime="2026-06-30T12:26:32.5386220-05:00" testType="13cdc9d9-ddb5-4fa4-a97d-d965ccfc6d4b" outcome="Passed" testListId="8c84fa94-04c1-424b-9868-57a2d4851a1d" relativeResultsDirectory="5c439dd1-bddb-40d2-856f-fda609039e29" />
    <UnitTestResult executionId="b80ef05e-8834-4a9b-af64-53a356df4dfd" testId="436d1b21-7425-ef67-fa8d-3fa6542845d8" testName="HPD.ML.Clustering.Tests.KMeansLearnerTests.Fit_RandomInit_Works" computerName="Einsteins-MacBook-Air" duration="00:00:00.0100279" startTime="2026-06-30T12:26:32.5098270-05:00" endTime="2026-06-30T12:26:32.5383660-05:00" testType="13cdc9d9-ddb5-4fa4-a97d-d965ccfc6d4b" outcome="Passed" testListId="8c84fa94-04c1-424b-9868-57a2d4851a1d" relativeResultsDirectory="b80ef05e-8834-4a9b-af64-53a356df4dfd" />
  </Results>
  <TestDefinitions>
    <UnitTest name="HPD.ML.Clustering.Tests.MiniBatchKMeansLearnerTests.Fit_SmallBatchSize_StillConverges" storage="/users/ewoof/desktop/hpd-os/dotnet/hpd-ml.framework/test/hpd.ml.clustering.tests/bin/debug/net10.0/hpd.ml.clustering.tests.dll" id="8d77ac77-7daa-ba16-c77e-c0e8415042dd">
      <Execution id="ea4ce5d7-205b-44f0-8a2d-c03978e041c4" />
      <TestMethod codeBase="/Users/ewoof/Desktop/HPD-OS/dotnet/HPD-ML.Framework/test/HPD.ML.Clustering.Tests/bin/Debug/net10.0/HPD.ML.Clustering.Tests.dll" adapterTypeName="executor://xunit/VsTestRunner3/netcore/" className="HPD.ML.Clustering.Tests.MiniBatchKMeansLearnerTests" name="Fit_SmallBatchSize_StillConverges" />
    </UnitTest>
    <UnitTest name="HPD.ML.Clustering.Tests.ClusteringScoringTransformTests.GetOutputSchema_AddsPredictedLabelAndScore" storage="/users/ewoof/desktop/hpd-os/dotnet/hpd-ml.framework/test/hpd.ml.clustering.tests/bin/debug/net10.0/hpd.ml.clustering.tests.dll" id="d6ea2854-07cd-cbb9-bd56-2f32ab60323f">
      <Execution id="eafe1b5d-d784-44a7-94fa-ad0cc44278e0" />
      <TestMethod codeBase="/Users/ewoof/Desktop/HPD-OS/dotnet/HPD-ML.Framework/test/HPD.ML.Clustering.Tests/bin/Debug/net10.0/HPD.ML.Clustering.Tests.dll" adapterTypeName="executor://xunit/VsTestRunner3/netcore/" className="HPD.ML.Clustering.Tests.ClusteringScoringTransformTests" name="GetOutputSchema_AddsPredictedLabelAndScore" />
    </UnitTest>
    <UnitTest name="HPD.ML.Clustering.Tests.ClusteringModelParametersTests.NearestCluster_TieBreaksToFirst" storage="/users/ewoof/desktop/hpd-os/dotnet/hpd-ml.framework/test/hpd.ml.clustering.tests/bin/debug/net10.0/hpd.ml.clustering.tests.dll" id="3b219cef-2a25-8cd3-db1a-2e775ba33ba6">
      <Execution id="41f8b634-9571-40e0-b9ae-f6a7a275e4c1" />
      <TestMethod codeBase="/Users/ewoof/Desktop/HPD-OS/dotnet/HPD-ML.Framework/test/HPD.ML.Clustering.Tests/bin/Debug/net10.0/HPD.ML.Clustering.Tests.dll" adapterTypeName="executor://xunit/VsTestRunner3/netcore/" className="HPD.ML.Clustering.Tests.ClusteringModelParametersTests" name="NearestCluster_TieBreaksToFirst" />
    </UnitTest>
    <UnitTest name="HPD.ML.Clustering.Tests.KMeansParallelInitTests.Initialize_ReducesToKCentroids" storage="/users/ewoof/desktop/hpd-os/dotnet/hpd-ml.framework/test/hpd.ml.clustering.tests/bin/debug/net10.0/hpd.ml.clustering.tests.dll" id="3ab5d18c-b3d3-7a6c-af2c-4dc0fa61382c">
      <Execution id="60ae9af9-0406-4fcd-b7c8-3b1f977827b1" />
      <TestMethod codeBase="/Users/ewoof/Desktop/HPD-OS/dotnet/HPD-ML.Framework/test/HPD.ML.Clustering.Tests/bin/Debug/net10.0/HPD.ML.Clustering.Tests.dll" adapterTypeName="executor://xunit/VsTestRunner3/netcore/" className="HPD.ML.Clustering.Tests.KMeansParallelInitTests" name="Initialize_ReducesToKCentroids" />
    </UnitTest>
    <UnitTest name="HPD.ML.Clustering.Tests.PipelineTests.KMeans_SingleFeature_Works" storage="/users/ewoof/desktop/hpd-os/dotnet/hpd-ml.framework/test/hpd.ml.clustering.tests/bin/debug/net10.0/hpd.ml.clustering.tests.dll" id="092631a0-c420-61a4-cb6a-de88cf6bb56f">
      <Execution id="c923fea6-cf09-4e74-810b-0a5c849fb911" />
      <TestMethod codeBase="/Users/ewoof/Desktop/HPD-OS/dotnet/HPD-ML.Framework/test/HPD.ML.Clustering.Tests/bin/Debug/net10.0/HPD.ML.Clustering.Tests.dll" adapterTypeName="executor://xunit/VsTestRunner3/netcore/" className="HPD.ML.Clustering.Tests.PipelineTests" name="KMeans_SingleFeature_Works" />
    </UnitTest>
    <UnitTest name="HPD.ML.Clustering.Tests.KMeansLearnerTests.Fit_ParametersHaveCorrectKAndDim" storage="/users/ewoof/desktop/hpd-os/dotnet/hpd-ml.framework/test/hpd.ml.clustering.tests/bin/debug/net10.0/hpd.ml.clustering.tests.dll" id="42d0906d-d945-d496-e68a-e09afd9aa713">
      <Execution id="7afec081-7c95-4c4c-9d3c-31fc64d56ce8" />
      <TestMethod codeBase="/Users/ewoof/Desktop/HPD-OS/dotnet/HPD-ML.Framework/test/HPD.ML.Clustering.Tests/bin/Debug/net10.0/HPD.ML.Clustering.Tests.dll" adapterTypeName="executor://xunit/VsTestRunner3/netcore/" className="HPD.ML.Clustering.Tests.KMeansLearnerTests" name="Fit_ParametersHaveCorrectKAndDim" />
    </UnitTest>
    <UnitTest name="HPD.ML.Clustering.Tests.ClusteringModelParametersTests.NearestCluster_ReturnsClosest" storage="/users/ewoof/desktop/hpd-os/dotnet/hpd-ml.framework/test/hpd.ml.clustering.tests/bin/debug/net10.0/hpd.ml.clustering.tests.dll" id="df8cd202-694c-08aa-18ee-6648bc3c06af">
      <Execution id="eba98446-ae46-4f64-9429-720fed595fa0" />
      <TestMethod codeBase="/Users/ewoof/Desktop/HPD-OS/dotnet/HPD-ML.Framework/test/HPD.ML.Clustering.Tests/bin/Debug/net10.0/HPD.ML.Clustering.Tests.dll" adapterTypeName="executor://xunit/VsTestRunner3/netcore/" className="HPD.ML.Clustering.Tests.ClusteringModelParametersTests" name="NearestCluster_ReturnsClosest" />
    </UnitTest>
    <UnitTest name="HPD.ML.Clustering.Tests.KMeansParallelInitTests.Initialize_Deterministic" storage="/users/ewoof/desktop/hpd-os/dotnet/hpd-ml.framework/test/hpd.ml.clustering.tests/bin/debug/net10.0/hpd.ml.clustering.tests.dll" id="b5030ecc-e8f7-f5a5-e566-f39b18a6c857">
      <Execution id="f899e190-e691-439e-b517-62a1008cc60b" />
      <TestMethod codeBase="/Users/ewoof/Desktop/HPD-OS/dotnet/HPD-ML.Framework/test/HPD.ML.Clustering.Tests/bin/Debug/net10.0/HPD.ML.Clustering.Tests.dll" adapterTypeName="executor://xunit/VsTestRunner3/netcore/" className="HPD.ML.Clustering.Tests.KMeansParallelInitTests" name="Initialize_Deterministic" />
    </UnitTest>
    <UnitTest name="HPD.ML.Clustering.Tests.RandomInitTests.Initialize_CentroidsAreDataPoints" storage="/users/ewoof/desktop/hpd-os/dotnet/hpd-ml.framework/test/hpd.ml.clustering.tests/bin/debug/net10.0/hpd.ml.clustering.tests.dll" id="b0618e0d-584b-d9f0-f4e3-0da5d968f52e">
      <Execution id="76ad9740-a166-4716-95d1-b293cc3aa714" />
      <TestMethod codeBase="/Users/ewoof/Desktop/HPD-OS/dotnet/HPD-ML.Framework/test/HPD.ML.Clustering.Tests/bin/Debug/net10.0/HPD.ML.Clustering.Tests.dll" adapterTypeName="executor://xunit/VsTestRunner3/netcore/" className="HPD.ML.Clustering.Tests.RandomInitTests" name="Initialize_CentroidsAreDataPoints" />
    </UnitTest>
    <UnitTest name="HPD.ML.Clustering.Tests.DistanceHelperTests.DistanceSquared_FlatArray_Correct" storage="/users/ewoof/desktop/hpd-os/dotnet/hpd-ml.framework/test/hpd.ml.clustering.tests/bin/debug/net10.0/hpd.ml.clustering.tests.dll" id="5b2f186f-f9fb-7bb9-2e58-72b13871ce8e">
      <Execution id="c7fb4dfa-5c49-41fb-83bf-e3786980a0f4" />
      <TestMethod codeBase="/Users/ewoof/Desktop/HPD-OS/dotnet/HPD-ML.Framework/test/HPD.ML.Clustering.Tests/bin/Debug/net10.0/HPD.ML.Clustering.Tests.dll" adapterTypeName="executor://xunit/VsTestRunner3/netcore/" className="HPD.ML.Clustering.Tests.DistanceHelperTests" name="DistanceSquared_FlatArray_Correct" />
    </UnitTest>
    <UnitTest name="HPD.ML.Clustering.Tests.MiniBatchKMeansLearnerTests.Fit_ParametersHaveCorrectKAndDim" storage="/users/ewoof/desktop/hpd-os/dotnet/hpd-ml.framework/test/hpd.ml.clustering.tests/bin/debug/net10.0/hpd.ml.clustering.tests.dll" id="6d474a56-88e9-c260-d2c9-6532166d1fc9">
      <Execution id="b006b97a-7cd9-4469-b369-ffe1c0087a5c" />
      <TestMethod codeBase="/Users/ewoof/Desktop/HPD-OS/dotnet/HPD-ML.Framework/test/HPD.ML.Clustering.Tests/bin/Debug/net10.0/HPD.ML.Clustering.Tests.dll" adapterTypeName="executor://xunit/VsTestRunner3/netcore/" className="HPD.ML.Clustering.Tests.MiniBatchKMeansLearnerTests" name="Fit_ParametersHaveCorrectKAndDim" />
    </UnitTest>
    <UnitTest name="HPD.ML.Clustering.Tests.KMeansLearnerTests.Fit_SeparatedClusters_FindsThem" storage="/users/ewoof/desktop/hpd-os/dotnet/hpd-ml.framework/test/hpd.ml.clustering.tests/bin/debug/net10.0/hpd.ml.clustering.tests.dll" id="f9049213-0a8a-ca8f-f664-fa94f8859ca9">
      <Execution id="465d0a5e-0fb4-4340-9e45-e9cedc58b09a" />
      <TestMethod codeBase="/Users/ewoof/Desktop/HPD-OS/dotnet/HPD-ML.Framework/test/HPD.ML.Clustering.Tests/bin/Debug/net10.0/HPD.ML.Clustering.Tests.dll" adapterTypeName="executor://xunit/VsTestRunner3/netcore/" className="HPD.ML.Clustering.Tests.KMeansLearnerTests" name="Fit_SeparatedClusters_FindsThem" />
    </UnitTest>
    <UnitTest name="HPD.ML.Clustering.Tests.KMeansLearnerTests.Fit_EmitsProgressEvents" storage="/users/ewoof/desktop/hpd-os/dotnet/hpd-ml.framework/test/hpd.ml.clustering.tests/bin/debug/net10.0/hpd.ml.clustering.tests.dll" id="b09496bb-d1b9-dca8-e51a-8b625b138b8f">
      <Execution id="bc070587-37b4-4235-949e-82f25dd8b8d8" />
      <TestMethod codeBase="/Users/ewoof/Desktop/HPD-OS/dotnet/HPD-ML.Framework/test/HPD.ML.Clustering.Tests/bin/Debug/net10.0/HPD.ML.Clustering.Tests.dll" adapterTypeName="executor://xunit/VsTestRunner3/netcore/" className="HPD.ML.Clustering.Tests.KMeansLearnerTests" name="Fit_EmitsProgressEvents" />
    </UnitTest>
    <UnitTest name="HPD.ML.Clustering.Tests.PipelineTests.KMeans_TrainAndPredict" storage="/users/ewoof/desktop/hpd-os/dotnet/hpd-ml.framework/test/hpd.ml.clustering.tests/bin/debug/net10.0/hpd.ml.clustering.tests.dll" id="963ea254-c5ee-0d9c-5fc0-0bf4ebb84992">
      <Execution id="c6266255-677b-420b-aadb-71c30ec933ca" />
      <TestMethod codeBase="/Users/ewoof/Desktop/HPD-OS/dotnet/HPD-ML.Framework/test/HPD.ML.Clustering.Tests/bin/Debug/net10.0/HPD.ML.Clustering.Tests.dll" adapterTypeName="executor://xunit/VsTestRunner3/netcore/" className="HPD.ML.Clustering.Tests.PipelineTests" name="KMeans_TrainAndPredict" />
    </UnitTest>
    <UnitTest name="HPD.ML.Clustering.Tests.KMeansLearnerTests.Fit_RandomInit_Works" storage="/users/ewoof/desktop/hpd-os/dotnet/hpd-ml.framework/test/hpd.ml.clustering.tests/bin/debug/net10.0/hpd.ml.clustering.tests.dll" id="436d1b21-7425-ef67-fa8d-3fa6542845d8">
      <Execution id="b80ef05e-8834-4a9b-af64-53a356df4dfd" />
      <TestMethod codeBase="/Users/ewoof/Desktop/HPD-OS/dotnet/HPD-ML.Framework/test/HPD.ML.Clustering.Tests/bin/Debug/net10.0/HPD.ML.Clustering.Tests.dll" adapterTypeName="executor://xunit/VsTestRunner3/netcore/" className="HPD.ML.Clustering.Tests.KMeansLearnerTests" name="Fit_RandomInit_Works" />
    </UnitTest>
    <UnitTest name="HPD.ML.Clustering.Tests.ClusteringModelParametersTests.Constructor_ComputesCentroidNorms" storage="/users/ewoof/desktop/hpd-os/dotnet/hpd-ml.framework/test/hpd.ml.clustering.tests/bin/debug/net10.0/hpd.ml.clustering.tests.dll" id="9d9239c6-d58a-a763-a45e-68c950d74081">
      <Execution id="21dd6d5b-2bd6-461c-b8a2-175b11b701fb" />
      <TestMethod codeBase="/Users/ewoof/Desktop/HPD-OS/dotnet/HPD-ML.Framework/test/HPD.ML.Clustering.Tests/bin/Debug/net10.0/HPD.ML.Clustering.Tests.dll" adapterTypeName="executor://xunit/VsTestRunner3/netcore/" className="HPD.ML.Clustering.Tests.ClusteringModelParametersTests" name="Constructor_ComputesCentroidNorms" />
    </UnitTest>
    <UnitTest name="HPD.ML.Clustering.Tests.RandomInitTests.Initialize_Deterministic" storage="/users/ewoof/desktop/hpd-os/dotnet/hpd-ml.framework/test/hpd.ml.clustering.tests/bin/debug/net10.0/hpd.ml.clustering.tests.dll" id="c57de388-4ffe-8441-a338-5568d85f3765">
      <Execution id="05201089-a26a-40b5-be67-86c8199d6d05" />
      <TestMethod codeBase="/Users/ewoof/Desktop/HPD-OS/dotnet/HPD-ML.Framework/test/HPD.ML.Clustering.Tests/bin/Debug/net10.0/HPD.ML.Clustering.Tests.dll" adapterTypeName="executor://xunit/VsTestRunner3/netcore/" className="HPD.ML.Clustering.Tests.RandomInitTests" name="Initialize_Deterministic" />
    </UnitTest>
    <UnitTest name="HPD.ML.Clustering.Tests.ClusteringScoringTransformTests.Apply_PreservesInputColumns" storage="/users/ewoof/desktop/hpd-os/dotnet/hpd-ml.framework/test/hpd.ml.clustering.tests/bin/debug/net10.0/hpd.ml.clustering.tests.dll" id="93003eaf-7cc7-9dc6-ee9c-18af0b4289b5">
      <Execution id="38647f70-6db0-4d00-a6d6-11e696f7323c" />
      <TestMethod codeBase="/Users/ewoof/Desktop/HPD-OS/dotnet/HPD-ML.Framework/test/HPD.ML.Clustering.Tests/bin/Debug/net10.0/HPD.ML.Clustering.Tests.dll" adapterTypeName="executor://xunit/VsTestRunner3/netcore/" className="HPD.ML.Clustering.Tests.ClusteringScoringTransformTests" name="Apply_PreservesInputColumns" />
    </UnitTest>
    <UnitTest name="HPD.ML.Clustering.Tests.ClusteringScoringTransformTests.Apply_PreservesRowCount" storage="/users/ewoof/desktop/hpd-os/dotnet/hpd-ml.framework/test/hpd.ml.clustering.tests/bin/debug/net10.0/hpd.ml.clustering.tests.dll" id="3571b3d0-4dbe-fe77-01ab-81fafb90a1d8">
      <Execution id="028e2ca8-3b57-453e-b051-eeaede687db5" />
      <TestMethod codeBase="/Users/ewoof/Desktop/HPD-OS/dotnet/HPD-ML.Framework/test/HPD.ML.Clustering.Tests/bin/Debug/net10.0/HPD.ML.Clustering.Tests.dll" adapterTypeName="executor://xunit/VsTestRunner3/netcore/" className="HPD.ML.Clustering.Tests.ClusteringScoringTransformTests" name="Apply_PreservesRowCount" />
    </UnitTest>
    <UnitTest name="HPD.ML.Clustering.Tests.KMeansLearnerTests.Fit_KMeansPlusPlusInit_Works" storage="/users/ewoof/desktop/hpd-os/dotnet/hpd-ml.framework/test/hpd.ml.clustering.tests/bin/debug/net10.0/hpd.ml.clustering.tests.dll" id="edf7b4ef-e94f-bfeb-65b4-ccb962fcf477">
      <Execution id="b6493886-97fd-46e3-af43-3e78efd969db" />
      <TestMethod codeBase="/Users/ewoof/Desktop/HPD-OS/dotnet/HPD-ML.Framework/test/HPD.ML.Clustering.Tests/bin/Debug/net10.0/HPD.ML.Clustering.Tests.dll" adapterTypeName="executor://xunit/VsTestRunner3/netcore/" className="HPD.ML.Clustering.Tests.KMeansLearnerTests" name="Fit_KMeansPlusPlusInit_Works" />
    </UnitTest>
    <UnitTest name="HPD.ML.Clustering.Tests.KMeansLearnerTests.Fit_ReturnsModelWithTransform" storage="/users/ewoof/desktop/hpd-os/dotnet/hpd-ml.framework/test/hpd.ml.clustering.tests/bin/debug/net10.0/hpd.ml.clustering.tests.dll" id="28c52578-3254-b959-970b-cd33a84e8365">
      <Execution id="5c439dd1-bddb-40d2-856f-fda609039e29" />
      <TestMethod codeBase="/Users/ewoof/Desktop/HPD-OS/dotnet/HPD-ML.Framework/test/HPD.ML.Clustering.Tests/bin/Debug/net10.0/HPD.ML.Clustering.Tests.dll" adapterTypeName="executor://xunit/VsTestRunner3/netcore/" className="HPD.ML.Clustering.Tests.KMeansLearnerTests" name="Fit_ReturnsModelWithTransform" />
    </UnitTest>
    <UnitTest name="HPD.ML.Clustering.Tests.ExtensionTests.KMeans_ReturnsKMeansLearner" storage="/users/ewoof/desktop/hpd-os/dotnet/hpd-ml.framework/test/hpd.ml.clustering.tests/bin/debug/net10.0/hpd.ml.clustering.tests.dll" id="6b5159ae-d1b5-3f14-b574-b718b134fff7">
      <Execution id="e1f616b0-9258-4660-a9b5-14f271724086" />
      <TestMethod codeBase="/Users/ewoof/Desktop/HPD-OS/dotnet/HPD-ML.Framework/test/HPD.ML.Clustering.Tests/bin/Debug/net10.0/HPD.ML.Clustering.Tests.dll" adapterTypeName="executor://xunit/VsTestRunner3/netcore/" className="HPD.ML.Clustering.Tests.ExtensionTests" name="KMeans_ReturnsKMeansLearner" />
    </UnitTest>
    <UnitTest name="HPD.ML.Clustering.Tests.MiniBatchKMeansLearnerTests.Fit_EmitsProgressEvents" storage="/users/ewoof/desktop/hpd-os/dotnet/hpd-ml.framework/test/hpd.ml.clustering.tests/bin/debug/net10.0/hpd.ml.clustering.tests.dll" id="0c075d06-f00e-a4ab-b89e-29b520901ce3">
      <Execution id="e505e910-3121-4c02-a9ec-dce9c245fea7" />
      <TestMethod codeBase="/Users/ewoof/Desktop/HPD-OS/dotnet/HPD-ML.Framework/test/HPD.ML.Clustering.Tests/bin/Debug/net10.0/HPD.ML.Clustering.Tests.dll" adapterTypeName="executor://xunit/VsTestRunner3/netcore/" className="HPD.ML.Clustering.Tests.MiniBatchKMeansLearnerTests" name="Fit_EmitsProgressEvents" />
    </UnitTest>
    <UnitTest name="HPD.ML.Clustering.Tests.KMeansLearnerTests.Fit_PredictionsHaveCorrectSchema" storage="/users/ewoof/desktop/hpd-os/dotnet/hpd-ml.framework/test/hpd.ml.clustering.tests/bin/debug/net10.0/hpd.ml.clustering.tests.dll" id="530d676c-eb94-3a2e-1240-b02b34a68d7f">
      <Execution id="e7b8565c-12f2-4036-8181-0f31454d4ade" />
      <TestMethod codeBase="/Users/ewoof/Desktop/HPD-OS/dotnet/HPD-ML.Framework/test/HPD.ML.Clustering.Tests/bin/Debug/net10.0/HPD.ML.Clustering.Tests.dll" adapterTypeName="executor://xunit/VsTestRunner3/netcore/" className="HPD.ML.Clustering.Tests.KMeansLearnerTests" name="Fit_PredictionsHaveCorrectSchema" />
    </UnitTest>
    <UnitTest name="HPD.ML.Clustering.Tests.ClusteringScoringTransformTests.Apply_OneIndexedLabels" storage="/users/ewoof/desktop/hpd-os/dotnet/hpd-ml.framework/test/hpd.ml.clustering.tests/bin/debug/net10.0/hpd.ml.clustering.tests.dll" id="4ce00f48-c756-f7e9-e152-1cfb4eb04ce4">
      <Execution id="970c8842-a4ce-4d17-aa84-8d6fd632729f" />
      <TestMethod codeBase="/Users/ewoof/Desktop/HPD-OS/dotnet/HPD-ML.Framework/test/HPD.ML.Clustering.Tests/bin/Debug/net10.0/HPD.ML.Clustering.Tests.dll" adapterTypeName="executor://xunit/VsTestRunner3/netcore/" className="HPD.ML.Clustering.Tests.ClusteringScoringTransformTests" name="Apply_OneIndexedLabels" />
    </UnitTest>
    <UnitTest name="HPD.ML.Clustering.Tests.ClusteringModelParametersTests.GetCentroid_ReturnsCorrectSlice" storage="/users/ewoof/desktop/hpd-os/dotnet/hpd-ml.framework/test/hpd.ml.clustering.tests/bin/debug/net10.0/hpd.ml.clustering.tests.dll" id="d38b5a3f-2822-5d73-a082-4afccbd21a30">
      <Execution id="e9ed5b8d-159a-473c-aefb-135a5cde376c" />
      <TestMethod codeBase="/Users/ewoof/Desktop/HPD-OS/dotnet/HPD-ML.Framework/test/HPD.ML.Clustering.Tests/bin/Debug/net10.0/HPD.ML.Clustering.Tests.dll" adapterTypeName="executor://xunit/VsTestRunner3/netcore/" className="HPD.ML.Clustering.Tests.ClusteringModelParametersTests" name="GetCentroid_ReturnsCorrectSlice" />
    </UnitTest>
    <UnitTest name="HPD.ML.Clustering.Tests.MiniBatchKMeansLearnerTests.Fit_Deterministic" storage="/users/ewoof/desktop/hpd-os/dotnet/hpd-ml.framework/test/hpd.ml.clustering.tests/bin/debug/net10.0/hpd.ml.clustering.tests.dll" id="315118de-c946-2f0f-8935-678d51e7e3d7">
      <Execution id="ab8e68f0-b38f-45ca-b892-f78136dcd8fd" />
      <TestMethod codeBase="/Users/ewoof/Desktop/HPD-OS/dotnet/HPD-ML.Framework/test/HPD.ML.Clustering.Tests/bin/Debug/net10.0/HPD.ML.Clustering.Tests.dll" adapterTypeName="executor://xunit/VsTestRunner3/netcore/" className="HPD.ML.Clustering.Tests.MiniBatchKMeansLearnerTests" name="Fit_Deterministic" />
    </UnitTest>
    <UnitTest name="HPD.ML.Clustering.Tests.DistanceHelperTests.DistanceSquared_TwoPoints_Correct" storage="/users/ewoof/desktop/hpd-os/dotnet/hpd-ml.framework/test/hpd.ml.clustering.tests/bin/debug/net10.0/hpd.ml.clustering.tests.dll" id="3d12fe59-1684-073a-8f58-131d8d45480a">
      <Execution id="6a4ef711-56d3-430e-b42e-ffbe47b8de72" />
      <TestMethod codeBase="/Users/ewoof/Desktop/HPD-OS/dotnet/HPD-ML.Framework/test/HPD.ML.Clustering.Tests/bin/Debug/net10.0/HPD.ML.Clustering.Tests.dll" adapterTypeName="executor://xunit/VsTestRunner3/netcore/" className="HPD.ML.Clustering.Tests.DistanceHelperTests" name="DistanceSquared_TwoPoints_Correct" />
    </UnitTest>
    <UnitTest name="HPD.ML.Clustering.Tests.ClusteringModelParametersTests.DistanceSquared_IdenticalPoint_Zero" storage="/users/ewoof/desktop/hpd-os/dotnet/hpd-ml.framework/test/hpd.ml.clustering.tests/bin/debug/net10.0/hpd.ml.clustering.tests.dll" id="0626f466-c8b2-5786-e01b-dc09a842f261">
      <Execution id="b5505ce4-f491-4745-9804-da0d897157fc" />
      <TestMethod codeBase="/Users/ewoof/Desktop/HPD-OS/dotnet/HPD-ML.Framework/test/HPD.ML.Clustering.Tests/bin/Debug/net10.0/HPD.ML.Clustering.Tests.dll" adapterTypeName="executor://xunit/VsTestRunner3/netcore/" className="HPD.ML.Clustering.Tests.ClusteringModelParametersTests" name="DistanceSquared_IdenticalPoint_Zero" />
    </UnitTest>
    <UnitTest name="HPD.ML.Clustering.Tests.KMeansParallelInitTests.Initialize_SmallData_PadsIfNeeded" storage="/users/ewoof/desktop/hpd-os/dotnet/hpd-ml.framework/test/hpd.ml.clustering.tests/bin/debug/net10.0/hpd.ml.clustering.tests.dll" id="1b81275c-3d96-8478-9293-7252e25755d6">
      <Execution id="5bf3ebba-50ae-4765-b0a6-633b9f11f47b" />
      <TestMethod codeBase="/Users/ewoof/Desktop/HPD-OS/dotnet/HPD-ML.Framework/test/HPD.ML.Clustering.Tests/bin/Debug/net10.0/HPD.ML.Clustering.Tests.dll" adapterTypeName="executor://xunit/VsTestRunner3/netcore/" className="HPD.ML.Clustering.Tests.KMeansParallelInitTests" name="Initialize_SmallData_PadsIfNeeded" />
    </UnitTest>
    <UnitTest name="HPD.ML.Clustering.Tests.ExtensionTests.MiniBatchKMeans_ReturnsMiniBatchLearner" storage="/users/ewoof/desktop/hpd-os/dotnet/hpd-ml.framework/test/hpd.ml.clustering.tests/bin/debug/net10.0/hpd.ml.clustering.tests.dll" id="e4aafcb6-f81e-9db4-8e34-a2260cdb7122">
      <Execution id="35737f00-e498-4ef7-9617-fff96e01c306" />
      <TestMethod codeBase="/Users/ewoof/Desktop/HPD-OS/dotnet/HPD-ML.Framework/test/HPD.ML.Clustering.Tests/bin/Debug/net10.0/HPD.ML.Clustering.Tests.dll" adapterTypeName="executor://xunit/VsTestRunner3/netcore/" className="HPD.ML.Clustering.Tests.ExtensionTests" name="MiniBatchKMeans_ReturnsMiniBatchLearner" />
    </UnitTest>
    <UnitTest name="HPD.ML.Clustering.Tests.MiniBatchKMeansLearnerTests.Fit_TooFewDataPoints_Throws" storage="/users/ewoof/desktop/hpd-os/dotnet/hpd-ml.framework/test/hpd.ml.clustering.tests/bin/debug/net10.0/hpd.ml.clustering.tests.dll" id="53d86e3c-00ec-6f82-44e9-ec9c15a5881c">
      <Execution id="cefae1d5-0e52-428e-949b-8f9d90897f63" />
      <TestMethod codeBase="/Users/ewoof/Desktop/HPD-OS/dotnet/HPD-ML.Framework/test/HPD.ML.Clustering.Tests/bin/Debug/net10.0/HPD.ML.Clustering.Tests.dll" adapterTypeName="executor://xunit/VsTestRunner3/netcore/" className="HPD.ML.Clustering.Tests.MiniBatchKMeansLearnerTests" name="Fit_TooFewDataPoints_Throws" />
    </UnitTest>
    <UnitTest name="HPD.ML.Clustering.Tests.RandomInitTests.Initialize_ReturnsKCentroids" storage="/users/ewoof/desktop/hpd-os/dotnet/hpd-ml.framework/test/hpd.ml.clustering.tests/bin/debug/net10.0/hpd.ml.clustering.tests.dll" id="bd53253f-aeb0-4938-261b-f8c25748fafb">
      <Execution id="17346434-e696-46c0-9c4f-0d8c152ecf51" />
      <TestMethod codeBase="/Users/ewoof/Desktop/HPD-OS/dotnet/HPD-ML.Framework/test/HPD.ML.Clustering.Tests/bin/Debug/net10.0/HPD.ML.Clustering.Tests.dll" adapterTypeName="executor://xunit/VsTestRunner3/netcore/" className="HPD.ML.Clustering.Tests.RandomInitTests" name="Initialize_ReturnsKCentroids" />
    </UnitTest>
    <UnitTest name="HPD.ML.Clustering.Tests.KMeansPlusPlusInitTests.Initialize_ReturnsKCentroids" storage="/users/ewoof/desktop/hpd-os/dotnet/hpd-ml.framework/test/hpd.ml.clustering.tests/bin/debug/net10.0/hpd.ml.clustering.tests.dll" id="3d882c24-6bfe-00e4-e88b-c01653928969">
      <Execution id="c145d5c1-6e06-4250-9326-6d11561008f6" />
      <TestMethod codeBase="/Users/ewoof/Desktop/HPD-OS/dotnet/HPD-ML.Framework/test/HPD.ML.Clustering.Tests/bin/Debug/net10.0/HPD.ML.Clustering.Tests.dll" adapterTypeName="executor://xunit/VsTestRunner3/netcore/" className="HPD.ML.Clustering.Tests.KMeansPlusPlusInitTests" name="Initialize_ReturnsKCentroids" />
    </UnitTest>
    <UnitTest name="HPD.ML.Clustering.Tests.KMeansPlusPlusInitTests.Initialize_Deterministic" storage="/users/ewoof/desktop/hpd-os/dotnet/hpd-ml.framework/test/hpd.ml.clustering.tests/bin/debug/net10.0/hpd.ml.clustering.tests.dll" id="33f2d0c5-d367-b17d-f6e3-428abb16d408">
      <Execution id="9f723f70-9f0d-4267-a785-57929fff8018" />
      <TestMethod codeBase="/Users/ewoof/Desktop/HPD-OS/dotnet/HPD-ML.Framework/test/HPD.ML.Clustering.Tests/bin/Debug/net10.0/HPD.ML.Clustering.Tests.dll" adapterTypeName="executor://xunit/VsTestRunner3/netcore/" className="HPD.ML.Clustering.Tests.KMeansPlusPlusInitTests" name="Initialize_Deterministic" />
    </UnitTest>
    <UnitTest name="HPD.ML.Clustering.Tests.KMeansLearnerTests.Fit_Deterministic" storage="/users/ewoof/desktop/hpd-os/dotnet/hpd-ml.framework/test/hpd.ml.clustering.tests/bin/debug/net10.0/hpd.ml.clustering.tests.dll" id="8b8ee545-8743-2468-c72c-5113c76b4edd">
      <Execution id="80fcd974-ef74-4590-bdaa-1d570c3eb05b" />
      <TestMethod codeBase="/Users/ewoof/Desktop/HPD-OS/dotnet/HPD-ML.Framework/test/HPD.ML.Clustering.Tests/bin/Debug/net10.0/HPD.ML.Clustering.Tests.dll" adapterTypeName="executor://xunit/VsTestRunner3/netcore/" className="HPD.ML.Clustering.Tests.KMeansLearnerTests" name="Fit_Deterministic" />
    </UnitTest>
    <UnitTest name="HPD.ML.Clustering.Tests.DistanceHelperTests.DistanceSquared_SamePoint_Zero" storage="/users/ewoof/desktop/hpd-os/dotnet/hpd-ml.framework/test/hpd.ml.clustering.tests/bin/debug/net10.0/hpd.ml.clustering.tests.dll" id="a47349f9-5afc-f1db-5456-8dec8330b053">
      <Execution id="ee4a8811-83c2-4ecb-a56c-7dac9b328e0a" />
      <TestMethod codeBase="/Users/ewoof/Desktop/HPD-OS/dotnet/HPD-ML.Framework/test/HPD.ML.Clustering.Tests/bin/Debug/net10.0/HPD.ML.Clustering.Tests.dll" adapterTypeName="executor://xunit/VsTestRunner3/netcore/" className="HPD.ML.Clustering.Tests.DistanceHelperTests" name="DistanceSquared_SamePoint_Zero" />
    </UnitTest>
    <UnitTest name="HPD.ML.Clustering.Tests.KMeansParallelInitTests.Initialize_ReturnsKCentroids" storage="/users/ewoof/desktop/hpd-os/dotnet/hpd-ml.framework/test/hpd.ml.clustering.tests/bin/debug/net10.0/hpd.ml.clustering.tests.dll" id="4f373b60-5e40-39b8-0caa-cdaa2c397c7a">
      <Execution id="be7bee36-691c-422e-ab9c-52d3513337ea" />
      <TestMethod codeBase="/Users/ewoof/Desktop/HPD-OS/dotnet/HPD-ML.Framework/test/HPD.ML.Clustering.Tests/bin/Debug/net10.0/HPD.ML.Clustering.Tests.dll" adapterTypeName="executor://xunit/VsTestRunner3/netcore/" className="HPD.ML.Clustering.Tests.KMeansParallelInitTests" name="Initialize_ReturnsKCentroids" />
    </UnitTest>
    <UnitTest name="HPD.ML.Clustering.Tests.KMeansLearnerTests.Fit_TooFewDataPoints_Throws" storage="/users/ewoof/desktop/hpd-os/dotnet/hpd-ml.framework/test/hpd.ml.clustering.tests/bin/debug/net10.0/hpd.ml.clustering.tests.dll" id="4264d6ba-1b10-3d3e-1cfd-714f250b1955">
      <Execution id="8ffd5717-3107-4887-9735-320c25c89ba7" />
      <TestMethod codeBase="/Users/ewoof/Desktop/HPD-OS/dotnet/HPD-ML.Framework/test/HPD.ML.Clustering.Tests/bin/Debug/net10.0/HPD.ML.Clustering.Tests.dll" adapterTypeName="executor://xunit/VsTestRunner3/netcore/" className="HPD.ML.Clustering.Tests.KMeansLearnerTests" name="Fit_TooFewDataPoints_Throws" />
    </UnitTest>
    <UnitTest name="HPD.ML.Clustering.Tests.ClusteringModelParametersTests.DistanceSquared_KnownValues" storage="/users/ewoof/desktop/hpd-os/dotnet/hpd-ml.framework/test/hpd.ml.clustering.tests/bin/debug/net10.0/hpd.ml.clustering.tests.dll" id="733082da-2843-3ac7-f3d7-83e5336535d7">
      <Execution id="001d6b61-beee-4484-9505-cc492d15d1d4" />
      <TestMethod codeBase="/Users/ewoof/Desktop/HPD-OS/dotnet/HPD-ML.Framework/test/HPD.ML.Clustering.Tests/bin/Debug/net10.0/HPD.ML.Clustering.Tests.dll" adapterTypeName="executor://xunit/VsTestRunner3/netcore/" className="HPD.ML.Clustering.Tests.ClusteringModelParametersTests" name="DistanceSquared_KnownValues" />
    </UnitTest>
    <UnitTest name="HPD.ML.Clustering.Tests.KMeansLearnerTests.Fit_ConvergesOnSimpleData" storage="/users/ewoof/desktop/hpd-os/dotnet/hpd-ml.framework/test/hpd.ml.clustering.tests/bin/debug/net10.0/hpd.ml.clustering.tests.dll" id="e606fb70-2efd-47e9-20d5-4ea5f0218cef">
      <Execution id="35bd9f71-6573-4733-ae61-28d1c04e9953" />
      <TestMethod codeBase="/Users/ewoof/Desktop/HPD-OS/dotnet/HPD-ML.Framework/test/HPD.ML.Clustering.Tests/bin/Debug/net10.0/HPD.ML.Clustering.Tests.dll" adapterTypeName="executor://xunit/VsTestRunner3/netcore/" className="HPD.ML.Clustering.Tests.KMeansLearnerTests" name="Fit_ConvergesOnSimpleData" />
    </UnitTest>
    <UnitTest name="HPD.ML.Clustering.Tests.ClusteringScoringTransformTests.Apply_ScoreContainsAllDistances" storage="/users/ewoof/desktop/hpd-os/dotnet/hpd-ml.framework/test/hpd.ml.clustering.tests/bin/debug/net10.0/hpd.ml.clustering.tests.dll" id="24a6c38e-b37c-e8d6-5d93-7999a209ebbc">
      <Execution id="3ef139a4-09d0-4273-82e0-ac9af9cb373e" />
      <TestMethod codeBase="/Users/ewoof/Desktop/HPD-OS/dotnet/HPD-ML.Framework/test/HPD.ML.Clustering.Tests/bin/Debug/net10.0/HPD.ML.Clustering.Tests.dll" adapterTypeName="executor://xunit/VsTestRunner3/netcore/" className="HPD.ML.Clustering.Tests.ClusteringScoringTransformTests" name="Apply_ScoreContainsAllDistances" />
    </UnitTest>
    <UnitTest name="HPD.ML.Clustering.Tests.MiniBatchKMeansLearnerTests.Fit_BatchSizeLargerThanData_Clamped" storage="/users/ewoof/desktop/hpd-os/dotnet/hpd-ml.framework/test/hpd.ml.clustering.tests/bin/debug/net10.0/hpd.ml.clustering.tests.dll" id="38f774de-f6b0-0a6c-459e-f62770850323">
      <Execution id="b1f851ba-b6be-4d3b-a028-43570eb6824a" />
      <TestMethod codeBase="/Users/ewoof/Desktop/HPD-OS/dotnet/HPD-ML.Framework/test/HPD.ML.Clustering.Tests/bin/Debug/net10.0/HPD.ML.Clustering.Tests.dll" adapterTypeName="executor://xunit/VsTestRunner3/netcore/" className="HPD.ML.Clustering.Tests.MiniBatchKMeansLearnerTests" name="Fit_BatchSizeLargerThanData_Clamped" />
    </UnitTest>
    <UnitTest name="HPD.ML.Clustering.Tests.ClusteringModelParametersTests.DistanceSquared_NonNegative" storage="/users/ewoof/desktop/hpd-os/dotnet/hpd-ml.framework/test/hpd.ml.clustering.tests/bin/debug/net10.0/hpd.ml.clustering.tests.dll" id="4439a746-0b15-1140-e14a-3465e6b661c0">
      <Execution id="48eaff31-809f-42b9-8eac-73d14addccc0" />
      <TestMethod codeBase="/Users/ewoof/Desktop/HPD-OS/dotnet/HPD-ML.Framework/test/HPD.ML.Clustering.Tests/bin/Debug/net10.0/HPD.ML.Clustering.Tests.dll" adapterTypeName="executor://xunit/VsTestRunner3/netcore/" className="HPD.ML.Clustering.Tests.ClusteringModelParametersTests" name="DistanceSquared_NonNegative" />
    </UnitTest>
    <UnitTest name="HPD.ML.Clustering.Tests.RandomInitTests.Initialize_DistinctCentroids" storage="/users/ewoof/desktop/hpd-os/dotnet/hpd-ml.framework/test/hpd.ml.clustering.tests/bin/debug/net10.0/hpd.ml.clustering.tests.dll" id="690e76fa-5b37-77e8-aee9-b49512ba5ec1">
      <Execution id="a9316640-fe8e-4a32-82ec-25eaaeb120a4" />
      <TestMethod codeBase="/Users/ewoof/Desktop/HPD-OS/dotnet/HPD-ML.Framework/test/HPD.ML.Clustering.Tests/bin/Debug/net10.0/HPD.ML.Clustering.Tests.dll" adapterTypeName="executor://xunit/VsTestRunner3/netcore/" className="HPD.ML.Clustering.Tests.RandomInitTests" name="Initialize_DistinctCentroids" />
    </UnitTest>
    <UnitTest name="HPD.ML.Clustering.Tests.KMeansPlusPlusInitTests.Initialize_SpreadOut" storage="/users/ewoof/desktop/hpd-os/dotnet/hpd-ml.framework/test/hpd.ml.clustering.tests/bin/debug/net10.0/hpd.ml.clustering.tests.dll" id="e58c69f0-8b41-39d2-9bec-15e8d178c887">
      <Execution id="eabb5a57-679b-47bd-98a8-2586ad9a5c2e" />
      <TestMethod codeBase="/Users/ewoof/Desktop/HPD-OS/dotnet/HPD-ML.Framework/test/HPD.ML.Clustering.Tests/bin/Debug/net10.0/HPD.ML.Clustering.Tests.dll" adapterTypeName="executor://xunit/VsTestRunner3/netcore/" className="HPD.ML.Clustering.Tests.KMeansPlusPlusInitTests" name="Initialize_SpreadOut" />
    </UnitTest>
    <UnitTest name="HPD.ML.Clustering.Tests.PipelineTests.MiniBatch_TrainAndPredict" storage="/users/ewoof/desktop/hpd-os/dotnet/hpd-ml.framework/test/hpd.ml.clustering.tests/bin/debug/net10.0/hpd.ml.clustering.tests.dll" id="1a62af7c-a4f0-c7fb-4f5f-cd197a5fc3c8">
      <Execution id="dc8c9d83-32f0-4eab-ae0b-818ae7202bc8" />
      <TestMethod codeBase="/Users/ewoof/Desktop/HPD-OS/dotnet/HPD-ML.Framework/test/HPD.ML.Clustering.Tests/bin/Debug/net10.0/HPD.ML.Clustering.Tests.dll" adapterTypeName="executor://xunit/VsTestRunner3/netcore/" className="HPD.ML.Clustering.Tests.PipelineTests" name="MiniBatch_TrainAndPredict" />
    </UnitTest>
    <UnitTest name="HPD.ML.Clustering.Tests.MiniBatchKMeansLearnerTests.Fit_ReturnsModelWithTransform" storage="/users/ewoof/desktop/hpd-os/dotnet/hpd-ml.framework/test/hpd.ml.clustering.tests/bin/debug/net10.0/hpd.ml.clustering.tests.dll" id="f15d6c76-158b-a4c2-2dc6-cdf6686b3ad3">
      <Execution id="20fc52a2-bee7-436c-ba54-adab2ac3351d" />
      <TestMethod codeBase="/Users/ewoof/Desktop/HPD-OS/dotnet/HPD-ML.Framework/test/HPD.ML.Clustering.Tests/bin/Debug/net10.0/HPD.ML.Clustering.Tests.dll" adapterTypeName="executor://xunit/VsTestRunner3/netcore/" className="HPD.ML.Clustering.Tests.MiniBatchKMeansLearnerTests" name="Fit_ReturnsModelWithTransform" />
    </UnitTest>
    <UnitTest name="HPD.ML.Clustering.Tests.KMeansPlusPlusInitTests.Initialize_FirstCentroidIsDataPoint" storage="/users/ewoof/desktop/hpd-os/dotnet/hpd-ml.framework/test/hpd.ml.clustering.tests/bin/debug/net10.0/hpd.ml.clustering.tests.dll" id="b3aeb5fa-8a0b-af27-6f27-b98a36b3a6f4">
      <Execution id="674b4256-9c2f-4b43-80d8-bfbd86376ffe" />
      <TestMethod codeBase="/Users/ewoof/Desktop/HPD-OS/dotnet/HPD-ML.Framework/test/HPD.ML.Clustering.Tests/bin/Debug/net10.0/HPD.ML.Clustering.Tests.dll" adapterTypeName="executor://xunit/VsTestRunner3/netcore/" className="HPD.ML.Clustering.Tests.KMeansPlusPlusInitTests" name="Initialize_FirstCentroidIsDataPoint" />
    </UnitTest>
    <UnitTest name="HPD.ML.Clustering.Tests.ClusteringScoringTransformTests.Apply_AssignsCorrectCluster" storage="/users/ewoof/desktop/hpd-os/dotnet/hpd-ml.framework/test/hpd.ml.clustering.tests/bin/debug/net10.0/hpd.ml.clustering.tests.dll" id="f20a34a3-99f0-4d0c-9d06-076c06b233a5">
      <Execution id="5b753e71-0a12-4569-94b7-b936638d7278" />
      <TestMethod codeBase="/Users/ewoof/Desktop/HPD-OS/dotnet/HPD-ML.Framework/test/HPD.ML.Clustering.Tests/bin/Debug/net10.0/HPD.ML.Clustering.Tests.dll" adapterTypeName="executor://xunit/VsTestRunner3/netcore/" className="HPD.ML.Clustering.Tests.ClusteringScoringTransformTests" name="Apply_AssignsCorrectCluster" />
    </UnitTest>
    <UnitTest name="HPD.ML.Clustering.Tests.MiniBatchKMeansLearnerTests.Fit_SeparatedClusters_FindsThem" storage="/users/ewoof/desktop/hpd-os/dotnet/hpd-ml.framework/test/hpd.ml.clustering.tests/bin/debug/net10.0/hpd.ml.clustering.tests.dll" id="a8b85640-f640-d6a6-b3c9-b0f596befbb2">
      <Execution id="d0e13be9-98c3-4c95-a412-cb83f065104e" />
      <TestMethod codeBase="/Users/ewoof/Desktop/HPD-OS/dotnet/HPD-ML.Framework/test/HPD.ML.Clustering.Tests/bin/Debug/net10.0/HPD.ML.Clustering.Tests.dll" adapterTypeName="executor://xunit/VsTestRunner3/netcore/" className="HPD.ML.Clustering.Tests.MiniBatchKMeansLearnerTests" name="Fit_SeparatedClusters_FindsThem" />
    </UnitTest>
  </TestDefinitions>
  <TestEntries>
    <TestEntry testId="3571b3d0-4dbe-fe77-01ab-81fafb90a1d8" executionId="028e2ca8-3b57-453e-b051-eeaede687db5" testListId="8c84fa94-04c1-424b-9868-57a2d4851a1d" />
    <TestEntry testId="33f2d0c5-d367-b17d-f6e3-428abb16d408" executionId="9f723f70-9f0d-4267-a785-57929fff8018" testListId="8c84fa94-04c1-424b-9868-57a2d4851a1d" />
    <TestEntry testId="bd53253f-aeb0-4938-261b-f8c25748fafb" executionId="17346434-e696-46c0-9c4f-0d8c152ecf51" testListId="8c84fa94-04c1-424b-9868-57a2d4851a1d" />
    <TestEntry testId="24a6c38e-b37c-e8d6-5d93-7999a209ebbc" executionId="3ef139a4-09d0-4273-82e0-ac9af9cb373e" testListId="8c84fa94-04c1-424b-9868-57a2d4851a1d" />
    <TestEntry testId="963ea254-c5ee-0d9c-5fc0-0bf4ebb84992" executionId="c6266255-677b-420b-aadb-71c30ec933ca" testListId="8c84fa94-04c1-424b-9868-57a2d4851a1d" />
    <TestEntry testId="0626f466-c8b2-5786-e01b-dc09a842f261" executionId="b5505ce4-f491-4745-9804-da0d897157fc" testListId="8c84fa94-04c1-424b-9868-57a2d4851a1d" />
    <TestEntry testId="8d77ac77-7daa-ba16-c77e-c0e8415042dd" executionId="ea4ce5d7-205b-44f0-8a2d-c03978e041c4" testListId="8c84fa94-04c1-424b-9868-57a2d4851a1d" />
    <TestEntry testId="9d9239c6-d58a-a763-a45e-68c950d74081" executionId="21dd6d5b-2bd6-461c-b8a2-175b11b701fb" testListId="8c84fa94-04c1-424b-9868-57a2d4851a1d" />
    <TestEntry testId="1a62af7c-a4f0-c7fb-4f5f-cd197a5fc3c8" executionId="dc8c9d83-32f0-4eab-ae0b-818ae7202bc8" testListId="8c84fa94-04c1-424b-9868-57a2d4851a1d" />
    <TestEntry testId="4264d6ba-1b10-3d3e-1cfd-714f250b1955" executionId="8ffd5717-3107-4887-9735-320c25c89ba7" testListId="8c84fa94-04c1-424b-9868-57a2d4851a1d" />
    <TestEntry testId="4f373b60-5e40-39b8-0caa-cdaa2c397c7a" executionId="be7bee36-691c-422e-ab9c-52d3513337ea" testListId="8c84fa94-04c1-424b-9868-57a2d4851a1d" />
    <TestEntry testId="0c075d06-f00e-a4ab-b89e-29b520901ce3" executionId="e505e910-3121-4c02-a9ec-dce9c245fea7" testListId="8c84fa94-04c1-424b-9868-57a2d4851a1d" />
    <TestEntry testId="b3aeb5fa-8a0b-af27-6f27-b98a36b3a6f4" executionId="674b4256-9c2f-4b43-80d8-bfbd86376ffe" testListId="8c84fa94-04c1-424b-9868-57a2d4851a1d" />
    <TestEntry testId="a47349f9-5afc-f1db-5456-8dec8330b053" executionId="ee4a8811-83c2-4ecb-a56c-7dac9b328e0a" testListId="8c84fa94-04c1-424b-9868-57a2d4851a1d" />
    <TestEntry testId="4439a746-0b15-1140-e14a-3465e6b661c0" executionId="48eaff31-809f-42b9-8eac-73d14addccc0" testListId="8c84fa94-04c1-424b-9868-57a2d4851a1d" />
    <TestEntry testId="93003eaf-7cc7-9dc6-ee9c-18af0b4289b5" executionId="38647f70-6db0-4d00-a6d6-11e696f7323c" testListId="8c84fa94-04c1-424b-9868-57a2d4851a1d" />
    <TestEntry testId="3b219cef-2a25-8cd3-db1a-2e775ba33ba6" executionId="41f8b634-9571-40e0-b9ae-f6a7a275e4c1" testListId="8c84fa94-04c1-424b-9868-57a2d4851a1d" />
    <TestEntry testId="e4aafcb6-f81e-9db4-8e34-a2260cdb7122" executionId="35737f00-e498-4ef7-9617-fff96e01c306" testListId="8c84fa94-04c1-424b-9868-57a2d4851a1d" />
    <TestEntry testId="315118de-c946-2f0f-8935-678d51e7e3d7" executionId="ab8e68f0-b38f-45ca-b892-f78136dcd8fd" testListId="8c84fa94-04c1-424b-9868-57a2d4851a1d" />
    <TestEntry testId="b09496bb-d1b9-dca8-e51a-8b625b138b8f" executionId="bc070587-37b4-4235-949e-82f25dd8b8d8" testListId="8c84fa94-04c1-424b-9868-57a2d4851a1d" />
    <TestEntry testId="38f774de-f6b0-0a6c-459e-f62770850323" executionId="b1f851ba-b6be-4d3b-a028-43570eb6824a" testListId="8c84fa94-04c1-424b-9868-57a2d4851a1d" />
    <TestEntry testId="690e76fa-5b37-77e8-aee9-b49512ba5ec1" executionId="a9316640-fe8e-4a32-82ec-25eaaeb120a4" testListId="8c84fa94-04c1-424b-9868-57a2d4851a1d" />
    <TestEntry testId="733082da-2843-3ac7-f3d7-83e5336535d7" executionId="001d6b61-beee-4484-9505-cc492d15d1d4" testListId="8c84fa94-04c1-424b-9868-57a2d4851a1d" />
    <TestEntry testId="d38b5a3f-2822-5d73-a082-4afccbd21a30" executionId="e9ed5b8d-159a-473c-aefb-135a5cde376c" testListId="8c84fa94-04c1-424b-9868-57a2d4851a1d" />
    <TestEntry testId="d6ea2854-07cd-cbb9-bd56-2f32ab60323f" executionId="eafe1b5d-d784-44a7-94fa-ad0cc44278e0" testListId="8c84fa94-04c1-424b-9868-57a2d4851a1d" />
    <TestEntry testId="b0618e0d-584b-d9f0-f4e3-0da5d968f52e" executionId="76ad9740-a166-4716-95d1-b293cc3aa714" testListId="8c84fa94-04c1-424b-9868-57a2d4851a1d" />
    <TestEntry testId="5b2f186f-f9fb-7bb9-2e58-72b13871ce8e" executionId="c7fb4dfa-5c49-41fb-83bf-e3786980a0f4" testListId="8c84fa94-04c1-424b-9868-57a2d4851a1d" />
    <TestEntry testId="e606fb70-2efd-47e9-20d5-4ea5f0218cef" executionId="35bd9f71-6573-4733-ae61-28d1c04e9953" testListId="8c84fa94-04c1-424b-9868-57a2d4851a1d" />
    <TestEntry testId="4ce00f48-c756-f7e9-e152-1cfb4eb04ce4" executionId="970c8842-a4ce-4d17-aa84-8d6fd632729f" testListId="8c84fa94-04c1-424b-9868-57a2d4851a1d" />
    <TestEntry testId="e58c69f0-8b41-39d2-9bec-15e8d178c887" executionId="eabb5a57-679b-47bd-98a8-2586ad9a5c2e" testListId="8c84fa94-04c1-424b-9868-57a2d4851a1d" />
    <TestEntry testId="df8cd202-694c-08aa-18ee-6648bc3c06af" executionId="eba98446-ae46-4f64-9429-720fed595fa0" testListId="8c84fa94-04c1-424b-9868-57a2d4851a1d" />
    <TestEntry testId="a8b85640-f640-d6a6-b3c9-b0f596befbb2" executionId="d0e13be9-98c3-4c95-a412-cb83f065104e" testListId="8c84fa94-04c1-424b-9868-57a2d4851a1d" />
    <TestEntry testId="3d882c24-6bfe-00e4-e88b-c01653928969" executionId="c145d5c1-6e06-4250-9326-6d11561008f6" testListId="8c84fa94-04c1-424b-9868-57a2d4851a1d" />
    <TestEntry testId="1b81275c-3d96-8478-9293-7252e25755d6" executionId="5bf3ebba-50ae-4765-b0a6-633b9f11f47b" testListId="8c84fa94-04c1-424b-9868-57a2d4851a1d" />
    <TestEntry testId="f20a34a3-99f0-4d0c-9d06-076c06b233a5" executionId="5b753e71-0a12-4569-94b7-b936638d7278" testListId="8c84fa94-04c1-424b-9868-57a2d4851a1d" />
    <TestEntry testId="53d86e3c-00ec-6f82-44e9-ec9c15a5881c" executionId="cefae1d5-0e52-428e-949b-8f9d90897f63" testListId="8c84fa94-04c1-424b-9868-57a2d4851a1d" />
    <TestEntry testId="530d676c-eb94-3a2e-1240-b02b34a68d7f" executionId="e7b8565c-12f2-4036-8181-0f31454d4ade" testListId="8c84fa94-04c1-424b-9868-57a2d4851a1d" />
    <TestEntry testId="092631a0-c420-61a4-cb6a-de88cf6bb56f" executionId="c923fea6-cf09-4e74-810b-0a5c849fb911" testListId="8c84fa94-04c1-424b-9868-57a2d4851a1d" />
    <TestEntry testId="6b5159ae-d1b5-3f14-b574-b718b134fff7" executionId="e1f616b0-9258-4660-a9b5-14f271724086" testListId="8c84fa94-04c1-424b-9868-57a2d4851a1d" />
    <TestEntry testId="3ab5d18c-b3d3-7a6c-af2c-4dc0fa61382c" executionId="60ae9af9-0406-4fcd-b7c8-3b1f977827b1" testListId="8c84fa94-04c1-424b-9868-57a2d4851a1d" />
    <TestEntry testId="3d12fe59-1684-073a-8f58-131d8d45480a" executionId="6a4ef711-56d3-430e-b42e-ffbe47b8de72" testListId="8c84fa94-04c1-424b-9868-57a2d4851a1d" />
    <TestEntry testId="f9049213-0a8a-ca8f-f664-fa94f8859ca9" executionId="465d0a5e-0fb4-4340-9e45-e9cedc58b09a" testListId="8c84fa94-04c1-424b-9868-57a2d4851a1d" />
    <TestEntry testId="f15d6c76-158b-a4c2-2dc6-cdf6686b3ad3" executionId="20fc52a2-bee7-436c-ba54-adab2ac3351d" testListId="8c84fa94-04c1-424b-9868-57a2d4851a1d" />
    <TestEntry testId="c57de388-4ffe-8441-a338-5568d85f3765" executionId="05201089-a26a-40b5-be67-86c8199d6d05" testListId="8c84fa94-04c1-424b-9868-57a2d4851a1d" />
    <TestEntry testId="8b8ee545-8743-2468-c72c-5113c76b4edd" executionId="80fcd974-ef74-4590-bdaa-1d570c3eb05b" testListId="8c84fa94-04c1-424b-9868-57a2d4851a1d" />
    <TestEntry testId="6d474a56-88e9-c260-d2c9-6532166d1fc9" executionId="b006b97a-7cd9-4469-b369-ffe1c0087a5c" testListId="8c84fa94-04c1-424b-9868-57a2d4851a1d" />
    <TestEntry testId="b5030ecc-e8f7-f5a5-e566-f39b18a6c857" executionId="f899e190-e691-439e-b517-62a1008cc60b" testListId="8c84fa94-04c1-424b-9868-57a2d4851a1d" />
    <TestEntry testId="42d0906d-d945-d496-e68a-e09afd9aa713" executionId="7afec081-7c95-4c4c-9d3c-31fc64d56ce8" testListId="8c84fa94-04c1-424b-9868-57a2d4851a1d" />
    <TestEntry testId="edf7b4ef-e94f-bfeb-65b4-ccb962fcf477" executionId="b6493886-97fd-46e3-af43-3e78efd969db" testListId="8c84fa94-04c1-424b-9868-57a2d4851a1d" />
    <TestEntry testId="28c52578-3254-b959-970b-cd33a84e8365" executionId="5c439dd1-bddb-40d2-856f-fda609039e29" testListId="8c84fa94-04c1-424b-9868-57a2d4851a1d" />
    <TestEntry testId="436d1b21-7425-ef67-fa8d-3fa6542845d8" executionId="b80ef05e-8834-4a9b-af64-53a356df4dfd" testListId="8c84fa94-04c1-424b-9868-57a2d4851a1d" />
  </TestEntries>
  <TestLists>
    <TestList name="Results Not in a List" id="8c84fa94-04c1-424b-9868-57a2d4851a1d" />
    <TestList name="All Loaded Results" id="19431567-8539-422a-85d7-44ee4e166bda" />
  </TestLists>
  <ResultSummary outcome="Completed">
    <Counters total="51" executed="51" passed="51" failed="0" error="0" timeout="0" aborted="0" inconclusive="0" passedButRunAborted="0" notRunnable="0" notExecuted="0" disconnected="0" warning="0" completed="0" inProgress="0" pending="0" />
    <Output>
      <StdOut>[xUnit.net 00:00:00.00] xUnit.net VSTest Adapter v3.1.5+1b188a7b0a (64-bit .NET 10.0.9)
[xUnit.net 00:00:00.03]   Discovering: HPD.ML.Clustering.Tests
[xUnit.net 00:00:00.05]   Discovered:  HPD.ML.Clustering.Tests
[xUnit.net 00:00:00.06]   Starting:    HPD.ML.Clustering.Tests
[xUnit.net 00:00:00.10]   Finished:    HPD.ML.Clustering.Tests
</StdOut>
    </Output>
  </ResultSummary>
</TestRun>