<?xml version="1.0" encoding="utf-8"?>
<TestRun id="adf01e30-1ee5-4047-abd3-3dd418e9e744" name="@Einsteins-MacBook-Air 2026-06-30 12:24:01" xmlns="http://microsoft.com/schemas/VisualStudio/TeamTest/2010">
  <Times creation="2026-06-30T12:24:01.5106390-05:00" queuing="2026-06-30T12:24:01.5106390-05:00" start="2026-06-30T12:24:01.1818000-05:00" finish="2026-06-30T12:24:01.5989840-05:00" />
  <TestSettings name="default" id="fa8557f2-5589-40da-ad77-13923ad0c94b">
    <Deployment runDeploymentRoot="_Einsteins-MacBook-Air_2026-06-30_12_24_01" />
  </TestSettings>
  <Results>
    <UnitTestResult executionId="ce39f1ae-6789-4a17-a028-a442f1a564e6" testId="5ca620ee-ae54-ad79-5f5e-630ca6714264" testName="HPD.Base.Auth.HPDAuth.Tests.Policy.HPDAuthBasePolicyExplainIntegrationTests.ExplainSummarizesHPDAuthWriteMaskWithoutLeakingPayloadValues" computerName="Einsteins-MacBook-Air" duration="00:00:00.0905688" startTime="2026-06-30T12:24:01.4646570-05:00" endTime="2026-06-30T12:24:01.5565970-05:00" testType="13cdc9d9-ddb5-4fa4-a97d-d965ccfc6d4b" outcome="Passed" testListId="8c84fa94-04c1-424b-9868-57a2d4851a1d" relativeResultsDirectory="ce39f1ae-6789-4a17-a028-a442f1a564e6" />
    <UnitTestResult executionId="9e9a5286-6280-431a-ac2a-7614f949c692" testId="d6097d54-e59c-1594-351f-aec9f3e9e9aa" testName="HPD.Base.Auth.HPDAuth.Tests.Principal.HPDAuthBaseSubjectMapperTests.AuthenticatedPrincipalMapsUserTenantRolesAdminAndRedactsSensitiveClaims" computerName="Einsteins-MacBook-Air" duration="00:00:00.0026472" startTime="2026-06-30T12:24:01.4985330-05:00" endTime="2026-06-30T12:24:01.4993850-05:00" testType="13cdc9d9-ddb5-4fa4-a97d-d965ccfc6d4b" outcome="Passed" testListId="8c84fa94-04c1-424b-9868-57a2d4851a1d" relativeResultsDirectory="9e9a5286-6280-431a-ac2a-7614f949c692" />
    <UnitTestResult executionId="701e4a66-9d86-48aa-9440-1ea6a9d28c76" testId="dd024b12-05d9-1e70-c8e1-214f50913433" testName="HPD.Base.Auth.HPDAuth.Tests.Policy.HPDAuthBasePolicyEvaluatorTests.HPDAuthThenInnerDeniesWhenInnerDenies" computerName="Einsteins-MacBook-Air" duration="00:00:00.0221662" startTime="2026-06-30T12:24:01.4640340-05:00" endTime="2026-06-30T12:24:01.4991980-05:00" testType="13cdc9d9-ddb5-4fa4-a97d-d965ccfc6d4b" outcome="Passed" testListId="8c84fa94-04c1-424b-9868-57a2d4851a1d" relativeResultsDirectory="701e4a66-9d86-48aa-9440-1ea6a9d28c76" />
    <UnitTestResult executionId="de336207-b8ca-46d2-866f-5bddd878270f" testId="3ccb983b-d053-8dc4-c7f1-21491944aaf3" testName="HPD.Base.Auth.HPDAuth.Tests.Policy.HPDAuthBasePolicyEvaluatorTests.AnonymousFailsClosedByDefault" computerName="Einsteins-MacBook-Air" duration="00:00:00.0002529" startTime="2026-06-30T12:24:01.5002920-05:00" endTime="2026-06-30T12:24:01.5003110-05:00" testType="13cdc9d9-ddb5-4fa4-a97d-d965ccfc6d4b" outcome="Passed" testListId="8c84fa94-04c1-424b-9868-57a2d4851a1d" relativeResultsDirectory="de336207-b8ca-46d2-866f-5bddd878270f" />
    <UnitTestResult executionId="ba5bf360-3378-406e-a303-8b0c0c4a46df" testId="de2c8136-49c5-e792-af8f-aed7bb5e24ae" testName="HPD.Base.Auth.HPDAuth.Tests.Policy.HPDAuthBasePolicyEvaluatorTests.ClaimOnlyModeCanOperateWithoutDetectedHPDAuthServices" computerName="Einsteins-MacBook-Air" duration="00:00:00.0002347" startTime="2026-06-30T12:24:01.5004730-05:00" endTime="2026-06-30T12:24:01.5004900-05:00" testType="13cdc9d9-ddb5-4fa4-a97d-d965ccfc6d4b" outcome="Passed" testListId="8c84fa94-04c1-424b-9868-57a2d4851a1d" relativeResultsDirectory="ba5bf360-3378-406e-a303-8b0c0c4a46df" />
    <UnitTestResult executionId="c5f3e7d5-8c10-48cf-a4c9-751de55ddc46" testId="f6d9bd17-cfc9-a7e7-0e87-6178ad6316f2" testName="HPD.Base.Auth.HPDAuth.Tests.Policy.HPDAuthBasePolicyEvaluatorTests.WriteRuleAddsWriteMaskForPatch" computerName="Einsteins-MacBook-Air" duration="00:00:00.0003321" startTime="2026-06-30T12:24:01.5005300-05:00" endTime="2026-06-30T12:24:01.5005470-05:00" testType="13cdc9d9-ddb5-4fa4-a97d-d965ccfc6d4b" outcome="Passed" testListId="8c84fa94-04c1-424b-9868-57a2d4851a1d" relativeResultsDirectory="c5f3e7d5-8c10-48cf-a4c9-751de55ddc46" />
    <UnitTestResult executionId="f8c78fd5-4ad1-4d60-805b-55614aaf3124" testId="c759cf08-6daf-3472-6fef-64b346315333" testName="HPD.Base.Auth.HPDAuth.Tests.Health.HPDAuthBaseDiagnosticContributorTests.SuppressesDiagnosticWhenHostIntegrationIsDetected" computerName="Einsteins-MacBook-Air" duration="00:00:00.0009056" startTime="2026-06-30T12:24:01.4984310-05:00" endTime="2026-06-30T12:24:01.4985520-05:00" testType="13cdc9d9-ddb5-4fa4-a97d-d965ccfc6d4b" outcome="Passed" testListId="8c84fa94-04c1-424b-9868-57a2d4851a1d" relativeResultsDirectory="f8c78fd5-4ad1-4d60-805b-55614aaf3124" />
    <UnitTestResult executionId="5ce2caae-6b0a-4427-8bc7-1adbdbb0a886" testId="62b17327-53b2-2a41-e3c8-4303bb60b662" testName="HPD.Base.Auth.HPDAuth.Tests.Packaging.PackageBoundaryTests.CorePublicSurfaceDoesNotExposeDeferredFeatureTypes" computerName="Einsteins-MacBook-Air" duration="00:00:00.0045900" startTime="2026-06-30T12:24:01.4861370-05:00" endTime="2026-06-30T12:24:01.4867160-05:00" testType="13cdc9d9-ddb5-4fa4-a97d-d965ccfc6d4b" outcome="Passed" testListId="8c84fa94-04c1-424b-9868-57a2d4851a1d" relativeResultsDirectory="5ce2caae-6b0a-4427-8bc7-1adbdbb0a886" />
    <UnitTestResult executionId="55d2efc0-327f-4672-955a-8211f8e463da" testId="d75eea50-76d2-d2b0-a5e5-131a4d4960ef" testName="HPD.Base.Auth.HPDAuth.Tests.Policy.HPDAuthBasePolicyEvaluatorTests.HPDAuthThenInnerMergesAllowConstraints" computerName="Einsteins-MacBook-Air" duration="00:00:00.0014632" startTime="2026-06-30T12:24:01.5003550-05:00" endTime="2026-06-30T12:24:01.5003720-05:00" testType="13cdc9d9-ddb5-4fa4-a97d-d965ccfc6d4b" outcome="Passed" testListId="8c84fa94-04c1-424b-9868-57a2d4851a1d" relativeResultsDirectory="55d2efc0-327f-4672-955a-8211f8e463da" />
    <UnitTestResult executionId="c2dd6222-29a2-43fe-8c46-b1a174c072e1" testId="580cc02c-dcec-12e5-b51b-0cb95205501c" testName="HPD.Base.Auth.HPDAuth.Tests.Policy.HPDAuthBasePolicyExplainIntegrationTests.ExplainRedactsHPDAuthTenantFilterAndSummarizesReadMask" computerName="Einsteins-MacBook-Air" duration="00:00:00.0217732" startTime="2026-06-30T12:24:01.5567120-05:00" endTime="2026-06-30T12:24:01.5784130-05:00" testType="13cdc9d9-ddb5-4fa4-a97d-d965ccfc6d4b" outcome="Passed" testListId="8c84fa94-04c1-424b-9868-57a2d4851a1d" relativeResultsDirectory="c2dd6222-29a2-43fe-8c46-b1a174c072e1" />
    <UnitTestResult executionId="195b5f04-ce61-40de-8ea6-fc834c6d5d0e" testId="2f3d8bf8-b2e3-fbde-b7d4-6806cc1d6581" testName="HPD.Base.Auth.HPDAuth.Tests.Principal.HPDAuthBaseSubjectMapperTests.TenantFallbackIsUsedWhenTenantClaimIsAbsent" computerName="Einsteins-MacBook-Air" duration="00:00:00.0004136" startTime="2026-06-30T12:24:01.5001110-05:00" endTime="2026-06-30T12:24:01.5002060-05:00" testType="13cdc9d9-ddb5-4fa4-a97d-d965ccfc6d4b" outcome="Passed" testListId="8c84fa94-04c1-424b-9868-57a2d4851a1d" relativeResultsDirectory="195b5f04-ce61-40de-8ea6-fc834c6d5d0e" />
    <UnitTestResult executionId="13815955-7c12-4726-bfa1-3accd44ce2cd" testId="0342a4b5-a088-07f6-c068-eb64e8392a1a" testName="HPD.Base.Auth.HPDAuth.Tests.Policy.HPDAuthBasePolicyEvaluatorTests.DenyGrantWinsOverAllowGrant" computerName="Einsteins-MacBook-Air" duration="00:00:00.0009140" startTime="2026-06-30T12:24:01.5001860-05:00" endTime="2026-06-30T12:24:01.5002470-05:00" testType="13cdc9d9-ddb5-4fa4-a97d-d965ccfc6d4b" outcome="Passed" testListId="8c84fa94-04c1-424b-9868-57a2d4851a1d" relativeResultsDirectory="13815955-7c12-4726-bfa1-3accd44ce2cd" />
    <UnitTestResult executionId="c718359b-2744-4df1-9a9a-f3ab9a8dfccf" testId="77a6a615-e28b-dca3-2d45-e65e4391dfac" testName="HPD.Base.Auth.HPDAuth.Tests.Health.HPDAuthBaseDiagnosticContributorTests.SuppressesDiagnosticWhenClaimOnlyModeIsExplicit" computerName="Einsteins-MacBook-Air" duration="00:00:00.0008072" startTime="2026-06-30T12:24:01.4983080-05:00" endTime="2026-06-30T12:24:01.4983300-05:00" testType="13cdc9d9-ddb5-4fa4-a97d-d965ccfc6d4b" outcome="Passed" testListId="8c84fa94-04c1-424b-9868-57a2d4851a1d" relativeResultsDirectory="c718359b-2744-4df1-9a9a-f3ab9a8dfccf" />
    <UnitTestResult executionId="befb887a-0344-42ae-8959-4e4024d8160b" testId="615d0ae1-a1b3-bf70-7b64-8f0b5984b558" testName="HPD.Base.Auth.HPDAuth.Tests.Principal.HPDAuthBaseSubjectMapperTests.ServicePrincipalClaimMapsServiceSubject" computerName="Einsteins-MacBook-Air" duration="00:00:00.0193025" startTime="2026-06-30T12:24:01.4646320-05:00" endTime="2026-06-30T12:24:01.4868320-05:00" testType="13cdc9d9-ddb5-4fa4-a97d-d965ccfc6d4b" outcome="Passed" testListId="8c84fa94-04c1-424b-9868-57a2d4851a1d" relativeResultsDirectory="befb887a-0344-42ae-8959-4e4024d8160b" />
    <UnitTestResult executionId="b1e57029-6bd2-4670-aa56-967385ebd279" testId="f6a965ff-982a-b39c-fa40-51807e8fed17" testName="HPD.Base.Auth.HPDAuth.Tests.Packaging.PackageBoundaryTests.CoreProjectDoesNotReferenceAspNetCoreOrHPDAuthRuntimePackages" computerName="Einsteins-MacBook-Air" duration="00:00:00.0023479" startTime="2026-06-30T12:24:01.4867940-05:00" endTime="2026-06-30T12:24:01.4985850-05:00" testType="13cdc9d9-ddb5-4fa4-a97d-d965ccfc6d4b" outcome="Passed" testListId="8c84fa94-04c1-424b-9868-57a2d4851a1d" relativeResultsDirectory="b1e57029-6bd2-4670-aa56-967385ebd279" />
    <UnitTestResult executionId="0ddbfec4-600a-47e7-bd14-383acce45dac" testId="427c5490-ea93-11f3-2507-f1cf8c3d46a2" testName="HPD.Base.Auth.HPDAuth.Tests.Policy.HPDAuthBasePolicyEvaluatorTests.CollectionRuleAllowsRoleAndAddsTenantFilterAndMasks" computerName="Einsteins-MacBook-Air" duration="00:00:00.0014779" startTime="2026-06-30T12:24:01.4992760-05:00" endTime="2026-06-30T12:24:01.5001340-05:00" testType="13cdc9d9-ddb5-4fa4-a97d-d965ccfc6d4b" outcome="Passed" testListId="8c84fa94-04c1-424b-9868-57a2d4851a1d" relativeResultsDirectory="0ddbfec4-600a-47e7-bd14-383acce45dac" />
    <UnitTestResult executionId="04ebd4a0-8276-4190-8d1c-5ffe8b32a131" testId="77cd0f5d-b494-3cae-066f-14a25180a45b" testName="HPD.Base.Auth.HPDAuth.Tests.Descriptors.HPDAuthBaseDescriptorContributorTests.RuntimeManifestIncludesHPDAuthAdapterModuleAndCapabilities" computerName="Einsteins-MacBook-Air" duration="00:00:00.0334114" startTime="2026-06-30T12:24:01.4646500-05:00" endTime="2026-06-30T12:24:01.5009680-05:00" testType="13cdc9d9-ddb5-4fa4-a97d-d965ccfc6d4b" outcome="Passed" testListId="8c84fa94-04c1-424b-9868-57a2d4851a1d" relativeResultsDirectory="04ebd4a0-8276-4190-8d1c-5ffe8b32a131" />
    <UnitTestResult executionId="214c3148-4cd9-4d82-a178-c5e9df49a4e5" testId="6e231dca-0d3d-b444-e747-2f5bf7094bf0" testName="HPD.Base.Auth.HPDAuth.Tests.Packaging.PackageBoundaryTests.CorePublicSurfaceStaysInsideAdapterNamespace" computerName="Einsteins-MacBook-Air" duration="00:00:00.0138059" startTime="2026-06-30T12:24:01.4646150-05:00" endTime="2026-06-30T12:24:01.4805400-05:00" testType="13cdc9d9-ddb5-4fa4-a97d-d965ccfc6d4b" outcome="Passed" testListId="8c84fa94-04c1-424b-9868-57a2d4851a1d" relativeResultsDirectory="214c3148-4cd9-4d82-a178-c5e9df49a4e5" />
    <UnitTestResult executionId="38cbd869-3186-451d-b528-c3a47d50617d" testId="d80168b6-0448-914f-ca17-5fbf16570cfd" testName="HPD.Base.Auth.HPDAuth.Tests.Principal.HPDAuthBaseSubjectMapperTests.AnonymousPrincipalMapsToAnonymousSubject" computerName="Einsteins-MacBook-Air" duration="00:00:00.0010868" startTime="2026-06-30T12:24:01.4982790-05:00" endTime="2026-06-30T12:24:01.4984530-05:00" testType="13cdc9d9-ddb5-4fa4-a97d-d965ccfc6d4b" outcome="Passed" testListId="8c84fa94-04c1-424b-9868-57a2d4851a1d" relativeResultsDirectory="38cbd869-3186-451d-b528-c3a47d50617d" />
    <UnitTestResult executionId="12e868be-9667-4f66-ad7d-9bcea38601a8" testId="97fc1a7a-39ce-cef6-a092-170cc1ded451" testName="HPD.Base.Auth.HPDAuth.Tests.Policy.HPDAuthBasePolicyEvaluatorTests.AdminBypassAllowsAndAuditsBypass" computerName="Einsteins-MacBook-Air" duration="00:00:00.0004019" startTime="2026-06-30T12:24:01.5004150-05:00" endTime="2026-06-30T12:24:01.5004320-05:00" testType="13cdc9d9-ddb5-4fa4-a97d-d965ccfc6d4b" outcome="Passed" testListId="8c84fa94-04c1-424b-9868-57a2d4851a1d" relativeResultsDirectory="12e868be-9667-4f66-ad7d-9bcea38601a8" />
    <UnitTestResult executionId="2eb071ba-da3e-4565-aca9-750ab4c8467b" testId="0cc21470-5fa8-a98b-0694-a25ab8690352" testName="HPD.Base.Auth.HPDAuth.Tests.Health.HPDAuthBaseDiagnosticContributorTests.EmitsAdminDiagnosticWhenHPDAuthServicesAreRequiredButNotDetected" computerName="Einsteins-MacBook-Air" duration="00:00:00.0024346" startTime="2026-06-30T12:24:01.4866700-05:00" endTime="2026-06-30T12:24:01.4868170-05:00" testType="13cdc9d9-ddb5-4fa4-a97d-d965ccfc6d4b" outcome="Passed" testListId="8c84fa94-04c1-424b-9868-57a2d4851a1d" relativeResultsDirectory="2eb071ba-da3e-4565-aca9-750ab4c8467b" />
    <UnitTestResult executionId="72a18b95-05d3-49d7-837c-816fd9d8b4e8" testId="1914902a-dafa-72af-de80-f03c363f3486" testName="HPD.Base.Auth.HPDAuth.Tests.Packaging.PackageBoundaryTests.AspNetCoreProjectOnlyReferencesHPDAuthCore" computerName="Einsteins-MacBook-Air" duration="00:00:00.0007691" startTime="2026-06-30T12:24:01.4986320-05:00" endTime="2026-06-30T12:24:01.4993010-05:00" testType="13cdc9d9-ddb5-4fa4-a97d-d965ccfc6d4b" outcome="Passed" testListId="8c84fa94-04c1-424b-9868-57a2d4851a1d" relativeResultsDirectory="72a18b95-05d3-49d7-837c-816fd9d8b4e8" />
    <UnitTestResult executionId="618f6148-6d58-40b6-97c4-8177e7dd5628" testId="e3167d9a-082d-1854-1701-f920b82fe823" testName="HPD.Base.Auth.HPDAuth.Tests.Policy.HPDAuthBasePolicyEvaluatorTests.GrantProviderCanAllowReadWithRecordFilter" computerName="Einsteins-MacBook-Air" duration="00:00:00.0005820" startTime="2026-06-30T12:24:01.5008530-05:00" endTime="2026-06-30T12:24:01.5008720-05:00" testType="13cdc9d9-ddb5-4fa4-a97d-d965ccfc6d4b" outcome="Passed" testListId="8c84fa94-04c1-424b-9868-57a2d4851a1d" relativeResultsDirectory="618f6148-6d58-40b6-97c4-8177e7dd5628" />
    <UnitTestResult executionId="01c05d23-de4d-4f27-befb-18f1a0371d39" testId="5393b1f9-37c9-50a7-6af7-b942f3a66fa8" testName="HPD.Base.Auth.HPDAuth.Tests.Policy.HPDAuthBasePolicyExplainIntegrationTests.ExplainFailsClosedWhenHPDAuthServicesAreRequiredButMissing" computerName="Einsteins-MacBook-Air" duration="00:00:00.0007804" startTime="2026-06-30T12:24:01.5785030-05:00" endTime="2026-06-30T12:24:01.5792170-05:00" testType="13cdc9d9-ddb5-4fa4-a97d-d965ccfc6d4b" outcome="Passed" testListId="8c84fa94-04c1-424b-9868-57a2d4851a1d" relativeResultsDirectory="01c05d23-de4d-4f27-befb-18f1a0371d39" />
    <UnitTestResult executionId="48426133-8a50-4ab1-82c4-00523d96f516" testId="0be86344-179a-b760-4b9c-dcca25475c22" testName="HPD.Base.Auth.HPDAuth.Tests.Policy.HPDAuthBasePolicyEvaluatorTests.ServiceBypassIsOptIn" computerName="Einsteins-MacBook-Air" duration="00:00:00.0003713" startTime="2026-06-30T12:24:01.5005870-05:00" endTime="2026-06-30T12:24:01.5006030-05:00" testType="13cdc9d9-ddb5-4fa4-a97d-d965ccfc6d4b" outcome="Passed" testListId="8c84fa94-04c1-424b-9868-57a2d4851a1d" relativeResultsDirectory="48426133-8a50-4ab1-82c4-00523d96f516" />
    <UnitTestResult executionId="06627c1a-20bc-4c54-a4c1-bbc25d644173" testId="1b0da63f-5be7-4af7-1de9-99afacc0511e" testName="HPD.Base.Auth.HPDAuth.Tests.Health.HPDAuthBaseDiagnosticContributorTests.EmitsNoGrantProviderDiagnosticWhenNoAuthorizationSourceIsConfigured" computerName="Einsteins-MacBook-Air" duration="00:00:00.0169273" startTime="2026-06-30T12:24:01.4646410-05:00" endTime="2026-06-30T12:24:01.4861700-05:00" testType="13cdc9d9-ddb5-4fa4-a97d-d965ccfc6d4b" outcome="Passed" testListId="8c84fa94-04c1-424b-9868-57a2d4851a1d" relativeResultsDirectory="06627c1a-20bc-4c54-a4c1-bbc25d644173" />
    <UnitTestResult executionId="fc0bd06c-fe0a-4946-a2e1-5dc70791c04b" testId="a2b37a10-7b75-6af3-5626-4133870a018a" testName="HPD.Base.Auth.HPDAuth.Tests.Principal.HPDAuthBaseSubjectMapperTests.CredentialIdMapsOnlyFromConfiguredSafeClaim" computerName="Einsteins-MacBook-Air" duration="00:00:00.0002864" startTime="2026-06-30T12:24:01.4994520-05:00" endTime="2026-06-30T12:24:01.4994780-05:00" testType="13cdc9d9-ddb5-4fa4-a97d-d965ccfc6d4b" outcome="Passed" testListId="8c84fa94-04c1-424b-9868-57a2d4851a1d" relativeResultsDirectory="fc0bd06c-fe0a-4946-a2e1-5dc70791c04b" />
    <UnitTestResult executionId="6c5f330d-d1bf-4d47-bea9-1cfae160b251" testId="5ce1b143-d37d-cb10-4941-8bfd87081b1b" testName="HPD.Base.Auth.HPDAuth.Tests.Policy.HPDAuthBasePolicyEvaluatorTests.MissingRequiredHPDAuthServicesFailClosedBeforeRules" computerName="Einsteins-MacBook-Air" duration="00:00:00.0002414" startTime="2026-06-30T12:24:01.5009130-05:00" endTime="2026-06-30T12:24:01.5009310-05:00" testType="13cdc9d9-ddb5-4fa4-a97d-d965ccfc6d4b" outcome="Passed" testListId="8c84fa94-04c1-424b-9868-57a2d4851a1d" relativeResultsDirectory="6c5f330d-d1bf-4d47-bea9-1cfae160b251" />
  </Results>
  <TestDefinitions>
    <UnitTest name="HPD.Base.Auth.HPDAuth.Tests.Policy.HPDAuthBasePolicyEvaluatorTests.AnonymousFailsClosedByDefault" storage="/users/ewoof/desktop/hpd-os/dotnet/hpd-base.framework/test/hpd.base.auth.hpdauth.tests/bin/debug/net10.0/hpd.base.auth.hpdauth.tests.dll" id="3ccb983b-d053-8dc4-c7f1-21491944aaf3">
      <Execution id="de336207-b8ca-46d2-866f-5bddd878270f" />
      <TestMethod codeBase="/Users/ewoof/Desktop/HPD-OS/dotnet/HPD-Base.Framework/test/HPD.Base.Auth.HPDAuth.Tests/bin/Debug/net10.0/HPD.Base.Auth.HPDAuth.Tests.dll" adapterTypeName="executor://xunit/VsTestRunner3/netcore/" className="HPD.Base.Auth.HPDAuth.Tests.Policy.HPDAuthBasePolicyEvaluatorTests" name="AnonymousFailsClosedByDefault" />
    </UnitTest>
    <UnitTest name="HPD.Base.Auth.HPDAuth.Tests.Policy.HPDAuthBasePolicyEvaluatorTests.HPDAuthThenInnerMergesAllowConstraints" storage="/users/ewoof/desktop/hpd-os/dotnet/hpd-base.framework/test/hpd.base.auth.hpdauth.tests/bin/debug/net10.0/hpd.base.auth.hpdauth.tests.dll" id="d75eea50-76d2-d2b0-a5e5-131a4d4960ef">
      <Execution id="55d2efc0-327f-4672-955a-8211f8e463da" />
      <TestMethod codeBase="/Users/ewoof/Desktop/HPD-OS/dotnet/HPD-Base.Framework/test/HPD.Base.Auth.HPDAuth.Tests/bin/Debug/net10.0/HPD.Base.Auth.HPDAuth.Tests.dll" adapterTypeName="executor://xunit/VsTestRunner3/netcore/" className="HPD.Base.Auth.HPDAuth.Tests.Policy.HPDAuthBasePolicyEvaluatorTests" name="HPDAuthThenInnerMergesAllowConstraints" />
    </UnitTest>
    <UnitTest name="HPD.Base.Auth.HPDAuth.Tests.Principal.HPDAuthBaseSubjectMapperTests.TenantFallbackIsUsedWhenTenantClaimIsAbsent" storage="/users/ewoof/desktop/hpd-os/dotnet/hpd-base.framework/test/hpd.base.auth.hpdauth.tests/bin/debug/net10.0/hpd.base.auth.hpdauth.tests.dll" id="2f3d8bf8-b2e3-fbde-b7d4-6806cc1d6581">
      <Execution id="195b5f04-ce61-40de-8ea6-fc834c6d5d0e" />
      <TestMethod codeBase="/Users/ewoof/Desktop/HPD-OS/dotnet/HPD-Base.Framework/test/HPD.Base.Auth.HPDAuth.Tests/bin/Debug/net10.0/HPD.Base.Auth.HPDAuth.Tests.dll" adapterTypeName="executor://xunit/VsTestRunner3/netcore/" className="HPD.Base.Auth.HPDAuth.Tests.Principal.HPDAuthBaseSubjectMapperTests" name="TenantFallbackIsUsedWhenTenantClaimIsAbsent" />
    </UnitTest>
    <UnitTest name="HPD.Base.Auth.HPDAuth.Tests.Packaging.PackageBoundaryTests.CoreProjectDoesNotReferenceAspNetCoreOrHPDAuthRuntimePackages" storage="/users/ewoof/desktop/hpd-os/dotnet/hpd-base.framework/test/hpd.base.auth.hpdauth.tests/bin/debug/net10.0/hpd.base.auth.hpdauth.tests.dll" id="f6a965ff-982a-b39c-fa40-51807e8fed17">
      <Execution id="b1e57029-6bd2-4670-aa56-967385ebd279" />
      <TestMethod codeBase="/Users/ewoof/Desktop/HPD-OS/dotnet/HPD-Base.Framework/test/HPD.Base.Auth.HPDAuth.Tests/bin/Debug/net10.0/HPD.Base.Auth.HPDAuth.Tests.dll" adapterTypeName="executor://xunit/VsTestRunner3/netcore/" className="HPD.Base.Auth.HPDAuth.Tests.Packaging.PackageBoundaryTests" name="CoreProjectDoesNotReferenceAspNetCoreOrHPDAuthRuntimePackages" />
    </UnitTest>
    <UnitTest name="HPD.Base.Auth.HPDAuth.Tests.Policy.HPDAuthBasePolicyEvaluatorTests.AdminBypassAllowsAndAuditsBypass" storage="/users/ewoof/desktop/hpd-os/dotnet/hpd-base.framework/test/hpd.base.auth.hpdauth.tests/bin/debug/net10.0/hpd.base.auth.hpdauth.tests.dll" id="97fc1a7a-39ce-cef6-a092-170cc1ded451">
      <Execution id="12e868be-9667-4f66-ad7d-9bcea38601a8" />
      <TestMethod codeBase="/Users/ewoof/Desktop/HPD-OS/dotnet/HPD-Base.Framework/test/HPD.Base.Auth.HPDAuth.Tests/bin/Debug/net10.0/HPD.Base.Auth.HPDAuth.Tests.dll" adapterTypeName="executor://xunit/VsTestRunner3/netcore/" className="HPD.Base.Auth.HPDAuth.Tests.Policy.HPDAuthBasePolicyEvaluatorTests" name="AdminBypassAllowsAndAuditsBypass" />
    </UnitTest>
    <UnitTest name="HPD.Base.Auth.HPDAuth.Tests.Packaging.PackageBoundaryTests.AspNetCoreProjectOnlyReferencesHPDAuthCore" storage="/users/ewoof/desktop/hpd-os/dotnet/hpd-base.framework/test/hpd.base.auth.hpdauth.tests/bin/debug/net10.0/hpd.base.auth.hpdauth.tests.dll" id="1914902a-dafa-72af-de80-f03c363f3486">
      <Execution id="72a18b95-05d3-49d7-837c-816fd9d8b4e8" />
      <TestMethod codeBase="/Users/ewoof/Desktop/HPD-OS/dotnet/HPD-Base.Framework/test/HPD.Base.Auth.HPDAuth.Tests/bin/Debug/net10.0/HPD.Base.Auth.HPDAuth.Tests.dll" adapterTypeName="executor://xunit/VsTestRunner3/netcore/" className="HPD.Base.Auth.HPDAuth.Tests.Packaging.PackageBoundaryTests" name="AspNetCoreProjectOnlyReferencesHPDAuthCore" />
    </UnitTest>
    <UnitTest name="HPD.Base.Auth.HPDAuth.Tests.Policy.HPDAuthBasePolicyEvaluatorTests.GrantProviderCanAllowReadWithRecordFilter" storage="/users/ewoof/desktop/hpd-os/dotnet/hpd-base.framework/test/hpd.base.auth.hpdauth.tests/bin/debug/net10.0/hpd.base.auth.hpdauth.tests.dll" id="e3167d9a-082d-1854-1701-f920b82fe823">
      <Execution id="618f6148-6d58-40b6-97c4-8177e7dd5628" />
      <TestMethod codeBase="/Users/ewoof/Desktop/HPD-OS/dotnet/HPD-Base.Framework/test/HPD.Base.Auth.HPDAuth.Tests/bin/Debug/net10.0/HPD.Base.Auth.HPDAuth.Tests.dll" adapterTypeName="executor://xunit/VsTestRunner3/netcore/" className="HPD.Base.Auth.HPDAuth.Tests.Policy.HPDAuthBasePolicyEvaluatorTests" name="GrantProviderCanAllowReadWithRecordFilter" />
    </UnitTest>
    <UnitTest name="HPD.Base.Auth.HPDAuth.Tests.Policy.HPDAuthBasePolicyEvaluatorTests.WriteRuleAddsWriteMaskForPatch" storage="/users/ewoof/desktop/hpd-os/dotnet/hpd-base.framework/test/hpd.base.auth.hpdauth.tests/bin/debug/net10.0/hpd.base.auth.hpdauth.tests.dll" id="f6d9bd17-cfc9-a7e7-0e87-6178ad6316f2">
      <Execution id="c5f3e7d5-8c10-48cf-a4c9-751de55ddc46" />
      <TestMethod codeBase="/Users/ewoof/Desktop/HPD-OS/dotnet/HPD-Base.Framework/test/HPD.Base.Auth.HPDAuth.Tests/bin/Debug/net10.0/HPD.Base.Auth.HPDAuth.Tests.dll" adapterTypeName="executor://xunit/VsTestRunner3/netcore/" className="HPD.Base.Auth.HPDAuth.Tests.Policy.HPDAuthBasePolicyEvaluatorTests" name="WriteRuleAddsWriteMaskForPatch" />
    </UnitTest>
    <UnitTest name="HPD.Base.Auth.HPDAuth.Tests.Descriptors.HPDAuthBaseDescriptorContributorTests.RuntimeManifestIncludesHPDAuthAdapterModuleAndCapabilities" storage="/users/ewoof/desktop/hpd-os/dotnet/hpd-base.framework/test/hpd.base.auth.hpdauth.tests/bin/debug/net10.0/hpd.base.auth.hpdauth.tests.dll" id="77cd0f5d-b494-3cae-066f-14a25180a45b">
      <Execution id="04ebd4a0-8276-4190-8d1c-5ffe8b32a131" />
      <TestMethod codeBase="/Users/ewoof/Desktop/HPD-OS/dotnet/HPD-Base.Framework/test/HPD.Base.Auth.HPDAuth.Tests/bin/Debug/net10.0/HPD.Base.Auth.HPDAuth.Tests.dll" adapterTypeName="executor://xunit/VsTestRunner3/netcore/" className="HPD.Base.Auth.HPDAuth.Tests.Descriptors.HPDAuthBaseDescriptorContributorTests" name="RuntimeManifestIncludesHPDAuthAdapterModuleAndCapabilities" />
    </UnitTest>
    <UnitTest name="HPD.Base.Auth.HPDAuth.Tests.Policy.HPDAuthBasePolicyExplainIntegrationTests.ExplainSummarizesHPDAuthWriteMaskWithoutLeakingPayloadValues" storage="/users/ewoof/desktop/hpd-os/dotnet/hpd-base.framework/test/hpd.base.auth.hpdauth.tests/bin/debug/net10.0/hpd.base.auth.hpdauth.tests.dll" id="5ca620ee-ae54-ad79-5f5e-630ca6714264">
      <Execution id="ce39f1ae-6789-4a17-a028-a442f1a564e6" />
      <TestMethod codeBase="/Users/ewoof/Desktop/HPD-OS/dotnet/HPD-Base.Framework/test/HPD.Base.Auth.HPDAuth.Tests/bin/Debug/net10.0/HPD.Base.Auth.HPDAuth.Tests.dll" adapterTypeName="executor://xunit/VsTestRunner3/netcore/" className="HPD.Base.Auth.HPDAuth.Tests.Policy.HPDAuthBasePolicyExplainIntegrationTests" name="ExplainSummarizesHPDAuthWriteMaskWithoutLeakingPayloadValues" />
    </UnitTest>
    <UnitTest name="HPD.Base.Auth.HPDAuth.Tests.Policy.HPDAuthBasePolicyEvaluatorTests.MissingRequiredHPDAuthServicesFailClosedBeforeRules" storage="/users/ewoof/desktop/hpd-os/dotnet/hpd-base.framework/test/hpd.base.auth.hpdauth.tests/bin/debug/net10.0/hpd.base.auth.hpdauth.tests.dll" id="5ce1b143-d37d-cb10-4941-8bfd87081b1b">
      <Execution id="6c5f330d-d1bf-4d47-bea9-1cfae160b251" />
      <TestMethod codeBase="/Users/ewoof/Desktop/HPD-OS/dotnet/HPD-Base.Framework/test/HPD.Base.Auth.HPDAuth.Tests/bin/Debug/net10.0/HPD.Base.Auth.HPDAuth.Tests.dll" adapterTypeName="executor://xunit/VsTestRunner3/netcore/" className="HPD.Base.Auth.HPDAuth.Tests.Policy.HPDAuthBasePolicyEvaluatorTests" name="MissingRequiredHPDAuthServicesFailClosedBeforeRules" />
    </UnitTest>
    <UnitTest name="HPD.Base.Auth.HPDAuth.Tests.Principal.HPDAuthBaseSubjectMapperTests.AuthenticatedPrincipalMapsUserTenantRolesAdminAndRedactsSensitiveClaims" storage="/users/ewoof/desktop/hpd-os/dotnet/hpd-base.framework/test/hpd.base.auth.hpdauth.tests/bin/debug/net10.0/hpd.base.auth.hpdauth.tests.dll" id="d6097d54-e59c-1594-351f-aec9f3e9e9aa">
      <Execution id="9e9a5286-6280-431a-ac2a-7614f949c692" />
      <TestMethod codeBase="/Users/ewoof/Desktop/HPD-OS/dotnet/HPD-Base.Framework/test/HPD.Base.Auth.HPDAuth.Tests/bin/Debug/net10.0/HPD.Base.Auth.HPDAuth.Tests.dll" adapterTypeName="executor://xunit/VsTestRunner3/netcore/" className="HPD.Base.Auth.HPDAuth.Tests.Principal.HPDAuthBaseSubjectMapperTests" name="AuthenticatedPrincipalMapsUserTenantRolesAdminAndRedactsSensitiveClaims" />
    </UnitTest>
    <UnitTest name="HPD.Base.Auth.HPDAuth.Tests.Policy.HPDAuthBasePolicyEvaluatorTests.ServiceBypassIsOptIn" storage="/users/ewoof/desktop/hpd-os/dotnet/hpd-base.framework/test/hpd.base.auth.hpdauth.tests/bin/debug/net10.0/hpd.base.auth.hpdauth.tests.dll" id="0be86344-179a-b760-4b9c-dcca25475c22">
      <Execution id="48426133-8a50-4ab1-82c4-00523d96f516" />
      <TestMethod codeBase="/Users/ewoof/Desktop/HPD-OS/dotnet/HPD-Base.Framework/test/HPD.Base.Auth.HPDAuth.Tests/bin/Debug/net10.0/HPD.Base.Auth.HPDAuth.Tests.dll" adapterTypeName="executor://xunit/VsTestRunner3/netcore/" className="HPD.Base.Auth.HPDAuth.Tests.Policy.HPDAuthBasePolicyEvaluatorTests" name="ServiceBypassIsOptIn" />
    </UnitTest>
    <UnitTest name="HPD.Base.Auth.HPDAuth.Tests.Policy.HPDAuthBasePolicyExplainIntegrationTests.ExplainRedactsHPDAuthTenantFilterAndSummarizesReadMask" storage="/users/ewoof/desktop/hpd-os/dotnet/hpd-base.framework/test/hpd.base.auth.hpdauth.tests/bin/debug/net10.0/hpd.base.auth.hpdauth.tests.dll" id="580cc02c-dcec-12e5-b51b-0cb95205501c">
      <Execution id="c2dd6222-29a2-43fe-8c46-b1a174c072e1" />
      <TestMethod codeBase="/Users/ewoof/Desktop/HPD-OS/dotnet/HPD-Base.Framework/test/HPD.Base.Auth.HPDAuth.Tests/bin/Debug/net10.0/HPD.Base.Auth.HPDAuth.Tests.dll" adapterTypeName="executor://xunit/VsTestRunner3/netcore/" className="HPD.Base.Auth.HPDAuth.Tests.Policy.HPDAuthBasePolicyExplainIntegrationTests" name="ExplainRedactsHPDAuthTenantFilterAndSummarizesReadMask" />
    </UnitTest>
    <UnitTest name="HPD.Base.Auth.HPDAuth.Tests.Packaging.PackageBoundaryTests.CorePublicSurfaceStaysInsideAdapterNamespace" storage="/users/ewoof/desktop/hpd-os/dotnet/hpd-base.framework/test/hpd.base.auth.hpdauth.tests/bin/debug/net10.0/hpd.base.auth.hpdauth.tests.dll" id="6e231dca-0d3d-b444-e747-2f5bf7094bf0">
      <Execution id="214c3148-4cd9-4d82-a178-c5e9df49a4e5" />
      <TestMethod codeBase="/Users/ewoof/Desktop/HPD-OS/dotnet/HPD-Base.Framework/test/HPD.Base.Auth.HPDAuth.Tests/bin/Debug/net10.0/HPD.Base.Auth.HPDAuth.Tests.dll" adapterTypeName="executor://xunit/VsTestRunner3/netcore/" className="HPD.Base.Auth.HPDAuth.Tests.Packaging.PackageBoundaryTests" name="CorePublicSurfaceStaysInsideAdapterNamespace" />
    </UnitTest>
    <UnitTest name="HPD.Base.Auth.HPDAuth.Tests.Principal.HPDAuthBaseSubjectMapperTests.ServicePrincipalClaimMapsServiceSubject" storage="/users/ewoof/desktop/hpd-os/dotnet/hpd-base.framework/test/hpd.base.auth.hpdauth.tests/bin/debug/net10.0/hpd.base.auth.hpdauth.tests.dll" id="615d0ae1-a1b3-bf70-7b64-8f0b5984b558">
      <Execution id="befb887a-0344-42ae-8959-4e4024d8160b" />
      <TestMethod codeBase="/Users/ewoof/Desktop/HPD-OS/dotnet/HPD-Base.Framework/test/HPD.Base.Auth.HPDAuth.Tests/bin/Debug/net10.0/HPD.Base.Auth.HPDAuth.Tests.dll" adapterTypeName="executor://xunit/VsTestRunner3/netcore/" className="HPD.Base.Auth.HPDAuth.Tests.Principal.HPDAuthBaseSubjectMapperTests" name="ServicePrincipalClaimMapsServiceSubject" />
    </UnitTest>
    <UnitTest name="HPD.Base.Auth.HPDAuth.Tests.Policy.HPDAuthBasePolicyEvaluatorTests.ClaimOnlyModeCanOperateWithoutDetectedHPDAuthServices" storage="/users/ewoof/desktop/hpd-os/dotnet/hpd-base.framework/test/hpd.base.auth.hpdauth.tests/bin/debug/net10.0/hpd.base.auth.hpdauth.tests.dll" id="de2c8136-49c5-e792-af8f-aed7bb5e24ae">
      <Execution id="ba5bf360-3378-406e-a303-8b0c0c4a46df" />
      <TestMethod codeBase="/Users/ewoof/Desktop/HPD-OS/dotnet/HPD-Base.Framework/test/HPD.Base.Auth.HPDAuth.Tests/bin/Debug/net10.0/HPD.Base.Auth.HPDAuth.Tests.dll" adapterTypeName="executor://xunit/VsTestRunner3/netcore/" className="HPD.Base.Auth.HPDAuth.Tests.Policy.HPDAuthBasePolicyEvaluatorTests" name="ClaimOnlyModeCanOperateWithoutDetectedHPDAuthServices" />
    </UnitTest>
    <UnitTest name="HPD.Base.Auth.HPDAuth.Tests.Principal.HPDAuthBaseSubjectMapperTests.CredentialIdMapsOnlyFromConfiguredSafeClaim" storage="/users/ewoof/desktop/hpd-os/dotnet/hpd-base.framework/test/hpd.base.auth.hpdauth.tests/bin/debug/net10.0/hpd.base.auth.hpdauth.tests.dll" id="a2b37a10-7b75-6af3-5626-4133870a018a">
      <Execution id="fc0bd06c-fe0a-4946-a2e1-5dc70791c04b" />
      <TestMethod codeBase="/Users/ewoof/Desktop/HPD-OS/dotnet/HPD-Base.Framework/test/HPD.Base.Auth.HPDAuth.Tests/bin/Debug/net10.0/HPD.Base.Auth.HPDAuth.Tests.dll" adapterTypeName="executor://xunit/VsTestRunner3/netcore/" className="HPD.Base.Auth.HPDAuth.Tests.Principal.HPDAuthBaseSubjectMapperTests" name="CredentialIdMapsOnlyFromConfiguredSafeClaim" />
    </UnitTest>
    <UnitTest name="HPD.Base.Auth.HPDAuth.Tests.Principal.HPDAuthBaseSubjectMapperTests.AnonymousPrincipalMapsToAnonymousSubject" storage="/users/ewoof/desktop/hpd-os/dotnet/hpd-base.framework/test/hpd.base.auth.hpdauth.tests/bin/debug/net10.0/hpd.base.auth.hpdauth.tests.dll" id="d80168b6-0448-914f-ca17-5fbf16570cfd">
      <Execution id="38cbd869-3186-451d-b528-c3a47d50617d" />
      <TestMethod codeBase="/Users/ewoof/Desktop/HPD-OS/dotnet/HPD-Base.Framework/test/HPD.Base.Auth.HPDAuth.Tests/bin/Debug/net10.0/HPD.Base.Auth.HPDAuth.Tests.dll" adapterTypeName="executor://xunit/VsTestRunner3/netcore/" className="HPD.Base.Auth.HPDAuth.Tests.Principal.HPDAuthBaseSubjectMapperTests" name="AnonymousPrincipalMapsToAnonymousSubject" />
    </UnitTest>
    <UnitTest name="HPD.Base.Auth.HPDAuth.Tests.Health.HPDAuthBaseDiagnosticContributorTests.EmitsAdminDiagnosticWhenHPDAuthServicesAreRequiredButNotDetected" storage="/users/ewoof/desktop/hpd-os/dotnet/hpd-base.framework/test/hpd.base.auth.hpdauth.tests/bin/debug/net10.0/hpd.base.auth.hpdauth.tests.dll" id="0cc21470-5fa8-a98b-0694-a25ab8690352">
      <Execution id="2eb071ba-da3e-4565-aca9-750ab4c8467b" />
      <TestMethod codeBase="/Users/ewoof/Desktop/HPD-OS/dotnet/HPD-Base.Framework/test/HPD.Base.Auth.HPDAuth.Tests/bin/Debug/net10.0/HPD.Base.Auth.HPDAuth.Tests.dll" adapterTypeName="executor://xunit/VsTestRunner3/netcore/" className="HPD.Base.Auth.HPDAuth.Tests.Health.HPDAuthBaseDiagnosticContributorTests" name="EmitsAdminDiagnosticWhenHPDAuthServicesAreRequiredButNotDetected" />
    </UnitTest>
    <UnitTest name="HPD.Base.Auth.HPDAuth.Tests.Policy.HPDAuthBasePolicyEvaluatorTests.HPDAuthThenInnerDeniesWhenInnerDenies" storage="/users/ewoof/desktop/hpd-os/dotnet/hpd-base.framework/test/hpd.base.auth.hpdauth.tests/bin/debug/net10.0/hpd.base.auth.hpdauth.tests.dll" id="dd024b12-05d9-1e70-c8e1-214f50913433">
      <Execution id="701e4a66-9d86-48aa-9440-1ea6a9d28c76" />
      <TestMethod codeBase="/Users/ewoof/Desktop/HPD-OS/dotnet/HPD-Base.Framework/test/HPD.Base.Auth.HPDAuth.Tests/bin/Debug/net10.0/HPD.Base.Auth.HPDAuth.Tests.dll" adapterTypeName="executor://xunit/VsTestRunner3/netcore/" className="HPD.Base.Auth.HPDAuth.Tests.Policy.HPDAuthBasePolicyEvaluatorTests" name="HPDAuthThenInnerDeniesWhenInnerDenies" />
    </UnitTest>
    <UnitTest name="HPD.Base.Auth.HPDAuth.Tests.Policy.HPDAuthBasePolicyExplainIntegrationTests.ExplainFailsClosedWhenHPDAuthServicesAreRequiredButMissing" storage="/users/ewoof/desktop/hpd-os/dotnet/hpd-base.framework/test/hpd.base.auth.hpdauth.tests/bin/debug/net10.0/hpd.base.auth.hpdauth.tests.dll" id="5393b1f9-37c9-50a7-6af7-b942f3a66fa8">
      <Execution id="01c05d23-de4d-4f27-befb-18f1a0371d39" />
      <TestMethod codeBase="/Users/ewoof/Desktop/HPD-OS/dotnet/HPD-Base.Framework/test/HPD.Base.Auth.HPDAuth.Tests/bin/Debug/net10.0/HPD.Base.Auth.HPDAuth.Tests.dll" adapterTypeName="executor://xunit/VsTestRunner3/netcore/" className="HPD.Base.Auth.HPDAuth.Tests.Policy.HPDAuthBasePolicyExplainIntegrationTests" name="ExplainFailsClosedWhenHPDAuthServicesAreRequiredButMissing" />
    </UnitTest>
    <UnitTest name="HPD.Base.Auth.HPDAuth.Tests.Health.HPDAuthBaseDiagnosticContributorTests.SuppressesDiagnosticWhenHostIntegrationIsDetected" storage="/users/ewoof/desktop/hpd-os/dotnet/hpd-base.framework/test/hpd.base.auth.hpdauth.tests/bin/debug/net10.0/hpd.base.auth.hpdauth.tests.dll" id="c759cf08-6daf-3472-6fef-64b346315333">
      <Execution id="f8c78fd5-4ad1-4d60-805b-55614aaf3124" />
      <TestMethod codeBase="/Users/ewoof/Desktop/HPD-OS/dotnet/HPD-Base.Framework/test/HPD.Base.Auth.HPDAuth.Tests/bin/Debug/net10.0/HPD.Base.Auth.HPDAuth.Tests.dll" adapterTypeName="executor://xunit/VsTestRunner3/netcore/" className="HPD.Base.Auth.HPDAuth.Tests.Health.HPDAuthBaseDiagnosticContributorTests" name="SuppressesDiagnosticWhenHostIntegrationIsDetected" />
    </UnitTest>
    <UnitTest name="HPD.Base.Auth.HPDAuth.Tests.Health.HPDAuthBaseDiagnosticContributorTests.EmitsNoGrantProviderDiagnosticWhenNoAuthorizationSourceIsConfigured" storage="/users/ewoof/desktop/hpd-os/dotnet/hpd-base.framework/test/hpd.base.auth.hpdauth.tests/bin/debug/net10.0/hpd.base.auth.hpdauth.tests.dll" id="1b0da63f-5be7-4af7-1de9-99afacc0511e">
      <Execution id="06627c1a-20bc-4c54-a4c1-bbc25d644173" />
      <TestMethod codeBase="/Users/ewoof/Desktop/HPD-OS/dotnet/HPD-Base.Framework/test/HPD.Base.Auth.HPDAuth.Tests/bin/Debug/net10.0/HPD.Base.Auth.HPDAuth.Tests.dll" adapterTypeName="executor://xunit/VsTestRunner3/netcore/" className="HPD.Base.Auth.HPDAuth.Tests.Health.HPDAuthBaseDiagnosticContributorTests" name="EmitsNoGrantProviderDiagnosticWhenNoAuthorizationSourceIsConfigured" />
    </UnitTest>
    <UnitTest name="HPD.Base.Auth.HPDAuth.Tests.Policy.HPDAuthBasePolicyEvaluatorTests.CollectionRuleAllowsRoleAndAddsTenantFilterAndMasks" storage="/users/ewoof/desktop/hpd-os/dotnet/hpd-base.framework/test/hpd.base.auth.hpdauth.tests/bin/debug/net10.0/hpd.base.auth.hpdauth.tests.dll" id="427c5490-ea93-11f3-2507-f1cf8c3d46a2">
      <Execution id="0ddbfec4-600a-47e7-bd14-383acce45dac" />
      <TestMethod codeBase="/Users/ewoof/Desktop/HPD-OS/dotnet/HPD-Base.Framework/test/HPD.Base.Auth.HPDAuth.Tests/bin/Debug/net10.0/HPD.Base.Auth.HPDAuth.Tests.dll" adapterTypeName="executor://xunit/VsTestRunner3/netcore/" className="HPD.Base.Auth.HPDAuth.Tests.Policy.HPDAuthBasePolicyEvaluatorTests" name="CollectionRuleAllowsRoleAndAddsTenantFilterAndMasks" />
    </UnitTest>
    <UnitTest name="HPD.Base.Auth.HPDAuth.Tests.Packaging.PackageBoundaryTests.CorePublicSurfaceDoesNotExposeDeferredFeatureTypes" storage="/users/ewoof/desktop/hpd-os/dotnet/hpd-base.framework/test/hpd.base.auth.hpdauth.tests/bin/debug/net10.0/hpd.base.auth.hpdauth.tests.dll" id="62b17327-53b2-2a41-e3c8-4303bb60b662">
      <Execution id="5ce2caae-6b0a-4427-8bc7-1adbdbb0a886" />
      <TestMethod codeBase="/Users/ewoof/Desktop/HPD-OS/dotnet/HPD-Base.Framework/test/HPD.Base.Auth.HPDAuth.Tests/bin/Debug/net10.0/HPD.Base.Auth.HPDAuth.Tests.dll" adapterTypeName="executor://xunit/VsTestRunner3/netcore/" className="HPD.Base.Auth.HPDAuth.Tests.Packaging.PackageBoundaryTests" name="CorePublicSurfaceDoesNotExposeDeferredFeatureTypes" />
    </UnitTest>
    <UnitTest name="HPD.Base.Auth.HPDAuth.Tests.Health.HPDAuthBaseDiagnosticContributorTests.SuppressesDiagnosticWhenClaimOnlyModeIsExplicit" storage="/users/ewoof/desktop/hpd-os/dotnet/hpd-base.framework/test/hpd.base.auth.hpdauth.tests/bin/debug/net10.0/hpd.base.auth.hpdauth.tests.dll" id="77a6a615-e28b-dca3-2d45-e65e4391dfac">
      <Execution id="c718359b-2744-4df1-9a9a-f3ab9a8dfccf" />
      <TestMethod codeBase="/Users/ewoof/Desktop/HPD-OS/dotnet/HPD-Base.Framework/test/HPD.Base.Auth.HPDAuth.Tests/bin/Debug/net10.0/HPD.Base.Auth.HPDAuth.Tests.dll" adapterTypeName="executor://xunit/VsTestRunner3/netcore/" className="HPD.Base.Auth.HPDAuth.Tests.Health.HPDAuthBaseDiagnosticContributorTests" name="SuppressesDiagnosticWhenClaimOnlyModeIsExplicit" />
    </UnitTest>
    <UnitTest name="HPD.Base.Auth.HPDAuth.Tests.Policy.HPDAuthBasePolicyEvaluatorTests.DenyGrantWinsOverAllowGrant" storage="/users/ewoof/desktop/hpd-os/dotnet/hpd-base.framework/test/hpd.base.auth.hpdauth.tests/bin/debug/net10.0/hpd.base.auth.hpdauth.tests.dll" id="0342a4b5-a088-07f6-c068-eb64e8392a1a">
      <Execution id="13815955-7c12-4726-bfa1-3accd44ce2cd" />
      <TestMethod codeBase="/Users/ewoof/Desktop/HPD-OS/dotnet/HPD-Base.Framework/test/HPD.Base.Auth.HPDAuth.Tests/bin/Debug/net10.0/HPD.Base.Auth.HPDAuth.Tests.dll" adapterTypeName="executor://xunit/VsTestRunner3/netcore/" className="HPD.Base.Auth.HPDAuth.Tests.Policy.HPDAuthBasePolicyEvaluatorTests" name="DenyGrantWinsOverAllowGrant" />
    </UnitTest>
  </TestDefinitions>
  <TestEntries>
    <TestEntry testId="5ca620ee-ae54-ad79-5f5e-630ca6714264" executionId="ce39f1ae-6789-4a17-a028-a442f1a564e6" testListId="8c84fa94-04c1-424b-9868-57a2d4851a1d" />
    <TestEntry testId="d6097d54-e59c-1594-351f-aec9f3e9e9aa" executionId="9e9a5286-6280-431a-ac2a-7614f949c692" testListId="8c84fa94-04c1-424b-9868-57a2d4851a1d" />
    <TestEntry testId="dd024b12-05d9-1e70-c8e1-214f50913433" executionId="701e4a66-9d86-48aa-9440-1ea6a9d28c76" testListId="8c84fa94-04c1-424b-9868-57a2d4851a1d" />
    <TestEntry testId="3ccb983b-d053-8dc4-c7f1-21491944aaf3" executionId="de336207-b8ca-46d2-866f-5bddd878270f" testListId="8c84fa94-04c1-424b-9868-57a2d4851a1d" />
    <TestEntry testId="de2c8136-49c5-e792-af8f-aed7bb5e24ae" executionId="ba5bf360-3378-406e-a303-8b0c0c4a46df" testListId="8c84fa94-04c1-424b-9868-57a2d4851a1d" />
    <TestEntry testId="f6d9bd17-cfc9-a7e7-0e87-6178ad6316f2" executionId="c5f3e7d5-8c10-48cf-a4c9-751de55ddc46" testListId="8c84fa94-04c1-424b-9868-57a2d4851a1d" />
    <TestEntry testId="c759cf08-6daf-3472-6fef-64b346315333" executionId="f8c78fd5-4ad1-4d60-805b-55614aaf3124" testListId="8c84fa94-04c1-424b-9868-57a2d4851a1d" />
    <TestEntry testId="62b17327-53b2-2a41-e3c8-4303bb60b662" executionId="5ce2caae-6b0a-4427-8bc7-1adbdbb0a886" testListId="8c84fa94-04c1-424b-9868-57a2d4851a1d" />
    <TestEntry testId="d75eea50-76d2-d2b0-a5e5-131a4d4960ef" executionId="55d2efc0-327f-4672-955a-8211f8e463da" testListId="8c84fa94-04c1-424b-9868-57a2d4851a1d" />
    <TestEntry testId="580cc02c-dcec-12e5-b51b-0cb95205501c" executionId="c2dd6222-29a2-43fe-8c46-b1a174c072e1" testListId="8c84fa94-04c1-424b-9868-57a2d4851a1d" />
    <TestEntry testId="2f3d8bf8-b2e3-fbde-b7d4-6806cc1d6581" executionId="195b5f04-ce61-40de-8ea6-fc834c6d5d0e" testListId="8c84fa94-04c1-424b-9868-57a2d4851a1d" />
    <TestEntry testId="0342a4b5-a088-07f6-c068-eb64e8392a1a" executionId="13815955-7c12-4726-bfa1-3accd44ce2cd" testListId="8c84fa94-04c1-424b-9868-57a2d4851a1d" />
    <TestEntry testId="77a6a615-e28b-dca3-2d45-e65e4391dfac" executionId="c718359b-2744-4df1-9a9a-f3ab9a8dfccf" testListId="8c84fa94-04c1-424b-9868-57a2d4851a1d" />
    <TestEntry testId="615d0ae1-a1b3-bf70-7b64-8f0b5984b558" executionId="befb887a-0344-42ae-8959-4e4024d8160b" testListId="8c84fa94-04c1-424b-9868-57a2d4851a1d" />
    <TestEntry testId="f6a965ff-982a-b39c-fa40-51807e8fed17" executionId="b1e57029-6bd2-4670-aa56-967385ebd279" testListId="8c84fa94-04c1-424b-9868-57a2d4851a1d" />
    <TestEntry testId="427c5490-ea93-11f3-2507-f1cf8c3d46a2" executionId="0ddbfec4-600a-47e7-bd14-383acce45dac" testListId="8c84fa94-04c1-424b-9868-57a2d4851a1d" />
    <TestEntry testId="77cd0f5d-b494-3cae-066f-14a25180a45b" executionId="04ebd4a0-8276-4190-8d1c-5ffe8b32a131" testListId="8c84fa94-04c1-424b-9868-57a2d4851a1d" />
    <TestEntry testId="6e231dca-0d3d-b444-e747-2f5bf7094bf0" executionId="214c3148-4cd9-4d82-a178-c5e9df49a4e5" testListId="8c84fa94-04c1-424b-9868-57a2d4851a1d" />
    <TestEntry testId="d80168b6-0448-914f-ca17-5fbf16570cfd" executionId="38cbd869-3186-451d-b528-c3a47d50617d" testListId="8c84fa94-04c1-424b-9868-57a2d4851a1d" />
    <TestEntry testId="97fc1a7a-39ce-cef6-a092-170cc1ded451" executionId="12e868be-9667-4f66-ad7d-9bcea38601a8" testListId="8c84fa94-04c1-424b-9868-57a2d4851a1d" />
    <TestEntry testId="0cc21470-5fa8-a98b-0694-a25ab8690352" executionId="2eb071ba-da3e-4565-aca9-750ab4c8467b" testListId="8c84fa94-04c1-424b-9868-57a2d4851a1d" />
    <TestEntry testId="1914902a-dafa-72af-de80-f03c363f3486" executionId="72a18b95-05d3-49d7-837c-816fd9d8b4e8" testListId="8c84fa94-04c1-424b-9868-57a2d4851a1d" />
    <TestEntry testId="e3167d9a-082d-1854-1701-f920b82fe823" executionId="618f6148-6d58-40b6-97c4-8177e7dd5628" testListId="8c84fa94-04c1-424b-9868-57a2d4851a1d" />
    <TestEntry testId="5393b1f9-37c9-50a7-6af7-b942f3a66fa8" executionId="01c05d23-de4d-4f27-befb-18f1a0371d39" testListId="8c84fa94-04c1-424b-9868-57a2d4851a1d" />
    <TestEntry testId="0be86344-179a-b760-4b9c-dcca25475c22" executionId="48426133-8a50-4ab1-82c4-00523d96f516" testListId="8c84fa94-04c1-424b-9868-57a2d4851a1d" />
    <TestEntry testId="1b0da63f-5be7-4af7-1de9-99afacc0511e" executionId="06627c1a-20bc-4c54-a4c1-bbc25d644173" testListId="8c84fa94-04c1-424b-9868-57a2d4851a1d" />
    <TestEntry testId="a2b37a10-7b75-6af3-5626-4133870a018a" executionId="fc0bd06c-fe0a-4946-a2e1-5dc70791c04b" testListId="8c84fa94-04c1-424b-9868-57a2d4851a1d" />
    <TestEntry testId="5ce1b143-d37d-cb10-4941-8bfd87081b1b" executionId="6c5f330d-d1bf-4d47-bea9-1cfae160b251" testListId="8c84fa94-04c1-424b-9868-57a2d4851a1d" />
  </TestEntries>
  <TestLists>
    <TestList name="Results Not in a List" id="8c84fa94-04c1-424b-9868-57a2d4851a1d" />
    <TestList name="All Loaded Results" id="19431567-8539-422a-85d7-44ee4e166bda" />
  </TestLists>
  <ResultSummary outcome="Completed">
    <Counters total="28" executed="28" passed="28" failed="0" error="0" timeout="0" aborted="0" inconclusive="0" passedButRunAborted="0" notRunnable="0" notExecuted="0" disconnected="0" warning="0" completed="0" inProgress="0" pending="0" />
    <Output>
      <StdOut>[xUnit.net 00:00:00.00] xUnit.net VSTest Adapter v3.1.5+1b188a7b0a (64-bit .NET 10.0.9)
[xUnit.net 00:00:00.05]   Discovering: HPD.Base.Auth.HPDAuth.Tests
[xUnit.net 00:00:00.06]   Discovered:  HPD.Base.Auth.HPDAuth.Tests
[xUnit.net 00:00:00.07]   Starting:    HPD.Base.Auth.HPDAuth.Tests
     Warning:
     The component "Fluent Assertions" is governed by the rules defined in the Xceed License Agreement and
     the Xceed Fluent Assertions Community License. You may use Fluent Assertions free of charge for
     non-commercial use only. An active subscription is required to use Fluent Assertions for commercial use.
     Please contact Xceed Sales mailto:sales@xceed.com to acquire a subscription at a very low cost.
     A paid commercial license supports the development and continued increasing support of
     Fluent Assertions users under both commercial and community licenses. Help us
     keep Fluent Assertions at the forefront of unit testing.
     For more information, visit https://xceed.com/products/unit-testing/fluent-assertions/
[xUnit.net 00:00:00.20]   Finished:    HPD.Base.Auth.HPDAuth.Tests
</StdOut>
    </Output>
  </ResultSummary>
</TestRun>