<?xml version="1.0" encoding="utf-8"?>
<TestRun id="bbed7ee9-1d10-4a7b-b441-2af9a346599a" name="@Einsteins-MacBook-Air 2026-06-30 12:26:31" xmlns="http://microsoft.com/schemas/VisualStudio/TeamTest/2010">
  <Times creation="2026-06-30T12:26:31.4713330-05:00" queuing="2026-06-30T12:26:31.4713330-05:00" start="2026-06-30T12:26:31.1630220-05:00" finish="2026-06-30T12:26:31.4911440-05:00" />
  <TestSettings name="default" id="cabe7860-b598-45b7-87d8-8469aca21fed">
    <Deployment runDeploymentRoot="_Einsteins-MacBook-Air_2026-06-30_12_26_31" />
  </TestSettings>
  <Results>
    <UnitTestResult executionId="648580c0-ca62-4bc1-9d86-ac2368c24a50" testId="8e6197d2-fa05-9884-28e7-73dcb7c1509d" testName="HPD.ML.Backends.Tests.PjrtFloatBackendTests.CachedExecutableCount_AfterBackendDispose_Throws" computerName="Einsteins-MacBook-Air" duration="00:00:00.0000543" startTime="2026-06-30T12:26:31.4707300-05:00" endTime="2026-06-30T12:26:31.4707440-05:00" testType="13cdc9d9-ddb5-4fa4-a97d-d965ccfc6d4b" outcome="Passed" testListId="8c84fa94-04c1-424b-9868-57a2d4851a1d" relativeResultsDirectory="648580c0-ca62-4bc1-9d86-ac2368c24a50" />
    <UnitTestResult executionId="d5a3aaf7-74d9-4775-a077-f7f7946d56ba" testId="7493187a-f5e0-1f27-36b6-4006e9316c94" testName="HPD.ML.Backends.Tests.PjrtFloatBackendTests.HardwareBackendInterface_LinearSolveAndMatrixInverse_ReturnExpectedResults" computerName="Einsteins-MacBook-Air" duration="00:00:00.0001213" startTime="2026-06-30T12:26:31.4638650-05:00" endTime="2026-06-30T12:26:31.4639340-05:00" testType="13cdc9d9-ddb5-4fa4-a97d-d965ccfc6d4b" outcome="Passed" testListId="8c84fa94-04c1-424b-9868-57a2d4851a1d" relativeResultsDirectory="d5a3aaf7-74d9-4775-a077-f7f7946d56ba" />
    <UnitTestResult executionId="1eda9707-1851-488d-9d90-74c9a73833b5" testId="3af26d8a-d4be-6395-273a-a433cc21265c" testName="HPD.ML.Backends.Tests.MlxBackendTests.Resolver_ReturnsUnavailableForMissingRuntime" computerName="Einsteins-MacBook-Air" duration="00:00:00.0001202" startTime="2026-06-30T12:26:31.4642230-05:00" endTime="2026-06-30T12:26:31.4644540-05:00" testType="13cdc9d9-ddb5-4fa4-a97d-d965ccfc6d4b" outcome="Passed" testListId="8c84fa94-04c1-424b-9868-57a2d4851a1d" relativeResultsDirectory="1eda9707-1851-488d-9d90-74c9a73833b5" />
    <UnitTestResult executionId="3c07f6fc-2a3e-4ab3-b814-4af42a981fb8" testId="6c289c65-d34b-80bc-f738-cecaaf1b522c" testName="HPD.ML.Backends.Tests.PjrtFloatBackendTests.MatrixInverse_3x3_ReturnsExpectedResult" computerName="Einsteins-MacBook-Air" duration="00:00:00.0000732" startTime="2026-06-30T12:26:31.4712420-05:00" endTime="2026-06-30T12:26:31.4712560-05:00" testType="13cdc9d9-ddb5-4fa4-a97d-d965ccfc6d4b" outcome="Passed" testListId="8c84fa94-04c1-424b-9868-57a2d4851a1d" relativeResultsDirectory="3c07f6fc-2a3e-4ab3-b814-4af42a981fb8" />
    <UnitTestResult executionId="04f7b66a-afdb-486d-868c-77ecb1852f81" testId="f246f19f-685c-41d9-a45b-6a14719b8abd" testName="HPD.ML.Backends.Tests.PjrtFloatBackendTests.Multiply_InvalidShape_ThrowsBeforePjrt" computerName="Einsteins-MacBook-Air" duration="00:00:00.0000928" startTime="2026-06-30T12:26:31.4698420-05:00" endTime="2026-06-30T12:26:31.4698570-05:00" testType="13cdc9d9-ddb5-4fa4-a97d-d965ccfc6d4b" outcome="Passed" testListId="8c84fa94-04c1-424b-9868-57a2d4851a1d" relativeResultsDirectory="04f7b66a-afdb-486d-868c-77ecb1852f81" />
    <UnitTestResult executionId="fac7d0ca-e3df-47a9-80f8-21cf6836098a" testId="e68796fa-73d8-d821-f268-8b2d9ae092c3" testName="HPD.ML.Backends.Tests.PjrtFloatBackendTests.BackendDispose_DisposesLiveTensorsBeforeNativeRuntime" computerName="Einsteins-MacBook-Air" duration="00:00:00.0000717" startTime="2026-06-30T12:26:31.4691860-05:00" endTime="2026-06-30T12:26:31.4692380-05:00" testType="13cdc9d9-ddb5-4fa4-a97d-d965ccfc6d4b" outcome="Passed" testListId="8c84fa94-04c1-424b-9868-57a2d4851a1d" relativeResultsDirectory="fac7d0ca-e3df-47a9-80f8-21cf6836098a" />
    <UnitTestResult executionId="ec0f6d3c-b002-4c77-9784-1208a3c2c84f" testId="d420f9b6-746e-c02f-26bd-3fbf04d54eaa" testName="HPD.ML.Backends.Tests.PjrtFloatBackendTests.LinearSolve_2x2_SolvesMultipleRightHandSides" computerName="Einsteins-MacBook-Air" duration="00:00:00.0000978" startTime="2026-06-30T12:26:31.4690750-05:00" endTime="2026-06-30T12:26:31.4691080-05:00" testType="13cdc9d9-ddb5-4fa4-a97d-d965ccfc6d4b" outcome="Passed" testListId="8c84fa94-04c1-424b-9868-57a2d4851a1d" relativeResultsDirectory="ec0f6d3c-b002-4c77-9784-1208a3c2c84f" />
    <UnitTestResult executionId="ea33f873-bfc6-480e-83d2-e5a4860bcd4b" testId="27196258-f24d-d676-5cf6-7e73e9798e41" testName="HPD.ML.Backends.Tests.MlxBackendTests.RepeatedTrainSteps_DoNotGrowLiveTensorCount_WhenRuntimeAvailable" computerName="Einsteins-MacBook-Air" duration="00:00:00.0001340" startTime="2026-06-30T12:26:31.4607570-05:00" endTime="2026-06-30T12:26:31.4607730-05:00" testType="13cdc9d9-ddb5-4fa4-a97d-d965ccfc6d4b" outcome="Passed" testListId="8c84fa94-04c1-424b-9868-57a2d4851a1d" relativeResultsDirectory="ea33f873-bfc6-480e-83d2-e5a4860bcd4b" />
    <UnitTestResult executionId="73ee51c9-47df-4262-a3b5-785ab6976ebd" testId="74d79f44-5b75-f7f4-f014-a77fa7ce9738" testName="HPD.ML.Backends.Tests.PjrtFloatBackendTests.PjrtFloatTensor_UpdateFromSpan_ReplacesDeviceBuffer" computerName="Einsteins-MacBook-Air" duration="00:00:00.0000642" startTime="2026-06-30T12:26:31.4693800-05:00" endTime="2026-06-30T12:26:31.4693950-05:00" testType="13cdc9d9-ddb5-4fa4-a97d-d965ccfc6d4b" outcome="Passed" testListId="8c84fa94-04c1-424b-9868-57a2d4851a1d" relativeResultsDirectory="73ee51c9-47df-4262-a3b5-785ab6976ebd" />
    <UnitTestResult executionId="c373ca14-1a74-4918-8a8f-dbb7ecd33007" testId="dc2bf222-4365-f077-bf57-11208b230a9b" testName="HPD.ML.Backends.Tests.StableHloProgramTests.Mean_UsesScalarDivide" computerName="Einsteins-MacBook-Air" duration="00:00:00.0087979" startTime="2026-06-30T12:26:31.4392890-05:00" endTime="2026-06-30T12:26:31.4609320-05:00" testType="13cdc9d9-ddb5-4fa4-a97d-d965ccfc6d4b" outcome="Passed" testListId="8c84fa94-04c1-424b-9868-57a2d4851a1d" relativeResultsDirectory="c373ca14-1a74-4918-8a8f-dbb7ecd33007" />
    <UnitTestResult executionId="7b2f64a5-f609-4483-8de9-ccbc03170e13" testId="e0c30344-95d0-2fb9-73b2-94f21242d8a3" testName="HPD.ML.Backends.Tests.StableHloProgramTests.Reduction_UsesReduceAndOneByOneResult" computerName="Einsteins-MacBook-Air" duration="00:00:00.0000556" startTime="2026-06-30T12:26:31.4658460-05:00" endTime="2026-06-30T12:26:31.4658610-05:00" testType="13cdc9d9-ddb5-4fa4-a97d-d965ccfc6d4b" outcome="Passed" testListId="8c84fa94-04c1-424b-9868-57a2d4851a1d" relativeResultsDirectory="7b2f64a5-f609-4483-8de9-ccbc03170e13" />
    <UnitTestResult executionId="0e393b54-c23d-4d0f-a8f9-eb664eed14ee" testId="f9b6d2df-bc2a-5239-9ec9-bb03e52cadd8" testName="HPD.ML.Backends.Tests.PjrtFloatBackendTests.TriangularSolve_Float32_UsesStableHloPrimitiveForLargerSystems" computerName="Einsteins-MacBook-Air" duration="00:00:00.0002512" startTime="2026-06-30T12:26:31.4486550-05:00" endTime="2026-06-30T12:26:31.4487660-05:00" testType="13cdc9d9-ddb5-4fa4-a97d-d965ccfc6d4b" outcome="Passed" testListId="8c84fa94-04c1-424b-9868-57a2d4851a1d" relativeResultsDirectory="0e393b54-c23d-4d0f-a8f9-eb664eed14ee" />
    <UnitTestResult executionId="cd84c4d5-d399-4afd-b693-eec4494af76c" testId="9f650edf-d108-4874-f0d4-4c5d7341a788" testName="HPD.ML.Backends.Tests.PjrtFloatBackendTests.LinearSolve_PivotsRowsWhenLeadingPivotIsZero" computerName="Einsteins-MacBook-Air" duration="00:00:00.0000760" startTime="2026-06-30T12:26:31.4697890-05:00" endTime="2026-06-30T12:26:31.4698040-05:00" testType="13cdc9d9-ddb5-4fa4-a97d-d965ccfc6d4b" outcome="Passed" testListId="8c84fa94-04c1-424b-9868-57a2d4851a1d" relativeResultsDirectory="cd84c4d5-d399-4afd-b693-eec4494af76c" />
    <UnitTestResult executionId="2d3fbc76-2951-4f42-b14b-61b15768efdb" testId="fd7d27f6-6323-4bed-d892-0509ff7ee19d" testName="HPD.ML.Backends.Tests.MlxBackendTests.Resolver_FindsPreparedDarwinArm64Layout(fileName: &quot;libmlxc.dylib&quot;)" computerName="Einsteins-MacBook-Air" duration="00:00:00.0013914" startTime="2026-06-30T12:26:31.4486460-05:00" endTime="2026-06-30T12:26:31.4598950-05:00" testType="13cdc9d9-ddb5-4fa4-a97d-d965ccfc6d4b" outcome="Passed" testListId="8c84fa94-04c1-424b-9868-57a2d4851a1d" relativeResultsDirectory="2d3fbc76-2951-4f42-b14b-61b15768efdb" />
    <UnitTestResult executionId="98062413-25e5-44b3-85f2-6f12e81b6f84" testId="28e5ab27-417d-699b-8d49-db53a51031df" testName="HPD.ML.Backends.Tests.PjrtFloatBackendTests.Int64Backend_ArithmeticAndShapeOps_ReturnExpectedResults" computerName="Einsteins-MacBook-Air" duration="00:00:00.0006005" startTime="2026-06-30T12:26:31.4628650-05:00" endTime="2026-06-30T12:26:31.4634570-05:00" testType="13cdc9d9-ddb5-4fa4-a97d-d965ccfc6d4b" outcome="Passed" testListId="8c84fa94-04c1-424b-9868-57a2d4851a1d" relativeResultsDirectory="98062413-25e5-44b3-85f2-6f12e81b6f84" />
    <UnitTestResult executionId="c8aac441-9498-482c-b5e0-e9d71fde4325" testId="a4e03b70-219e-9a26-80fd-c97802db41fc" testName="HPD.ML.Backends.Tests.PjrtFloatBackendTests.Mean_2x3_ReturnsOneByOneExpectedResult" computerName="Einsteins-MacBook-Air" duration="00:00:00.0000694" startTime="2026-06-30T12:26:31.4701420-05:00" endTime="2026-06-30T12:26:31.4701560-05:00" testType="13cdc9d9-ddb5-4fa4-a97d-d965ccfc6d4b" outcome="Passed" testListId="8c84fa94-04c1-424b-9868-57a2d4851a1d" relativeResultsDirectory="c8aac441-9498-482c-b5e0-e9d71fde4325" />
    <UnitTestResult executionId="7a05a756-5a91-4bac-99c2-7ba84ff368e9" testId="377207c8-45eb-9275-14da-e3111359b838" testName="HPD.ML.Backends.Tests.MlxBackendTests.NativeCpuAxisReductionAndBroadcastTo_WhenRuntimeAvailable" computerName="Einsteins-MacBook-Air" duration="00:00:00.0001780" startTime="2026-06-30T12:26:31.4634410-05:00" endTime="2026-06-30T12:26:31.4635090-05:00" testType="13cdc9d9-ddb5-4fa4-a97d-d965ccfc6d4b" outcome="Passed" testListId="8c84fa94-04c1-424b-9868-57a2d4851a1d" relativeResultsDirectory="7a05a756-5a91-4bac-99c2-7ba84ff368e9" />
    <UnitTestResult executionId="e8546228-03d1-41c8-9729-d3ed2e2a78fb" testId="8b4f7702-78e3-9b16-9683-e4a9e5e52b6b" testName="HPD.ML.Backends.Tests.PjrtFloatBackendTests.BFloat16Backend_ArithmeticAndShapeOps_ReturnExpectedResults" computerName="Einsteins-MacBook-Air" duration="00:00:00.0004715" startTime="2026-06-30T12:26:31.4599980-05:00" endTime="2026-06-30T12:26:31.4600140-05:00" testType="13cdc9d9-ddb5-4fa4-a97d-d965ccfc6d4b" outcome="Passed" testListId="8c84fa94-04c1-424b-9868-57a2d4851a1d" relativeResultsDirectory="e8546228-03d1-41c8-9729-d3ed2e2a78fb" />
    <UnitTestResult executionId="92a94c87-a516-4739-bb9e-6ab49cb489fa" testId="59531916-6191-9288-5214-5ab7f9e63b76" testName="HPD.ML.Backends.Tests.PjrtFloatBackendTests.ExactRationalMatrices_ApproximateToPjrtFloatTensor_MatMulMatchesExactOracle" computerName="Einsteins-MacBook-Air" duration="00:00:00.0019447" startTime="2026-06-30T12:26:31.4651280-05:00" endTime="2026-06-30T12:26:31.4687290-05:00" testType="13cdc9d9-ddb5-4fa4-a97d-d965ccfc6d4b" outcome="Passed" testListId="8c84fa94-04c1-424b-9868-57a2d4851a1d" relativeResultsDirectory="92a94c87-a516-4739-bb9e-6ab49cb489fa" />
    <UnitTestResult executionId="d7009733-504b-4c15-a2e5-ff2f0f1b2a54" testId="0703929e-d510-a833-5736-da1b6b222e17" testName="HPD.ML.Backends.Tests.PjrtFloatBackendTests.TensorTape_MatMulMean_ReturnsExpectedInputGradients" computerName="Einsteins-MacBook-Air" duration="00:00:00.0001358" startTime="2026-06-30T12:26:31.4634940-05:00" endTime="2026-06-30T12:26:31.4635600-05:00" testType="13cdc9d9-ddb5-4fa4-a97d-d965ccfc6d4b" outcome="Passed" testListId="8c84fa94-04c1-424b-9868-57a2d4851a1d" relativeResultsDirectory="d7009733-504b-4c15-a2e5-ff2f0f1b2a54" />
    <UnitTestResult executionId="61145658-92b5-42dd-a743-0a8634e744bc" testId="2fe33477-c83e-a1e2-6c8d-1190a4d3682d" testName="HPD.ML.Backends.Tests.PjrtFloatBackendTests.Subtract_InvalidShape_ThrowsBeforePjrt" computerName="Einsteins-MacBook-Air" duration="00:00:00.0001922" startTime="2026-06-30T12:26:31.4598760-05:00" endTime="2026-06-30T12:26:31.4599570-05:00" testType="13cdc9d9-ddb5-4fa4-a97d-d965ccfc6d4b" outcome="Passed" testListId="8c84fa94-04c1-424b-9868-57a2d4851a1d" relativeResultsDirectory="61145658-92b5-42dd-a743-0a8634e744bc" />
    <UnitTestResult executionId="2ee38680-5036-4de5-ab33-107aef4c29da" testId="8db97a0a-02d3-2a7a-3bdb-993691a9fca0" testName="HPD.ML.Backends.Tests.MlxBackendTests.TensorTape_TinyMlpSmoke_ReturnsExpectedWeightGradients_WhenRuntimeAvailable" computerName="Einsteins-MacBook-Air" duration="00:00:00.0002119" startTime="2026-06-30T12:26:31.4655570-05:00" endTime="2026-06-30T12:26:31.4656490-05:00" testType="13cdc9d9-ddb5-4fa4-a97d-d965ccfc6d4b" outcome="Passed" testListId="8c84fa94-04c1-424b-9868-57a2d4851a1d" relativeResultsDirectory="2ee38680-5036-4de5-ab33-107aef4c29da" />
    <UnitTestResult executionId="f9432800-def9-4998-9795-cd9a3484b33c" testId="02f83cd3-e472-0c77-4f6e-b18fd6e22499" testName="HPD.ML.Backends.Tests.MlxBackendTests.PublicApi_DoesNotExportRawMlxInterop" computerName="Einsteins-MacBook-Air" duration="00:00:00.0003181" startTime="2026-06-30T12:26:31.4650340-05:00" endTime="2026-06-30T12:26:31.4652170-05:00" testType="13cdc9d9-ddb5-4fa4-a97d-d965ccfc6d4b" outcome="Passed" testListId="8c84fa94-04c1-424b-9868-57a2d4851a1d" relativeResultsDirectory="f9432800-def9-4998-9795-cd9a3484b33c" />
    <UnitTestResult executionId="4f3f1532-6fb4-4c53-a38d-a00d7becfb40" testId="3e5abb59-9ab7-7993-37c6-4387c8b247ac" testName="HPD.ML.Backends.Tests.PjrtFloatBackendTests.RepeatedSameShapeOperations_ReuseCachedExecutablesAndReturnExpectedResults" computerName="Einsteins-MacBook-Air" duration="00:00:00.0006132" startTime="2026-06-30T12:26:31.4613700-05:00" endTime="2026-06-30T12:26:31.4617590-05:00" testType="13cdc9d9-ddb5-4fa4-a97d-d965ccfc6d4b" outcome="Passed" testListId="8c84fa94-04c1-424b-9868-57a2d4851a1d" relativeResultsDirectory="4f3f1532-6fb4-4c53-a38d-a00d7becfb40" />
    <UnitTestResult executionId="f4884396-81a2-459a-8e1c-99b8d7aa134c" testId="3fc36310-1bfe-3618-5891-7b9cd1039a22" testName="HPD.ML.Backends.Tests.PjrtFloatBackendTests.LinearSolve_1x1_ReturnsExpectedResult" computerName="Einsteins-MacBook-Air" duration="00:00:00.0000995" startTime="2026-06-30T12:26:31.4612060-05:00" endTime="2026-06-30T12:26:31.4612780-05:00" testType="13cdc9d9-ddb5-4fa4-a97d-d965ccfc6d4b" outcome="Passed" testListId="8c84fa94-04c1-424b-9868-57a2d4851a1d" relativeResultsDirectory="f4884396-81a2-459a-8e1c-99b8d7aa134c" />
    <UnitTestResult executionId="16d662f8-5b86-4200-8dcd-e281fead2b03" testId="7cfa8708-fd25-e7a2-5b48-db83cdfccc31" testName="HPD.ML.Backends.Tests.MlxBackendTests.TensorTape_MatMulMean_ReturnsExpectedInputGradients_WhenRuntimeAvailable" computerName="Einsteins-MacBook-Air" duration="00:00:00.0001448" startTime="2026-06-30T12:26:31.4645890-05:00" endTime="2026-06-30T12:26:31.4647230-05:00" testType="13cdc9d9-ddb5-4fa4-a97d-d965ccfc6d4b" outcome="Passed" testListId="8c84fa94-04c1-424b-9868-57a2d4851a1d" relativeResultsDirectory="16d662f8-5b86-4200-8dcd-e281fead2b03" />
    <UnitTestResult executionId="16f3b89f-6b7a-4d87-8a94-ec73f586b750" testId="54b225c9-4af0-825e-af51-f78c55b75a11" testName="HPD.ML.Backends.Tests.MlxBackendTests.Resolver_FindsPreparedDarwinArm64Layout(fileName: &quot;MLX.NativeAOT.dylib&quot;)" computerName="Einsteins-MacBook-Air" duration="00:00:00.0043829" startTime="2026-06-30T12:26:31.4387760-05:00" endTime="2026-06-30T12:26:31.4484370-05:00" testType="13cdc9d9-ddb5-4fa4-a97d-d965ccfc6d4b" outcome="Passed" testListId="8c84fa94-04c1-424b-9868-57a2d4851a1d" relativeResultsDirectory="16f3b89f-6b7a-4d87-8a94-ec73f586b750" />
    <UnitTestResult executionId="63c5b3ef-dce3-4e0a-bb13-4b5f6eba0524" testId="bbe52982-79bc-67da-a76b-6f4ecfa9d359" testName="HPD.ML.Backends.Tests.PjrtFloatBackendTests.LinearSolve_3x3_ReturnsExpectedResult" computerName="Einsteins-MacBook-Air" duration="00:00:00.0000878" startTime="2026-06-30T12:26:31.4646440-05:00" endTime="2026-06-30T12:26:31.4646600-05:00" testType="13cdc9d9-ddb5-4fa4-a97d-d965ccfc6d4b" outcome="Passed" testListId="8c84fa94-04c1-424b-9868-57a2d4851a1d" relativeResultsDirectory="63c5b3ef-dce3-4e0a-bb13-4b5f6eba0524" />
    <UnitTestResult executionId="a3c57330-7e49-4cae-9013-d753ac806b79" testId="7a728c6d-3be7-eb8a-bc03-8fa4cf750297" testName="HPD.ML.Backends.Tests.PjrtFloatBackendTests.LinearSolve_LargeTriangularMatrix_RoutesToStableHloTriangularSolve" computerName="Einsteins-MacBook-Air" duration="00:00:00.0000758" startTime="2026-06-30T12:26:31.4639690-05:00" endTime="2026-06-30T12:26:31.4640330-05:00" testType="13cdc9d9-ddb5-4fa4-a97d-d965ccfc6d4b" outcome="Passed" testListId="8c84fa94-04c1-424b-9868-57a2d4851a1d" relativeResultsDirectory="a3c57330-7e49-4cae-9013-d753ac806b79" />
    <UnitTestResult executionId="61edd22f-5169-4e61-b1ab-d00a2b81db50" testId="a5189b83-1309-c5b5-e24f-4b76d283ceda" testName="HPD.ML.Backends.Tests.MlxBackendTests.NativeCpuSoftmax_WhenRuntimeAvailable" computerName="Einsteins-MacBook-Air" duration="00:00:00.0001362" startTime="2026-06-30T12:26:31.4636450-05:00" endTime="2026-06-30T12:26:31.4638810-05:00" testType="13cdc9d9-ddb5-4fa4-a97d-d965ccfc6d4b" outcome="Passed" testListId="8c84fa94-04c1-424b-9868-57a2d4851a1d" relativeResultsDirectory="61edd22f-5169-4e61-b1ab-d00a2b81db50" />
    <UnitTestResult executionId="54e16c9e-36f1-4e33-95dc-b5863ed7688b" testId="5a3ab793-21f6-7134-bf34-927adcf703af" testName="HPD.ML.Backends.Tests.MlxBackendTests.NativeCpuShapeOps_WhenRuntimeAvailable" computerName="Einsteins-MacBook-Air" duration="00:00:00.0005401" startTime="2026-06-30T12:26:31.4601090-05:00" endTime="2026-06-30T12:26:31.4607080-05:00" testType="13cdc9d9-ddb5-4fa4-a97d-d965ccfc6d4b" outcome="Passed" testListId="8c84fa94-04c1-424b-9868-57a2d4851a1d" relativeResultsDirectory="54e16c9e-36f1-4e33-95dc-b5863ed7688b" />
    <UnitTestResult executionId="3549b7f9-f064-4011-9c76-d852d88ac552" testId="d7ce77a6-e795-35a5-1824-c52a3acfdc16" testName="HPD.ML.Backends.Tests.PjrtFloatBackendTests.ToArray_AfterTensorDispose_Throws" computerName="Einsteins-MacBook-Air" duration="00:00:00.0000930" startTime="2026-06-30T12:26:31.4688380-05:00" endTime="2026-06-30T12:26:31.4688780-05:00" testType="13cdc9d9-ddb5-4fa4-a97d-d965ccfc6d4b" outcome="Passed" testListId="8c84fa94-04c1-424b-9868-57a2d4851a1d" relativeResultsDirectory="3549b7f9-f064-4011-9c76-d852d88ac552" />
    <UnitTestResult executionId="e1908fd2-b863-43ef-8bee-4ef3a66110c9" testId="40dac8c6-9e7e-a66c-a28f-d5bd4348bf87" testName="HPD.ML.Backends.Tests.PjrtSmokeTests.Resolver_GpuAliasResolvesCudaPlugin" computerName="Einsteins-MacBook-Air" duration="00:00:00.0007855" startTime="2026-06-30T12:26:31.4487480-05:00" endTime="2026-06-30T12:26:31.4596810-05:00" testType="13cdc9d9-ddb5-4fa4-a97d-d965ccfc6d4b" outcome="Passed" testListId="8c84fa94-04c1-424b-9868-57a2d4851a1d" relativeResultsDirectory="e1908fd2-b863-43ef-8bee-4ef3a66110c9" />
    <UnitTestResult executionId="b23a38a8-64bf-4c10-82f0-03218f4e96ca" testId="8a18b79a-58a6-1ecb-f66e-e6137162e96a" testName="HPD.ML.Backends.Tests.PjrtFloatBackendTests.Subtract_2x2_ReturnsExpectedResult" computerName="Einsteins-MacBook-Air" duration="00:00:00.0000941" startTime="2026-06-30T12:26:31.4704400-05:00" endTime="2026-06-30T12:26:31.4704550-05:00" testType="13cdc9d9-ddb5-4fa4-a97d-d965ccfc6d4b" outcome="Passed" testListId="8c84fa94-04c1-424b-9868-57a2d4851a1d" relativeResultsDirectory="b23a38a8-64bf-4c10-82f0-03218f4e96ca" />
    <UnitTestResult executionId="11339af9-0f44-4ffd-af16-1e7c4230829f" testId="d34945e7-1ff8-f0c3-1753-6fbc399dc7ff" testName="HPD.ML.Backends.Tests.StableHloProgramTests.Scale_UsesSplatConstant" computerName="Einsteins-MacBook-Air" duration="00:00:00.0001871" startTime="2026-06-30T12:26:31.4658990-05:00" endTime="2026-06-30T12:26:31.4659140-05:00" testType="13cdc9d9-ddb5-4fa4-a97d-d965ccfc6d4b" outcome="Passed" testListId="8c84fa94-04c1-424b-9868-57a2d4851a1d" relativeResultsDirectory="11339af9-0f44-4ffd-af16-1e7c4230829f" />
    <UnitTestResult executionId="8d6e792e-fb06-4a1a-9f1c-f8f74f9cd827" testId="01370572-d710-4897-a738-3acaf629a33b" testName="HPD.ML.Backends.Tests.PjrtFloatBackendTests.RepeatedPjrtTrainSteps_DoNotGrowLiveTensorCount_WhenRuntimeAvailable" computerName="Einsteins-MacBook-Air" duration="00:00:00.0000981" startTime="2026-06-30T12:26:31.4709970-05:00" endTime="2026-06-30T12:26:31.4710130-05:00" testType="13cdc9d9-ddb5-4fa4-a97d-d965ccfc6d4b" outcome="Passed" testListId="8c84fa94-04c1-424b-9868-57a2d4851a1d" relativeResultsDirectory="8d6e792e-fb06-4a1a-9f1c-f8f74f9cd827" />
    <UnitTestResult executionId="c590bb3c-e0b4-4de8-b9d9-73b2f43c87d2" testId="560940f6-eec5-bab5-9c2b-523e30c4a900" testName="HPD.ML.Backends.Tests.PjrtFloatBackendTests.MatrixInverse_2x2_ReturnsExpectedResult" computerName="Einsteins-MacBook-Air" duration="00:00:00.0000759" startTime="2026-06-30T12:26:31.4705380-05:00" endTime="2026-06-30T12:26:31.4705520-05:00" testType="13cdc9d9-ddb5-4fa4-a97d-d965ccfc6d4b" outcome="Passed" testListId="8c84fa94-04c1-424b-9868-57a2d4851a1d" relativeResultsDirectory="c590bb3c-e0b4-4de8-b9d9-73b2f43c87d2" />
    <UnitTestResult executionId="50a16067-7df2-4d81-9cbc-01ccffeb99bd" testId="6c32f61d-82d4-7198-88f6-d93eec8ece52" testName="HPD.ML.Backends.Tests.PjrtFloatBackendTests.TensorTape_ShapeAdjoints_ReturnExpectedInputGradient" computerName="Einsteins-MacBook-Air" duration="00:00:00.0000899" startTime="2026-06-30T12:26:31.4641730-05:00" endTime="2026-06-30T12:26:31.4642380-05:00" testType="13cdc9d9-ddb5-4fa4-a97d-d965ccfc6d4b" outcome="Passed" testListId="8c84fa94-04c1-424b-9868-57a2d4851a1d" relativeResultsDirectory="50a16067-7df2-4d81-9cbc-01ccffeb99bd" />
    <UnitTestResult executionId="52ac6771-e258-4bb0-97b9-785716f07e21" testId="107aee70-966f-45c6-5ed3-2c0e28d52fd3" testName="HPD.ML.Backends.Tests.PjrtFloatBackendTests.DoubleBackend_HardwareInterface_MatrixInverse_ReturnsExpectedResult" computerName="Einsteins-MacBook-Air" duration="00:00:00.0001309" startTime="2026-06-30T12:26:31.4636130-05:00" endTime="2026-06-30T12:26:31.4636600-05:00" testType="13cdc9d9-ddb5-4fa4-a97d-d965ccfc6d4b" outcome="Passed" testListId="8c84fa94-04c1-424b-9868-57a2d4851a1d" relativeResultsDirectory="52ac6771-e258-4bb0-97b9-785716f07e21" />
    <UnitTestResult executionId="e9ea9c95-37a0-4325-a2b1-7f60ef31fda9" testId="a6032f2b-20cb-342d-d1ee-a4d294c46398" testName="HPD.ML.Backends.Tests.PjrtFloatBackendTests.CreateMatrix_InvalidDataLength_Throws" computerName="Einsteins-MacBook-Air" duration="00:00:00.0000556" startTime="2026-06-30T12:26:31.4700930-05:00" endTime="2026-06-30T12:26:31.4701080-05:00" testType="13cdc9d9-ddb5-4fa4-a97d-d965ccfc6d4b" outcome="Passed" testListId="8c84fa94-04c1-424b-9868-57a2d4851a1d" relativeResultsDirectory="e9ea9c95-37a0-4325-a2b1-7f60ef31fda9" />
    <UnitTestResult executionId="fed2f6e6-a960-47f6-82dc-a9b5a6daedf6" testId="ced3f139-64d3-0eb5-9366-df6945040f0b" testName="HPD.ML.Backends.Tests.PjrtFloatBackendTests.Int32Backend_ArithmeticAndShapeOps_ReturnExpectedResults" computerName="Einsteins-MacBook-Air" duration="00:00:00.0003691" startTime="2026-06-30T12:26:31.4703860-05:00" endTime="2026-06-30T12:26:31.4704020-05:00" testType="13cdc9d9-ddb5-4fa4-a97d-d965ccfc6d4b" outcome="Passed" testListId="8c84fa94-04c1-424b-9868-57a2d4851a1d" relativeResultsDirectory="fed2f6e6-a960-47f6-82dc-a9b5a6daedf6" />
    <UnitTestResult executionId="1746d073-9c4a-418c-812b-3047598b6913" testId="26b2e0e7-4f7f-e1ec-e6a1-640c057f3393" testName="HPD.ML.Backends.Tests.MlxBackendTests.NativeCpuSmoke_WhenRuntimeAvailable" computerName="Einsteins-MacBook-Air" duration="00:00:00.0001748" startTime="2026-06-30T12:26:31.4640180-05:00" endTime="2026-06-30T12:26:31.4640870-05:00" testType="13cdc9d9-ddb5-4fa4-a97d-d965ccfc6d4b" outcome="Passed" testListId="8c84fa94-04c1-424b-9868-57a2d4851a1d" relativeResultsDirectory="1746d073-9c4a-418c-812b-3047598b6913" />
    <UnitTestResult executionId="a7d688d7-c86b-4d31-a8bc-45ecbd46bc40" testId="af6d44b9-6e1f-a2d2-63cf-8ee12c8310f5" testName="HPD.ML.Backends.Tests.StableHloProgramTests.Norm_UsesSquaresReduceAndSqrt" computerName="Einsteins-MacBook-Air" duration="00:00:00.0001867" startTime="2026-06-30T12:26:31.4656320-05:00" endTime="2026-06-30T12:26:31.4657020-05:00" testType="13cdc9d9-ddb5-4fa4-a97d-d965ccfc6d4b" outcome="Passed" testListId="8c84fa94-04c1-424b-9868-57a2d4851a1d" relativeResultsDirectory="a7d688d7-c86b-4d31-a8bc-45ecbd46bc40" />
    <UnitTestResult executionId="fbcdd124-3348-4a31-8f9b-aea9da38c1a6" testId="5cb1fe67-371f-66ba-dc34-a85c7d9b0de4" testName="HPD.ML.Backends.Tests.PjrtFloatBackendTests.LinearSolve_RejectsUnsupportedTooLargeMatrixBeforePjrt" computerName="Einsteins-MacBook-Air" duration="00:00:00.0031420" startTime="2026-06-30T12:26:31.4393060-05:00" endTime="2026-06-30T12:26:31.4445790-05:00" testType="13cdc9d9-ddb5-4fa4-a97d-d965ccfc6d4b" outcome="Passed" testListId="8c84fa94-04c1-424b-9868-57a2d4851a1d" relativeResultsDirectory="fbcdd124-3348-4a31-8f9b-aea9da38c1a6" />
    <UnitTestResult executionId="041c3f4e-43c9-40fb-9193-a692e05e3e9b" testId="a01b037f-d9a4-4946-21f5-6a12a2ca6d2c" testName="HPD.ML.Backends.Tests.PjrtFloatBackendTests.BFloat16Backend_InterfaceRejectsFloatingOnlyOperations" computerName="Einsteins-MacBook-Air" duration="00:00:00.0001810" startTime="2026-06-30T12:26:31.4617960-05:00" endTime="2026-06-30T12:26:31.4619050-05:00" testType="13cdc9d9-ddb5-4fa4-a97d-d965ccfc6d4b" outcome="Passed" testListId="8c84fa94-04c1-424b-9868-57a2d4851a1d" relativeResultsDirectory="041c3f4e-43c9-40fb-9193-a692e05e3e9b" />
    <UnitTestResult executionId="a7d18769-80d6-4a32-85d0-7da3385f9123" testId="7049261e-2e1f-55c6-cd64-2ed29acddbc0" testName="HPD.ML.Backends.Tests.PjrtFloatBackendTests.DoubleBackend_MatMulAndLinearSolve_ReturnExpectedResults" computerName="Einsteins-MacBook-Air" duration="00:00:00.0001369" startTime="2026-06-30T12:26:31.4705860-05:00" endTime="2026-06-30T12:26:31.4706000-05:00" testType="13cdc9d9-ddb5-4fa4-a97d-d965ccfc6d4b" outcome="Passed" testListId="8c84fa94-04c1-424b-9868-57a2d4851a1d" relativeResultsDirectory="a7d18769-80d6-4a32-85d0-7da3385f9123" />
    <UnitTestResult executionId="838281e8-9d84-4805-9a5e-b983fcfef7d3" testId="26490af8-120e-ee7f-a2b9-61ff1c5785b1" testName="HPD.ML.Backends.Tests.PjrtFloatBackendTests.Add_InvalidShape_ThrowsBeforePjrt" computerName="Einsteins-MacBook-Air" duration="00:00:00.0002922" startTime="2026-06-30T12:26:31.4488100-05:00" endTime="2026-06-30T12:26:31.4488260-05:00" testType="13cdc9d9-ddb5-4fa4-a97d-d965ccfc6d4b" outcome="Passed" testListId="8c84fa94-04c1-424b-9868-57a2d4851a1d" relativeResultsDirectory="838281e8-9d84-4805-9a5e-b983fcfef7d3" />
    <UnitTestResult executionId="68f8f0b6-7ad4-45d5-9bc1-58b5ffed30b7" testId="83079e83-e231-2090-774a-9a5e1be7d4a8" testName="HPD.ML.Backends.Tests.PjrtFloatBackendTests.TryCreate_ReturnsFalseForMissingRuntime" computerName="Einsteins-MacBook-Air" duration="00:00:00.0002959" startTime="2026-06-30T12:26:31.4713360-05:00" endTime="2026-06-30T12:26:31.4713500-05:00" testType="13cdc9d9-ddb5-4fa4-a97d-d965ccfc6d4b" outcome="Passed" testListId="8c84fa94-04c1-424b-9868-57a2d4851a1d" relativeResultsDirectory="68f8f0b6-7ad4-45d5-9bc1-58b5ffed30b7" />
    <UnitTestResult executionId="0a11a3e8-6d4f-43c0-8ccc-0e9a4f78f0a9" testId="57bc72a5-8375-5c19-2d3f-93c63be85e30" testName="HPD.ML.Backends.Tests.StableHloProgramTests.ShapeOps_GenerateExpectedStableHlo" computerName="Einsteins-MacBook-Air" duration="00:00:00.0002812" startTime="2026-06-30T12:26:31.4657390-05:00" endTime="2026-06-30T12:26:31.4658090-05:00" testType="13cdc9d9-ddb5-4fa4-a97d-d965ccfc6d4b" outcome="Passed" testListId="8c84fa94-04c1-424b-9868-57a2d4851a1d" relativeResultsDirectory="0a11a3e8-6d4f-43c0-8ccc-0e9a4f78f0a9" />
    <UnitTestResult executionId="d373f827-19c3-4f04-a83a-2fc42c88f3f6" testId="15b83fd1-01b9-1e09-116f-1bd5e70b2c07" testName="HPD.ML.Backends.Tests.PjrtSmokeTests.Resolver_FindsGpuPreparedRuntimeLayouts(backend: &quot;cuda&quot;, fileName: &quot;pjrt_c_api_gpu_plugin.so&quot;)" computerName="Einsteins-MacBook-Air" duration="00:00:00.0005532" startTime="2026-06-30T12:26:31.4608600-05:00" endTime="2026-06-30T12:26:31.4614370-05:00" testType="13cdc9d9-ddb5-4fa4-a97d-d965ccfc6d4b" outcome="Passed" testListId="8c84fa94-04c1-424b-9868-57a2d4851a1d" relativeResultsDirectory="d373f827-19c3-4f04-a83a-2fc42c88f3f6" />
    <UnitTestResult executionId="717272aa-858f-4554-b204-86e8efce618b" testId="4c0ee28d-ab90-09b9-97d6-7df65a9c3aa1" testName="HPD.ML.Backends.Tests.PjrtFloatBackendTests.LinearSolve_LargeSymmetricPositiveDefiniteMatrix_RoutesToStableHloCholeskySolve" computerName="Einsteins-MacBook-Air" duration="00:00:00.0001979" startTime="2026-06-30T12:26:31.4624440-05:00" endTime="2026-06-30T12:26:31.4625100-05:00" testType="13cdc9d9-ddb5-4fa4-a97d-d965ccfc6d4b" outcome="Passed" testListId="8c84fa94-04c1-424b-9868-57a2d4851a1d" relativeResultsDirectory="717272aa-858f-4554-b204-86e8efce618b" />
    <UnitTestResult executionId="a876d74f-0d43-4d15-9f81-616e1f9efb19" testId="f5d0bbf2-f7c8-f8f5-e7da-4300c11f1c71" testName="HPD.ML.Backends.Tests.MlxBackendTests.SgdOptimizer_LinearRegression_DecreasesMse_WhenRuntimeAvailable" computerName="Einsteins-MacBook-Air" duration="00:00:00.0001541" startTime="2026-06-30T12:26:31.4656860-05:00" endTime="2026-06-30T12:26:31.4657550-05:00" testType="13cdc9d9-ddb5-4fa4-a97d-d965ccfc6d4b" outcome="Passed" testListId="8c84fa94-04c1-424b-9868-57a2d4851a1d" relativeResultsDirectory="a876d74f-0d43-4d15-9f81-616e1f9efb19" />
    <UnitTestResult executionId="c43d9611-7a5d-4fcb-b8ab-19fa1b71b63b" testId="de33bfd5-f226-5ee4-5dfe-b7dd923792a3" testName="HPD.ML.Backends.Tests.PjrtFloatBackendTests.Norm_1x4_ReturnsOneByOneExpectedResult" computerName="Einsteins-MacBook-Air" duration="00:00:00.0000794" startTime="2026-06-30T12:26:31.4697250-05:00" endTime="2026-06-30T12:26:31.4697440-05:00" testType="13cdc9d9-ddb5-4fa4-a97d-d965ccfc6d4b" outcome="Passed" testListId="8c84fa94-04c1-424b-9868-57a2d4851a1d" relativeResultsDirectory="c43d9611-7a5d-4fcb-b8ab-19fa1b71b63b" />
    <UnitTestResult executionId="115fa738-3f62-4369-829f-25117ddac1ea" testId="94455f48-df75-ba01-7abd-b5e11d36f232" testName="HPD.ML.Backends.Tests.PjrtFloatBackendTests.ShapeOps_Float32_ReturnExpectedResults" computerName="Einsteins-MacBook-Air" duration="00:00:00.0001806" startTime="2026-06-30T12:26:31.4619400-05:00" endTime="2026-06-30T12:26:31.4619550-05:00" testType="13cdc9d9-ddb5-4fa4-a97d-d965ccfc6d4b" outcome="Passed" testListId="8c84fa94-04c1-424b-9868-57a2d4851a1d" relativeResultsDirectory="115fa738-3f62-4369-829f-25117ddac1ea" />
    <UnitTestResult executionId="03d12001-5b17-4358-8abb-cd9570e19cbe" testId="13309139-e681-705c-1c9f-edee993b119a" testName="HPD.ML.Backends.Tests.PjrtFloatBackendTests.RepeatedCompileExecuteDownloadDispose_DoesNotLeakBackendState" computerName="Einsteins-MacBook-Air" duration="00:00:00.0001625" startTime="2026-06-30T12:26:31.4619900-05:00" endTime="2026-06-30T12:26:31.4620120-05:00" testType="13cdc9d9-ddb5-4fa4-a97d-d965ccfc6d4b" outcome="Passed" testListId="8c84fa94-04c1-424b-9868-57a2d4851a1d" relativeResultsDirectory="03d12001-5b17-4358-8abb-cd9570e19cbe" />
    <UnitTestResult executionId="29dff129-433a-45ba-8d99-ce69f0b78e61" testId="420c5b1c-098a-c6ad-8fd4-7c1e61b54031" testName="HPD.ML.Backends.Tests.PjrtFloatBackendTests.MatMul_InvalidShape_ThrowsBeforePjrt" computerName="Einsteins-MacBook-Air" duration="00:00:00.0000842" startTime="2026-06-30T12:26:31.4706810-05:00" endTime="2026-06-30T12:26:31.4706960-05:00" testType="13cdc9d9-ddb5-4fa4-a97d-d965ccfc6d4b" outcome="Passed" testListId="8c84fa94-04c1-424b-9868-57a2d4851a1d" relativeResultsDirectory="29dff129-433a-45ba-8d99-ce69f0b78e61" />
    <UnitTestResult executionId="2291abfe-45bd-4eb0-acc5-d4acc0bcca24" testId="6566f254-ca76-8ff8-f7ff-03fdde5cecb1" testName="HPD.ML.Backends.Tests.StableHloProgramTests.TriangularSolve_EmitsStableHloPrimitive" computerName="Einsteins-MacBook-Air" duration="00:00:00.0001382" startTime="2026-06-30T12:26:31.4660030-05:00" endTime="2026-06-30T12:26:31.4660180-05:00" testType="13cdc9d9-ddb5-4fa4-a97d-d965ccfc6d4b" outcome="Passed" testListId="8c84fa94-04c1-424b-9868-57a2d4851a1d" relativeResultsDirectory="2291abfe-45bd-4eb0-acc5-d4acc0bcca24" />
    <UnitTestResult executionId="b5e846b5-6131-475e-80d5-b614691cb8fc" testId="9970c7a0-44be-235a-f984-e62ef5b664fc" testName="HPD.ML.Backends.Tests.MlxBackendTests.TensorTape_Dispose_DisposesIntermediateTensors_WhenRuntimeAvailable" computerName="Einsteins-MacBook-Air" duration="00:00:00.0001620" startTime="2026-06-30T12:26:31.4652540-05:00" endTime="2026-06-30T12:26:31.4653490-05:00" testType="13cdc9d9-ddb5-4fa4-a97d-d965ccfc6d4b" outcome="Passed" testListId="8c84fa94-04c1-424b-9868-57a2d4851a1d" relativeResultsDirectory="b5e846b5-6131-475e-80d5-b614691cb8fc" />
    <UnitTestResult executionId="c99a7e27-1fe5-4ed0-b8cd-11a63e92466f" testId="3d18c63e-22f1-de6f-e475-01f9b375b191" testName="HPD.ML.Backends.Tests.MlxBackendTests.LinearLayerAndTrainStep_DecreaseMse_WhenRuntimeAvailable" computerName="Einsteins-MacBook-Air" duration="00:00:00.0002908" startTime="2026-06-30T12:26:31.4608140-05:00" endTime="2026-06-30T12:26:31.4612220-05:00" testType="13cdc9d9-ddb5-4fa4-a97d-d965ccfc6d4b" outcome="Passed" testListId="8c84fa94-04c1-424b-9868-57a2d4851a1d" relativeResultsDirectory="c99a7e27-1fe5-4ed0-b8cd-11a63e92466f" />
    <UnitTestResult executionId="f471ea3a-9667-436e-a31a-1c3ad6aa2703" testId="87312177-cd29-4a38-a653-ec21fff5f1bd" testName="HPD.ML.Backends.Tests.MlxBackendTests.NativeCpuUnaryOps_WhenRuntimeAvailable" computerName="Einsteins-MacBook-Air" duration="00:00:00.0003394" startTime="2026-06-30T12:26:31.4626460-05:00" endTime="2026-06-30T12:26:31.4631220-05:00" testType="13cdc9d9-ddb5-4fa4-a97d-d965ccfc6d4b" outcome="Passed" testListId="8c84fa94-04c1-424b-9868-57a2d4851a1d" relativeResultsDirectory="f471ea3a-9667-436e-a31a-1c3ad6aa2703" />
    <UnitTestResult executionId="fe2c55fd-ee3f-4336-afa7-8da575597232" testId="4fe877ef-3f35-7da0-b0c4-451a14e3d978" testName="HPD.ML.Backends.Tests.MlxBackendTests.NativeCpuLinearAlgebra_WhenRuntimeAvailable" computerName="Einsteins-MacBook-Air" duration="00:00:00.0001226" startTime="2026-06-30T12:26:31.4635440-05:00" endTime="2026-06-30T12:26:31.4635940-05:00" testType="13cdc9d9-ddb5-4fa4-a97d-d965ccfc6d4b" outcome="Passed" testListId="8c84fa94-04c1-424b-9868-57a2d4851a1d" relativeResultsDirectory="fe2c55fd-ee3f-4336-afa7-8da575597232" />
    <UnitTestResult executionId="0a40228d-fef4-4fe4-86af-1822e2a41b82" testId="4b93038e-658f-32d6-61ad-e73135e6c66b" testName="HPD.ML.Backends.Tests.PjrtSmokeTests.Resolver_FindsGpuPreparedRuntimeLayouts(backend: &quot;cuda&quot;, fileName: &quot;xla_cuda_plugin.so&quot;)" computerName="Einsteins-MacBook-Air" duration="00:00:00.0004285" startTime="2026-06-30T12:26:31.4614630-05:00" endTime="2026-06-30T12:26:31.4618110-05:00" testType="13cdc9d9-ddb5-4fa4-a97d-d965ccfc6d4b" outcome="Passed" testListId="8c84fa94-04c1-424b-9868-57a2d4851a1d" relativeResultsDirectory="0a40228d-fef4-4fe4-86af-1822e2a41b82" />
    <UnitTestResult executionId="21411eec-9895-47a4-9312-4748b95eb149" testId="0bd96910-ddde-7ed4-340a-0f77dbe871af" testName="HPD.ML.Backends.Tests.MlxBackendTests.Activations_ReluAndLeakyRelu_ReturnExpectedGradients_WhenRuntimeAvailable" computerName="Einsteins-MacBook-Air" duration="00:00:00.0001408" startTime="2026-06-30T12:26:31.4631640-05:00" endTime="2026-06-30T12:26:31.4631790-05:00" testType="13cdc9d9-ddb5-4fa4-a97d-d965ccfc6d4b" outcome="Passed" testListId="8c84fa94-04c1-424b-9868-57a2d4851a1d" relativeResultsDirectory="21411eec-9895-47a4-9312-4748b95eb149" />
    <UnitTestResult executionId="ce8018c1-efaa-4692-9f4f-7236e34cf20c" testId="0f7d307a-9fcc-27ef-5d65-58411df49778" testName="HPD.ML.Backends.Tests.PjrtFloatBackendTests.MatMul_Rectangular_ReturnsExpectedResult" computerName="Einsteins-MacBook-Air" duration="00:00:00.0000834" startTime="2026-06-30T12:26:31.4711440-05:00" endTime="2026-06-30T12:26:31.4711580-05:00" testType="13cdc9d9-ddb5-4fa4-a97d-d965ccfc6d4b" outcome="Passed" testListId="8c84fa94-04c1-424b-9868-57a2d4851a1d" relativeResultsDirectory="ce8018c1-efaa-4692-9f4f-7236e34cf20c" />
    <UnitTestResult executionId="33318d2d-a5e2-4aa7-be05-d99234bc1f20" testId="e013140e-d044-a210-500c-3435ae7d7a34" testName="HPD.ML.Backends.Tests.MlxBackendTests.TensorTape_NonlinearActivations_ReturnExpectedInputGradient_WhenRuntimeAvailable" computerName="Einsteins-MacBook-Air" duration="00:00:00.0001693" startTime="2026-06-30T12:26:31.4617430-05:00" endTime="2026-06-30T12:26:31.4618530-05:00" testType="13cdc9d9-ddb5-4fa4-a97d-d965ccfc6d4b" outcome="Passed" testListId="8c84fa94-04c1-424b-9868-57a2d4851a1d" relativeResultsDirectory="33318d2d-a5e2-4aa7-be05-d99234bc1f20" />
    <UnitTestResult executionId="464e3227-a5ae-4796-97b8-c21fcd06b660" testId="d107446d-9308-4f63-ce40-b1799725c25f" testName="HPD.ML.Backends.Tests.PjrtFloatBackendTests.BFloat16_RoundTripsThroughStandardBitLayout" computerName="Einsteins-MacBook-Air" duration="00:00:00.0023620" startTime="2026-06-30T12:26:31.4600530-05:00" endTime="2026-06-30T12:26:31.4608760-05:00" testType="13cdc9d9-ddb5-4fa4-a97d-d965ccfc6d4b" outcome="Passed" testListId="8c84fa94-04c1-424b-9868-57a2d4851a1d" relativeResultsDirectory="464e3227-a5ae-4796-97b8-c21fcd06b660" />
    <UnitTestResult executionId="e7405f45-591c-4374-b3e6-16648d871ecf" testId="d92446c9-3198-859e-9b86-33cc79d0ca56" testName="HPD.ML.Backends.Tests.MlxBackendTests.Create_ThrowsActionableErrorForMissingRuntime" computerName="Einsteins-MacBook-Air" duration="00:00:00.0004724" startTime="2026-06-30T12:26:31.4618900-05:00" endTime="2026-06-30T12:26:31.4620050-05:00" testType="13cdc9d9-ddb5-4fa4-a97d-d965ccfc6d4b" outcome="Passed" testListId="8c84fa94-04c1-424b-9868-57a2d4851a1d" relativeResultsDirectory="e7405f45-591c-4374-b3e6-16648d871ecf" />
    <UnitTestResult executionId="a5012791-9253-403b-9a2d-b92a959e631f" testId="b7facdc1-5f8f-3c48-3ed9-0de807b9f118" testName="HPD.ML.Backends.Tests.StableHloProgramTests.MatMul_Float64_UsesF64TensorTypes" computerName="Einsteins-MacBook-Air" duration="00:00:00.0001828" startTime="2026-06-30T12:26:31.4651460-05:00" endTime="2026-06-30T12:26:31.4651620-05:00" testType="13cdc9d9-ddb5-4fa4-a97d-d965ccfc6d4b" outcome="Passed" testListId="8c84fa94-04c1-424b-9868-57a2d4851a1d" relativeResultsDirectory="a5012791-9253-403b-9a2d-b92a959e631f" />
    <UnitTestResult executionId="19df626f-58e0-4df8-bb54-f84bbc50c1d8" testId="d6ef0b05-f645-0e68-a503-bfb5a4671dfb" testName="HPD.ML.Backends.Tests.PjrtSmokeTests.Resolver_FindsGpuPreparedRuntimeLayouts(backend: &quot;rocm&quot;, fileName: &quot;xla_rocm_plugin.so&quot;)" computerName="Einsteins-MacBook-Air" duration="00:00:00.0005115" startTime="2026-06-30T12:26:31.4618380-05:00" endTime="2026-06-30T12:26:31.4620190-05:00" testType="13cdc9d9-ddb5-4fa4-a97d-d965ccfc6d4b" outcome="Passed" testListId="8c84fa94-04c1-424b-9868-57a2d4851a1d" relativeResultsDirectory="19df626f-58e0-4df8-bb54-f84bbc50c1d8" />
    <UnitTestResult executionId="f1b0ad0b-e7e4-41c5-9263-5aea229395a3" testId="22d3930c-9004-3204-83db-d03e239ff7e5" testName="HPD.ML.Backends.Tests.PjrtFloatBackendTests.ShapeOps_RejectInvalidShapesBeforePjrt" computerName="Einsteins-MacBook-Air" duration="00:00:00.0000937" startTime="2026-06-30T12:26:31.4700440-05:00" endTime="2026-06-30T12:26:31.4700580-05:00" testType="13cdc9d9-ddb5-4fa4-a97d-d965ccfc6d4b" outcome="Passed" testListId="8c84fa94-04c1-424b-9868-57a2d4851a1d" relativeResultsDirectory="f1b0ad0b-e7e4-41c5-9263-5aea229395a3" />
    <UnitTestResult executionId="6ba59198-8301-4442-8900-a5ae1cabee28" testId="a6ab17f7-3b41-2105-de18-22a8426d51b9" testName="HPD.ML.Backends.Tests.MlxBackendTests.BackendNeutralTrainStep_DecreasesMseOnMlx_WhenRuntimeAvailable" computerName="Einsteins-MacBook-Air" duration="00:00:00.0002726" startTime="2026-06-30T12:26:31.4612620-05:00" endTime="2026-06-30T12:26:31.4613850-05:00" testType="13cdc9d9-ddb5-4fa4-a97d-d965ccfc6d4b" outcome="Passed" testListId="8c84fa94-04c1-424b-9868-57a2d4851a1d" relativeResultsDirectory="6ba59198-8301-4442-8900-a5ae1cabee28" />
    <UnitTestResult executionId="106ea08d-1f82-41a4-9961-2d8a440b0389" testId="f7fb2352-3bca-7aaf-3650-2ec63ecfd0cf" testName="HPD.ML.Backends.Tests.MlxBackendTests.TensorTape_Softmax_ReturnsExpectedInputGradient_WhenRuntimeAvailable" computerName="Einsteins-MacBook-Air" duration="00:00:00.0001876" startTime="2026-06-30T12:26:31.4615140-05:00" endTime="2026-06-30T12:26:31.4615300-05:00" testType="13cdc9d9-ddb5-4fa4-a97d-d965ccfc6d4b" outcome="Passed" testListId="8c84fa94-04c1-424b-9868-57a2d4851a1d" relativeResultsDirectory="106ea08d-1f82-41a4-9961-2d8a440b0389" />
    <UnitTestResult executionId="5aa771d7-4ae7-4eff-bfb6-1a0298e82505" testId="4842baff-74e6-abd4-e590-3f5c2407f2da" testName="HPD.ML.Backends.Tests.StableHloProgramTests.LinearSolve_2x2_UsesClosedFormWithMultipleRightHandSides" computerName="Einsteins-MacBook-Air" duration="00:00:00.0001168" startTime="2026-06-30T12:26:31.4659510-05:00" endTime="2026-06-30T12:26:31.4659670-05:00" testType="13cdc9d9-ddb5-4fa4-a97d-d965ccfc6d4b" outcome="Passed" testListId="8c84fa94-04c1-424b-9868-57a2d4851a1d" relativeResultsDirectory="5aa771d7-4ae7-4eff-bfb6-1a0298e82505" />
    <UnitTestResult executionId="fe391899-3397-48c9-a930-4cff1bd7545d" testId="24563cee-6adb-ef7e-2861-31a8f7263742" testName="HPD.ML.Backends.Tests.PjrtSmokeTests.LocalMatMulMilestone_ReturnsUnavailableForMissingRuntime" computerName="Einsteins-MacBook-Air" duration="00:00:00.0045822" startTime="2026-06-30T12:26:31.4393160-05:00" endTime="2026-06-30T12:26:31.4486860-05:00" testType="13cdc9d9-ddb5-4fa4-a97d-d965ccfc6d4b" outcome="Passed" testListId="8c84fa94-04c1-424b-9868-57a2d4851a1d" relativeResultsDirectory="fe391899-3397-48c9-a930-4cff1bd7545d" />
    <UnitTestResult executionId="197a38cd-9cff-48f6-a740-ac7ef0cbca06" testId="f23bf29e-2ea2-0509-894e-6384e08124dd" testName="HPD.ML.Backends.Tests.PjrtFloatBackendTests.Int64Backend_InterfaceRejectsFloatingOnlyOperations" computerName="Einsteins-MacBook-Air" duration="00:00:00.0003638" startTime="2026-06-30T12:26:31.4625460-05:00" endTime="2026-06-30T12:26:31.4626610-05:00" testType="13cdc9d9-ddb5-4fa4-a97d-d965ccfc6d4b" outcome="Passed" testListId="8c84fa94-04c1-424b-9868-57a2d4851a1d" relativeResultsDirectory="197a38cd-9cff-48f6-a740-ac7ef0cbca06" />
    <UnitTestResult executionId="2d530d17-1379-49ed-952f-bd5dc758b06a" testId="bc088fd4-342f-7294-8410-09c68e88b76f" testName="HPD.ML.Backends.Tests.MlxBackendTests.Sequential_Forward_ComposesLayers_WhenRuntimeAvailable" computerName="Einsteins-MacBook-Air" duration="00:00:00.0001633" startTime="2026-06-30T12:26:31.4632160-05:00" endTime="2026-06-30T12:26:31.4634030-05:00" testType="13cdc9d9-ddb5-4fa4-a97d-d965ccfc6d4b" outcome="Passed" testListId="8c84fa94-04c1-424b-9868-57a2d4851a1d" relativeResultsDirectory="2d530d17-1379-49ed-952f-bd5dc758b06a" />
    <UnitTestResult executionId="c7eba8c0-4669-4abb-b217-b48a07afd725" testId="43430db8-43ba-a0be-db5b-898a0a477451" testName="HPD.ML.Backends.Tests.PjrtFloatBackendTests.Int32Backend_InterfaceRejectsFloatingOnlyOperations" computerName="Einsteins-MacBook-Air" duration="00:00:00.0001154" startTime="2026-06-30T12:26:31.4710960-05:00" endTime="2026-06-30T12:26:31.4711100-05:00" testType="13cdc9d9-ddb5-4fa4-a97d-d965ccfc6d4b" outcome="Passed" testListId="8c84fa94-04c1-424b-9868-57a2d4851a1d" relativeResultsDirectory="c7eba8c0-4669-4abb-b217-b48a07afd725" />
    <UnitTestResult executionId="cf733ea3-4621-49d0-b2be-70cc37c2abe9" testId="d10f6d78-0a5d-4eb3-a1e0-ef56769452bd" testName="HPD.ML.Backends.Tests.MlxBackendTests.SoftmaxCrossEntropy_ReturnsExpectedLogitGradient_WhenRuntimeAvailable" computerName="Einsteins-MacBook-Air" duration="00:00:00.0001530" startTime="2026-06-30T12:26:31.4639180-05:00" endTime="2026-06-30T12:26:31.4639840-05:00" testType="13cdc9d9-ddb5-4fa4-a97d-d965ccfc6d4b" outcome="Passed" testListId="8c84fa94-04c1-424b-9868-57a2d4851a1d" relativeResultsDirectory="cf733ea3-4621-49d0-b2be-70cc37c2abe9" />
    <UnitTestResult executionId="899f975e-79c8-41d0-8db0-d9284db87262" testId="4a310dcf-0344-b97a-3132-58605f7291bd" testName="HPD.ML.Backends.Tests.PjrtFloatBackendTests.Add_2x2_ReturnsExpectedResult" computerName="Einsteins-MacBook-Air" duration="00:00:00.0000839" startTime="2026-06-30T12:26:31.4710480-05:00" endTime="2026-06-30T12:26:31.4710630-05:00" testType="13cdc9d9-ddb5-4fa4-a97d-d965ccfc6d4b" outcome="Passed" testListId="8c84fa94-04c1-424b-9868-57a2d4851a1d" relativeResultsDirectory="899f975e-79c8-41d0-8db0-d9284db87262" />
    <UnitTestResult executionId="5b6cb88e-d430-48a6-8181-19fe7ed01921" testId="b56ddc53-2de8-3699-28f8-6976ec6bd9a0" testName="HPD.ML.Backends.Tests.PjrtFloatBackendTests.CreateMatrix_DefaultData_CreatesZeroMatrix" computerName="Einsteins-MacBook-Air" duration="00:00:00.0000660" startTime="2026-06-30T12:26:31.4712890-05:00" endTime="2026-06-30T12:26:31.4713030-05:00" testType="13cdc9d9-ddb5-4fa4-a97d-d965ccfc6d4b" outcome="Passed" testListId="8c84fa94-04c1-424b-9868-57a2d4851a1d" relativeResultsDirectory="5b6cb88e-d430-48a6-8181-19fe7ed01921" />
    <UnitTestResult executionId="f945035e-ca0c-4747-aa51-72e2b598adb4" testId="dbd4fd5e-429b-4bb7-8808-9c7cbb5bf5a1" testName="HPD.ML.Backends.Tests.StableHloProgramTests.CholeskySolve_EmitsCholeskyAndTriangularSolves" computerName="Einsteins-MacBook-Air" duration="00:00:00.0001230" startTime="2026-06-30T12:26:31.4662270-05:00" endTime="2026-06-30T12:26:31.4662430-05:00" testType="13cdc9d9-ddb5-4fa4-a97d-d965ccfc6d4b" outcome="Passed" testListId="8c84fa94-04c1-424b-9868-57a2d4851a1d" relativeResultsDirectory="f945035e-ca0c-4747-aa51-72e2b598adb4" />
    <UnitTestResult executionId="89146187-914c-4bea-9b37-f81056347c49" testId="9bb10564-14f9-deb2-383a-586dbcfce70f" testName="HPD.ML.Backends.Tests.MlxBackendTests.TryCreate_ReturnsFalseForMissingRuntime" computerName="Einsteins-MacBook-Air" duration="00:00:00.0001227" startTime="2026-06-30T12:26:31.4623020-05:00" endTime="2026-06-30T12:26:31.4623330-05:00" testType="13cdc9d9-ddb5-4fa4-a97d-d965ccfc6d4b" outcome="Passed" testListId="8c84fa94-04c1-424b-9868-57a2d4851a1d" relativeResultsDirectory="89146187-914c-4bea-9b37-f81056347c49" />
    <UnitTestResult executionId="9f36aede-6d59-4d80-af02-a673c7bb58f0" testId="d3f97d4c-2020-b93b-258c-b43b98563841" testName="HPD.ML.Backends.Tests.MlxBackendTests.Losses_BinaryCrossEntropyAndL2_ReturnExpectedGradients_WhenRuntimeAvailable" computerName="Einsteins-MacBook-Air" duration="00:00:00.0001684" startTime="2026-06-30T12:26:31.4644900-05:00" endTime="2026-06-30T12:26:31.4645550-05:00" testType="13cdc9d9-ddb5-4fa4-a97d-d965ccfc6d4b" outcome="Passed" testListId="8c84fa94-04c1-424b-9868-57a2d4851a1d" relativeResultsDirectory="9f36aede-6d59-4d80-af02-a673c7bb58f0" />
    <UnitTestResult executionId="5d3a606b-701c-4731-851d-3c111c04d124" testId="d1de28e1-71a8-ff8a-b2b8-a70c25284a8a" testName="HPD.ML.Backends.Tests.PjrtFloatBackendTests.BroadcastTo_RowVector_ReturnsExpectedResult" computerName="Einsteins-MacBook-Air" duration="00:00:00.0002543" startTime="2026-06-30T12:26:31.4488660-05:00" endTime="2026-06-30T12:26:31.4488820-05:00" testType="13cdc9d9-ddb5-4fa4-a97d-d965ccfc6d4b" outcome="Passed" testListId="8c84fa94-04c1-424b-9868-57a2d4851a1d" relativeResultsDirectory="5d3a606b-701c-4731-851d-3c111c04d124" />
    <UnitTestResult executionId="86d6ed25-2667-4dec-b3cb-ae7eedb6dbfa" testId="53ff1588-c603-2465-ca55-5a9f79136df3" testName="HPD.ML.Backends.Tests.PjrtFloatBackendTests.DoubleBackend_ShapeOpsAndPivoting_ReturnExpectedResults" computerName="Einsteins-MacBook-Air" duration="00:00:00.0002535" startTime="2026-06-30T12:26:31.4693170-05:00" endTime="2026-06-30T12:26:31.4693360-05:00" testType="13cdc9d9-ddb5-4fa4-a97d-d965ccfc6d4b" outcome="Passed" testListId="8c84fa94-04c1-424b-9868-57a2d4851a1d" relativeResultsDirectory="86d6ed25-2667-4dec-b3cb-ae7eedb6dbfa" />
    <UnitTestResult executionId="40114a5b-158c-4e7f-b0ab-614bf6c8ca82" testId="c12e7c6b-8eea-fd76-9de0-eb5533f1ce1c" testName="HPD.ML.Backends.Tests.MlxBackendTests.NativeCpuShapeOps_RejectInvalidShapesBeforeMlx_WhenRuntimeAvailable" computerName="Einsteins-MacBook-Air" duration="00:00:00.0001262" startTime="2026-06-30T12:26:31.4614210-05:00" endTime="2026-06-30T12:26:31.4614780-05:00" testType="13cdc9d9-ddb5-4fa4-a97d-d965ccfc6d4b" outcome="Passed" testListId="8c84fa94-04c1-424b-9868-57a2d4851a1d" relativeResultsDirectory="40114a5b-158c-4e7f-b0ab-614bf6c8ca82" />
    <UnitTestResult executionId="71ba3192-0cb3-4af5-b7c1-93422af25ffd" testId="5e327c33-038b-03b9-3a26-41f99137a84b" testName="HPD.ML.Backends.Tests.PjrtFloatBackendTests.BackendNeutralTrainStep_DecreasesMseOnPjrt_WhenRuntimeAvailable" computerName="Einsteins-MacBook-Air" duration="00:00:00.0002670" startTime="2026-06-30T12:26:31.4640720-05:00" endTime="2026-06-30T12:26:31.4641380-05:00" testType="13cdc9d9-ddb5-4fa4-a97d-d965ccfc6d4b" outcome="Passed" testListId="8c84fa94-04c1-424b-9868-57a2d4851a1d" relativeResultsDirectory="71ba3192-0cb3-4af5-b7c1-93422af25ffd" />
    <UnitTestResult executionId="a2ab06b9-9310-4e91-8eb2-334f7e24b4f8" testId="638c3bad-1db2-041f-56f9-81717d329647" testName="HPD.ML.Backends.Tests.MlxBackendTests.Activations_SiluAndGeluApprox_ReturnFiniteGradients_WhenRuntimeAvailable" computerName="Einsteins-MacBook-Air" duration="00:00:00.0001510" startTime="2026-06-30T12:26:31.4623700-05:00" endTime="2026-06-30T12:26:31.4624590-05:00" testType="13cdc9d9-ddb5-4fa4-a97d-d965ccfc6d4b" outcome="Passed" testListId="8c84fa94-04c1-424b-9868-57a2d4851a1d" relativeResultsDirectory="a2ab06b9-9310-4e91-8eb2-334f7e24b4f8" />
    <UnitTestResult executionId="cdd0016c-6789-4345-a718-3778309b4ca1" testId="f574e25a-ca2d-d4b9-aa9a-720d3b0782f1" testName="HPD.ML.Backends.Tests.StableHloProgramTests.Transpose_UsesExpectedPermutationAndShape" computerName="Einsteins-MacBook-Air" duration="00:00:00.0000738" startTime="2026-06-30T12:26:31.4655750-05:00" endTime="2026-06-30T12:26:31.4655910-05:00" testType="13cdc9d9-ddb5-4fa4-a97d-d965ccfc6d4b" outcome="Passed" testListId="8c84fa94-04c1-424b-9868-57a2d4851a1d" relativeResultsDirectory="cdd0016c-6789-4345-a718-3778309b4ca1" />
    <UnitTestResult executionId="f12fbc86-92b4-4cbd-869a-a1fe93ad5fdb" testId="94197f70-2dad-e8ee-164e-53c54be8e5d3" testName="HPD.ML.Backends.Tests.PjrtFloatBackendTests.Negate_2x2_ReturnsExpectedResult" computerName="Einsteins-MacBook-Air" duration="00:00:00.0000919" startTime="2026-06-30T12:26:31.4609150-05:00" endTime="2026-06-30T12:26:31.4609880-05:00" testType="13cdc9d9-ddb5-4fa4-a97d-d965ccfc6d4b" outcome="Passed" testListId="8c84fa94-04c1-424b-9868-57a2d4851a1d" relativeResultsDirectory="f12fbc86-92b4-4cbd-869a-a1fe93ad5fdb" />
    <UnitTestResult executionId="d9f4cbdd-9551-4d80-9bd0-46e6bdb375c7" testId="1dfe3bff-af06-41c1-169a-baafae56510f" testName="HPD.ML.Backends.Tests.PjrtFloatBackendTests.PjrtAdamOptimizer_DecreasesMse_WhenRuntimeAvailable" computerName="Einsteins-MacBook-Air" duration="00:00:00.0001367" startTime="2026-06-30T12:26:31.4689630-05:00" endTime="2026-06-30T12:26:31.4689970-05:00" testType="13cdc9d9-ddb5-4fa4-a97d-d965ccfc6d4b" outcome="Passed" testListId="8c84fa94-04c1-424b-9868-57a2d4851a1d" relativeResultsDirectory="d9f4cbdd-9551-4d80-9bd0-46e6bdb375c7" />
    <UnitTestResult executionId="de502ffa-c0e8-4b2c-a304-498329b53e25" testId="eed47c1c-cef6-3743-9ff0-9a433dcc24cb" testName="HPD.ML.Backends.Tests.MlxBackendTests.TensorTape_DivideLogSqrt_ReturnExpectedInputGradient_WhenRuntimeAvailable" computerName="Einsteins-MacBook-Air" duration="00:00:00.0001937" startTime="2026-06-30T12:26:31.4647600-05:00" endTime="2026-06-30T12:26:31.4648280-05:00" testType="13cdc9d9-ddb5-4fa4-a97d-d965ccfc6d4b" outcome="Passed" testListId="8c84fa94-04c1-424b-9868-57a2d4851a1d" relativeResultsDirectory="de502ffa-c0e8-4b2c-a304-498329b53e25" />
    <UnitTestResult executionId="100c684b-2895-420f-939c-d1a0a459a69f" testId="4012f3dd-6493-e124-c595-f62634bcbd9b" testName="HPD.ML.Backends.Tests.PjrtFloatBackendTests.LinearSolve_RejectsSingularMatrixBeforePjrt" computerName="Einsteins-MacBook-Air" duration="00:00:00.0000879" startTime="2026-06-30T12:26:31.4706340-05:00" endTime="2026-06-30T12:26:31.4706480-05:00" testType="13cdc9d9-ddb5-4fa4-a97d-d965ccfc6d4b" outcome="Passed" testListId="8c84fa94-04c1-424b-9868-57a2d4851a1d" relativeResultsDirectory="100c684b-2895-420f-939c-d1a0a459a69f" />
    <UnitTestResult executionId="a125ecba-fb6c-464e-bfa4-a2e4054b69a5" testId="c9dddffe-caee-b6ae-be06-3abd3155a56a" testName="HPD.ML.Backends.Tests.MlxBackendTests.TensorTape_ShapeAdjoints_ReturnExpectedInputGradient_WhenRuntimeAvailable" computerName="Einsteins-MacBook-Air" duration="00:00:00.0001287" startTime="2026-06-30T12:26:31.4625960-05:00" endTime="2026-06-30T12:26:31.4626120-05:00" testType="13cdc9d9-ddb5-4fa4-a97d-d965ccfc6d4b" outcome="Passed" testListId="8c84fa94-04c1-424b-9868-57a2d4851a1d" relativeResultsDirectory="a125ecba-fb6c-464e-bfa4-a2e4054b69a5" />
    <UnitTestResult executionId="6a79c4b7-5dc9-434c-b63a-655f12b37af9" testId="50fee088-8a0e-e326-c194-c807c397720f" testName="HPD.ML.Backends.Tests.MlxBackendTests.MlxTensor_DoesNotImplementExactAlgebraInterfaces" computerName="Einsteins-MacBook-Air" duration="00:00:00.0021449" startTime="2026-06-30T12:26:31.4599400-05:00" endTime="2026-06-30T12:26:31.4600700-05:00" testType="13cdc9d9-ddb5-4fa4-a97d-d965ccfc6d4b" outcome="Passed" testListId="8c84fa94-04c1-424b-9868-57a2d4851a1d" relativeResultsDirectory="6a79c4b7-5dc9-434c-b63a-655f12b37af9" />
    <UnitTestResult executionId="ab564ffe-eb4d-4afa-b64d-b866aba21151" testId="fff88b03-a430-a6f9-456c-2947f2735897" testName="HPD.ML.Backends.Tests.StableHloProgramTests.MatrixInverse_2x2_UsesClosedFormSlicesAndConcatenate" computerName="Einsteins-MacBook-Air" duration="00:00:00.0001106" startTime="2026-06-30T12:26:31.4653100-05:00" endTime="2026-06-30T12:26:31.4653250-05:00" testType="13cdc9d9-ddb5-4fa4-a97d-d965ccfc6d4b" outcome="Passed" testListId="8c84fa94-04c1-424b-9868-57a2d4851a1d" relativeResultsDirectory="ab564ffe-eb4d-4afa-b64d-b866aba21151" />
    <UnitTestResult executionId="30c066b6-97e3-42fe-b379-2f69f3ecc125" testId="e370eb65-d0f0-103d-7a5b-f79c0c0f0d02" testName="HPD.ML.Backends.Tests.PjrtFloatBackendTests.HardwareBackendInterface_ScaleAndDot_ReturnExpectedResults" computerName="Einsteins-MacBook-Air" duration="00:00:00.0003760" startTime="2026-06-30T12:26:31.4596480-05:00" endTime="2026-06-30T12:26:31.4598260-05:00" testType="13cdc9d9-ddb5-4fa4-a97d-d965ccfc6d4b" outcome="Passed" testListId="8c84fa94-04c1-424b-9868-57a2d4851a1d" relativeResultsDirectory="30c066b6-97e3-42fe-b379-2f69f3ecc125" />
    <UnitTestResult executionId="0556a124-dfac-496e-9b13-a1ee929f5005" testId="8ed3d65c-9472-d91d-b1e9-75605951522a" testName="HPD.ML.Backends.Tests.PjrtFloatBackendTests.Scale_2x2_ReturnsExpectedResult" computerName="Einsteins-MacBook-Air" duration="00:00:00.0000786" startTime="2026-06-30T12:26:31.4613160-05:00" endTime="2026-06-30T12:26:31.4613320-05:00" testType="13cdc9d9-ddb5-4fa4-a97d-d965ccfc6d4b" outcome="Passed" testListId="8c84fa94-04c1-424b-9868-57a2d4851a1d" relativeResultsDirectory="0556a124-dfac-496e-9b13-a1ee929f5005" />
    <UnitTestResult executionId="0c91866a-2dec-4d9d-89fa-58cd5740d344" testId="b94813b6-a388-99bd-dbbf-7ea5f2a0a2e2" testName="HPD.ML.Backends.Tests.PjrtFloatBackendTests.TensorTape_ReLU_ReturnsExpectedInputGradient" computerName="Einsteins-MacBook-Air" duration="00:00:00.0000838" startTime="2026-06-30T12:26:31.4707770-05:00" endTime="2026-06-30T12:26:31.4707920-05:00" testType="13cdc9d9-ddb5-4fa4-a97d-d965ccfc6d4b" outcome="Passed" testListId="8c84fa94-04c1-424b-9868-57a2d4851a1d" relativeResultsDirectory="0c91866a-2dec-4d9d-89fa-58cd5740d344" />
    <UnitTestResult executionId="09a9786b-d095-4adb-abae-6ff7cfb56e42" testId="5129c295-245e-7b00-c2c5-b810b3260d69" testName="HPD.ML.Backends.Tests.PjrtFloatBackendTests.CreateMatrix_AfterBackendDispose_Throws" computerName="Einsteins-MacBook-Air" duration="00:00:00.0002060" startTime="2026-06-30T12:26:31.4623090-05:00" endTime="2026-06-30T12:26:31.4624090-05:00" testType="13cdc9d9-ddb5-4fa4-a97d-d965ccfc6d4b" outcome="Passed" testListId="8c84fa94-04c1-424b-9868-57a2d4851a1d" relativeResultsDirectory="09a9786b-d095-4adb-abae-6ff7cfb56e42" />
    <UnitTestResult executionId="dd1e712e-eb7b-4d48-8848-3ca3a270ad07" testId="dd8e3b71-3729-0c26-6434-be0b06c3758e" testName="HPD.ML.Backends.Tests.PjrtFloatBackendTests.PjrtLinearLayerTrainStep_DecreasesMse_WhenRuntimeAvailable" computerName="Einsteins-MacBook-Air" duration="00:00:00.0002193" startTime="2026-06-30T12:26:31.4648120-05:00" endTime="2026-06-30T12:26:31.4650840-05:00" testType="13cdc9d9-ddb5-4fa4-a97d-d965ccfc6d4b" outcome="Passed" testListId="8c84fa94-04c1-424b-9868-57a2d4851a1d" relativeResultsDirectory="dd1e712e-eb7b-4d48-8848-3ca3a270ad07" />
    <UnitTestResult executionId="6bc2261f-f3e1-4e57-b494-73914b6a31c3" testId="ac64121e-4d4c-cdf2-8698-10aa913bfbbc" testName="HPD.ML.Backends.Tests.PjrtFloatBackendTests.HardwareBackendInterface_CreateMatrixDefaultData_CreatesZeroMatrix" computerName="Einsteins-MacBook-Air" duration="00:00:00.0000629" startTime="2026-06-30T12:26:31.4699950-05:00" endTime="2026-06-30T12:26:31.4700100-05:00" testType="13cdc9d9-ddb5-4fa4-a97d-d965ccfc6d4b" outcome="Passed" testListId="8c84fa94-04c1-424b-9868-57a2d4851a1d" relativeResultsDirectory="6bc2261f-f3e1-4e57-b494-73914b6a31c3" />
    <UnitTestResult executionId="7395552e-4875-4d1c-a333-160c24dd99ba" testId="e980d6bb-46c7-5b1e-c031-c26658449ff7" testName="HPD.ML.Backends.Tests.PjrtFloatBackendTests.Transpose_2x3_ReturnsExpectedResult" computerName="Einsteins-MacBook-Air" duration="00:00:00.0000762" startTime="2026-06-30T12:26:31.4647060-05:00" endTime="2026-06-30T12:26:31.4647760-05:00" testType="13cdc9d9-ddb5-4fa4-a97d-d965ccfc6d4b" outcome="Passed" testListId="8c84fa94-04c1-424b-9868-57a2d4851a1d" relativeResultsDirectory="7395552e-4875-4d1c-a333-160c24dd99ba" />
    <UnitTestResult executionId="151c5eeb-0628-4b66-af33-42585e50c647" testId="b5fae245-0528-9de4-beba-a969d060d4ba" testName="HPD.ML.Backends.Tests.MlxBackendTests.AdamOptimizer_LinearRegression_DecreasesMse_WhenRuntimeAvailable" computerName="Einsteins-MacBook-Air" duration="00:00:00.0001726" startTime="2026-06-30T12:26:31.4624950-05:00" endTime="2026-06-30T12:26:31.4625610-05:00" testType="13cdc9d9-ddb5-4fa4-a97d-d965ccfc6d4b" outcome="Passed" testListId="8c84fa94-04c1-424b-9868-57a2d4851a1d" relativeResultsDirectory="151c5eeb-0628-4b66-af33-42585e50c647" />
    <UnitTestResult executionId="80b80cd2-1ac5-4968-aced-d8922497984e" testId="47fc22ad-6d59-b7ed-0cfc-608369d8bbb0" testName="HPD.ML.Backends.Tests.PjrtFloatBackendTests.Sum_2x3_ReturnsOneByOneExpectedResult" computerName="Einsteins-MacBook-Air" duration="00:00:00.0000710" startTime="2026-06-30T12:26:31.4698930-05:00" endTime="2026-06-30T12:26:31.4699090-05:00" testType="13cdc9d9-ddb5-4fa4-a97d-d965ccfc6d4b" outcome="Passed" testListId="8c84fa94-04c1-424b-9868-57a2d4851a1d" relativeResultsDirectory="80b80cd2-1ac5-4968-aced-d8922497984e" />
    <UnitTestResult executionId="9a5469c4-6ec0-41d7-b201-200013cfc257" testId="6848e66f-31bb-b765-db7f-2fda57d2b8a7" testName="HPD.ML.Backends.Tests.PjrtFloatBackendTests.MatrixInverse_1x1_ReturnsReciprocal" computerName="Einsteins-MacBook-Air" duration="00:00:00.0000698" startTime="2026-06-30T12:26:31.4699440-05:00" endTime="2026-06-30T12:26:31.4699590-05:00" testType="13cdc9d9-ddb5-4fa4-a97d-d965ccfc6d4b" outcome="Passed" testListId="8c84fa94-04c1-424b-9868-57a2d4851a1d" relativeResultsDirectory="9a5469c4-6ec0-41d7-b201-200013cfc257" />
    <UnitTestResult executionId="0d544152-3cf2-4664-ab4b-eef7992472b5" testId="bbfcd3c8-e0ee-8659-e2fc-9f881bce337b" testName="HPD.ML.Backends.Tests.PjrtFloatBackendTests.Multiply_2x2_ReturnsExpectedResult" computerName="Einsteins-MacBook-Air" duration="00:00:00.0000866" startTime="2026-06-30T12:26:31.4645390-05:00" endTime="2026-06-30T12:26:31.4646030-05:00" testType="13cdc9d9-ddb5-4fa4-a97d-d965ccfc6d4b" outcome="Passed" testListId="8c84fa94-04c1-424b-9868-57a2d4851a1d" relativeResultsDirectory="0d544152-3cf2-4664-ab4b-eef7992472b5" />
    <UnitTestResult executionId="2686c92c-b3cc-4542-b7cb-04eae6d777a7" testId="bdf4603e-3717-4988-a558-82b380b38688" testName="HPD.ML.Backends.Tests.StableHloProgramTests.LinearSolve_8x8_GeneratesUnrolledProgram" computerName="Einsteins-MacBook-Air" duration="00:00:00.0043956" startTime="2026-06-30T12:26:31.4609720-05:00" endTime="2026-06-30T12:26:31.4650510-05:00" testType="13cdc9d9-ddb5-4fa4-a97d-d965ccfc6d4b" outcome="Passed" testListId="8c84fa94-04c1-424b-9868-57a2d4851a1d" relativeResultsDirectory="2686c92c-b3cc-4542-b7cb-04eae6d777a7" />
    <UnitTestResult executionId="f5ca06cf-fad0-496e-bd00-b9e832660a43" testId="243020a8-24fa-eaf1-0bf0-5a8d8f9f2b6d" testName="HPD.ML.Backends.Tests.MlxBackendTests.Resolver_RejectsMissingExplicitPath" computerName="Einsteins-MacBook-Air" duration="00:00:00.0001410" startTime="2026-06-30T12:26:31.4641230-05:00" endTime="2026-06-30T12:26:31.4641880-05:00" testType="13cdc9d9-ddb5-4fa4-a97d-d965ccfc6d4b" outcome="Passed" testListId="8c84fa94-04c1-424b-9868-57a2d4851a1d" relativeResultsDirectory="f5ca06cf-fad0-496e-bd00-b9e832660a43" />
    <UnitTestResult executionId="0a281100-1165-46dc-9370-c4337d983aba" testId="17abca89-ebae-957d-156c-15dae964a8e3" testName="HPD.ML.Backends.Tests.PjrtFloatBackendTests.HardwareBackendInterface_MatMulAndReductions_ReturnExpectedResults" computerName="Einsteins-MacBook-Air" duration="00:00:00.0001429" startTime="2026-06-30T12:26:31.4644380-05:00" endTime="2026-06-30T12:26:31.4645050-05:00" testType="13cdc9d9-ddb5-4fa4-a97d-d965ccfc6d4b" outcome="Passed" testListId="8c84fa94-04c1-424b-9868-57a2d4851a1d" relativeResultsDirectory="0a281100-1165-46dc-9370-c4337d983aba" />
    <UnitTestResult executionId="ee54c0b0-0abb-4de6-b759-7b604a40fb06" testId="2d3a1ca5-7a13-18b0-e8e6-9b7037523237" testName="HPD.ML.Backends.Tests.PjrtFloatBackendTests.ReLU_2x3_ReturnsExpectedResult" computerName="Einsteins-MacBook-Air" duration="00:00:00.0000704" startTime="2026-06-30T12:26:31.4704890-05:00" endTime="2026-06-30T12:26:31.4705040-05:00" testType="13cdc9d9-ddb5-4fa4-a97d-d965ccfc6d4b" outcome="Passed" testListId="8c84fa94-04c1-424b-9868-57a2d4851a1d" relativeResultsDirectory="ee54c0b0-0abb-4de6-b759-7b604a40fb06" />
    <UnitTestResult executionId="7596d04a-c48b-4582-a55e-120f02cf8b97" testId="c9c0bfb1-d174-0de9-e934-19a1380c4c1d" testName="HPD.ML.Backends.Tests.StableHloProgramTests.MatMul_UsesExpectedShapesAndDot" computerName="Einsteins-MacBook-Air" duration="00:00:00.0000296" startTime="2026-06-30T12:26:31.4662820-05:00" endTime="2026-06-30T12:26:31.4685930-05:00" testType="13cdc9d9-ddb5-4fa4-a97d-d965ccfc6d4b" outcome="Passed" testListId="8c84fa94-04c1-424b-9868-57a2d4851a1d" relativeResultsDirectory="7596d04a-c48b-4582-a55e-120f02cf8b97" />
    <UnitTestResult executionId="8e5513b1-2e6a-4197-9449-b2dd0a1ae2b0" testId="303ad9eb-625c-5c94-7730-8a570ed47c67" testName="HPD.ML.Backends.Tests.PjrtSmokeTests.LocalMatMulMilestone_WhenPreparedRuntimeExists" computerName="Einsteins-MacBook-Air" duration="00:00:00.0002082" startTime="2026-06-30T12:26:31.4620860-05:00" endTime="2026-06-30T12:26:31.4623850-05:00" testType="13cdc9d9-ddb5-4fa4-a97d-d965ccfc6d4b" outcome="Passed" testListId="8c84fa94-04c1-424b-9868-57a2d4851a1d" relativeResultsDirectory="8e5513b1-2e6a-4197-9449-b2dd0a1ae2b0" />
    <UnitTestResult executionId="90f4844a-7abe-4a42-92f8-611e41db0ce5" testId="9535026f-2c75-0588-adee-bde9aa724e88" testName="HPD.ML.Backends.Tests.StableHloProgramTests.LinearSolve_Float64_UsesF64TensorTypes" computerName="Einsteins-MacBook-Air" duration="00:00:00.0000815" startTime="2026-06-30T12:26:31.4652000-05:00" endTime="2026-06-30T12:26:31.4652720-05:00" testType="13cdc9d9-ddb5-4fa4-a97d-d965ccfc6d4b" outcome="Passed" testListId="8c84fa94-04c1-424b-9868-57a2d4851a1d" relativeResultsDirectory="90f4844a-7abe-4a42-92f8-611e41db0ce5" />
    <UnitTestResult executionId="9d18dc13-8aec-44ed-a654-a89e76de04c9" testId="5f006b1d-e44c-9a72-2ff8-b81a1bb1200a" testName="HPD.ML.Backends.Tests.PjrtSmokeTests.Resolver_FindsGpuPreparedRuntimeLayouts(backend: &quot;rocm&quot;, fileName: &quot;pjrt_c_api_gpu_plugin.so&quot;)" computerName="Einsteins-MacBook-Air" duration="00:00:00.0005836" startTime="2026-06-30T12:26:31.4606890-05:00" endTime="2026-06-30T12:26:31.4608310-05:00" testType="13cdc9d9-ddb5-4fa4-a97d-d965ccfc6d4b" outcome="Passed" testListId="8c84fa94-04c1-424b-9868-57a2d4851a1d" relativeResultsDirectory="9d18dc13-8aec-44ed-a654-a89e76de04c9" />
    <UnitTestResult executionId="c42a3d30-ab34-4d65-b48c-42d8d0695e9e" testId="599c1649-0801-571d-2a32-db650cdacdd2" testName="HPD.ML.Backends.Tests.PjrtSmokeTests.RawPjrtWrappers_AreNotPublicApi" computerName="Einsteins-MacBook-Air" duration="00:00:00.0027081" startTime="2026-06-30T12:26:31.4598060-05:00" endTime="2026-06-30T12:26:31.4601250-05:00" testType="13cdc9d9-ddb5-4fa4-a97d-d965ccfc6d4b" outcome="Passed" testListId="8c84fa94-04c1-424b-9868-57a2d4851a1d" relativeResultsDirectory="c42a3d30-ab34-4d65-b48c-42d8d0695e9e" />
    <UnitTestResult executionId="07cb8ac7-62a2-4f88-9558-92d36e91f688" testId="cdff19e4-0e28-7c3c-3e41-37cc0b9b84a8" testName="HPD.ML.Backends.Tests.PjrtFloatBackendTests.MatMul_2x2_ReturnsExpectedResult" computerName="Einsteins-MacBook-Air" duration="00:00:00.0000914" startTime="2026-06-30T12:26:31.4711920-05:00" endTime="2026-06-30T12:26:31.4712080-05:00" testType="13cdc9d9-ddb5-4fa4-a97d-d965ccfc6d4b" outcome="Passed" testListId="8c84fa94-04c1-424b-9868-57a2d4851a1d" relativeResultsDirectory="07cb8ac7-62a2-4f88-9558-92d36e91f688" />
  </Results>
  <TestDefinitions>
    <UnitTest name="HPD.ML.Backends.Tests.PjrtFloatBackendTests.Subtract_2x2_ReturnsExpectedResult" storage="/users/ewoof/desktop/hpd-os/dotnet/hpd-ml.framework/test/hpd.ml.backends.tests/bin/debug/net10.0/hpd.ml.backends.tests.dll" id="8a18b79a-58a6-1ecb-f66e-e6137162e96a">
      <Execution id="b23a38a8-64bf-4c10-82f0-03218f4e96ca" />
      <TestMethod codeBase="/Users/ewoof/Desktop/HPD-OS/dotnet/HPD-ML.Framework/test/HPD.ML.Backends.Tests/bin/Debug/net10.0/HPD.ML.Backends.Tests.dll" adapterTypeName="executor://xunit/VsTestRunner3/netcore/" className="HPD.ML.Backends.Tests.PjrtFloatBackendTests" name="Subtract_2x2_ReturnsExpectedResult" />
    </UnitTest>
    <UnitTest name="HPD.ML.Backends.Tests.StableHloProgramTests.MatrixInverse_2x2_UsesClosedFormSlicesAndConcatenate" storage="/users/ewoof/desktop/hpd-os/dotnet/hpd-ml.framework/test/hpd.ml.backends.tests/bin/debug/net10.0/hpd.ml.backends.tests.dll" id="fff88b03-a430-a6f9-456c-2947f2735897">
      <Execution id="ab564ffe-eb4d-4afa-b64d-b866aba21151" />
      <TestMethod codeBase="/Users/ewoof/Desktop/HPD-OS/dotnet/HPD-ML.Framework/test/HPD.ML.Backends.Tests/bin/Debug/net10.0/HPD.ML.Backends.Tests.dll" adapterTypeName="executor://xunit/VsTestRunner3/netcore/" className="HPD.ML.Backends.Tests.StableHloProgramTests" name="MatrixInverse_2x2_UsesClosedFormSlicesAndConcatenate" />
    </UnitTest>
    <UnitTest name="HPD.ML.Backends.Tests.PjrtFloatBackendTests.ReLU_2x3_ReturnsExpectedResult" storage="/users/ewoof/desktop/hpd-os/dotnet/hpd-ml.framework/test/hpd.ml.backends.tests/bin/debug/net10.0/hpd.ml.backends.tests.dll" id="2d3a1ca5-7a13-18b0-e8e6-9b7037523237">
      <Execution id="ee54c0b0-0abb-4de6-b759-7b604a40fb06" />
      <TestMethod codeBase="/Users/ewoof/Desktop/HPD-OS/dotnet/HPD-ML.Framework/test/HPD.ML.Backends.Tests/bin/Debug/net10.0/HPD.ML.Backends.Tests.dll" adapterTypeName="executor://xunit/VsTestRunner3/netcore/" className="HPD.ML.Backends.Tests.PjrtFloatBackendTests" name="ReLU_2x3_ReturnsExpectedResult" />
    </UnitTest>
    <UnitTest name="HPD.ML.Backends.Tests.PjrtFloatBackendTests.LinearSolve_3x3_ReturnsExpectedResult" storage="/users/ewoof/desktop/hpd-os/dotnet/hpd-ml.framework/test/hpd.ml.backends.tests/bin/debug/net10.0/hpd.ml.backends.tests.dll" id="bbe52982-79bc-67da-a76b-6f4ecfa9d359">
      <Execution id="63c5b3ef-dce3-4e0a-bb13-4b5f6eba0524" />
      <TestMethod codeBase="/Users/ewoof/Desktop/HPD-OS/dotnet/HPD-ML.Framework/test/HPD.ML.Backends.Tests/bin/Debug/net10.0/HPD.ML.Backends.Tests.dll" adapterTypeName="executor://xunit/VsTestRunner3/netcore/" className="HPD.ML.Backends.Tests.PjrtFloatBackendTests" name="LinearSolve_3x3_ReturnsExpectedResult" />
    </UnitTest>
    <UnitTest name="HPD.ML.Backends.Tests.MlxBackendTests.TensorTape_Dispose_DisposesIntermediateTensors_WhenRuntimeAvailable" storage="/users/ewoof/desktop/hpd-os/dotnet/hpd-ml.framework/test/hpd.ml.backends.tests/bin/debug/net10.0/hpd.ml.backends.tests.dll" id="9970c7a0-44be-235a-f984-e62ef5b664fc">
      <Execution id="b5e846b5-6131-475e-80d5-b614691cb8fc" />
      <TestMethod codeBase="/Users/ewoof/Desktop/HPD-OS/dotnet/HPD-ML.Framework/test/HPD.ML.Backends.Tests/bin/Debug/net10.0/HPD.ML.Backends.Tests.dll" adapterTypeName="executor://xunit/VsTestRunner3/netcore/" className="HPD.ML.Backends.Tests.MlxBackendTests" name="TensorTape_Dispose_DisposesIntermediateTensors_WhenRuntimeAvailable" />
    </UnitTest>
    <UnitTest name="HPD.ML.Backends.Tests.PjrtFloatBackendTests.LinearSolve_LargeTriangularMatrix_RoutesToStableHloTriangularSolve" storage="/users/ewoof/desktop/hpd-os/dotnet/hpd-ml.framework/test/hpd.ml.backends.tests/bin/debug/net10.0/hpd.ml.backends.tests.dll" id="7a728c6d-3be7-eb8a-bc03-8fa4cf750297">
      <Execution id="a3c57330-7e49-4cae-9013-d753ac806b79" />
      <TestMethod codeBase="/Users/ewoof/Desktop/HPD-OS/dotnet/HPD-ML.Framework/test/HPD.ML.Backends.Tests/bin/Debug/net10.0/HPD.ML.Backends.Tests.dll" adapterTypeName="executor://xunit/VsTestRunner3/netcore/" className="HPD.ML.Backends.Tests.PjrtFloatBackendTests" name="LinearSolve_LargeTriangularMatrix_RoutesToStableHloTriangularSolve" />
    </UnitTest>
    <UnitTest name="HPD.ML.Backends.Tests.PjrtFloatBackendTests.RepeatedPjrtTrainSteps_DoNotGrowLiveTensorCount_WhenRuntimeAvailable" storage="/users/ewoof/desktop/hpd-os/dotnet/hpd-ml.framework/test/hpd.ml.backends.tests/bin/debug/net10.0/hpd.ml.backends.tests.dll" id="01370572-d710-4897-a738-3acaf629a33b">
      <Execution id="8d6e792e-fb06-4a1a-9f1c-f8f74f9cd827" />
      <TestMethod codeBase="/Users/ewoof/Desktop/HPD-OS/dotnet/HPD-ML.Framework/test/HPD.ML.Backends.Tests/bin/Debug/net10.0/HPD.ML.Backends.Tests.dll" adapterTypeName="executor://xunit/VsTestRunner3/netcore/" className="HPD.ML.Backends.Tests.PjrtFloatBackendTests" name="RepeatedPjrtTrainSteps_DoNotGrowLiveTensorCount_WhenRuntimeAvailable" />
    </UnitTest>
    <UnitTest name="HPD.ML.Backends.Tests.PjrtFloatBackendTests.BroadcastTo_RowVector_ReturnsExpectedResult" storage="/users/ewoof/desktop/hpd-os/dotnet/hpd-ml.framework/test/hpd.ml.backends.tests/bin/debug/net10.0/hpd.ml.backends.tests.dll" id="d1de28e1-71a8-ff8a-b2b8-a70c25284a8a">
      <Execution id="5d3a606b-701c-4731-851d-3c111c04d124" />
      <TestMethod codeBase="/Users/ewoof/Desktop/HPD-OS/dotnet/HPD-ML.Framework/test/HPD.ML.Backends.Tests/bin/Debug/net10.0/HPD.ML.Backends.Tests.dll" adapterTypeName="executor://xunit/VsTestRunner3/netcore/" className="HPD.ML.Backends.Tests.PjrtFloatBackendTests" name="BroadcastTo_RowVector_ReturnsExpectedResult" />
    </UnitTest>
    <UnitTest name="HPD.ML.Backends.Tests.MlxBackendTests.Losses_BinaryCrossEntropyAndL2_ReturnExpectedGradients_WhenRuntimeAvailable" storage="/users/ewoof/desktop/hpd-os/dotnet/hpd-ml.framework/test/hpd.ml.backends.tests/bin/debug/net10.0/hpd.ml.backends.tests.dll" id="d3f97d4c-2020-b93b-258c-b43b98563841">
      <Execution id="9f36aede-6d59-4d80-af02-a673c7bb58f0" />
      <TestMethod codeBase="/Users/ewoof/Desktop/HPD-OS/dotnet/HPD-ML.Framework/test/HPD.ML.Backends.Tests/bin/Debug/net10.0/HPD.ML.Backends.Tests.dll" adapterTypeName="executor://xunit/VsTestRunner3/netcore/" className="HPD.ML.Backends.Tests.MlxBackendTests" name="Losses_BinaryCrossEntropyAndL2_ReturnExpectedGradients_WhenRuntimeAvailable" />
    </UnitTest>
    <UnitTest name="HPD.ML.Backends.Tests.PjrtFloatBackendTests.ToArray_AfterTensorDispose_Throws" storage="/users/ewoof/desktop/hpd-os/dotnet/hpd-ml.framework/test/hpd.ml.backends.tests/bin/debug/net10.0/hpd.ml.backends.tests.dll" id="d7ce77a6-e795-35a5-1824-c52a3acfdc16">
      <Execution id="3549b7f9-f064-4011-9c76-d852d88ac552" />
      <TestMethod codeBase="/Users/ewoof/Desktop/HPD-OS/dotnet/HPD-ML.Framework/test/HPD.ML.Backends.Tests/bin/Debug/net10.0/HPD.ML.Backends.Tests.dll" adapterTypeName="executor://xunit/VsTestRunner3/netcore/" className="HPD.ML.Backends.Tests.PjrtFloatBackendTests" name="ToArray_AfterTensorDispose_Throws" />
    </UnitTest>
    <UnitTest name="HPD.ML.Backends.Tests.PjrtFloatBackendTests.BFloat16Backend_InterfaceRejectsFloatingOnlyOperations" storage="/users/ewoof/desktop/hpd-os/dotnet/hpd-ml.framework/test/hpd.ml.backends.tests/bin/debug/net10.0/hpd.ml.backends.tests.dll" id="a01b037f-d9a4-4946-21f5-6a12a2ca6d2c">
      <Execution id="041c3f4e-43c9-40fb-9193-a692e05e3e9b" />
      <TestMethod codeBase="/Users/ewoof/Desktop/HPD-OS/dotnet/HPD-ML.Framework/test/HPD.ML.Backends.Tests/bin/Debug/net10.0/HPD.ML.Backends.Tests.dll" adapterTypeName="executor://xunit/VsTestRunner3/netcore/" className="HPD.ML.Backends.Tests.PjrtFloatBackendTests" name="BFloat16Backend_InterfaceRejectsFloatingOnlyOperations" />
    </UnitTest>
    <UnitTest name="HPD.ML.Backends.Tests.PjrtFloatBackendTests.BFloat16_RoundTripsThroughStandardBitLayout" storage="/users/ewoof/desktop/hpd-os/dotnet/hpd-ml.framework/test/hpd.ml.backends.tests/bin/debug/net10.0/hpd.ml.backends.tests.dll" id="d107446d-9308-4f63-ce40-b1799725c25f">
      <Execution id="464e3227-a5ae-4796-97b8-c21fcd06b660" />
      <TestMethod codeBase="/Users/ewoof/Desktop/HPD-OS/dotnet/HPD-ML.Framework/test/HPD.ML.Backends.Tests/bin/Debug/net10.0/HPD.ML.Backends.Tests.dll" adapterTypeName="executor://xunit/VsTestRunner3/netcore/" className="HPD.ML.Backends.Tests.PjrtFloatBackendTests" name="BFloat16_RoundTripsThroughStandardBitLayout" />
    </UnitTest>
    <UnitTest name="HPD.ML.Backends.Tests.MlxBackendTests.NativeCpuSoftmax_WhenRuntimeAvailable" storage="/users/ewoof/desktop/hpd-os/dotnet/hpd-ml.framework/test/hpd.ml.backends.tests/bin/debug/net10.0/hpd.ml.backends.tests.dll" id="a5189b83-1309-c5b5-e24f-4b76d283ceda">
      <Execution id="61edd22f-5169-4e61-b1ab-d00a2b81db50" />
      <TestMethod codeBase="/Users/ewoof/Desktop/HPD-OS/dotnet/HPD-ML.Framework/test/HPD.ML.Backends.Tests/bin/Debug/net10.0/HPD.ML.Backends.Tests.dll" adapterTypeName="executor://xunit/VsTestRunner3/netcore/" className="HPD.ML.Backends.Tests.MlxBackendTests" name="NativeCpuSoftmax_WhenRuntimeAvailable" />
    </UnitTest>
    <UnitTest name="HPD.ML.Backends.Tests.PjrtFloatBackendTests.HardwareBackendInterface_LinearSolveAndMatrixInverse_ReturnExpectedResults" storage="/users/ewoof/desktop/hpd-os/dotnet/hpd-ml.framework/test/hpd.ml.backends.tests/bin/debug/net10.0/hpd.ml.backends.tests.dll" id="7493187a-f5e0-1f27-36b6-4006e9316c94">
      <Execution id="d5a3aaf7-74d9-4775-a077-f7f7946d56ba" />
      <TestMethod codeBase="/Users/ewoof/Desktop/HPD-OS/dotnet/HPD-ML.Framework/test/HPD.ML.Backends.Tests/bin/Debug/net10.0/HPD.ML.Backends.Tests.dll" adapterTypeName="executor://xunit/VsTestRunner3/netcore/" className="HPD.ML.Backends.Tests.PjrtFloatBackendTests" name="HardwareBackendInterface_LinearSolveAndMatrixInverse_ReturnExpectedResults" />
    </UnitTest>
    <UnitTest name="HPD.ML.Backends.Tests.PjrtFloatBackendTests.PjrtFloatTensor_UpdateFromSpan_ReplacesDeviceBuffer" storage="/users/ewoof/desktop/hpd-os/dotnet/hpd-ml.framework/test/hpd.ml.backends.tests/bin/debug/net10.0/hpd.ml.backends.tests.dll" id="74d79f44-5b75-f7f4-f014-a77fa7ce9738">
      <Execution id="73ee51c9-47df-4262-a3b5-785ab6976ebd" />
      <TestMethod codeBase="/Users/ewoof/Desktop/HPD-OS/dotnet/HPD-ML.Framework/test/HPD.ML.Backends.Tests/bin/Debug/net10.0/HPD.ML.Backends.Tests.dll" adapterTypeName="executor://xunit/VsTestRunner3/netcore/" className="HPD.ML.Backends.Tests.PjrtFloatBackendTests" name="PjrtFloatTensor_UpdateFromSpan_ReplacesDeviceBuffer" />
    </UnitTest>
    <UnitTest name="HPD.ML.Backends.Tests.PjrtFloatBackendTests.Int64Backend_ArithmeticAndShapeOps_ReturnExpectedResults" storage="/users/ewoof/desktop/hpd-os/dotnet/hpd-ml.framework/test/hpd.ml.backends.tests/bin/debug/net10.0/hpd.ml.backends.tests.dll" id="28e5ab27-417d-699b-8d49-db53a51031df">
      <Execution id="98062413-25e5-44b3-85f2-6f12e81b6f84" />
      <TestMethod codeBase="/Users/ewoof/Desktop/HPD-OS/dotnet/HPD-ML.Framework/test/HPD.ML.Backends.Tests/bin/Debug/net10.0/HPD.ML.Backends.Tests.dll" adapterTypeName="executor://xunit/VsTestRunner3/netcore/" className="HPD.ML.Backends.Tests.PjrtFloatBackendTests" name="Int64Backend_ArithmeticAndShapeOps_ReturnExpectedResults" />
    </UnitTest>
    <UnitTest name="HPD.ML.Backends.Tests.PjrtFloatBackendTests.DoubleBackend_ShapeOpsAndPivoting_ReturnExpectedResults" storage="/users/ewoof/desktop/hpd-os/dotnet/hpd-ml.framework/test/hpd.ml.backends.tests/bin/debug/net10.0/hpd.ml.backends.tests.dll" id="53ff1588-c603-2465-ca55-5a9f79136df3">
      <Execution id="86d6ed25-2667-4dec-b3cb-ae7eedb6dbfa" />
      <TestMethod codeBase="/Users/ewoof/Desktop/HPD-OS/dotnet/HPD-ML.Framework/test/HPD.ML.Backends.Tests/bin/Debug/net10.0/HPD.ML.Backends.Tests.dll" adapterTypeName="executor://xunit/VsTestRunner3/netcore/" className="HPD.ML.Backends.Tests.PjrtFloatBackendTests" name="DoubleBackend_ShapeOpsAndPivoting_ReturnExpectedResults" />
    </UnitTest>
    <UnitTest name="HPD.ML.Backends.Tests.PjrtFloatBackendTests.LinearSolve_1x1_ReturnsExpectedResult" storage="/users/ewoof/desktop/hpd-os/dotnet/hpd-ml.framework/test/hpd.ml.backends.tests/bin/debug/net10.0/hpd.ml.backends.tests.dll" id="3fc36310-1bfe-3618-5891-7b9cd1039a22">
      <Execution id="f4884396-81a2-459a-8e1c-99b8d7aa134c" />
      <TestMethod codeBase="/Users/ewoof/Desktop/HPD-OS/dotnet/HPD-ML.Framework/test/HPD.ML.Backends.Tests/bin/Debug/net10.0/HPD.ML.Backends.Tests.dll" adapterTypeName="executor://xunit/VsTestRunner3/netcore/" className="HPD.ML.Backends.Tests.PjrtFloatBackendTests" name="LinearSolve_1x1_ReturnsExpectedResult" />
    </UnitTest>
    <UnitTest name="HPD.ML.Backends.Tests.PjrtFloatBackendTests.HardwareBackendInterface_CreateMatrixDefaultData_CreatesZeroMatrix" storage="/users/ewoof/desktop/hpd-os/dotnet/hpd-ml.framework/test/hpd.ml.backends.tests/bin/debug/net10.0/hpd.ml.backends.tests.dll" id="ac64121e-4d4c-cdf2-8698-10aa913bfbbc">
      <Execution id="6bc2261f-f3e1-4e57-b494-73914b6a31c3" />
      <TestMethod codeBase="/Users/ewoof/Desktop/HPD-OS/dotnet/HPD-ML.Framework/test/HPD.ML.Backends.Tests/bin/Debug/net10.0/HPD.ML.Backends.Tests.dll" adapterTypeName="executor://xunit/VsTestRunner3/netcore/" className="HPD.ML.Backends.Tests.PjrtFloatBackendTests" name="HardwareBackendInterface_CreateMatrixDefaultData_CreatesZeroMatrix" />
    </UnitTest>
    <UnitTest name="HPD.ML.Backends.Tests.PjrtFloatBackendTests.PjrtLinearLayerTrainStep_DecreasesMse_WhenRuntimeAvailable" storage="/users/ewoof/desktop/hpd-os/dotnet/hpd-ml.framework/test/hpd.ml.backends.tests/bin/debug/net10.0/hpd.ml.backends.tests.dll" id="dd8e3b71-3729-0c26-6434-be0b06c3758e">
      <Execution id="dd1e712e-eb7b-4d48-8848-3ca3a270ad07" />
[...]
    <TestEntry testId="3af26d8a-d4be-6395-273a-a433cc21265c" executionId="1eda9707-1851-488d-9d90-74c9a73833b5" testListId="8c84fa94-04c1-424b-9868-57a2d4851a1d" />
    <TestEntry testId="6c289c65-d34b-80bc-f738-cecaaf1b522c" executionId="3c07f6fc-2a3e-4ab3-b814-4af42a981fb8" testListId="8c84fa94-04c1-424b-9868-57a2d4851a1d" />
    <TestEntry testId="f246f19f-685c-41d9-a45b-6a14719b8abd" executionId="04f7b66a-afdb-486d-868c-77ecb1852f81" testListId="8c84fa94-04c1-424b-9868-57a2d4851a1d" />
    <TestEntry testId="e68796fa-73d8-d821-f268-8b2d9ae092c3" executionId="fac7d0ca-e3df-47a9-80f8-21cf6836098a" testListId="8c84fa94-04c1-424b-9868-57a2d4851a1d" />
    <TestEntry testId="d420f9b6-746e-c02f-26bd-3fbf04d54eaa" executionId="ec0f6d3c-b002-4c77-9784-1208a3c2c84f" testListId="8c84fa94-04c1-424b-9868-57a2d4851a1d" />
    <TestEntry testId="27196258-f24d-d676-5cf6-7e73e9798e41" executionId="ea33f873-bfc6-480e-83d2-e5a4860bcd4b" testListId="8c84fa94-04c1-424b-9868-57a2d4851a1d" />
    <TestEntry testId="74d79f44-5b75-f7f4-f014-a77fa7ce9738" executionId="73ee51c9-47df-4262-a3b5-785ab6976ebd" testListId="8c84fa94-04c1-424b-9868-57a2d4851a1d" />
    <TestEntry testId="dc2bf222-4365-f077-bf57-11208b230a9b" executionId="c373ca14-1a74-4918-8a8f-dbb7ecd33007" testListId="8c84fa94-04c1-424b-9868-57a2d4851a1d" />
    <TestEntry testId="e0c30344-95d0-2fb9-73b2-94f21242d8a3" executionId="7b2f64a5-f609-4483-8de9-ccbc03170e13" testListId="8c84fa94-04c1-424b-9868-57a2d4851a1d" />
    <TestEntry testId="f9b6d2df-bc2a-5239-9ec9-bb03e52cadd8" executionId="0e393b54-c23d-4d0f-a8f9-eb664eed14ee" testListId="8c84fa94-04c1-424b-9868-57a2d4851a1d" />
    <TestEntry testId="9f650edf-d108-4874-f0d4-4c5d7341a788" executionId="cd84c4d5-d399-4afd-b693-eec4494af76c" testListId="8c84fa94-04c1-424b-9868-57a2d4851a1d" />
    <TestEntry testId="fd7d27f6-6323-4bed-d892-0509ff7ee19d" executionId="2d3fbc76-2951-4f42-b14b-61b15768efdb" testListId="8c84fa94-04c1-424b-9868-57a2d4851a1d" />
    <TestEntry testId="28e5ab27-417d-699b-8d49-db53a51031df" executionId="98062413-25e5-44b3-85f2-6f12e81b6f84" testListId="8c84fa94-04c1-424b-9868-57a2d4851a1d" />
    <TestEntry testId="a4e03b70-219e-9a26-80fd-c97802db41fc" executionId="c8aac441-9498-482c-b5e0-e9d71fde4325" testListId="8c84fa94-04c1-424b-9868-57a2d4851a1d" />
    <TestEntry testId="377207c8-45eb-9275-14da-e3111359b838" executionId="7a05a756-5a91-4bac-99c2-7ba84ff368e9" testListId="8c84fa94-04c1-424b-9868-57a2d4851a1d" />
    <TestEntry testId="8b4f7702-78e3-9b16-9683-e4a9e5e52b6b" executionId="e8546228-03d1-41c8-9729-d3ed2e2a78fb" testListId="8c84fa94-04c1-424b-9868-57a2d4851a1d" />
    <TestEntry testId="59531916-6191-9288-5214-5ab7f9e63b76" executionId="92a94c87-a516-4739-bb9e-6ab49cb489fa" testListId="8c84fa94-04c1-424b-9868-57a2d4851a1d" />
    <TestEntry testId="0703929e-d510-a833-5736-da1b6b222e17" executionId="d7009733-504b-4c15-a2e5-ff2f0f1b2a54" testListId="8c84fa94-04c1-424b-9868-57a2d4851a1d" />
    <TestEntry testId="2fe33477-c83e-a1e2-6c8d-1190a4d3682d" executionId="61145658-92b5-42dd-a743-0a8634e744bc" testListId="8c84fa94-04c1-424b-9868-57a2d4851a1d" />
    <TestEntry testId="8db97a0a-02d3-2a7a-3bdb-993691a9fca0" executionId="2ee38680-5036-4de5-ab33-107aef4c29da" testListId="8c84fa94-04c1-424b-9868-57a2d4851a1d" />
    <TestEntry testId="02f83cd3-e472-0c77-4f6e-b18fd6e22499" executionId="f9432800-def9-4998-9795-cd9a3484b33c" testListId="8c84fa94-04c1-424b-9868-57a2d4851a1d" />
    <TestEntry testId="3e5abb59-9ab7-7993-37c6-4387c8b247ac" executionId="4f3f1532-6fb4-4c53-a38d-a00d7becfb40" testListId="8c84fa94-04c1-424b-9868-57a2d4851a1d" />
    <TestEntry testId="3fc36310-1bfe-3618-5891-7b9cd1039a22" executionId="f4884396-81a2-459a-8e1c-99b8d7aa134c" testListId="8c84fa94-04c1-424b-9868-57a2d4851a1d" />
    <TestEntry testId="7cfa8708-fd25-e7a2-5b48-db83cdfccc31" executionId="16d662f8-5b86-4200-8dcd-e281fead2b03" testListId="8c84fa94-04c1-424b-9868-57a2d4851a1d" />
    <TestEntry testId="54b225c9-4af0-825e-af51-f78c55b75a11" executionId="16f3b89f-6b7a-4d87-8a94-ec73f586b750" testListId="8c84fa94-04c1-424b-9868-57a2d4851a1d" />
    <TestEntry testId="bbe52982-79bc-67da-a76b-6f4ecfa9d359" executionId="63c5b3ef-dce3-4e0a-bb13-4b5f6eba0524" testListId="8c84fa94-04c1-424b-9868-57a2d4851a1d" />
    <TestEntry testId="7a728c6d-3be7-eb8a-bc03-8fa4cf750297" executionId="a3c57330-7e49-4cae-9013-d753ac806b79" testListId="8c84fa94-04c1-424b-9868-57a2d4851a1d" />
    <TestEntry testId="a5189b83-1309-c5b5-e24f-4b76d283ceda" executionId="61edd22f-5169-4e61-b1ab-d00a2b81db50" testListId="8c84fa94-04c1-424b-9868-57a2d4851a1d" />
    <TestEntry testId="5a3ab793-21f6-7134-bf34-927adcf703af" executionId="54e16c9e-36f1-4e33-95dc-b5863ed7688b" testListId="8c84fa94-04c1-424b-9868-57a2d4851a1d" />
    <TestEntry testId="d7ce77a6-e795-35a5-1824-c52a3acfdc16" executionId="3549b7f9-f064-4011-9c76-d852d88ac552" testListId="8c84fa94-04c1-424b-9868-57a2d4851a1d" />
    <TestEntry testId="40dac8c6-9e7e-a66c-a28f-d5bd4348bf87" executionId="e1908fd2-b863-43ef-8bee-4ef3a66110c9" testListId="8c84fa94-04c1-424b-9868-57a2d4851a1d" />
    <TestEntry testId="8a18b79a-58a6-1ecb-f66e-e6137162e96a" executionId="b23a38a8-64bf-4c10-82f0-03218f4e96ca" testListId="8c84fa94-04c1-424b-9868-57a2d4851a1d" />
    <TestEntry testId="d34945e7-1ff8-f0c3-1753-6fbc399dc7ff" executionId="11339af9-0f44-4ffd-af16-1e7c4230829f" testListId="8c84fa94-04c1-424b-9868-57a2d4851a1d" />
    <TestEntry testId="01370572-d710-4897-a738-3acaf629a33b" executionId="8d6e792e-fb06-4a1a-9f1c-f8f74f9cd827" testListId="8c84fa94-04c1-424b-9868-57a2d4851a1d" />
    <TestEntry testId="560940f6-eec5-bab5-9c2b-523e30c4a900" executionId="c590bb3c-e0b4-4de8-b9d9-73b2f43c87d2" testListId="8c84fa94-04c1-424b-9868-57a2d4851a1d" />
    <TestEntry testId="6c32f61d-82d4-7198-88f6-d93eec8ece52" executionId="50a16067-7df2-4d81-9cbc-01ccffeb99bd" testListId="8c84fa94-04c1-424b-9868-57a2d4851a1d" />
    <TestEntry testId="107aee70-966f-45c6-5ed3-2c0e28d52fd3" executionId="52ac6771-e258-4bb0-97b9-785716f07e21" testListId="8c84fa94-04c1-424b-9868-57a2d4851a1d" />
    <TestEntry testId="a6032f2b-20cb-342d-d1ee-a4d294c46398" executionId="e9ea9c95-37a0-4325-a2b1-7f60ef31fda9" testListId="8c84fa94-04c1-424b-9868-57a2d4851a1d" />
    <TestEntry testId="ced3f139-64d3-0eb5-9366-df6945040f0b" executionId="fed2f6e6-a960-47f6-82dc-a9b5a6daedf6" testListId="8c84fa94-04c1-424b-9868-57a2d4851a1d" />
    <TestEntry testId="26b2e0e7-4f7f-e1ec-e6a1-640c057f3393" executionId="1746d073-9c4a-418c-812b-3047598b6913" testListId="8c84fa94-04c1-424b-9868-57a2d4851a1d" />
    <TestEntry testId="af6d44b9-6e1f-a2d2-63cf-8ee12c8310f5" executionId="a7d688d7-c86b-4d31-a8bc-45ecbd46bc40" testListId="8c84fa94-04c1-424b-9868-57a2d4851a1d" />
    <TestEntry testId="5cb1fe67-371f-66ba-dc34-a85c7d9b0de4" executionId="fbcdd124-3348-4a31-8f9b-aea9da38c1a6" testListId="8c84fa94-04c1-424b-9868-57a2d4851a1d" />
    <TestEntry testId="a01b037f-d9a4-4946-21f5-6a12a2ca6d2c" executionId="041c3f4e-43c9-40fb-9193-a692e05e3e9b" testListId="8c84fa94-04c1-424b-9868-57a2d4851a1d" />
    <TestEntry testId="7049261e-2e1f-55c6-cd64-2ed29acddbc0" executionId="a7d18769-80d6-4a32-85d0-7da3385f9123" testListId="8c84fa94-04c1-424b-9868-57a2d4851a1d" />
    <TestEntry testId="26490af8-120e-ee7f-a2b9-61ff1c5785b1" executionId="838281e8-9d84-4805-9a5e-b983fcfef7d3" testListId="8c84fa94-04c1-424b-9868-57a2d4851a1d" />
    <TestEntry testId="83079e83-e231-2090-774a-9a5e1be7d4a8" executionId="68f8f0b6-7ad4-45d5-9bc1-58b5ffed30b7" testListId="8c84fa94-04c1-424b-9868-57a2d4851a1d" />
    <TestEntry testId="57bc72a5-8375-5c19-2d3f-93c63be85e30" executionId="0a11a3e8-6d4f-43c0-8ccc-0e9a4f78f0a9" testListId="8c84fa94-04c1-424b-9868-57a2d4851a1d" />
    <TestEntry testId="15b83fd1-01b9-1e09-116f-1bd5e70b2c07" executionId="d373f827-19c3-4f04-a83a-2fc42c88f3f6" testListId="8c84fa94-04c1-424b-9868-57a2d4851a1d" />
    <TestEntry testId="4c0ee28d-ab90-09b9-97d6-7df65a9c3aa1" executionId="717272aa-858f-4554-b204-86e8efce618b" testListId="8c84fa94-04c1-424b-9868-57a2d4851a1d" />
    <TestEntry testId="f5d0bbf2-f7c8-f8f5-e7da-4300c11f1c71" executionId="a876d74f-0d43-4d15-9f81-616e1f9efb19" testListId="8c84fa94-04c1-424b-9868-57a2d4851a1d" />
    <TestEntry testId="de33bfd5-f226-5ee4-5dfe-b7dd923792a3" executionId="c43d9611-7a5d-4fcb-b8ab-19fa1b71b63b" testListId="8c84fa94-04c1-424b-9868-57a2d4851a1d" />
    <TestEntry testId="94455f48-df75-ba01-7abd-b5e11d36f232" executionId="115fa738-3f62-4369-829f-25117ddac1ea" testListId="8c84fa94-04c1-424b-9868-57a2d4851a1d" />
    <TestEntry testId="13309139-e681-705c-1c9f-edee993b119a" executionId="03d12001-5b17-4358-8abb-cd9570e19cbe" testListId="8c84fa94-04c1-424b-9868-57a2d4851a1d" />
    <TestEntry testId="420c5b1c-098a-c6ad-8fd4-7c1e61b54031" executionId="29dff129-433a-45ba-8d99-ce69f0b78e61" testListId="8c84fa94-04c1-424b-9868-57a2d4851a1d" />
    <TestEntry testId="6566f254-ca76-8ff8-f7ff-03fdde5cecb1" executionId="2291abfe-45bd-4eb0-acc5-d4acc0bcca24" testListId="8c84fa94-04c1-424b-9868-57a2d4851a1d" />
    <TestEntry testId="9970c7a0-44be-235a-f984-e62ef5b664fc" executionId="b5e846b5-6131-475e-80d5-b614691cb8fc" testListId="8c84fa94-04c1-424b-9868-57a2d4851a1d" />
    <TestEntry testId="3d18c63e-22f1-de6f-e475-01f9b375b191" executionId="c99a7e27-1fe5-4ed0-b8cd-11a63e92466f" testListId="8c84fa94-04c1-424b-9868-57a2d4851a1d" />
    <TestEntry testId="87312177-cd29-4a38-a653-ec21fff5f1bd" executionId="f471ea3a-9667-436e-a31a-1c3ad6aa2703" testListId="8c84fa94-04c1-424b-9868-57a2d4851a1d" />
    <TestEntry testId="4fe877ef-3f35-7da0-b0c4-451a14e3d978" executionId="fe2c55fd-ee3f-4336-afa7-8da575597232" testListId="8c84fa94-04c1-424b-9868-57a2d4851a1d" />
    <TestEntry testId="4b93038e-658f-32d6-61ad-e73135e6c66b" executionId="0a40228d-fef4-4fe4-86af-1822e2a41b82" testListId="8c84fa94-04c1-424b-9868-57a2d4851a1d" />
    <TestEntry testId="0bd96910-ddde-7ed4-340a-0f77dbe871af" executionId="21411eec-9895-47a4-9312-4748b95eb149" testListId="8c84fa94-04c1-424b-9868-57a2d4851a1d" />
    <TestEntry testId="0f7d307a-9fcc-27ef-5d65-58411df49778" executionId="ce8018c1-efaa-4692-9f4f-7236e34cf20c" testListId="8c84fa94-04c1-424b-9868-57a2d4851a1d" />
    <TestEntry testId="e013140e-d044-a210-500c-3435ae7d7a34" executionId="33318d2d-a5e2-4aa7-be05-d99234bc1f20" testListId="8c84fa94-04c1-424b-9868-57a2d4851a1d" />
    <TestEntry testId="d107446d-9308-4f63-ce40-b1799725c25f" executionId="464e3227-a5ae-4796-97b8-c21fcd06b660" testListId="8c84fa94-04c1-424b-9868-57a2d4851a1d" />
    <TestEntry testId="d92446c9-3198-859e-9b86-33cc79d0ca56" executionId="e7405f45-591c-4374-b3e6-16648d871ecf" testListId="8c84fa94-04c1-424b-9868-57a2d4851a1d" />
    <TestEntry testId="b7facdc1-5f8f-3c48-3ed9-0de807b9f118" executionId="a5012791-9253-403b-9a2d-b92a959e631f" testListId="8c84fa94-04c1-424b-9868-57a2d4851a1d" />
    <TestEntry testId="d6ef0b05-f645-0e68-a503-bfb5a4671dfb" executionId="19df626f-58e0-4df8-bb54-f84bbc50c1d8" testListId="8c84fa94-04c1-424b-9868-57a2d4851a1d" />
    <TestEntry testId="22d3930c-9004-3204-83db-d03e239ff7e5" executionId="f1b0ad0b-e7e4-41c5-9263-5aea229395a3" testListId="8c84fa94-04c1-424b-9868-57a2d4851a1d" />
    <TestEntry testId="a6ab17f7-3b41-2105-de18-22a8426d51b9" executionId="6ba59198-8301-4442-8900-a5ae1cabee28" testListId="8c84fa94-04c1-424b-9868-57a2d4851a1d" />
    <TestEntry testId="f7fb2352-3bca-7aaf-3650-2ec63ecfd0cf" executionId="106ea08d-1f82-41a4-9961-2d8a440b0389" testListId="8c84fa94-04c1-424b-9868-57a2d4851a1d" />
    <TestEntry testId="4842baff-74e6-abd4-e590-3f5c2407f2da" executionId="5aa771d7-4ae7-4eff-bfb6-1a0298e82505" testListId="8c84fa94-04c1-424b-9868-57a2d4851a1d" />
    <TestEntry testId="24563cee-6adb-ef7e-2861-31a8f7263742" executionId="fe391899-3397-48c9-a930-4cff1bd7545d" testListId="8c84fa94-04c1-424b-9868-57a2d4851a1d" />
    <TestEntry testId="f23bf29e-2ea2-0509-894e-6384e08124dd" executionId="197a38cd-9cff-48f6-a740-ac7ef0cbca06" testListId="8c84fa94-04c1-424b-9868-57a2d4851a1d" />
    <TestEntry testId="bc088fd4-342f-7294-8410-09c68e88b76f" executionId="2d530d17-1379-49ed-952f-bd5dc758b06a" testListId="8c84fa94-04c1-424b-9868-57a2d4851a1d" />
    <TestEntry testId="43430db8-43ba-a0be-db5b-898a0a477451" executionId="c7eba8c0-4669-4abb-b217-b48a07afd725" testListId="8c84fa94-04c1-424b-9868-57a2d4851a1d" />
    <TestEntry testId="d10f6d78-0a5d-4eb3-a1e0-ef56769452bd" executionId="cf733ea3-4621-49d0-b2be-70cc37c2abe9" testListId="8c84fa94-04c1-424b-9868-57a2d4851a1d" />
    <TestEntry testId="4a310dcf-0344-b97a-3132-58605f7291bd" executionId="899f975e-79c8-41d0-8db0-d9284db87262" testListId="8c84fa94-04c1-424b-9868-57a2d4851a1d" />
    <TestEntry testId="b56ddc53-2de8-3699-28f8-6976ec6bd9a0" executionId="5b6cb88e-d430-48a6-8181-19fe7ed01921" testListId="8c84fa94-04c1-424b-9868-57a2d4851a1d" />
    <TestEntry testId="dbd4fd5e-429b-4bb7-8808-9c7cbb5bf5a1" executionId="f945035e-ca0c-4747-aa51-72e2b598adb4" testListId="8c84fa94-04c1-424b-9868-57a2d4851a1d" />
    <TestEntry testId="9bb10564-14f9-deb2-383a-586dbcfce70f" executionId="89146187-914c-4bea-9b37-f81056347c49" testListId="8c84fa94-04c1-424b-9868-57a2d4851a1d" />
    <TestEntry testId="d3f97d4c-2020-b93b-258c-b43b98563841" executionId="9f36aede-6d59-4d80-af02-a673c7bb58f0" testListId="8c84fa94-04c1-424b-9868-57a2d4851a1d" />
    <TestEntry testId="d1de28e1-71a8-ff8a-b2b8-a70c25284a8a" executionId="5d3a606b-701c-4731-851d-3c111c04d124" testListId="8c84fa94-04c1-424b-9868-57a2d4851a1d" />
    <TestEntry testId="53ff1588-c603-2465-ca55-5a9f79136df3" executionId="86d6ed25-2667-4dec-b3cb-ae7eedb6dbfa" testListId="8c84fa94-04c1-424b-9868-57a2d4851a1d" />
    <TestEntry testId="c12e7c6b-8eea-fd76-9de0-eb5533f1ce1c" executionId="40114a5b-158c-4e7f-b0ab-614bf6c8ca82" testListId="8c84fa94-04c1-424b-9868-57a2d4851a1d" />
    <TestEntry testId="5e327c33-038b-03b9-3a26-41f99137a84b" executionId="71ba3192-0cb3-4af5-b7c1-93422af25ffd" testListId="8c84fa94-04c1-424b-9868-57a2d4851a1d" />
    <TestEntry testId="638c3bad-1db2-041f-56f9-81717d329647" executionId="a2ab06b9-9310-4e91-8eb2-334f7e24b4f8" testListId="8c84fa94-04c1-424b-9868-57a2d4851a1d" />
    <TestEntry testId="f574e25a-ca2d-d4b9-aa9a-720d3b0782f1" executionId="cdd0016c-6789-4345-a718-3778309b4ca1" testListId="8c84fa94-04c1-424b-9868-57a2d4851a1d" />
    <TestEntry testId="94197f70-2dad-e8ee-164e-53c54be8e5d3" executionId="f12fbc86-92b4-4cbd-869a-a1fe93ad5fdb" testListId="8c84fa94-04c1-424b-9868-57a2d4851a1d" />
    <TestEntry testId="1dfe3bff-af06-41c1-169a-baafae56510f" executionId="d9f4cbdd-9551-4d80-9bd0-46e6bdb375c7" testListId="8c84fa94-04c1-424b-9868-57a2d4851a1d" />
    <TestEntry testId="eed47c1c-cef6-3743-9ff0-9a433dcc24cb" executionId="de502ffa-c0e8-4b2c-a304-498329b53e25" testListId="8c84fa94-04c1-424b-9868-57a2d4851a1d" />
    <TestEntry testId="4012f3dd-6493-e124-c595-f62634bcbd9b" executionId="100c684b-2895-420f-939c-d1a0a459a69f" testListId="8c84fa94-04c1-424b-9868-57a2d4851a1d" />
    <TestEntry testId="c9dddffe-caee-b6ae-be06-3abd3155a56a" executionId="a125ecba-fb6c-464e-bfa4-a2e4054b69a5" testListId="8c84fa94-04c1-424b-9868-57a2d4851a1d" />
    <TestEntry testId="50fee088-8a0e-e326-c194-c807c397720f" executionId="6a79c4b7-5dc9-434c-b63a-655f12b37af9" testListId="8c84fa94-04c1-424b-9868-57a2d4851a1d" />
    <TestEntry testId="fff88b03-a430-a6f9-456c-2947f2735897" executionId="ab564ffe-eb4d-4afa-b64d-b866aba21151" testListId="8c84fa94-04c1-424b-9868-57a2d4851a1d" />
    <TestEntry testId="e370eb65-d0f0-103d-7a5b-f79c0c0f0d02" executionId="30c066b6-97e3-42fe-b379-2f69f3ecc125" testListId="8c84fa94-04c1-424b-9868-57a2d4851a1d" />
    <TestEntry testId="8ed3d65c-9472-d91d-b1e9-75605951522a" executionId="0556a124-dfac-496e-9b13-a1ee929f5005" testListId="8c84fa94-04c1-424b-9868-57a2d4851a1d" />
    <TestEntry testId="b94813b6-a388-99bd-dbbf-7ea5f2a0a2e2" executionId="0c91866a-2dec-4d9d-89fa-58cd5740d344" testListId="8c84fa94-04c1-424b-9868-57a2d4851a1d" />
    <TestEntry testId="5129c295-245e-7b00-c2c5-b810b3260d69" executionId="09a9786b-d095-4adb-abae-6ff7cfb56e42" testListId="8c84fa94-04c1-424b-9868-57a2d4851a1d" />
    <TestEntry testId="dd8e3b71-3729-0c26-6434-be0b06c3758e" executionId="dd1e712e-eb7b-4d48-8848-3ca3a270ad07" testListId="8c84fa94-04c1-424b-9868-57a2d4851a1d" />
    <TestEntry testId="ac64121e-4d4c-cdf2-8698-10aa913bfbbc" executionId="6bc2261f-f3e1-4e57-b494-73914b6a31c3" testListId="8c84fa94-04c1-424b-9868-57a2d4851a1d" />
    <TestEntry testId="e980d6bb-46c7-5b1e-c031-c26658449ff7" executionId="7395552e-4875-4d1c-a333-160c24dd99ba" testListId="8c84fa94-04c1-424b-9868-57a2d4851a1d" />
    <TestEntry testId="b5fae245-0528-9de4-beba-a969d060d4ba" executionId="151c5eeb-0628-4b66-af33-42585e50c647" testListId="8c84fa94-04c1-424b-9868-57a2d4851a1d" />
    <TestEntry testId="47fc22ad-6d59-b7ed-0cfc-608369d8bbb0" executionId="80b80cd2-1ac5-4968-aced-d8922497984e" testListId="8c84fa94-04c1-424b-9868-57a2d4851a1d" />
    <TestEntry testId="6848e66f-31bb-b765-db7f-2fda57d2b8a7" executionId="9a5469c4-6ec0-41d7-b201-200013cfc257" testListId="8c84fa94-04c1-424b-9868-57a2d4851a1d" />
    <TestEntry testId="bbfcd3c8-e0ee-8659-e2fc-9f881bce337b" executionId="0d544152-3cf2-4664-ab4b-eef7992472b5" testListId="8c84fa94-04c1-424b-9868-57a2d4851a1d" />
    <TestEntry testId="bdf4603e-3717-4988-a558-82b380b38688" executionId="2686c92c-b3cc-4542-b7cb-04eae6d777a7" testListId="8c84fa94-04c1-424b-9868-57a2d4851a1d" />
    <TestEntry testId="243020a8-24fa-eaf1-0bf0-5a8d8f9f2b6d" executionId="f5ca06cf-fad0-496e-bd00-b9e832660a43" testListId="8c84fa94-04c1-424b-9868-57a2d4851a1d" />
    <TestEntry testId="17abca89-ebae-957d-156c-15dae964a8e3" executionId="0a281100-1165-46dc-9370-c4337d983aba" testListId="8c84fa94-04c1-424b-9868-57a2d4851a1d" />
    <TestEntry testId="2d3a1ca5-7a13-18b0-e8e6-9b7037523237" executionId="ee54c0b0-0abb-4de6-b759-7b604a40fb06" testListId="8c84fa94-04c1-424b-9868-57a2d4851a1d" />
    <TestEntry testId="c9c0bfb1-d174-0de9-e934-19a1380c4c1d" executionId="7596d04a-c48b-4582-a55e-120f02cf8b97" testListId="8c84fa94-04c1-424b-9868-57a2d4851a1d" />
    <TestEntry testId="303ad9eb-625c-5c94-7730-8a570ed47c67" executionId="8e5513b1-2e6a-4197-9449-b2dd0a1ae2b0" testListId="8c84fa94-04c1-424b-9868-57a2d4851a1d" />
    <TestEntry testId="9535026f-2c75-0588-adee-bde9aa724e88" executionId="90f4844a-7abe-4a42-92f8-611e41db0ce5" testListId="8c84fa94-04c1-424b-9868-57a2d4851a1d" />
    <TestEntry testId="5f006b1d-e44c-9a72-2ff8-b81a1bb1200a" executionId="9d18dc13-8aec-44ed-a654-a89e76de04c9" testListId="8c84fa94-04c1-424b-9868-57a2d4851a1d" />
    <TestEntry testId="599c1649-0801-571d-2a32-db650cdacdd2" executionId="c42a3d30-ab34-4d65-b48c-42d8d0695e9e" testListId="8c84fa94-04c1-424b-9868-57a2d4851a1d" />
    <TestEntry testId="cdff19e4-0e28-7c3c-3e41-37cc0b9b84a8" executionId="07cb8ac7-62a2-4f88-9558-92d36e91f688" testListId="8c84fa94-04c1-424b-9868-57a2d4851a1d" />
  </TestEntries>
  <TestLists>
    <TestList name="Results Not in a List" id="8c84fa94-04c1-424b-9868-57a2d4851a1d" />
    <TestList name="All Loaded Results" id="19431567-8539-422a-85d7-44ee4e166bda" />
  </TestLists>
  <ResultSummary outcome="Completed">
    <Counters total="117" executed="117" passed="117" failed="0" error="0" timeout="0" aborted="0" inconclusive="0" passedButRunAborted="0" notRunnable="0" notExecuted="0" disconnected="0" warning="0" completed="0" inProgress="0" pending="0" />
    <Output>
      <StdOut>[xUnit.net 00:00:00.00] xUnit.net VSTest Adapter v3.1.5+1b188a7b0a (64-bit .NET 10.0.9)
[xUnit.net 00:00:00.03]   Discovering: HPD.ML.Backends.Tests
[xUnit.net 00:00:00.05]   Discovered:  HPD.ML.Backends.Tests
[xUnit.net 00:00:00.06]   Starting:    HPD.ML.Backends.Tests
[xUnit.net 00:00:00.11]   Finished:    HPD.ML.Backends.Tests
</StdOut>
    </Output>
  </ResultSummary>
</TestRun>