<?xml version="1.0" encoding="utf-8"?>
<TestRun id="122a0cc4-f3a1-4f01-a8a2-d9790077d457" name="@Einsteins-MacBook-Air 2026-06-30 12:26:47" xmlns="http://microsoft.com/schemas/VisualStudio/TeamTest/2010">
  <Times creation="2026-06-30T12:26:47.2663470-05:00" queuing="2026-06-30T12:26:47.2663470-05:00" start="2026-06-30T12:26:46.9364770-05:00" finish="2026-06-30T12:26:47.3416770-05:00" />
  <TestSettings name="default" id="c2aeee9f-d4cd-49c3-a8b4-971496d7a3ab">
    <Deployment runDeploymentRoot="_Einsteins-MacBook-Air_2026-06-30_12_26_47" />
  </TestSettings>
  <Results>
    <UnitTestResult executionId="4dcaaa23-a24a-4527-bdd3-06a84a677798" testId="204c314e-1367-2781-8a92-68d927f73d8b" testName="HPD.RAG.Pipeline.Tests.Pipeline.ProcessorAdapterTests.AddProcessor_ProcessAsyncCalled_WithCorrectInput" computerName="Einsteins-MacBook-Air" duration="00:00:00.0010000" startTime="2026-06-30T12:26:47.2358880-05:00" endTime="2026-06-30T12:26:47.2378270-05:00" testType="13cdc9d9-ddb5-4fa4-a97d-d965ccfc6d4b" outcome="NotExecuted" testListId="8c84fa94-04c1-424b-9868-57a2d4851a1d" relativeResultsDirectory="4dcaaa23-a24a-4527-bdd3-06a84a677798">
      <Output>
        <ErrorInfo>
          <Message>DeferredAdapterHandler is internal and lives in _pipelineServices; orchestrator uses caller services — execution requires M6 integration host</Message>
        </ErrorInfo>
      </Output>
    </UnitTestResult>
    <UnitTestResult executionId="c6a8d016-7f42-4a86-b872-0d63b1a0d53c" testId="7f14ec8d-f5c6-19b7-c86f-76dd81b6bf30" testName="HPD.RAG.Pipeline.Tests.Pipeline.RouterAdapterTests.AddRouter_WithPortWiring_BuildsSuccessfully" computerName="Einsteins-MacBook-Air" duration="00:00:00.0139263" startTime="2026-06-30T12:26:47.2522080-05:00" endTime="2026-06-30T12:26:47.2552920-05:00" testType="13cdc9d9-ddb5-4fa4-a97d-d965ccfc6d4b" outcome="Passed" testListId="8c84fa94-04c1-424b-9868-57a2d4851a1d" relativeResultsDirectory="c6a8d016-7f42-4a86-b872-0d63b1a0d53c" />
    <UnitTestResult executionId="eb2cc3d4-f0f9-4aa6-8ed3-059b2a335060" testId="7091c77e-22d4-085a-c481-921c858bf376" testName="HPD.RAG.Pipeline.Tests.Pipeline.RouterAdapterTests.AddRouter_Port0_RoutesToCorrectDownstreamNode" computerName="Einsteins-MacBook-Air" duration="00:00:00.0010000" startTime="2026-06-30T12:26:47.2561210-05:00" endTime="2026-06-30T12:26:47.2561310-05:00" testType="13cdc9d9-ddb5-4fa4-a97d-d965ccfc6d4b" outcome="NotExecuted" testListId="8c84fa94-04c1-424b-9868-57a2d4851a1d" relativeResultsDirectory="eb2cc3d4-f0f9-4aa6-8ed3-059b2a335060">
      <Output>
        <ErrorInfo>
          <Message>DeferredAdapterHandler is internal and lives in _pipelineServices; orchestrator uses caller services — execution requires M6 integration host</Message>
        </ErrorInfo>
      </Output>
    </UnitTestResult>
    <UnitTestResult executionId="cb013cd1-ac19-4690-b8cf-f446d82e480f" testId="8a0250e4-d795-0164-6b8c-a3c39da620e7" testName="HPD.RAG.Pipeline.Tests.Pipeline.ResilienceOptionTests.AddHandler_WithRetryOverride_BuildsSuccessfully" computerName="Einsteins-MacBook-Air" duration="00:00:00.0047741" startTime="2026-06-30T12:26:47.2605000-05:00" endTime="2026-06-30T12:26:47.2617110-05:00" testType="13cdc9d9-ddb5-4fa4-a97d-d965ccfc6d4b" outcome="Passed" testListId="8c84fa94-04c1-424b-9868-57a2d4851a1d" relativeResultsDirectory="cb013cd1-ac19-4690-b8cf-f446d82e480f" />
    <UnitTestResult executionId="aea50f18-ee68-40b3-8ecc-91990165231b" testId="6ef542bb-da14-5cb0-39de-2ffa160e3c5c" testName="HPD.RAG.Pipeline.Tests.Events.EvaluationEventTests.EvalPartitionCompletedEvent_CanBeConstructed" computerName="Einsteins-MacBook-Air" duration="00:00:00.0052049" startTime="2026-06-30T12:26:47.2358970-05:00" endTime="2026-06-30T12:26:47.2522310-05:00" testType="13cdc9d9-ddb5-4fa4-a97d-d965ccfc6d4b" outcome="Passed" testListId="8c84fa94-04c1-424b-9868-57a2d4851a1d" relativeResultsDirectory="aea50f18-ee68-40b3-8ecc-91990165231b" />
    <UnitTestResult executionId="8cd6e04d-71b0-4a0a-ba8f-443d34f55095" testId="e03072a4-71f3-0fe7-2df8-cb50e4079203" testName="HPD.RAG.Pipeline.Tests.Pipeline.MragPipelineBuilderTests.Create_ReturnsNonNull" computerName="Einsteins-MacBook-Air" duration="00:00:00.0000369" startTime="2026-06-30T12:26:47.2537660-05:00" endTime="2026-06-30T12:26:47.2537850-05:00" testType="13cdc9d9-ddb5-4fa4-a97d-d965ccfc6d4b" outcome="Passed" testListId="8c84fa94-04c1-424b-9868-57a2d4851a1d" relativeResultsDirectory="8cd6e04d-71b0-4a0a-ba8f-443d34f55095" />
    <UnitTestResult executionId="886a5cf3-c23a-45d1-8400-937a2c158ab6" testId="147af68d-5aa6-ee2e-923e-7107c3fc1397" testName="HPD.RAG.Pipeline.Tests.Events.RetrievalEventTests.RetrieveStreamingAsync_EmitsRetrievalStartedEvent" computerName="Einsteins-MacBook-Air" duration="00:00:00.0011624" startTime="2026-06-30T12:26:47.2969070-05:00" endTime="2026-06-30T12:26:47.2982240-05:00" testType="13cdc9d9-ddb5-4fa4-a97d-d965ccfc6d4b" outcome="Passed" testListId="8c84fa94-04c1-424b-9868-57a2d4851a1d" relativeResultsDirectory="886a5cf3-c23a-45d1-8400-937a2c158ab6" />
    <UnitTestResult executionId="3ca20c03-a504-41ef-9f1f-726b02233c78" testId="7b8eecf8-ca0c-241d-ec9f-8e05419d40d6" testName="HPD.RAG.Pipeline.Tests.Pipeline.MragPipelineBuilderTests.BuildEvaluationAsync_ReturnsEvaluationPipeline" computerName="Einsteins-MacBook-Air" duration="00:00:00.0004376" startTime="2026-06-30T12:26:47.2613230-05:00" endTime="2026-06-30T12:26:47.2613430-05:00" testType="13cdc9d9-ddb5-4fa4-a97d-d965ccfc6d4b" outcome="Passed" testListId="8c84fa94-04c1-424b-9868-57a2d4851a1d" relativeResultsDirectory="3ca20c03-a504-41ef-9f1f-726b02233c78" />
    <UnitTestResult executionId="06fae941-77b4-47d2-ada4-1e611f850fbe" testId="10a9779b-0ec7-8f6f-7876-45994d3ebc31" testName="HPD.RAG.Pipeline.Tests.Events.EvaluationEventTests.EvalStartedEvent_CanBeConstructed" computerName="Einsteins-MacBook-Air" duration="00:00:00.0009233" startTime="2026-06-30T12:26:47.2526210-05:00" endTime="2026-06-30T12:26:47.2526430-05:00" testType="13cdc9d9-ddb5-4fa4-a97d-d965ccfc6d4b" outcome="Passed" testListId="8c84fa94-04c1-424b-9868-57a2d4851a1d" relativeResultsDirectory="06fae941-77b4-47d2-ada4-1e611f850fbe" />
    <UnitTestResult executionId="ce368963-16b7-4cd1-a718-c3d2bb49363b" testId="97e14c7d-d3b1-3cfd-0b9f-cab74ac3b6a9" testName="HPD.RAG.Pipeline.Tests.Events.IngestionEventTests.IngestionEventTypes_HaveRequiredProperties" computerName="Einsteins-MacBook-Air" duration="00:00:00.0000800" startTime="2026-06-30T12:26:47.3007760-05:00" endTime="2026-06-30T12:26:47.3008210-05:00" testType="13cdc9d9-ddb5-4fa4-a97d-d965ccfc6d4b" outcome="Passed" testListId="8c84fa94-04c1-424b-9868-57a2d4851a1d" relativeResultsDirectory="ce368963-16b7-4cd1-a718-c3d2bb49363b" />
    <UnitTestResult executionId="3d0ba7c4-2ebb-401a-bef8-0ae6498c2726" testId="f81daeab-a1b0-108b-1284-2e769730a92f" testName="HPD.RAG.Pipeline.Tests.Pipeline.TypedPipelineTests.MragRetrievalPipeline_RetrieveAsync_ReturnsFormattedContext" computerName="Einsteins-MacBook-Air" duration="00:00:00.0405333" startTime="2026-06-30T12:26:47.2552630-05:00" endTime="2026-06-30T12:26:47.2964440-05:00" testType="13cdc9d9-ddb5-4fa4-a97d-d965ccfc6d4b" outcome="Passed" testListId="8c84fa94-04c1-424b-9868-57a2d4851a1d" relativeResultsDirectory="3d0ba7c4-2ebb-401a-bef8-0ae6498c2726" />
    <UnitTestResult executionId="5cd12d3e-5592-44f1-821d-e07bb2dd360e" testId="cc568de0-e3a5-47fa-a5ba-a8d31fc5872b" testName="HPD.RAG.Pipeline.Tests.Events.EvaluationEventTests.BackfillAsync_EmitsEvalPartitionCompletedEvent_PerPartition" computerName="Einsteins-MacBook-Air" duration="00:00:00.0010000" startTime="2026-06-30T12:26:47.2523730-05:00" endTime="2026-06-30T12:26:47.2523910-05:00" testType="13cdc9d9-ddb5-4fa4-a97d-d965ccfc6d4b" outcome="NotExecuted" testListId="8c84fa94-04c1-424b-9868-57a2d4851a1d" relativeResultsDirectory="5cd12d3e-5592-44f1-821d-e07bb2dd360e">
      <Output>
        <ErrorInfo>
          <Message>Requires graph artifact/backfill infrastructure — BackfillPartitionCompletedEvent is only emitted by orchestrator backfill path; covered by M6 IntegrationTests</Message>
        </ErrorInfo>
      </Output>
    </UnitTestResult>
    <UnitTestResult executionId="616889da-f255-412e-bf30-c1e120b5f48f" testId="619c1f07-fa07-c9c6-1aa4-1992f6926d6b" testName="HPD.RAG.Pipeline.Tests.Pipeline.RagGraphBuilderExtensionsTests.AddRagEvaluation_GraphSerializesAsGraphConfig" computerName="Einsteins-MacBook-Air" duration="00:00:00.0023513" startTime="2026-06-30T12:26:47.2674000-05:00" endTime="2026-06-30T12:26:47.2697330-05:00" testType="13cdc9d9-ddb5-4fa4-a97d-d965ccfc6d4b" outcome="Passed" testListId="8c84fa94-04c1-424b-9868-57a2d4851a1d" relativeResultsDirectory="616889da-f255-412e-bf30-c1e120b5f48f" />
    <UnitTestResult executionId="1a69d1f3-0189-439a-87cb-76e0559c02c3" testId="b3d7bced-98a2-f809-89dd-4e8336f8c159" testName="HPD.RAG.Pipeline.Tests.Pipeline.ResilienceOptionTests.AddHandler_DefaultRetryPolicy_BuildsSuccessfully" computerName="Einsteins-MacBook-Air" duration="00:00:00.0108739" startTime="2026-06-30T12:26:47.2536840-05:00" endTime="2026-06-30T12:26:47.2562020-05:00" testType="13cdc9d9-ddb5-4fa4-a97d-d965ccfc6d4b" outcome="Passed" testListId="8c84fa94-04c1-424b-9868-57a2d4851a1d" relativeResultsDirectory="1a69d1f3-0189-439a-87cb-76e0559c02c3" />
    <UnitTestResult executionId="7862c7ce-a78c-436f-a975-7d1ac510bf68" testId="be244248-bcdc-99b1-3b76-b44ad48896b8" testName="HPD.RAG.Pipeline.Tests.DI.AddHPDMragTests.AddHPDMrag_UseJudgeChatClient_RegistersJudge" computerName="Einsteins-MacBook-Air" duration="00:00:00.0153505" startTime="2026-06-30T12:26:47.2601800-05:00" endTime="2026-06-30T12:26:47.2703490-05:00" testType="13cdc9d9-ddb5-4fa4-a97d-d965ccfc6d4b" outcome="Passed" testListId="8c84fa94-04c1-424b-9868-57a2d4851a1d" relativeResultsDirectory="7862c7ce-a78c-436f-a975-7d1ac510bf68" />
    <UnitTestResult executionId="a2e432c3-f410-4eda-9b93-301a04c6cd77" testId="0de637d8-3899-477c-7943-46de9da3c16f" testName="HPD.RAG.Pipeline.Tests.Pipeline.RagGraphBuilderExtensionsTests.AddRagRetrieval_AddsSubGraphNode" computerName="Einsteins-MacBook-Air" duration="00:00:00.0296962" startTime="2026-06-30T12:26:47.2358780-05:00" endTime="2026-06-30T12:26:47.2665300-05:00" testType="13cdc9d9-ddb5-4fa4-a97d-d965ccfc6d4b" outcome="Passed" testListId="8c84fa94-04c1-424b-9868-57a2d4851a1d" relativeResultsDirectory="a2e432c3-f410-4eda-9b93-301a04c6cd77" />
    <UnitTestResult executionId="6c3207d2-0efb-4f27-a7bf-8c1330564ac7" testId="e05a02b3-a8c7-72c4-3e91-2a13ccd2cf0c" testName="HPD.RAG.Pipeline.Tests.Pipeline.ResilienceOptionTests.AddHandler_WithProducesArtifact_BuildsSuccessfully" computerName="Einsteins-MacBook-Air" duration="00:00:00.0006357" startTime="2026-06-30T12:26:47.2562680-05:00" endTime="2026-06-30T12:26:47.2603930-05:00" testType="13cdc9d9-ddb5-4fa4-a97d-d965ccfc6d4b" outcome="Passed" testListId="8c84fa94-04c1-424b-9868-57a2d4851a1d" relativeResultsDirectory="6c3207d2-0efb-4f27-a7bf-8c1330564ac7" />
    <UnitTestResult executionId="13472742-1e1e-4126-8598-19f5ccf9eeb1" testId="b33f9027-fc6c-34e1-d24b-6e27db341c25" testName="HPD.RAG.Pipeline.Tests.Pipeline.ProcessorAdapterTests.AddProcessor_RegisteredInDI_BuildDoesNotThrow" computerName="Einsteins-MacBook-Air" duration="00:00:00.0002090" startTime="2026-06-30T12:26:47.2550930-05:00" endTime="2026-06-30T12:26:47.2599000-05:00" testType="13cdc9d9-ddb5-4fa4-a97d-d965ccfc6d4b" outcome="Passed" testListId="8c84fa94-04c1-424b-9868-57a2d4851a1d" relativeResultsDirectory="13472742-1e1e-4126-8598-19f5ccf9eeb1" />
    <UnitTestResult executionId="cc0ac515-ed1d-4bd4-96cc-e40a973908a1" testId="d072b057-06f8-c8a3-7dc3-1dc2da511476" testName="HPD.RAG.Pipeline.Tests.Pipeline.RagGraphBuilderExtensionsTests.MragEdgeBuilder_CanCreateFanInFanOutEdges" computerName="Einsteins-MacBook-Air" duration="00:00:00.0081116" startTime="2026-06-30T12:26:47.2731520-05:00" endTime="2026-06-30T12:26:47.2811560-05:00" testType="13cdc9d9-ddb5-4fa4-a97d-d965ccfc6d4b" outcome="Passed" testListId="8c84fa94-04c1-424b-9868-57a2d4851a1d" relativeResultsDirectory="cc0ac515-ed1d-4bd4-96cc-e40a973908a1" />
    <UnitTestResult executionId="14d54d56-8a78-48da-a236-b941e5d4cfc8" testId="01692d4e-a171-9b87-0655-544763e8cb1e" testName="HPD.RAG.Pipeline.Tests.Pipeline.MragPipelineBuilderTests.AddHandler_TypedConfig_StoresConfigAsNodeJsonObject" computerName="Einsteins-MacBook-Air" duration="00:00:00.0437334" startTime="2026-06-30T12:26:47.2616930-05:00" endTime="2026-06-30T12:26:47.2999020-05:00" testType="13cdc9d9-ddb5-4fa4-a97d-d965ccfc6d4b" outcome="Passed" testListId="8c84fa94-04c1-424b-9868-57a2d4851a1d" relativeResultsDirectory="14d54d56-8a78-48da-a236-b941e5d4cfc8" />
    <UnitTestResult executionId="f80dd2a0-a58d-4dda-8256-5772fcfca958" testId="e5ae6556-87e5-6cb1-4a0e-1155a23eb759" testName="HPD.RAG.Pipeline.Tests.DI.AddHPDMragTests.AddHPDMrag_CalledTwice_DoesNotThrow" computerName="Einsteins-MacBook-Air" duration="00:00:00.0001427" startTime="2026-06-30T12:26:47.2841450-05:00" endTime="2026-06-30T12:26:47.2841880-05:00" testType="13cdc9d9-ddb5-4fa4-a97d-d965ccfc6d4b" outcome="Passed" testListId="8c84fa94-04c1-424b-9868-57a2d4851a1d" relativeResultsDirectory="f80dd2a0-a58d-4dda-8256-5772fcfca958" />
    <UnitTestResult executionId="e1faffcd-5903-4fd0-9af8-6f14e9c57c98" testId="a54f8057-9cb5-a10a-ebcb-652a51014249" testName="HPD.RAG.Pipeline.Tests.Pipeline.MragPipelineBuilderTests.AddHandler_DuplicateNodeId_ThrowsInvalidOperationException" computerName="Einsteins-MacBook-Air" duration="00:00:00.0074100" startTime="2026-06-30T12:26:47.2359070-05:00" endTime="2026-06-30T12:26:47.2537110-05:00" testType="13cdc9d9-ddb5-4fa4-a97d-d965ccfc6d4b" outcome="Passed" testListId="8c84fa94-04c1-424b-9868-57a2d4851a1d" relativeResultsDirectory="e1faffcd-5903-4fd0-9af8-6f14e9c57c98" />
    <UnitTestResult executionId="248f8252-c589-40ae-a314-d7bd70aae1a7" testId="c02cbc53-5c41-8a15-5956-122f7c76050a" testName="HPD.RAG.Pipeline.Tests.Pipeline.MragPipelineBuilderTests.Build_WithNoHandlers_Succeeds" computerName="Einsteins-MacBook-Air" duration="00:00:00.0004533" startTime="2026-06-30T12:26:47.2603500-05:00" endTime="2026-06-30T12:26:47.2612530-05:00" testType="13cdc9d9-ddb5-4fa4-a97d-d965ccfc6d4b" outcome="Passed" testListId="8c84fa94-04c1-424b-9868-57a2d4851a1d" relativeResultsDirectory="248f8252-c589-40ae-a314-d7bd70aae1a7" />
    <UnitTestResult executionId="105d6a6a-ecbd-4077-8303-69b613955f60" testId="b8530804-78f6-dc25-5d9d-f421eb734b12" testName="HPD.RAG.Pipeline.Tests.Events.IngestionEventTests.RunStreamingAsync_EmitsDocumentSkippedEvent_ForUnchangedDocuments" computerName="Einsteins-MacBook-Air" duration="00:00:00.0011983" startTime="2026-06-30T12:26:47.2996380-05:00" endTime="2026-06-30T12:26:47.3007260-05:00" testType="13cdc9d9-ddb5-4fa4-a97d-d965ccfc6d4b" outcome="Passed" testListId="8c84fa94-04c1-424b-9868-57a2d4851a1d" relativeResultsDirectory="105d6a6a-ecbd-4077-8303-69b613955f60" />
    <UnitTestResult executionId="dc21a37d-6ba7-4cf6-bf61-008deee085f9" testId="6953f5de-9e7b-d1b8-c68b-f96d68616600" testName="HPD.RAG.Pipeline.Tests.Pipeline.ProcessorAdapterTests.AddProcessor_ProcessingContextExposesCorrectPipelineName" computerName="Einsteins-MacBook-Air" duration="00:00:00.0010000" startTime="2026-06-30T12:26:47.2548390-05:00" endTime="2026-06-30T12:26:47.2548620-05:00" testType="13cdc9d9-ddb5-4fa4-a97d-d965ccfc6d4b" outcome="NotExecuted" testListId="8c84fa94-04c1-424b-9868-57a2d4851a1d" relativeResultsDirectory="dc21a37d-6ba7-4cf6-bf61-008deee085f9">
      <Output>
        <ErrorInfo>
          <Message>DeferredAdapterHandler is internal and lives in _pipelineServices; orchestrator uses caller services — execution requires M6 integration host</Message>
        </ErrorInfo>
      </Output>
    </UnitTestResult>
    <UnitTestResult executionId="9587d663-bb5b-4831-ab9c-d0f1db8e1e0c" testId="2e0d4fc1-e314-9b5b-b4a2-094c85394047" testName="HPD.RAG.Pipeline.Tests.Pipeline.ResilienceOptionTests.MragRetryPolicy_None_HasMaxAttempts1" computerName="Einsteins-MacBook-Air" duration="00:00:00.0000721" startTime="2026-06-30T12:26:47.2617540-05:00" endTime="2026-06-30T12:26:47.2617720-05:00" testType="13cdc9d9-ddb5-4fa4-a97d-d965ccfc6d4b" outcome="Passed" testListId="8c84fa94-04c1-424b-9868-57a2d4851a1d" relativeResultsDirectory="9587d663-bb5b-4831-ab9c-d0f1db8e1e0c" />
    <UnitTestResult executionId="b0d54833-4a69-409a-b90d-71de845c8ef2" testId="1cc3a24b-540b-9bdd-c3d2-40619c570d3b" testName="HPD.RAG.Pipeline.Tests.Events.EvaluationEventTests.EvaluationEventTypes_AreSubtypesOfMragEvent" computerName="Einsteins-MacBook-Air" duration="00:00:00.0001029" startTime="2026-06-30T12:26:47.2522850-05:00" endTime="2026-06-30T12:26:47.2523060-05:00" testType="13cdc9d9-ddb5-4fa4-a97d-d965ccfc6d4b" outcome="Passed" testListId="8c84fa94-04c1-424b-9868-57a2d4851a1d" relativeResultsDirectory="b0d54833-4a69-409a-b90d-71de845c8ef2" />
    <UnitTestResult executionId="b013361d-1499-4415-8ecf-140977508756" testId="b274ddff-7ab1-344c-61f3-ed53cd0ea755" testName="HPD.RAG.Pipeline.Tests.Pipeline.MragPipelineBuilderTests.BuildRetrievalAsync_ReturnsRetrievalPipeline" computerName="Einsteins-MacBook-Air" duration="00:00:00.0108172" startTime="2026-06-30T12:26:47.2538310-05:00" endTime="2026-06-30T12:26:47.2602290-05:00" testType="13cdc9d9-ddb5-4fa4-a97d-d965ccfc6d4b" outcome="Passed" testListId="8c84fa94-04c1-424b-9868-57a2d4851a1d" relativeResultsDirectory="b013361d-1499-4415-8ecf-140977508756" />
    <UnitTestResult executionId="a8cd0b6b-47ec-4d9d-903d-9dc53417946e" testId="2e312a6f-310f-6ac7-f33b-3c4fd1ed9699" testName="HPD.RAG.Pipeline.Tests.DI.AddHPDMragTests.AddHPDMrag_TwoCalls_ContainerBuildsCorrectly" computerName="Einsteins-MacBook-Air" duration="00:00:00.0019192" startTime="2026-06-30T12:26:47.2846070-05:00" endTime="2026-06-30T12:26:47.2864740-05:00" testType="13cdc9d9-ddb5-4fa4-a97d-d965ccfc6d4b" outcome="Passed" testListId="8c84fa94-04c1-424b-9868-57a2d4851a1d" relativeResultsDirectory="a8cd0b6b-47ec-4d9d-903d-9dc53417946e" />
    <UnitTestResult executionId="a34c84fa-5078-4616-83de-2016651df492" testId="402d1976-a7a9-9c4f-ec6f-aa053781e487" testName="HPD.RAG.Pipeline.Tests.Events.RetrievalEventTests.RetrieveStreamingAsync_EmitsVectorSearchCompletedEvent" computerName="Einsteins-MacBook-Air" duration="00:00:00.0007563" startTime="2026-06-30T12:26:47.2983020-05:00" endTime="2026-06-30T12:26:47.2991220-05:00" testType="13cdc9d9-ddb5-4fa4-a97d-d965ccfc6d4b" outcome="Passed" testListId="8c84fa94-04c1-424b-9868-57a2d4851a1d" relativeResultsDirectory="a34c84fa-5078-4616-83de-2016651df492" />
    <UnitTestResult executionId="5b7a0aac-5f51-4f23-882b-fec9035137ae" testId="201a36d6-a966-d270-6e69-0c7c5cd035f7" testName="HPD.RAG.Pipeline.Tests.DI.AddHPDMragTests.AddHPDMrag_EmbeddingGenerator_KeyedServiceIsResolvable" computerName="Einsteins-MacBook-Air" duration="00:00:00.0002044" startTime="2026-06-30T12:26:47.2838990-05:00" endTime="2026-06-30T12:26:47.2840050-05:00" testType="13cdc9d9-ddb5-4fa4-a97d-d965ccfc6d4b" outcome="Passed" testListId="8c84fa94-04c1-424b-9868-57a2d4851a1d" relativeResultsDirectory="5b7a0aac-5f51-4f23-882b-fec9035137ae" />
    <UnitTestResult executionId="9454305e-e5a0-4b36-86ec-c2ffebc994bc" testId="b54179d2-ddbc-5b77-f7ba-e564d23ffca9" testName="HPD.RAG.Pipeline.Tests.Events.IngestionEventTests.DocumentSkippedEvent_CanBeConstructed" computerName="Einsteins-MacBook-Air" duration="00:00:00.0001643" startTime="2026-06-30T12:26:47.2969490-05:00" endTime="2026-06-30T12:26:47.2970810-05:00" testType="13cdc9d9-ddb5-4fa4-a97d-d965ccfc6d4b" outcome="Passed" testListId="8c84fa94-04c1-424b-9868-57a2d4851a1d" relativeResultsDirectory="9454305e-e5a0-4b36-86ec-c2ffebc994bc" />
    <UnitTestResult executionId="75972049-e9b0-4002-92b0-f71a5d6e4e89" testId="2d8c15f9-4be0-e619-d234-77056bf267d3" testName="HPD.RAG.Pipeline.Tests.Pipeline.RagGraphBuilderExtensionsTests.AddRagIngestion_AddsSubGraphNode" computerName="Einsteins-MacBook-Air" duration="00:00:00.0007043" startTime="2026-06-30T12:26:47.2667040-05:00" endTime="2026-06-30T12:26:47.2672720-05:00" testType="13cdc9d9-ddb5-4fa4-a97d-d965ccfc6d4b" outcome="Passed" testListId="8c84fa94-04c1-424b-9868-57a2d4851a1d" relativeResultsDirectory="75972049-e9b0-4002-92b0-f71a5d6e4e89" />
    <UnitTestResult executionId="9d837c6a-838b-47db-b6a9-c910e3c56748" testId="ab6c01f9-c532-ed2f-0da2-84a12c121dda" testName="HPD.RAG.Pipeline.Tests.Events.IngestionEventTests.RunStreamingAsync_EmitsIngestionStartedEvent" computerName="Einsteins-MacBook-Air" duration="00:00:00.0009794" startTime="2026-06-30T12:26:47.2971410-05:00" endTime="2026-06-30T12:26:47.2982820-05:00" testType="13cdc9d9-ddb5-4fa4-a97d-d965ccfc6d4b" outcome="Passed" testListId="8c84fa94-04c1-424b-9868-57a2d4851a1d" relativeResultsDirectory="9d837c6a-838b-47db-b6a9-c910e3c56748" />
    <UnitTestResult executionId="f2d0dcaa-8648-467f-bce4-30258dfb2509" testId="f130edb7-c894-c57b-bc5e-be5146d89080" testName="HPD.RAG.Pipeline.Tests.Events.IngestionEventTests.RunStreamingAsync_EmitsIngestionCompletedEvent" computerName="Einsteins-MacBook-Air" duration="00:00:00.0010512" startTime="2026-06-30T12:26:47.2983460-05:00" endTime="2026-06-30T12:26:47.2995050-05:00" testType="13cdc9d9-ddb5-4fa4-a97d-d965ccfc6d4b" outcome="Passed" testListId="8c84fa94-04c1-424b-9868-57a2d4851a1d" relativeResultsDirectory="f2d0dcaa-8648-467f-bce4-30258dfb2509" />
    <UnitTestResult executionId="9b9a5aeb-e5fa-405d-9a64-37aae9c7a866" testId="27b66f3d-1a81-8fdf-f7ab-dac3b281bae1" testName="HPD.RAG.Pipeline.Tests.Pipeline.MragPipelineBuilderTests.AddHandler_UnknownHandlerName_DoesNotThrowAtBuildTime" computerName="Einsteins-MacBook-Air" duration="00:00:00.0001756" startTime="2026-06-30T12:26:47.2999700-05:00" endTime="2026-06-30T12:26:47.3000890-05:00" testType="13cdc9d9-ddb5-4fa4-a97d-d965ccfc6d4b" outcome="Passed" testListId="8c84fa94-04c1-424b-9868-57a2d4851a1d" relativeResultsDirectory="9b9a5aeb-e5fa-405d-9a64-37aae9c7a866" />
    <UnitTestResult executionId="25c031bf-4ce4-42ea-afb9-0aa37900638b" testId="e79db0e2-384c-a81f-1445-aef18443f1ca" testName="HPD.RAG.Pipeline.Tests.Events.RetrievalEventTests.RetrievalEventTypes_AreSubtypesOfMragEvent" computerName="Einsteins-MacBook-Air" duration="00:00:00.0000489" startTime="2026-06-30T12:26:47.2994450-05:00" endTime="2026-06-30T12:26:47.2994650-05:00" testType="13cdc9d9-ddb5-4fa4-a97d-d965ccfc6d4b" outcome="Passed" testListId="8c84fa94-04c1-424b-9868-57a2d4851a1d" relativeResultsDirectory="25c031bf-4ce4-42ea-afb9-0aa37900638b" />
    <UnitTestResult executionId="64b6679f-8263-4bbc-8c7d-11269c8acf75" testId="1bdcb005-6942-cd7e-b2d6-1f21f54c42c9" testName="HPD.RAG.Pipeline.Tests.Pipeline.MragPipelineBuilderTests.WithName_SetsNameOnBuiltPipeline" computerName="Einsteins-MacBook-Air" duration="00:00:00.0001541" startTime="2026-06-30T12:26:47.2616280-05:00" endTime="2026-06-30T12:26:47.2616470-05:00" testType="13cdc9d9-ddb5-4fa4-a97d-d965ccfc6d4b" outcome="Passed" testListId="8c84fa94-04c1-424b-9868-57a2d4851a1d" relativeResultsDirectory="64b6679f-8263-4bbc-8c7d-11269c8acf75" />
    <UnitTestResult executionId="0f7f8d02-112f-4762-8c30-991f86d1b07e" testId="1dd31440-6ac9-48f7-8fe6-5f2936771e99" testName="HPD.RAG.Pipeline.Tests.Events.EvaluationEventTests.BackfillAsync_EmitsEvalStartedAndCompleted" computerName="Einsteins-MacBook-Air" duration="00:00:00.0010000" startTime="2026-06-30T12:26:47.2525370-05:00" endTime="2026-06-30T12:26:47.2525450-05:00" testType="13cdc9d9-ddb5-4fa4-a97d-d965ccfc6d4b" outcome="NotExecuted" testListId="8c84fa94-04c1-424b-9868-57a2d4851a1d" relativeResultsDirectory="0f7f8d02-112f-4762-8c30-991f86d1b07e">
      <Output>
        <ErrorInfo>
          <Message>Requires graph artifact/backfill infrastructure — BackfillStartedEvent and BackfillCompletedEvent are only emitted by orchestrator backfill path; covered by M6 IntegrationTests</Message>
        </ErrorInfo>
      </Output>
    </UnitTestResult>
    <UnitTestResult executionId="ceb14139-bc05-47a6-bf69-71515c93e6c7" testId="001deff1-8a3d-c328-7e3a-6df854f49bca" testName="HPD.RAG.Pipeline.Tests.Events.RetrievalEventTests.RetrieveStreamingAsync_WhenCompletedEventPresent_HasCorrectProperties" computerName="Einsteins-MacBook-Air" duration="00:00:00.0543314" startTime="2026-06-30T12:26:47.2520640-05:00" endTime="2026-06-30T12:26:47.2964850-05:00" testType="13cdc9d9-ddb5-4fa4-a97d-d965ccfc6d4b" outcome="Passed" testListId="8c84fa94-04c1-424b-9868-57a2d4851a1d" relativeResultsDirectory="ceb14139-bc05-47a6-bf69-71515c93e6c7" />
    <UnitTestResult executionId="39b5ef0f-d6f4-4fee-a1ca-282677851928" testId="ed835606-49c4-eb08-c4cf-228e628ab42a" testName="HPD.RAG.Pipeline.Tests.Pipeline.ResilienceOptionTests.MragRetryPolicy_Attempts_SetsMaxAttempts" computerName="Einsteins-MacBook-Air" duration="00:00:00.0013311" startTime="2026-06-30T12:26:47.2618120-05:00" endTime="2026-06-30T12:26:47.2618290-05:00" testType="13cdc9d9-ddb5-4fa4-a97d-d965ccfc6d4b" outcome="Passed" testListId="8c84fa94-04c1-424b-9868-57a2d4851a1d" relativeResultsDirectory="39b5ef0f-d6f4-4fee-a1ca-282677851928" />
    <UnitTestResult executionId="ba253f6d-38f2-4ddb-9462-eeab8577ab91" testId="71297538-06c8-da50-4cc6-34880fa40dfa" testName="HPD.RAG.Pipeline.Tests.Pipeline.RouterAdapterTests.AddRouter_Port1_RoutesToCorrectDownstreamNode" computerName="Einsteins-MacBook-Air" duration="00:00:00.0010000" startTime="2026-06-30T12:26:47.2358680-05:00" endTime="2026-06-30T12:26:47.2360660-05:00" testType="13cdc9d9-ddb5-4fa4-a97d-d965ccfc6d4b" outcome="NotExecuted" testListId="8c84fa94-04c1-424b-9868-57a2d4851a1d" relativeResultsDirectory="ba253f6d-38f2-4ddb-9462-eeab8577ab91">
      <Output>
        <ErrorInfo>
          <Message>DeferredAdapterHandler is internal and lives in _pipelineServices; orchestrator uses caller services — execution requires M6 integration host</Message>
        </ErrorInfo>
      </Output>
    </UnitTestResult>
    <UnitTestResult executionId="702b988c-e616-4421-80d3-921379924245" testId="80f85923-78a9-4c87-85fd-3adb13bba9e6" testName="HPD.RAG.Pipeline.Tests.DI.AddHPDMragTests.AddHPDMrag_UseReranker_UseChatClient_RegistersIReranker" computerName="Einsteins-MacBook-Air" duration="00:00:00.0023966" startTime="2026-06-30T12:26:47.2814620-05:00" endTime="2026-06-30T12:26:47.2837800-05:00" testType="13cdc9d9-ddb5-4fa4-a97d-d965ccfc6d4b" outcome="Passed" testListId="8c84fa94-04c1-424b-9868-57a2d4851a1d" relativeResultsDirectory="702b988c-e616-4421-80d3-921379924245" />
    <UnitTestResult executionId="eebbf715-0a1c-49d9-9854-c0a267fb2d9a" testId="bcf3cf23-c296-621c-be3f-1ae6e36b39a2" testName="HPD.RAG.Pipeline.Tests.Events.IngestionEventTests.RunStreamingAsync_EmitsDocumentWrittenEvent_ForEachDocument" computerName="Einsteins-MacBook-Air" duration="00:00:00.0583950" startTime="2026-06-30T12:26:47.2351020-05:00" endTime="2026-06-30T12:26:47.2964080-05:00" testType="13cdc9d9-ddb5-4fa4-a97d-d965ccfc6d4b" outcome="Passed" testListId="8c84fa94-04c1-424b-9868-57a2d4851a1d" relativeResultsDirectory="eebbf715-0a1c-49d9-9854-c0a267fb2d9a" />
    <UnitTestResult executionId="0f796652-dbca-478a-aecd-712891d318f9" testId="ae6ad947-1cf4-cdef-0a9f-5f49b7de5786" testName="HPD.RAG.Pipeline.Tests.Pipeline.MragPipelineBuilderTests.BuildIngestionAsync_ReturnsIngestionPipeline" computerName="Einsteins-MacBook-Air" duration="00:00:00.0002404" startTime="2026-06-30T12:26:47.3001380-05:00" endTime="2026-06-30T12:26:47.3003460-05:00" testType="13cdc9d9-ddb5-4fa4-a97d-d965ccfc6d4b" outcome="Passed" testListId="8c84fa94-04c1-424b-9868-57a2d4851a1d" relativeResultsDirectory="0f796652-dbca-478a-aecd-712891d318f9" />
    <UnitTestResult executionId="0dd78b9e-8c31-415c-b8f3-e48df703d608" testId="577de907-06b2-2077-d825-44ba23e1b14b" testName="HPD.RAG.Pipeline.Tests.Pipeline.ProcessorAdapterTests.AddProcessor_CreatesValidPipeline_WithCorrectName" computerName="Einsteins-MacBook-Air" duration="00:00:00.0178309" startTime="2026-06-30T12:26:47.2510250-05:00" endTime="2026-06-30T12:26:47.2546750-05:00" testType="13cdc9d9-ddb5-4fa4-a97d-d965ccfc6d4b" outcome="Passed" testListId="8c84fa94-04c1-424b-9868-57a2d4851a1d" relativeResultsDirectory="0dd78b9e-8c31-415c-b8f3-e48df703d608" />
    <UnitTestResult executionId="4908c5ba-5397-4321-a2aa-7b1e5914b389" testId="06ffd10c-96bb-850a-5ae2-2ebb7535e507" testName="HPD.RAG.Pipeline.Tests.Events.RetrievalEventTests.RetrievalStartedEvent_CanBeConstructed" computerName="Einsteins-MacBook-Air" duration="00:00:00.0034131" startTime="2026-06-30T12:26:47.2358580-05:00" endTime="2026-06-30T12:26:47.2513800-05:00" testType="13cdc9d9-ddb5-4fa4-a97d-d965ccfc6d4b" outcome="Passed" testListId="8c84fa94-04c1-424b-9868-57a2d4851a1d" relativeResultsDirectory="4908c5ba-5397-4321-a2aa-7b1e5914b389" />
    <UnitTestResult executionId="f7627eb7-197a-4a88-ba84-aae256fc70e8" testId="66f9eaa7-3fa8-c253-8d25-f35dc91072ec" testName="HPD.RAG.Pipeline.Tests.DI.AddHPDMragTests.AddHPDMrag_AddIngestionHandlers_HandlerTypesAreResolvable" computerName="Einsteins-MacBook-Air" duration="00:00:00.0109964" startTime="2026-06-30T12:26:47.2706770-05:00" endTime="2026-06-30T12:26:47.2813440-05:00" testType="13cdc9d9-ddb5-4fa4-a97d-d965ccfc6d4b" outcome="Passed" testListId="8c84fa94-04c1-424b-9868-57a2d4851a1d" relativeResultsDirectory="f7627eb7-197a-4a88-ba84-aae256fc70e8" />
    <UnitTestResult executionId="68aebf07-a556-48fe-b36d-8f2afb0c02ef" testId="90ef9675-063a-6f4a-8ae3-55d3b2fee159" testName="HPD.RAG.Pipeline.Tests.DI.AddHPDMragTests.AddHPDMrag_UseKeywordEnricher_RegistersChatClientWithCorrectKey" computerName="Einsteins-MacBook-Air" duration="00:00:00.0003433" startTime="2026-06-30T12:26:47.2842960-05:00" endTime="2026-06-30T12:26:47.2845100-05:00" testType="13cdc9d9-ddb5-4fa4-a97d-d965ccfc6d4b" outcome="Passed" testListId="8c84fa94-04c1-424b-9868-57a2d4851a1d" relativeResultsDirectory="68aebf07-a556-48fe-b36d-8f2afb0c02ef" />
    <UnitTestResult executionId="1de61a3d-7663-4672-8597-021411970813" testId="135e0758-9891-898c-1e62-6200e2b63621" testName="HPD.RAG.Pipeline.Tests.Pipeline.TypedPipelineTests.MragRetrievalPipeline_ImplementsIMragRetriever" computerName="Einsteins-MacBook-Air" duration="00:00:00.0180021" startTime="2026-06-30T12:26:47.2358370-05:00" endTime="2026-06-30T12:26:47.2551440-05:00" testType="13cdc9d9-ddb5-4fa4-a97d-d965ccfc6d4b" outcome="Passed" testListId="8c84fa94-04c1-424b-9868-57a2d4851a1d" relativeResultsDirectory="1de61a3d-7663-4672-8597-021411970813" />
    <UnitTestResult executionId="3601a6c2-7d27-46cf-996b-5278d6e96f7e" testId="8c40961b-0ead-491b-8939-24640d5b7c5f" testName="HPD.RAG.Pipeline.Tests.Events.IngestionEventTests.RunStreamingAsync_EmitsDocumentFailedEvent_OnHandlerError" computerName="Einsteins-MacBook-Air" duration="00:00:00.0010000" startTime="2026-06-30T12:26:47.2995470-05:00" endTime="2026-06-30T12:26:47.2995540-05:00" testType="13cdc9d9-ddb5-4fa4-a97d-d965ccfc6d4b" outcome="NotExecuted" testListId="8c84fa94-04c1-424b-9868-57a2d4851a1d" relativeResultsDirectory="3601a6c2-7d27-46cf-996b-5278d6e96f7e">
      <Output>
        <ErrorInfo>
          <Message>HandleFailureAsync never emits NodeExecutionCompletedEvent before halting; DocumentFailedEvent path unreachable in unit tests — covered by M6 IntegrationTests</Message>
        </ErrorInfo>
      </Output>
    </UnitTestResult>
    <UnitTestResult executionId="3e6c4e28-afb1-4068-81f0-8fce55242a88" testId="e89ce267-3584-9e4e-aefa-9a61e6e07dcd" testName="HPD.RAG.Pipeline.Tests.Pipeline.RouterAdapterTests.AddRouter_LessThan2Ports_ThrowsArgumentOutOfRange" computerName="Einsteins-MacBook-Air" duration="00:00:00.0040992" startTime="2026-06-30T12:26:47.2407760-05:00" endTime="2026-06-30T12:26:47.2520950-05:00" testType="13cdc9d9-ddb5-4fa4-a97d-d965ccfc6d4b" outcome="Passed" testListId="8c84fa94-04c1-424b-9868-57a2d4851a1d" relativeResultsDirectory="3e6c4e28-afb1-4068-81f0-8fce55242a88" />
    <UnitTestResult executionId="1faeb807-27ab-47f1-810f-20f15a461240" testId="c82ba3a6-60cf-fee0-e3ba-8aed27814575" testName="HPD.RAG.Pipeline.Tests.Pipeline.RagGraphBuilderExtensionsTests.AddMragGraphSerialization_RegistersResolverContributor" computerName="Einsteins-MacBook-Air" duration="00:00:00.0017359" startTime="2026-06-30T12:26:47.2698440-05:00" endTime="2026-06-30T12:26:47.2715000-05:00" testType="13cdc9d9-ddb5-4fa4-a97d-d965ccfc6d4b" outcome="Passed" testListId="8c84fa94-04c1-424b-9868-57a2d4851a1d" relativeResultsDirectory="1faeb807-27ab-47f1-810f-20f15a461240" />
    <UnitTestResult executionId="4e48bd88-1657-4f1b-a65c-b86010fc68b6" testId="d57f51e6-9d87-8142-7ec0-e950bcb1fd1e" testName="HPD.RAG.Pipeline.Tests.DI.AddHPDMragTests.AddHPDMrag_RegisterVectorStore_InMemory_VectorStoreIsResolvable" computerName="Einsteins-MacBook-Air" duration="00:00:00.0001253" startTime="2026-06-30T12:26:47.2869040-05:00" endTime="2026-06-30T12:26:47.2869280-05:00" testType="13cdc9d9-ddb5-4fa4-a97d-d965ccfc6d4b" outcome="Passed" testListId="8c84fa94-04c1-424b-9868-57a2d4851a1d" relativeResultsDirectory="4e48bd88-1657-4f1b-a65c-b86010fc68b6" />
    <UnitTestResult executionId="db2f5ed7-ce42-46c2-8286-2c9643471400" testId="60430fa4-e6b3-67cb-9e81-4e714d060096" testName="HPD.RAG.Pipeline.Tests.Pipeline.RagGraphBuilderExtensionsTests.MragEdgeBuilder_UsesGraphDefaultConditionForDefaultRoutes" computerName="Einsteins-MacBook-Air" duration="00:00:00.0014862" startTime="2026-06-30T12:26:47.2715670-05:00" endTime="2026-06-30T12:26:47.2729920-05:00" testType="13cdc9d9-ddb5-4fa4-a97d-d965ccfc6d4b" outcome="Passed" testListId="8c84fa94-04c1-424b-9868-57a2d4851a1d" relativeResultsDirectory="db2f5ed7-ce42-46c2-8286-2c9643471400" />
  </Results>
  <TestDefinitions>
    <UnitTest name="HPD.RAG.Pipeline.Tests.Pipeline.RagGraphBuilderExtensionsTests.MragEdgeBuilder_UsesGraphDefaultConditionForDefaultRoutes" storage="/users/ewoof/desktop/hpd-os/dotnet/hpd-rag.framework/test/hpd-rag.pipeline.tests/bin/debug/net9.0/hpd-rag.pipeline.tests.dll" id="60430fa4-e6b3-67cb-9e81-4e714d060096">
      <Execution id="db2f5ed7-ce42-46c2-8286-2c9643471400" />
      <TestMethod codeBase="/Users/ewoof/Desktop/HPD-OS/dotnet/HPD-RAG.Framework/test/HPD-RAG.Pipeline.Tests/bin/Debug/net9.0/HPD-RAG.Pipeline.Tests.dll" adapterTypeName="executor://xunit/VsTestRunner3/netcore/" className="HPD.RAG.Pipeline.Tests.Pipeline.RagGraphBuilderExtensionsTests" name="MragEdgeBuilder_UsesGraphDefaultConditionForDefaultRoutes" />
    </UnitTest>
    <UnitTest name="HPD.RAG.Pipeline.Tests.Events.EvaluationEventTests.EvaluationEventTypes_AreSubtypesOfMragEvent" storage="/users/ewoof/desktop/hpd-os/dotnet/hpd-rag.framework/test/hpd-rag.pipeline.tests/bin/debug/net9.0/hpd-rag.pipeline.tests.dll" id="1cc3a24b-540b-9bdd-c3d2-40619c570d3b">
      <Execution id="b0d54833-4a69-409a-b90d-71de845c8ef2" />
      <TestMethod codeBase="/Users/ewoof/Desktop/HPD-OS/dotnet/HPD-RAG.Framework/test/HPD-RAG.Pipeline.Tests/bin/Debug/net9.0/HPD-RAG.Pipeline.Tests.dll" adapterTypeName="executor://xunit/VsTestRunner3/netcore/" className="HPD.RAG.Pipeline.Tests.Events.EvaluationEventTests" name="EvaluationEventTypes_AreSubtypesOfMragEvent" />
    </UnitTest>
    <UnitTest name="HPD.RAG.Pipeline.Tests.Events.RetrievalEventTests.RetrievalStartedEvent_CanBeConstructed" storage="/users/ewoof/desktop/hpd-os/dotnet/hpd-rag.framework/test/hpd-rag.pipeline.tests/bin/debug/net9.0/hpd-rag.pipeline.tests.dll" id="06ffd10c-96bb-850a-5ae2-2ebb7535e507">
      <Execution id="4908c5ba-5397-4321-a2aa-7b1e5914b389" />
      <TestMethod codeBase="/Users/ewoof/Desktop/HPD-OS/dotnet/HPD-RAG.Framework/test/HPD-RAG.Pipeline.Tests/bin/Debug/net9.0/HPD-RAG.Pipeline.Tests.dll" adapterTypeName="executor://xunit/VsTestRunner3/netcore/" className="HPD.RAG.Pipeline.Tests.Events.RetrievalEventTests" name="RetrievalStartedEvent_CanBeConstructed" />
    </UnitTest>
    <UnitTest name="HPD.RAG.Pipeline.Tests.Pipeline.ResilienceOptionTests.AddHandler_WithProducesArtifact_BuildsSuccessfully" storage="/users/ewoof/desktop/hpd-os/dotnet/hpd-rag.framework/test/hpd-rag.pipeline.tests/bin/debug/net9.0/hpd-rag.pipeline.tests.dll" id="e05a02b3-a8c7-72c4-3e91-2a13ccd2cf0c">
      <Execution id="6c3207d2-0efb-4f27-a7bf-8c1330564ac7" />
      <TestMethod codeBase="/Users/ewoof/Desktop/HPD-OS/dotnet/HPD-RAG.Framework/test/HPD-RAG.Pipeline.Tests/bin/Debug/net9.0/HPD-RAG.Pipeline.Tests.dll" adapterTypeName="executor://xunit/VsTestRunner3/netcore/" className="HPD.RAG.Pipeline.Tests.Pipeline.ResilienceOptionTests" name="AddHandler_WithProducesArtifact_BuildsSuccessfully" />
    </UnitTest>
    <UnitTest name="HPD.RAG.Pipeline.Tests.Pipeline.ResilienceOptionTests.AddHandler_DefaultRetryPolicy_BuildsSuccessfully" storage="/users/ewoof/desktop/hpd-os/dotnet/hpd-rag.framework/test/hpd-rag.pipeline.tests/bin/debug/net9.0/hpd-rag.pipeline.tests.dll" id="b3d7bced-98a2-f809-89dd-4e8336f8c159">
      <Execution id="1a69d1f3-0189-439a-87cb-76e0559c02c3" />
      <TestMethod codeBase="/Users/ewoof/Desktop/HPD-OS/dotnet/HPD-RAG.Framework/test/HPD-RAG.Pipeline.Tests/bin/Debug/net9.0/HPD-RAG.Pipeline.Tests.dll" adapterTypeName="executor://xunit/VsTestRunner3/netcore/" className="HPD.RAG.Pipeline.Tests.Pipeline.ResilienceOptionTests" name="AddHandler_DefaultRetryPolicy_BuildsSuccessfully" />
    </UnitTest>
    <UnitTest name="HPD.RAG.Pipeline.Tests.Pipeline.ProcessorAdapterTests.AddProcessor_ProcessAsyncCalled_WithCorrectInput" storage="/users/ewoof/desktop/hpd-os/dotnet/hpd-rag.framework/test/hpd-rag.pipeline.tests/bin/debug/net9.0/hpd-rag.pipeline.tests.dll" id="204c314e-1367-2781-8a92-68d927f73d8b">
      <Execution id="4dcaaa23-a24a-4527-bdd3-06a84a677798" />
      <TestMethod codeBase="/Users/ewoof/Desktop/HPD-OS/dotnet/HPD-RAG.Framework/test/HPD-RAG.Pipeline.Tests/bin/Debug/net9.0/HPD-RAG.Pipeline.Tests.dll" adapterTypeName="executor://xunit/VsTestRunner3/netcore/" className="HPD.RAG.Pipeline.Tests.Pipeline.ProcessorAdapterTests" name="AddProcessor_ProcessAsyncCalled_WithCorrectInput" />
    </UnitTest>
    <UnitTest name="HPD.RAG.Pipeline.Tests.Pipeline.MragPipelineBuilderTests.AddHandler_DuplicateNodeId_ThrowsInvalidOperationException" storage="/users/ewoof/desktop/hpd-os/dotnet/hpd-rag.framework/test/hpd-rag.pipeline.tests/bin/debug/net9.0/hpd-rag.pipeline.tests.dll" id="a54f8057-9cb5-a10a-ebcb-652a51014249">
      <Execution id="e1faffcd-5903-4fd0-9af8-6f14e9c57c98" />
      <TestMethod codeBase="/Users/ewoof/Desktop/HPD-OS/dotnet/HPD-RAG.Framework/test/HPD-RAG.Pipeline.Tests/bin/Debug/net9.0/HPD-RAG.Pipeline.Tests.dll" adapterTypeName="executor://xunit/VsTestRunner3/netcore/" className="HPD.RAG.Pipeline.Tests.Pipeline.MragPipelineBuilderTests" name="AddHandler_DuplicateNodeId_ThrowsInvalidOperationException" />
    </UnitTest>
    <UnitTest name="HPD.RAG.Pipeline.Tests.DI.AddHPDMragTests.AddHPDMrag_EmbeddingGenerator_KeyedServiceIsResolvable" storage="/users/ewoof/desktop/hpd-os/dotnet/hpd-rag.framework/test/hpd-rag.pipeline.tests/bin/debug/net9.0/hpd-rag.pipeline.tests.dll" id="201a36d6-a966-d270-6e69-0c7c5cd035f7">
      <Execution id="5b7a0aac-5f51-4f23-882b-fec9035137ae" />
      <TestMethod codeBase="/Users/ewoof/Desktop/HPD-OS/dotnet/HPD-RAG.Framework/test/HPD-RAG.Pipeline.Tests/bin/Debug/net9.0/HPD-RAG.Pipeline.Tests.dll" adapterTypeName="executor://xunit/VsTestRunner3/netcore/" className="HPD.RAG.Pipeline.Tests.DI.AddHPDMragTests" name="AddHPDMrag_EmbeddingGenerator_KeyedServiceIsResolvable" />
    </UnitTest>
    <UnitTest name="HPD.RAG.Pipeline.Tests.Pipeline.ProcessorAdapterTests.AddProcessor_RegisteredInDI_BuildDoesNotThrow" storage="/users/ewoof/desktop/hpd-os/dotnet/hpd-rag.framework/test/hpd-rag.pipeline.tests/bin/debug/net9.0/hpd-rag.pipeline.tests.dll" id="b33f9027-fc6c-34e1-d24b-6e27db341c25">
      <Execution id="13472742-1e1e-4126-8598-19f5ccf9eeb1" />
      <TestMethod codeBase="/Users/ewoof/Desktop/HPD-OS/dotnet/HPD-RAG.Framework/test/HPD-RAG.Pipeline.Tests/bin/Debug/net9.0/HPD-RAG.Pipeline.Tests.dll" adapterTypeName="executor://xunit/VsTestRunner3/netcore/" className="HPD.RAG.Pipeline.Tests.Pipeline.ProcessorAdapterTests" name="AddProcessor_RegisteredInDI_BuildDoesNotThrow" />
    </UnitTest>
    <UnitTest name="HPD.RAG.Pipeline.Tests.Pipeline.MragPipelineBuilderTests.BuildEvaluationAsync_ReturnsEvaluationPipeline" storage="/users/ewoof/desktop/hpd-os/dotnet/hpd-rag.framework/test/hpd-rag.pipeline.tests/bin/debug/net9.0/hpd-rag.pipeline.tests.dll" id="7b8eecf8-ca0c-241d-ec9f-8e05419d40d6">
      <Execution id="3ca20c03-a504-41ef-9f1f-726b02233c78" />
      <TestMethod codeBase="/Users/ewoof/Desktop/HPD-OS/dotnet/HPD-RAG.Framework/test/HPD-RAG.Pipeline.Tests/bin/Debug/net9.0/HPD-RAG.Pipeline.Tests.dll" adapterTypeName="executor://xunit/VsTestRunner3/netcore/" className="HPD.RAG.Pipeline.Tests.Pipeline.MragPipelineBuilderTests" name="BuildEvaluationAsync_ReturnsEvaluationPipeline" />
    </UnitTest>
    <UnitTest name="HPD.RAG.Pipeline.Tests.Pipeline.TypedPipelineTests.MragRetrievalPipeline_ImplementsIMragRetriever" storage="/users/ewoof/desktop/hpd-os/dotnet/hpd-rag.framework/test/hpd-rag.pipeline.tests/bin/debug/net9.0/hpd-rag.pipeline.tests.dll" id="135e0758-9891-898c-1e62-6200e2b63621">
      <Execution id="1de61a3d-7663-4672-8597-021411970813" />
      <TestMethod codeBase="/Users/ewoof/Desktop/HPD-OS/dotnet/HPD-RAG.Framework/test/HPD-RAG.Pipeline.Tests/bin/Debug/net9.0/HPD-RAG.Pipeline.Tests.dll" adapterTypeName="executor://xunit/VsTestRunner3/netcore/" className="HPD.RAG.Pipeline.Tests.Pipeline.TypedPipelineTests" name="MragRetrievalPipeline_ImplementsIMragRetriever" />
    </UnitTest>
    <UnitTest name="HPD.RAG.Pipeline.Tests.DI.AddHPDMragTests.AddHPDMrag_TwoCalls_ContainerBuildsCorrectly" storage="/users/ewoof/desktop/hpd-os/dotnet/hpd-rag.framework/test/hpd-rag.pipeline.tests/bin/debug/net9.0/hpd-rag.pipeline.tests.dll" id="2e312a6f-310f-6ac7-f33b-3c4fd1ed9699">
      <Execution id="a8cd0b6b-47ec-4d9d-903d-9dc53417946e" />
      <TestMethod codeBase="/Users/ewoof/Desktop/HPD-OS/dotnet/HPD-RAG.Framework/test/HPD-RAG.Pipeline.Tests/bin/Debug/net9.0/HPD-RAG.Pipeline.Tests.dll" adapterTypeName="executor://xunit/VsTestRunner3/netcore/" className="HPD.RAG.Pipeline.Tests.DI.AddHPDMragTests" name="AddHPDMrag_TwoCalls_ContainerBuildsCorrectly" />
    </UnitTest>
    <UnitTest name="HPD.RAG.Pipeline.Tests.DI.AddHPDMragTests.AddHPDMrag_CalledTwice_DoesNotThrow" storage="/users/ewoof/desktop/hpd-os/dotnet/hpd-rag.framework/test/hpd-rag.pipeline.tests/bin/debug/net9.0/hpd-rag.pipeline.tests.dll" id="e5ae6556-87e5-6cb1-4a0e-1155a23eb759">
      <Execution id="f80dd2a0-a58d-4dda-8256-5772fcfca958" />
      <TestMethod codeBase="/Users/ewoof/Desktop/HPD-OS/dotnet/HPD-RAG.Framework/test/HPD-RAG.Pipeline.Tests/bin/Debug/net9.0/HPD-RAG.Pipeline.Tests.dll" adapterTypeName="executor://xunit/VsTestRunner3/netcore/" className="HPD.RAG.Pipeline.Tests.DI.AddHPDMragTests" name="AddHPDMrag_CalledTwice_DoesNotThrow" />
    </UnitTest>
    <UnitTest name="HPD.RAG.Pipeline.Tests.Pipeline.ResilienceOptionTests.AddHandler_WithRetryOverride_BuildsSuccessfully" storage="/users/ewoof/desktop/hpd-os/dotnet/hpd-rag.framework/test/hpd-rag.pipeline.tests/bin/debug/net9.0/hpd-rag.pipeline.tests.dll" id="8a0250e4-d795-0164-6b8c-a3c39da620e7">
      <Execution id="cb013cd1-ac19-4690-b8cf-f446d82e480f" />
      <TestMethod codeBase="/Users/ewoof/Desktop/HPD-OS/dotnet/HPD-RAG.Framework/test/HPD-RAG.Pipeline.Tests/bin/Debug/net9.0/HPD-RAG.Pipeline.Tests.dll" adapterTypeName="executor://xunit/VsTestRunner3/netcore/" className="HPD.RAG.Pipeline.Tests.Pipeline.ResilienceOptionTests" name="AddHandler_WithRetryOverride_BuildsSuccessfully" />
    </UnitTest>
    <UnitTest name="HPD.RAG.Pipeline.Tests.Pipeline.RagGraphBuilderExtensionsTests.MragEdgeBuilder_CanCreateFanInFanOutEdges" storage="/users/ewoof/desktop/hpd-os/dotnet/hpd-rag.framework/test/hpd-rag.pipeline.tests/bin/debug/net9.0/hpd-rag.pipeline.tests.dll" id="d072b057-06f8-c8a3-7dc3-1dc2da511476">
      <Execution id="cc0ac515-ed1d-4bd4-96cc-e40a973908a1" />
      <TestMethod codeBase="/Users/ewoof/Desktop/HPD-OS/dotnet/HPD-RAG.Framework/test/HPD-RAG.Pipeline.Tests/bin/Debug/net9.0/HPD-RAG.Pipeline.Tests.dll" adapterTypeName="executor://xunit/VsTestRunner3/netcore/" className="HPD.RAG.Pipeline.Tests.Pipeline.RagGraphBuilderExtensionsTests" name="MragEdgeBuilder_CanCreateFanInFanOutEdges" />
    </UnitTest>
    <UnitTest name="HPD.RAG.Pipeline.Tests.Pipeline.ResilienceOptionTests.MragRetryPolicy_Attempts_SetsMaxAttempts" storage="/users/ewoof/desktop/hpd-os/dotnet/hpd-rag.framework/test/hpd-rag.pipeline.tests/bin/debug/net9.0/hpd-rag.pipeline.tests.dll" id="ed835606-49c4-eb08-c4cf-228e628ab42a">
      <Execution id="39b5ef0f-d6f4-4fee-a1ca-282677851928" />
      <TestMethod codeBase="/Users/ewoof/Desktop/HPD-OS/dotnet/HPD-RAG.Framework/test/HPD-RAG.Pipeline.Tests/bin/Debug/net9.0/HPD-RAG.Pipeline.Tests.dll" adapterTypeName="executor://xunit/VsTestRunner3/netcore/" className="HPD.RAG.Pipeline.Tests.Pipeline.ResilienceOptionTests" name="MragRetryPolicy_Attempts_SetsMaxAttempts" />
    </UnitTest>
    <UnitTest name="HPD.RAG.Pipeline.Tests.Events.RetrievalEventTests.RetrieveStreamingAsync_EmitsRetrievalStartedEvent" storage="/users/ewoof/desktop/hpd-os/dotnet/hpd-rag.framework/test/hpd-rag.pipeline.tests/bin/debug/net9.0/hpd-rag.pipeline.tests.dll" id="147af68d-5aa6-ee2e-923e-7107c3fc1397">
      <Execution id="886a5cf3-c23a-45d1-8400-937a2c158ab6" />
      <TestMethod codeBase="/Users/ewoof/Desktop/HPD-OS/dotnet/HPD-RAG.Framework/test/HPD-RAG.Pipeline.Tests/bin/Debug/net9.0/HPD-RAG.Pipeline.Tests.dll" adapterTypeName="executor://xunit/VsTestRunner3/netcore/" className="HPD.RAG.Pipeline.Tests.Events.RetrievalEventTests" name="RetrieveStreamingAsync_EmitsRetrievalStartedEvent" />
    </UnitTest>
    <UnitTest name="HPD.RAG.Pipeline.Tests.Pipeline.RouterAdapterTests.AddRouter_Port0_RoutesToCorrectDownstreamNode" storage="/users/ewoof/desktop/hpd-os/dotnet/hpd-rag.framework/test/hpd-rag.pipeline.tests/bin/debug/net9.0/hpd-rag.pipeline.tests.dll" id="7091c77e-22d4-085a-c481-921c858bf376">
      <Execution id="eb2cc3d4-f0f9-4aa6-8ed3-059b2a335060" />
      <TestMethod codeBase="/Users/ewoof/Desktop/HPD-OS/dotnet/HPD-RAG.Framework/test/HPD-RAG.Pipeline.Tests/bin/Debug/net9.0/HPD-RAG.Pipeline.Tests.dll" adapterTypeName="executor://xunit/VsTestRunner3/netcore/" className="HPD.RAG.Pipeline.Tests.Pipeline.RouterAdapterTests" name="AddRouter_Port0_RoutesToCorrectDownstreamNode" />
    </UnitTest>
    <UnitTest name="HPD.RAG.Pipeline.Tests.Pipeline.MragPipelineBuilderTests.AddHandler_UnknownHandlerName_DoesNotThrowAtBuildTime" storage="/users/ewoof/desktop/hpd-os/dotnet/hpd-rag.framework/test/hpd-rag.pipeline.tests/bin/debug/net9.0/hpd-rag.pipeline.tests.dll" id="27b66f3d-1a81-8fdf-f7ab-dac3b281bae1">
      <Execution id="9b9a5aeb-e5fa-405d-9a64-37aae9c7a866" />
      <TestMethod codeBase="/Users/ewoof/Desktop/HPD-OS/dotnet/HPD-RAG.Framework/test/HPD-RAG.Pipeline.Tests/bin/Debug/net9.0/HPD-RAG.Pipeline.Tests.dll" adapterTypeName="executor://xunit/VsTestRunner3/netcore/" className="HPD.RAG.Pipeline.Tests.Pipeline.MragPipelineBuilderTests" name="AddHandler_UnknownHandlerName_DoesNotThrowAtBuildTime" />
    </UnitTest>
    <UnitTest name="HPD.RAG.Pipeline.Tests.Pipeline.RagGraphBuilderExtensionsTests.AddRagEvaluation_GraphSerializesAsGraphConfig" storage="/users/ewoof/desktop/hpd-os/dotnet/hpd-rag.framework/test/hpd-rag.pipeline.tests/bin/debug/net9.0/hpd-rag.pipeline.tests.dll" id="619c1f07-fa07-c9c6-1aa4-1992f6926d6b">
      <Execution id="616889da-f255-412e-bf30-c1e120b5f48f" />
      <TestMethod codeBase="/Users/ewoof/Desktop/HPD-OS/dotnet/HPD-RAG.Framework/test/HPD-RAG.Pipeline.Tests/bin/Debug/net9.0/HPD-RAG.Pipeline.Tests.dll" adapterTypeName="executor://xunit/VsTestRunner3/netcore/" className="HPD.RAG.Pipeline.Tests.Pipeline.RagGraphBuilderExtensionsTests" name="AddRagEvaluation_GraphSerializesAsGraphConfig" />
    </UnitTest>
    <UnitTest name="HPD.RAG.Pipeline.Tests.Events.IngestionEventTests.DocumentSkippedEvent_CanBeConstructed" storage="/users/ewoof/desktop/hpd-os/dotnet/hpd-rag.framework/test/hpd-rag.pipeline.tests/bin/debug/net9.0/hpd-rag.pipeline.tests.dll" id="b54179d2-ddbc-5b77-f7ba-e564d23ffca9">
      <Execution id="9454305e-e5a0-4b36-86ec-c2ffebc994bc" />
      <TestMethod codeBase="/Users/ewoof/Desktop/HPD-OS/dotnet/HPD-RAG.Framework/test/HPD-RAG.Pipeline.Tests/bin/Debug/net9.0/HPD-RAG.Pipeline.Tests.dll" adapterTypeName="executor://xunit/VsTestRunner3/netcore/" className="HPD.RAG.Pipeline.Tests.Events.IngestionEventTests" name="DocumentSkippedEvent_CanBeConstructed" />
    </UnitTest>
    <UnitTest name="HPD.RAG.Pipeline.Tests.Events.EvaluationEventTests.BackfillAsync_EmitsEvalPartitionCompletedEvent_PerPartition" storage="/users/ewoof/desktop/hpd-os/dotnet/hpd-rag.framework/test/hpd-rag.pipeline.tests/bin/debug/net9.0/hpd-rag.pipeline.tests.dll" id="cc568de0-e3a5-47fa-a5ba-a8d31fc5872b">
      <Execution id="5cd12d3e-5592-44f1-821d-e07bb2dd360e" />
      <TestMethod codeBase="/Users/ewoof/Desktop/HPD-OS/dotnet/HPD-RAG.Framework/test/HPD-RAG.Pipeline.Tests/bin/Debug/net9.0/HPD-RAG.Pipeline.Tests.dll" adapterTypeName="executor://xunit/VsTestRunner3/netcore/" className="HPD.RAG.Pipeline.Tests.Events.EvaluationEventTests" name="BackfillAsync_EmitsEvalPartitionCompletedEvent_PerPartition" />
    </UnitTest>
    <UnitTest name="HPD.RAG.Pipeline.Tests.DI.AddHPDMragTests.AddHPDMrag_AddIngestionHandlers_HandlerTypesAreResolvable" storage="/users/ewoof/desktop/hpd-os/dotnet/hpd-rag.framework/test/hpd-rag.pipeline.tests/bin/debug/net9.0/hpd-rag.pipeline.tests.dll" id="66f9eaa7-3fa8-c253-8d25-f35dc91072ec">
      <Execution id="f7627eb7-197a-4a88-ba84-aae256fc70e8" />
      <TestMethod codeBase="/Users/ewoof/Desktop/HPD-OS/dotnet/HPD-RAG.Framework/test/HPD-RAG.Pipeline.Tests/bin/Debug/net9.0/HPD-RAG.Pipeline.Tests.dll" adapterTypeName="executor://xunit/VsTestRunner3/netcore/" className="HPD.RAG.Pipeline.Tests.DI.AddHPDMragTests" name="AddHPDMrag_AddIngestionHandlers_HandlerTypesAreResolvable" />
    </UnitTest>
    <UnitTest name="HPD.RAG.Pipeline.Tests.Events.RetrievalEventTests.RetrieveStreamingAsync_WhenCompletedEventPresent_HasCorrectProperties" storage="/users/ewoof/desktop/hpd-os/dotnet/hpd-rag.framework/test/hpd-rag.pipeline.tests/bin/debug/net9.0/hpd-rag.pipeline.tests.dll" id="001deff1-8a3d-c328-7e3a-6df854f49bca">
      <Execution id="ceb14139-bc05-47a6-bf69-71515c93e6c7" />
      <TestMethod codeBase="/Users/ewoof/Desktop/HPD-OS/dotnet/HPD-RAG.Framework/test/HPD-RAG.Pipeline.Tests/bin/Debug/net9.0/HPD-RAG.Pipeline.Tests.dll" adapterTypeName="executor://xunit/VsTestRunner3/netcore/" className="HPD.RAG.Pipeline.Tests.Events.RetrievalEventTests" name="RetrieveStreamingAsync_WhenCompletedEventPresent_HasCorrectProperties" />
    </UnitTest>
    <UnitTest name="HPD.RAG.Pipeline.Tests.Events.IngestionEventTests.RunStreamingAsync_EmitsIngestionStartedEvent" storage="/users/ewoof/desktop/hpd-os/dotnet/hpd-rag.framework/test/hpd-rag.pipeline.tests/bin/debug/net9.0/hpd-rag.pipeline.tests.dll" id="ab6c01f9-c532-ed2f-0da2-84a12c121dda">
      <Execution id="9d837c6a-838b-47db-b6a9-c910e3c56748" />
      <TestMethod codeBase="/Users/ewoof/Desktop/HPD-OS/dotnet/HPD-RAG.Framework/test/HPD-RAG.Pipeline.Tests/bin/Debug/net9.0/HPD-RAG.Pipeline.Tests.dll" adapterTypeName="executor://xunit/VsTestRunner3/netcore/" className="HPD.RAG.Pipeline.Tests.Events.IngestionEventTests" name="RunStreamingAsync_EmitsIngestionStartedEvent" />
    </UnitTest>
    <UnitTest name="HPD.RAG.Pipeline.Tests.Events.IngestionEventTests.RunStreamingAsync_EmitsDocumentFailedEvent_OnHandlerError" storage="/users/ewoof/desktop/hpd-os/dotnet/hpd-rag.framework/test/hpd-rag.pipeline.tests/bin/debug/net9.0/hpd-rag.pipeline.tests.dll" id="8c40961b-0ead-491b-8939-24640d5b7c5f">
      <Execution id="3601a6c2-7d27-46cf-996b-5278d6e96f7e" />
      <TestMethod codeBase="/Users/ewoof/Desktop/HPD-OS/dotnet/HPD-RAG.Framework/test/HPD-RAG.Pipeline.Tests/bin/Debug/net9.0/HPD-RAG.Pipeline.Tests.dll" adapterTypeName="executor://xunit/VsTestRunner3/netcore/" className="HPD.RAG.Pipeline.Tests.Events.IngestionEventTests" name="RunStreamingAsync_EmitsDocumentFailedEvent_OnHandlerError" />
    </UnitTest>
    <UnitTest name="HPD.RAG.Pipeline.Tests.Pipeline.TypedPipelineTests.MragRetrievalPipeline_RetrieveAsync_ReturnsFormattedContext" storage="/users/ewoof/desktop/hpd-os/dotnet/hpd-rag.framework/test/hpd-rag.pipeline.tests/bin/debug/net9.0/hpd-rag.pipeline.tests.dll" id="f81daeab-a1b0-108b-1284-2e769730a92f">
      <Execution id="3d0ba7c4-2ebb-401a-bef8-0ae6498c2726" />
      <TestMethod codeBase="/Users/ewoof/Desktop/HPD-OS/dotnet/HPD-RAG.Framework/test/HPD-RAG.Pipeline.Tests/bin/Debug/net9.0/HPD-RAG.Pipeline.Tests.dll" adapterTypeName="executor://xunit/VsTestRunner3/netcore/" className="HPD.RAG.Pipeline.Tests.Pipeline.TypedPipelineTests" name="MragRetrievalPipeline_RetrieveAsync_ReturnsFormattedContext" />
    </UnitTest>
    <UnitTest name="HPD.RAG.Pipeline.Tests.Pipeline.RouterAdapterTests.AddRouter_Port1_RoutesToCorrectDownstreamNode" storage="/users/ewoof/desktop/hpd-os/dotnet/hpd-rag.framework/test/hpd-rag.pipeline.tests/bin/debug/net9.0/hpd-rag.pipeline.tests.dll" id="71297538-06c8-da50-4cc6-34880fa40dfa">
      <Execution id="ba253f6d-38f2-4ddb-9462-eeab8577ab91" />
      <TestMethod codeBase="/Users/ewoof/Desktop/HPD-OS/dotnet/HPD-RAG.Framework/test/HPD-RAG.Pipeline.Tests/bin/Debug/net9.0/HPD-RAG.Pipeline.Tests.dll" adapterTypeName="executor://xunit/VsTestRunner3/netcore/" className="HPD.RAG.Pipeline.Tests.Pipeline.RouterAdapterTests" name="AddRouter_Port1_RoutesToCorrectDownstreamNode" />
    </UnitTest>
    <UnitTest name="HPD.RAG.Pipeline.Tests.Events.EvaluationEventTests.BackfillAsync_EmitsEvalStartedAndCompleted" storage="/users/ewoof/desktop/hpd-os/dotnet/hpd-rag.framework/test/hpd-rag.pipeline.tests/bin/debug/net9.0/hpd-rag.pipeline.tests.dll" id="1dd31440-6ac9-48f7-8fe6-5f2936771e99">
      <Execution id="0f7f8d02-112f-4762-8c30-991f86d1b07e" />
      <TestMethod codeBase="/Users/ewoof/Desktop/HPD-OS/dotnet/HPD-RAG.Framework/test/HPD-RAG.Pipeline.Tests/bin/Debug/net9.0/HPD-RAG.Pipeline.Tests.dll" adapterTypeName="executor://xunit/VsTestRunner3/netcore/" className="HPD.RAG.Pipeline.Tests.Events.EvaluationEventTests" name="BackfillAsync_EmitsEvalStartedAndCompleted" />
    </UnitTest>
    <UnitTest name="HPD.RAG.Pipeline.Tests.Pipeline.ProcessorAdapterTests.AddProcessor_CreatesValidPipeline_WithCorrectName" storage="/users/ewoof/desktop/hpd-os/dotnet/hpd-rag.framework/test/hpd-rag.pipeline.tests/bin/debug/net9.0/hpd-rag.pipeline.tests.dll" id="577de907-06b2-2077-d825-44ba23e1b14b">
      <Execution id="0dd78b9e-8c31-415c-b8f3-e48df703d608" />
      <TestMethod codeBase="/Users/ewoof/Desktop/HPD-OS/dotnet/HPD-RAG.Framework/test/HPD-RAG.Pipeline.Tests/bin/Debug/net9.0/HPD-RAG.Pipeline.Tests.dll" adapterTypeName="executor://xunit/VsTestRunner3/netcore/" className="HPD.RAG.Pipeline.Tests.Pipeline.ProcessorAdapterTests" name="AddProcessor_CreatesValidPipeline_WithCorrectName" />
    </UnitTest>
    <UnitTest name="HPD.RAG.Pipeline.Tests.Events.RetrievalEventTests.RetrieveStreamingAsync_EmitsVectorSearchCompletedEvent" storage="/users/ewoof/desktop/hpd-os/dotnet/hpd-rag.framework/test/hpd-rag.pipeline.tests/bin/debug/net9.0/hpd-rag.pipeline.tests.dll" id="402d1976-a7a9-9c4f-ec6f-aa053781e487">
      <Execution id="a34c84fa-5078-4616-83de-2016651df492" />
      <TestMethod codeBase="/Users/ewoof/Desktop/HPD-OS/dotnet/HPD-RAG.Framework/test/HPD-RAG.Pipeline.Tests/bin/Debug/net9.0/HPD-RAG.Pipeline.Tests.dll" adapterTypeName="executor://xunit/VsTestRunner3/netcore/" className="HPD.RAG.Pipeline.Tests.Events.RetrievalEventTests" name="RetrieveStreamingAsync_EmitsVectorSearchCompletedEvent" />
    </UnitTest>
    <UnitTest name="HPD.RAG.Pipeline.Tests.DI.AddHPDMragTests.AddHPDMrag_UseReranker_UseChatClient_RegistersIReranker" storage="/users/ewoof/desktop/hpd-os/dotnet/hpd-rag.framework/test/hpd-rag.pipeline.tests/bin/debug/net9.0/hpd-rag.pipeline.tests.dll" id="80f85923-78a9-4c87-85fd-3adb13bba9e6">
      <Execution id="702b988c-e616-4421-80d3-921379924245" />
      <TestMethod codeBase="/Users/ewoof/Desktop/HPD-OS/dotnet/HPD-RAG.Framework/test/HPD-RAG.Pipeline.Tests/bin/Debug/net9.0/HPD-RAG.Pipeline.Tests.dll" adapterTypeName="executor://xunit/VsTestRunner3/netcore/" className="HPD.RAG.Pipeline.Tests.DI.AddHPDMragTests" name="AddHPDMrag_UseReranker_UseChatClient_RegistersIReranker" />
    </UnitTest>
    <UnitTest name="HPD.RAG.Pipeline.Tests.Pipeline.RagGraphBuilderExtensionsTests.AddMragGraphSerialization_RegistersResolverContributor" storage="/users/ewoof/desktop/hpd-os/dotnet/hpd-rag.framework/test/hpd-rag.pipeline.tests/bin/debug/net9.0/hpd-rag.pipeline.tests.dll" id="c82ba3a6-60cf-fee0-e3ba-8aed27814575">
      <Execution id="1faeb807-27ab-47f1-810f-20f15a461240" />
      <TestMethod codeBase="/Users/ewoof/Desktop/HPD-OS/dotnet/HPD-RAG.Framework/test/HPD-RAG.Pipeline.Tests/bin/Debug/net9.0/HPD-RAG.Pipeline.Tests.dll" adapterTypeName="executor://xunit/VsTestRunner3/netcore/" className="HPD.RAG.Pipeline.Tests.Pipeline.RagGraphBuilderExtensionsTests" name="AddMragGraphSerialization_RegistersResolverContributor" />
    </UnitTest>
    <UnitTest name="HPD.RAG.Pipeline.Tests.DI.AddHPDMragTests.AddHPDMrag_UseKeywordEnricher_RegistersChatClientWithCorrectKey" storage="/users/ewoof/desktop/hpd-os/dotnet/hpd-rag.framework/test/hpd-rag.pipeline.tests/bin/debug/net9.0/hpd-rag.pipeline.tests.dll" id="90ef9675-063a-6f4a-8ae3-55d3b2fee159">
      <Execution id="68aebf07-a556-48fe-b36d-8f2afb0c02ef" />
      <TestMethod codeBase="/Users/ewoof/Desktop/HPD-OS/dotnet/HPD-RAG.Framework/test/HPD-RAG.Pipeline.Tests/bin/Debug/net9.0/HPD-RAG.Pipeline.Tests.dll" adapterTypeName="executor://xunit/VsTestRunner3/netcore/" className="HPD.RAG.Pipeline.Tests.DI.AddHPDMragTests" name="AddHPDMrag_UseKeywordEnricher_RegistersChatClientWithCorrectKey" />
    </UnitTest>
    <UnitTest name="HPD.RAG.Pipeline.Tests.Events.IngestionEventTests.RunStreamingAsync_EmitsDocumentWrittenEvent_ForEachDocument" storage="/users/ewoof/desktop/hpd-os/dotnet/hpd-rag.framework/test/hpd-rag.pipeline.tests/bin/debug/net9.0/hpd-rag.pipeline.tests.dll" id="bcf3cf23-c296-621c-be3f-1ae6e36b39a2">
      <Execution id="eebbf715-0a1c-49d9-9854-c0a267fb2d9a" />
      <TestMethod codeBase="/Users/ewoof/Desktop/HPD-OS/dotnet/HPD-RAG.Framework/test/HPD-RAG.Pipeline.Tests/bin/Debug/net9.0/HPD-RAG.Pipeline.Tests.dll" adapterTypeName="executor://xunit/VsTestRunner3/netcore/" className="HPD.RAG.Pipeline.Tests.Events.IngestionEventTests" name="RunStreamingAsync_EmitsDocumentWrittenEvent_ForEachDocument" />
    </UnitTest>
    <UnitTest name="HPD.RAG.Pipeline.Tests.Pipeline.RouterAdapterTests.AddRouter_WithPortWiring_BuildsSuccessfully" storage="/users/ewoof/desktop/hpd-os/dotnet/hpd-rag.framework/test/hpd-rag.pipeline.tests/bin/debug/net9.0/hpd-rag.pipeline.tests.dll" id="7f14ec8d-f5c6-19b7-c86f-76dd81b6bf30">
      <Execution id="c6a8d016-7f42-4a86-b872-0d63b1a0d53c" />
      <TestMethod codeBase="/Users/ewoof/Desktop/HPD-OS/dotnet/HPD-RAG.Framework/test/HPD-RAG.Pipeline.Tests/bin/Debug/net9.0/HPD-RAG.Pipeline.Tests.dll" adapterTypeName="executor://xunit/VsTestRunner3/netcore/" className="HPD.RAG.Pipeline.Tests.Pipeline.RouterAdapterTests" name="AddRouter_WithPortWiring_BuildsSuccessfully" />
    </UnitTest>
    <UnitTest name="HPD.RAG.Pipeline.Tests.Pipeline.MragPipelineBuilderTests.Create_ReturnsNonNull" storage="/users/ewoof/desktop/hpd-os/dotnet/hpd-rag.framework/test/hpd-rag.pipeline.tests/bin/debug/net9.0/hpd-rag.pipeline.tests.dll" id="e03072a4-71f3-0fe7-2df8-cb50e4079203">
      <Execution id="8cd6e04d-71b0-4a0a-ba8f-443d34f55095" />
      <TestMethod codeBase="/Users/ewoof/Desktop/HPD-OS/dotnet/HPD-RAG.Framework/test/HPD-RAG.Pipeline.Tests/bin/Debug/net9.0/HPD-RAG.Pipeline.Tests.dll" adapterTypeName="executor://xunit/VsTestRunner3/netcore/" className="HPD.RAG.Pipeline.Tests.Pipeline.MragPipelineBuilderTests" name="Create_ReturnsNonNull" />
    </UnitTest>
    <UnitTest name="HPD.RAG.Pipeline.Tests.Pipeline.RagGraphBuilderExtensionsTests.AddRagRetrieval_AddsSubGraphNode" storage="/users/ewoof/desktop/hpd-os/dotnet/hpd-rag.framework/test/hpd-rag.pipeline.tests/bin/debug/net9.0/hpd-rag.pipeline.tests.dll" id="0de637d8-3899-477c-7943-46de9da3c16f">
      <Execution id="a2e432c3-f410-4eda-9b93-301a04c6cd77" />
      <TestMethod codeBase="/Users/ewoof/Desktop/HPD-OS/dotnet/HPD-RAG.Framework/test/HPD-RAG.Pipeline.Tests/bin/Debug/net9.0/HPD-RAG.Pipeline.Tests.dll" adapterTypeName="executor://xunit/VsTestRunner3/netcore/" className="HPD.RAG.Pipeline.Tests.Pipeline.RagGraphBuilderExtensionsTests" name="AddRagRetrieval_AddsSubGraphNode" />
    </UnitTest>
    <UnitTest name="HPD.RAG.Pipeline.Tests.Events.IngestionEventTests.RunStreamingAsync_EmitsIngestionCompletedEvent" storage="/users/ewoof/desktop/hpd-os/dotnet/hpd-rag.framework/test/hpd-rag.pipeline.tests/bin/debug/net9.0/hpd-rag.pipeline.tests.dll" id="f130edb7-c894-c57b-bc5e-be5146d89080">
      <Execution id="f2d0dcaa-8648-467f-bce4-30258dfb2509" />
      <TestMethod codeBase="/Users/ewoof/Desktop/HPD-OS/dotnet/HPD-RAG.Framework/test/HPD-RAG.Pipeline.Tests/bin/Debug/net9.0/HPD-RAG.Pipeline.Tests.dll" adapterTypeName="executor://xunit/VsTestRunner3/netcore/" className="HPD.RAG.Pipeline.Tests.Events.IngestionEventTests" name="RunStreamingAsync_EmitsIngestionCompletedEvent" />
    </UnitTest>
    <UnitTest name="HPD.RAG.Pipeline.Tests.Pipeline.ResilienceOptionTests.MragRetryPolicy_None_HasMaxAttempts1" storage="/users/ewoof/desktop/hpd-os/dotnet/hpd-rag.framework/test/hpd-rag.pipeline.tests/bin/debug/net9.0/hpd-rag.pipeline.tests.dll" id="2e0d4fc1-e314-9b5b-b4a2-094c85394047">
      <Execution id="9587d663-bb5b-4831-ab9c-d0f1db8e1e0c" />
      <TestMethod codeBase="/Users/ewoof/Desktop/HPD-OS/dotnet/HPD-RAG.Framework/test/HPD-RAG.Pipeline.Tests/bin/Debug/net9.0/HPD-RAG.Pipeline.Tests.dll" adapterTypeName="executor://xunit/VsTestRunner3/netcore/" className="HPD.RAG.Pipeline.Tests.Pipeline.ResilienceOptionTests" name="MragRetryPolicy_None_HasMaxAttempts1" />
    </UnitTest>
    <UnitTest name="HPD.RAG.Pipeline.Tests.Pipeline.MragPipelineBuilderTests.BuildRetrievalAsync_ReturnsRetrievalPipeline" storage="/users/ewoof/desktop/hpd-os/dotnet/hpd-rag.framework/test/hpd-rag.pipeline.tests/bin/debug/net9.0/hpd-rag.pipeline.tests.dll" id="b274ddff-7ab1-344c-61f3-ed53cd0ea755">
      <Execution id="b013361d-1499-4415-8ecf-140977508756" />
      <TestMethod codeBase="/Users/ewoof/Desktop/HPD-OS/dotnet/HPD-RAG.Framework/test/HPD-RAG.Pipeline.Tests/bin/Debug/net9.0/HPD-RAG.Pipeline.Tests.dll" adapterTypeName="executor://xunit/VsTestRunner3/netcore/" className="HPD.RAG.Pipeline.Tests.Pipeline.MragPipelineBuilderTests" name="BuildRetrievalAsync_ReturnsRetrievalPipeline" />
    </UnitTest>
    <UnitTest name="HPD.RAG.Pipeline.Tests.Events.IngestionEventTests.RunStreamingAsync_EmitsDocumentSkippedEvent_ForUnchangedDocuments" storage="/users/ewoof/desktop/hpd-os/dotnet/hpd-rag.framework/test/hpd-rag.pipeline.tests/bin/debug/net9.0/hpd-rag.pipeline.tests.dll" id="b8530804-78f6-dc25-5d9d-f421eb734b12">
      <Execution id="105d6a6a-ecbd-4077-8303-69b613955f60" />
      <TestMethod codeBase="/Users/ewoof/Desktop/HPD-OS/dotnet/HPD-RAG.Framework/test/HPD-RAG.Pipeline.Tests/bin/Debug/net9.0/HPD-RAG.Pipeline.Tests.dll" adapterTypeName="executor://xunit/VsTestRunner3/netcore/" className="HPD.RAG.Pipeline.Tests.Events.IngestionEventTests" name="RunStreamingAsync_EmitsDocumentSkippedEvent_ForUnchangedDocuments" />
    </UnitTest>
    <UnitTest name="HPD.RAG.Pipeline.Tests.Events.EvaluationEventTests.EvalPartitionCompletedEvent_CanBeConstructed" storage="/users/ewoof/desktop/hpd-os/dotnet/hpd-rag.framework/test/hpd-rag.pipeline.tests/bin/debug/net9.0/hpd-rag.pipeline.tests.dll" id="6ef542bb-da14-5cb0-39de-2ffa160e3c5c">
      <Execution id="aea50f18-ee68-40b3-8ecc-91990165231b" />
      <TestMethod codeBase="/Users/ewoof/Desktop/HPD-OS/dotnet/HPD-RAG.Framework/test/HPD-RAG.Pipeline.Tests/bin/Debug/net9.0/HPD-RAG.Pipeline.Tests.dll" adapterTypeName="executor://xunit/VsTestRunner3/netcore/" className="HPD.RAG.Pipeline.Tests.Events.EvaluationEventTests" name="EvalPartitionCompletedEvent_CanBeConstructed" />
    </UnitTest>
    <UnitTest name="HPD.RAG.Pipeline.Tests.Events.EvaluationEventTests.EvalStartedEvent_CanBeConstructed" storage="/users/ewoof/desktop/hpd-os/dotnet/hpd-rag.framework/test/hpd-rag.pipeline.tests/bin/debug/net9.0/hpd-rag.pipeline.tests.dll" id="10a9779b-0ec7-8f6f-7876-45994d3ebc31">
      <Execution id="06fae941-77b4-47d2-ada4-1e611f850fbe" />
      <TestMethod codeBase="/Users/ewoof/Desktop/HPD-OS/dotnet/HPD-RAG.Framework/test/HPD-RAG.Pipeline.Tests/bin/Debug/net9.0/HPD-RAG.Pipeline.Tests.dll" adapterTypeName="executor://xunit/VsTestRunner3/netcore/" className="HPD.RAG.Pipeline.Tests.Events.EvaluationEventTests" name="EvalStartedEvent_CanBeConstructed" />
    </UnitTest>
    <UnitTest name="HPD.RAG.Pipeline.Tests.Events.RetrievalEventTests.RetrievalEventTypes_AreSubtypesOfMragEvent" storage="/users/ewoof/desktop/hpd-os/dotnet/hpd-rag.framework/test/hpd-rag.pipeline.tests/bin/debug/net9.0/hpd-rag.pipeline.tests.dll" id="e79db0e2-384c-a81f-1445-aef18443f1ca">
      <Execution id="25c031bf-4ce4-42ea-afb9-0aa37900638b" />
      <TestMethod codeBase="/Users/ewoof/Desktop/HPD-OS/dotnet/HPD-RAG.Framework/test/HPD-RAG.Pipeline.Tests/bin/Debug/net9.0/HPD-RAG.Pipeline.Tests.dll" adapterTypeName="executor://xunit/VsTestRunner3/netcore/" className="HPD.RAG.Pipeline.Tests.Events.RetrievalEventTests" name="RetrievalEventTypes_AreSubtypesOfMragEvent" />
    </UnitTest>
    <UnitTest name="HPD.RAG.Pipeline.Tests.Pipeline.MragPipelineBuilderTests.BuildIngestionAsync_ReturnsIngestionPipeline" storage="/users/ewoof/desktop/hpd-os/dotnet/hpd-rag.framework/test/hpd-rag.pipeline.tests/bin/debug/net9.0/hpd-rag.pipeline.tests.dll" id="ae6ad947-1cf4-cdef-0a9f-5f49b7de5786">
      <Execution id="0f796652-dbca-478a-aecd-712891d318f9" />
      <TestMethod codeBase="/Users/ewoof/Desktop/HPD-OS/dotnet/HPD-RAG.Framework/test/HPD-RAG.Pipeline.Tests/bin/Debug/net9.0/HPD-RAG.Pipeline.Tests.dll" adapterTypeName="executor://xunit/VsTestRunner3/netcore/" className="HPD.RAG.Pipeline.Tests.Pipeline.MragPipelineBuilderTests" name="BuildIngestionAsync_ReturnsIngestionPipeline" />
    </UnitTest>
    <UnitTest name="HPD.RAG.Pipeline.Tests.DI.AddHPDMragTests.AddHPDMrag_RegisterVectorStore_InMemory_VectorStoreIsResolvable" storage="/users/ewoof/desktop/hpd-os/dotnet/hpd-rag.framework/test/hpd-rag.pipeline.tests/bin/debug/net9.0/hpd-rag.pipeline.tests.dll" id="d57f51e6-9d87-8142-7ec0-e950bcb1fd1e">
      <Execution id="4e48bd88-1657-4f1b-a65c-b86010fc68b6" />
      <TestMethod codeBase="/Users/ewoof/Desktop/HPD-OS/dotnet/HPD-RAG.Framework/test/HPD-RAG.Pipeline.Tests/bin/Debug/net9.0/HPD-RAG.Pipeline.Tests.dll" adapterTypeName="executor://xunit/VsTestRunner3/netcore/" className="HPD.RAG.Pipeline.Tests.DI.AddHPDMragTests" name="AddHPDMrag_RegisterVectorStore_InMemory_VectorStoreIsResolvable" />
    </UnitTest>
    <UnitTest name="HPD.RAG.Pipeline.Tests.Pipeline.MragPipelineBuilderTests.Build_WithNoHandlers_Succeeds" storage="/users/ewoof/desktop/hpd-os/dotnet/hpd-rag.framework/test/hpd-rag.pipeline.tests/bin/debug/net9.0/hpd-rag.pipeline.tests.dll" id="c02cbc53-5c41-8a15-5956-122f7c76050a">
      <Execution id="248f8252-c589-40ae-a314-d7bd70aae1a7" />
      <TestMethod codeBase="/Users/ewoof/Desktop/HPD-OS/dotnet/HPD-RAG.Framework/test/HPD-RAG.Pipeline.Tests/bin/Debug/net9.0/HPD-RAG.Pipeline.Tests.dll" adapterTypeName="executor://xunit/VsTestRunner3/netcore/" className="HPD.RAG.Pipeline.Tests.Pipeline.MragPipelineBuilderTests" name="Build_WithNoHandlers_Succeeds" />
    </UnitTest>
    <UnitTest name="HPD.RAG.Pipeline.Tests.DI.AddHPDMragTests.AddHPDMrag_UseJudgeChatClient_RegistersJudge" storage="/users/ewoof/desktop/hpd-os/dotnet/hpd-rag.framework/test/hpd-rag.pipeline.tests/bin/debug/net9.0/hpd-rag.pipeline.tests.dll" id="be244248-bcdc-99b1-3b76-b44ad48896b8">
      <Execution id="7862c7ce-a78c-436f-a975-7d1ac510bf68" />
      <TestMethod codeBase="/Users/ewoof/Desktop/HPD-OS/dotnet/HPD-RAG.Framework/test/HPD-RAG.Pipeline.Tests/bin/Debug/net9.0/HPD-RAG.Pipeline.Tests.dll" adapterTypeName="executor://xunit/VsTestRunner3/netcore/" className="HPD.RAG.Pipeline.Tests.DI.AddHPDMragTests" name="AddHPDMrag_UseJudgeChatClient_RegistersJudge" />
    </UnitTest>
    <UnitTest name="HPD.RAG.Pipeline.Tests.Pipeline.MragPipelineBuilderTests.AddHandler_TypedConfig_StoresConfigAsNodeJsonObject" storage="/users/ewoof/desktop/hpd-os/dotnet/hpd-rag.framework/test/hpd-rag.pipeline.tests/bin/debug/net9.0/hpd-rag.pipeline.tests.dll" id="01692d4e-a171-9b87-0655-544763e8cb1e">
      <Execution id="14d54d56-8a78-48da-a236-b941e5d4cfc8" />
      <TestMethod codeBase="/Users/ewoof/Desktop/HPD-OS/dotnet/HPD-RAG.Framework/test/HPD-RAG.Pipeline.Tests/bin/Debug/net9.0/HPD-RAG.Pipeline.Tests.dll" adapterTypeName="executor://xunit/VsTestRunner3/netcore/" className="HPD.RAG.Pipeline.Tests.Pipeline.MragPipelineBuilderTests" name="AddHandler_TypedConfig_StoresConfigAsNodeJsonObject" />
    </UnitTest>
    <UnitTest name="HPD.RAG.Pipeline.Tests.Pipeline.RagGraphBuilderExtensionsTests.AddRagIngestion_AddsSubGraphNode" storage="/users/ewoof/desktop/hpd-os/dotnet/hpd-rag.framework/test/hpd-rag.pipeline.tests/bin/debug/net9.0/hpd-rag.pipeline.tests.dll" id="2d8c15f9-4be0-e619-d234-77056bf267d3">
      <Execution id="75972049-e9b0-4002-92b0-f71a5d6e4e89" />
      <TestMethod codeBase="/Users/ewoof/Desktop/HPD-OS/dotnet/HPD-RAG.Framework/test/HPD-RAG.Pipeline.Tests/bin/Debug/net9.0/HPD-RAG.Pipeline.Tests.dll" adapterTypeName="executor://xunit/VsTestRunner3/netcore/" className="HPD.RAG.Pipeline.Tests.Pipeline.RagGraphBuilderExtensionsTests" name="AddRagIngestion_AddsSubGraphNode" />
    </UnitTest>
    <UnitTest name="HPD.RAG.Pipeline.Tests.Events.IngestionEventTests.IngestionEventTypes_HaveRequiredProperties" storage="/users/ewoof/desktop/hpd-os/dotnet/hpd-rag.framework/test/hpd-rag.pipeline.tests/bin/debug/net9.0/hpd-rag.pipeline.tests.dll" id="97e14c7d-d3b1-3cfd-0b9f-cab74ac3b6a9">
      <Execution id="ce368963-16b7-4cd1-a718-c3d2bb49363b" />
      <TestMethod codeBase="/Users/ewoof/Desktop/HPD-OS/dotnet/HPD-RAG.Framework/test/HPD-RAG.Pipeline.Tests/bin/Debug/net9.0/HPD-RAG.Pipeline.Tests.dll" adapterTypeName="executor://xunit/VsTestRunner3/netcore/" className="HPD.RAG.Pipeline.Tests.Events.IngestionEventTests" name="IngestionEventTypes_HaveRequiredProperties" />
    </UnitTest>
    <UnitTest name="HPD.RAG.Pipeline.Tests.Pipeline.ProcessorAdapterTests.AddProcessor_ProcessingContextExposesCorrectPipelineName" storage="/users/ewoof/desktop/hpd-os/dotnet/hpd-rag.framework/test/hpd-rag.pipeline.tests/bin/debug/net9.0/hpd-rag.pipeline.tests.dll" id="6953f5de-9e7b-d1b8-c68b-f96d68616600">
      <Execution id="dc21a37d-6ba7-4cf6-bf61-008deee085f9" />
      <TestMethod codeBase="/Users/ewoof/Desktop/HPD-OS/dotnet/HPD-RAG.Framework/test/HPD-RAG.Pipeline.Tests/bin/Debug/net9.0/HPD-RAG.Pipeline.Tests.dll" adapterTypeName="executor://xunit/VsTestRunner3/netcore/" className="HPD.RAG.Pipeline.Tests.Pipeline.ProcessorAdapterTests" name="AddProcessor_ProcessingContextExposesCorrectPipelineName" />
    </UnitTest>
    <UnitTest name="HPD.RAG.Pipeline.Tests.Pipeline.RouterAdapterTests.AddRouter_LessThan2Ports_ThrowsArgumentOutOfRange" storage="/users/ewoof/desktop/hpd-os/dotnet/hpd-rag.framework/test/hpd-rag.pipeline.tests/bin/debug/net9.0/hpd-rag.pipeline.tests.dll" id="e89ce267-3584-9e4e-aefa-9a61e6e07dcd">
      <Execution id="3e6c4e28-afb1-4068-81f0-8fce55242a88" />
      <TestMethod codeBase="/Users/ewoof/Desktop/HPD-OS/dotnet/HPD-RAG.Framework/test/HPD-RAG.Pipeline.Tests/bin/Debug/net9.0/HPD-RAG.Pipeline.Tests.dll" adapterTypeName="executor://xunit/VsTestRunner3/netcore/" className="HPD.RAG.Pipeline.Tests.Pipeline.RouterAdapterTests" name="AddRouter_LessThan2Ports_ThrowsArgumentOutOfRange" />
    </UnitTest>
    <UnitTest name="HPD.RAG.Pipeline.Tests.Pipeline.MragPipelineBuilderTests.WithName_SetsNameOnBuiltPipeline" storage="/users/ewoof/desktop/hpd-os/dotnet/hpd-rag.framework/test/hpd-rag.pipeline.tests/bin/debug/net9.0/hpd-rag.pipeline.tests.dll" id="1bdcb005-6942-cd7e-b2d6-1f21f54c42c9">
      <Execution id="64b6679f-8263-4bbc-8c7d-11269c8acf75" />
      <TestMethod codeBase="/Users/ewoof/Desktop/HPD-OS/dotnet/HPD-RAG.Framework/test/HPD-RAG.Pipeline.Tests/bin/Debug/net9.0/HPD-RAG.Pipeline.Tests.dll" adapterTypeName="executor://xunit/VsTestRunner3/netcore/" className="HPD.RAG.Pipeline.Tests.Pipeline.MragPipelineBuilderTests" name="WithName_SetsNameOnBuiltPipeline" />
    </UnitTest>
  </TestDefinitions>
  <TestEntries>
    <TestEntry testId="204c314e-1367-2781-8a92-68d927f73d8b" executionId="4dcaaa23-a24a-4527-bdd3-06a84a677798" testListId="8c84fa94-04c1-424b-9868-57a2d4851a1d" />
    <TestEntry testId="7f14ec8d-f5c6-19b7-c86f-76dd81b6bf30" executionId="c6a8d016-7f42-4a86-b872-0d63b1a0d53c" testListId="8c84fa94-04c1-424b-9868-57a2d4851a1d" />
    <TestEntry testId="7091c77e-22d4-085a-c481-921c858bf376" executionId="eb2cc3d4-f0f9-4aa6-8ed3-059b2a335060" testListId="8c84fa94-04c1-424b-9868-57a2d4851a1d" />
    <TestEntry testId="8a0250e4-d795-0164-6b8c-a3c39da620e7" executionId="cb013cd1-ac19-4690-b8cf-f446d82e480f" testListId="8c84fa94-04c1-424b-9868-57a2d4851a1d" />
    <TestEntry testId="6ef542bb-da14-5cb0-39de-2ffa160e3c5c" executionId="aea50f18-ee68-40b3-8ecc-91990165231b" testListId="8c84fa94-04c1-424b-9868-57a2d4851a1d" />
    <TestEntry testId="e03072a4-71f3-0fe7-2df8-cb50e4079203" executionId="8cd6e04d-71b0-4a0a-ba8f-443d34f55095" testListId="8c84fa94-04c1-424b-9868-57a2d4851a1d" />
    <TestEntry testId="147af68d-5aa6-ee2e-923e-7107c3fc1397" executionId="886a5cf3-c23a-45d1-8400-937a2c158ab6" testListId="8c84fa94-04c1-424b-9868-57a2d4851a1d" />
    <TestEntry testId="7b8eecf8-ca0c-241d-ec9f-8e05419d40d6" executionId="3ca20c03-a504-41ef-9f1f-726b02233c78" testListId="8c84fa94-04c1-424b-9868-57a2d4851a1d" />
    <TestEntry testId="10a9779b-0ec7-8f6f-7876-45994d3ebc31" executionId="06fae941-77b4-47d2-ada4-1e611f850fbe" testListId="8c84fa94-04c1-424b-9868-57a2d4851a1d" />
    <TestEntry testId="97e14c7d-d3b1-3cfd-0b9f-cab74ac3b6a9" executionId="ce368963-16b7-4cd1-a718-c3d2bb49363b" testListId="8c84fa94-04c1-424b-9868-57a2d4851a1d" />
    <TestEntry testId="f81daeab-a1b0-108b-1284-2e769730a92f" executionId="3d0ba7c4-2ebb-401a-bef8-0ae6498c2726" testListId="8c84fa94-04c1-424b-9868-57a2d4851a1d" />
    <TestEntry testId="cc568de0-e3a5-47fa-a5ba-a8d31fc5872b" executionId="5cd12d3e-5592-44f1-821d-e07bb2dd360e" testListId="8c84fa94-04c1-424b-9868-57a2d4851a1d" />
    <TestEntry testId="619c1f07-fa07-c9c6-1aa4-1992f6926d6b" executionId="616889da-f255-412e-bf30-c1e120b5f48f" testListId="8c84fa94-04c1-424b-9868-57a2d4851a1d" />
    <TestEntry testId="b3d7bced-98a2-f809-89dd-4e8336f8c159" executionId="1a69d1f3-0189-439a-87cb-76e0559c02c3" testListId="8c84fa94-04c1-424b-9868-57a2d4851a1d" />
    <TestEntry testId="be244248-bcdc-99b1-3b76-b44ad48896b8" executionId="7862c7ce-a78c-436f-a975-7d1ac510bf68" testListId="8c84fa94-04c1-424b-9868-57a2d4851a1d" />
    <TestEntry testId="0de637d8-3899-477c-7943-46de9da3c16f" executionId="a2e432c3-f410-4eda-9b93-301a04c6cd77" testListId="8c84fa94-04c1-424b-9868-57a2d4851a1d" />
    <TestEntry testId="e05a02b3-a8c7-72c4-3e91-2a13ccd2cf0c" executionId="6c3207d2-0efb-4f27-a7bf-8c1330564ac7" testListId="8c84fa94-04c1-424b-9868-57a2d4851a1d" />
    <TestEntry testId="b33f9027-fc6c-34e1-d24b-6e27db341c25" executionId="13472742-1e1e-4126-8598-19f5ccf9eeb1" testListId="8c84fa94-04c1-424b-9868-57a2d4851a1d" />
    <TestEntry testId="d072b057-06f8-c8a3-7dc3-1dc2da511476" executionId="cc0ac515-ed1d-4bd4-96cc-e40a973908a1" testListId="8c84fa94-04c1-424b-9868-57a2d4851a1d" />
    <TestEntry testId="01692d4e-a171-9b87-0655-544763e8cb1e" executionId="14d54d56-8a78-48da-a236-b941e5d4cfc8" testListId="8c84fa94-04c1-424b-9868-57a2d4851a1d" />
    <TestEntry testId="e5ae6556-87e5-6cb1-4a0e-1155a23eb759" executionId="f80dd2a0-a58d-4dda-8256-5772fcfca958" testListId="8c84fa94-04c1-424b-9868-57a2d4851a1d" />
    <TestEntry testId="a54f8057-9cb5-a10a-ebcb-652a51014249" executionId="e1faffcd-5903-4fd0-9af8-6f14e9c57c98" testListId="8c84fa94-04c1-424b-9868-57a2d4851a1d" />
    <TestEntry testId="c02cbc53-5c41-8a15-5956-122f7c76050a" executionId="248f8252-c589-40ae-a314-d7bd70aae1a7" testListId="8c84fa94-04c1-424b-9868-57a2d4851a1d" />
    <TestEntry testId="b8530804-78f6-dc25-5d9d-f421eb734b12" executionId="105d6a6a-ecbd-4077-8303-69b613955f60" testListId="8c84fa94-04c1-424b-9868-57a2d4851a1d" />
    <TestEntry testId="6953f5de-9e7b-d1b8-c68b-f96d68616600" executionId="dc21a37d-6ba7-4cf6-bf61-008deee085f9" testListId="8c84fa94-04c1-424b-9868-57a2d4851a1d" />
    <TestEntry testId="2e0d4fc1-e314-9b5b-b4a2-094c85394047" executionId="9587d663-bb5b-4831-ab9c-d0f1db8e1e0c" testListId="8c84fa94-04c1-424b-9868-57a2d4851a1d" />
    <TestEntry testId="1cc3a24b-540b-9bdd-c3d2-40619c570d3b" executionId="b0d54833-4a69-409a-b90d-71de845c8ef2" testListId="8c84fa94-04c1-424b-9868-57a2d4851a1d" />
    <TestEntry testId="b274ddff-7ab1-344c-61f3-ed53cd0ea755" executionId="b013361d-1499-4415-8ecf-140977508756" testListId="8c84fa94-04c1-424b-9868-57a2d4851a1d" />
    <TestEntry testId="2e312a6f-310f-6ac7-f33b-3c4fd1ed9699" executionId="a8cd0b6b-47ec-4d9d-903d-9dc53417946e" testListId="8c84fa94-04c1-424b-9868-57a2d4851a1d" />
    <TestEntry testId="402d1976-a7a9-9c4f-ec6f-aa053781e487" executionId="a34c84fa-5078-4616-83de-2016651df492" testListId="8c84fa94-04c1-424b-9868-57a2d4851a1d" />
    <TestEntry testId="201a36d6-a966-d270-6e69-0c7c5cd035f7" executionId="5b7a0aac-5f51-4f23-882b-fec9035137ae" testListId="8c84fa94-04c1-424b-9868-57a2d4851a1d" />
    <TestEntry testId="b54179d2-ddbc-5b77-f7ba-e564d23ffca9" executionId="9454305e-e5a0-4b36-86ec-c2ffebc994bc" testListId="8c84fa94-04c1-424b-9868-57a2d4851a1d" />
    <TestEntry testId="2d8c15f9-4be0-e619-d234-77056bf267d3" executionId="75972049-e9b0-4002-92b0-f71a5d6e4e89" testListId="8c84fa94-04c1-424b-9868-57a2d4851a1d" />
    <TestEntry testId="ab6c01f9-c532-ed2f-0da2-84a12c121dda" executionId="9d837c6a-838b-47db-b6a9-c910e3c56748" testListId="8c84fa94-04c1-424b-9868-57a2d4851a1d" />
    <TestEntry testId="f130edb7-c894-c57b-bc5e-be5146d89080" executionId="f2d0dcaa-8648-467f-bce4-30258dfb2509" testListId="8c84fa94-04c1-424b-9868-57a2d4851a1d" />
    <TestEntry testId="27b66f3d-1a81-8fdf-f7ab-dac3b281bae1" executionId="9b9a5aeb-e5fa-405d-9a64-37aae9c7a866" testListId="8c84fa94-04c1-424b-9868-57a2d4851a1d" />
    <TestEntry testId="e79db0e2-384c-a81f-1445-aef18443f1ca" executionId="25c031bf-4ce4-42ea-afb9-0aa37900638b" testListId="8c84fa94-04c1-424b-9868-57a2d4851a1d" />
    <TestEntry testId="1bdcb005-6942-cd7e-b2d6-1f21f54c42c9" executionId="64b6679f-8263-4bbc-8c7d-11269c8acf75" testListId="8c84fa94-04c1-424b-9868-57a2d4851a1d" />
    <TestEntry testId="1dd31440-6ac9-48f7-8fe6-5f2936771e99" executionId="0f7f8d02-112f-4762-8c30-991f86d1b07e" testListId="8c84fa94-04c1-424b-9868-57a2d4851a1d" />
    <TestEntry testId="001deff1-8a3d-c328-7e3a-6df854f49bca" executionId="ceb14139-bc05-47a6-bf69-71515c93e6c7" testListId="8c84fa94-04c1-424b-9868-57a2d4851a1d" />
    <TestEntry testId="ed835606-49c4-eb08-c4cf-228e628ab42a" executionId="39b5ef0f-d6f4-4fee-a1ca-282677851928" testListId="8c84fa94-04c1-424b-9868-57a2d4851a1d" />
    <TestEntry testId="71297538-06c8-da50-4cc6-34880fa40dfa" executionId="ba253f6d-38f2-4ddb-9462-eeab8577ab91" testListId="8c84fa94-04c1-424b-9868-57a2d4851a1d" />
    <TestEntry testId="80f85923-78a9-4c87-85fd-3adb13bba9e6" executionId="702b988c-e616-4421-80d3-921379924245" testListId="8c84fa94-04c1-424b-9868-57a2d4851a1d" />
    <TestEntry testId="bcf3cf23-c296-621c-be3f-1ae6e36b39a2" executionId="eebbf715-0a1c-49d9-9854-c0a267fb2d9a" testListId="8c84fa94-04c1-424b-9868-57a2d4851a1d" />
    <TestEntry testId="ae6ad947-1cf4-cdef-0a9f-5f49b7de5786" executionId="0f796652-dbca-478a-aecd-712891d318f9" testListId="8c84fa94-04c1-424b-9868-57a2d4851a1d" />
    <TestEntry testId="577de907-06b2-2077-d825-44ba23e1b14b" executionId="0dd78b9e-8c31-415c-b8f3-e48df703d608" testListId="8c84fa94-04c1-424b-9868-57a2d4851a1d" />
    <TestEntry testId="06ffd10c-96bb-850a-5ae2-2ebb7535e507" executionId="4908c5ba-5397-4321-a2aa-7b1e5914b389" testListId="8c84fa94-04c1-424b-9868-57a2d4851a1d" />
    <TestEntry testId="66f9eaa7-3fa8-c253-8d25-f35dc91072ec" executionId="f7627eb7-197a-4a88-ba84-aae256fc70e8" testListId="8c84fa94-04c1-424b-9868-57a2d4851a1d" />
    <TestEntry testId="90ef9675-063a-6f4a-8ae3-55d3b2fee159" executionId="68aebf07-a556-48fe-b36d-8f2afb0c02ef" testListId="8c84fa94-04c1-424b-9868-57a2d4851a1d" />
    <TestEntry testId="135e0758-9891-898c-1e62-6200e2b63621" executionId="1de61a3d-7663-4672-8597-021411970813" testListId="8c84fa94-04c1-424b-9868-57a2d4851a1d" />
    <TestEntry testId="8c40961b-0ead-491b-8939-24640d5b7c5f" executionId="3601a6c2-7d27-46cf-996b-5278d6e96f7e" testListId="8c84fa94-04c1-424b-9868-57a2d4851a1d" />
    <TestEntry testId="e89ce267-3584-9e4e-aefa-9a61e6e07dcd" executionId="3e6c4e28-afb1-4068-81f0-8fce55242a88" testListId="8c84fa94-04c1-424b-9868-57a2d4851a1d" />
    <TestEntry testId="c82ba3a6-60cf-fee0-e3ba-8aed27814575" executionId="1faeb807-27ab-47f1-810f-20f15a461240" testListId="8c84fa94-04c1-424b-9868-57a2d4851a1d" />
    <TestEntry testId="d57f51e6-9d87-8142-7ec0-e950bcb1fd1e" executionId="4e48bd88-1657-4f1b-a65c-b86010fc68b6" testListId="8c84fa94-04c1-424b-9868-57a2d4851a1d" />
    <TestEntry testId="60430fa4-e6b3-67cb-9e81-4e714d060096" executionId="db2f5ed7-ce42-46c2-8286-2c9643471400" testListId="8c84fa94-04c1-424b-9868-57a2d4851a1d" />
  </TestEntries>
  <TestLists>
    <TestList name="Results Not in a List" id="8c84fa94-04c1-424b-9868-57a2d4851a1d" />
    <TestList name="All Loaded Results" id="19431567-8539-422a-85d7-44ee4e166bda" />
  </TestLists>
  <ResultSummary outcome="Completed">
    <Counters total="55" executed="48" passed="48" failed="0" error="0" timeout="0" aborted="0" inconclusive="0" passedButRunAborted="0" notRunnable="0" notExecuted="0" disconnected="0" warning="0" completed="0" inProgress="0" pending="0" />
    <Output>
      <StdOut>[xUnit.net 00:00:00.00] xUnit.net VSTest Adapter v3.1.5+1b188a7b0a (64-bit .NET 9.0.15)
[xUnit.net 00:00:00.06]   Discovering: HPD-RAG.Pipeline.Tests
[xUnit.net 00:00:00.07]   Discovered:  HPD-RAG.Pipeline.Tests
[xUnit.net 00:00:00.08]   Starting:    HPD-RAG.Pipeline.Tests
[xUnit.net 00:00:00.09]       DeferredAdapterHandler is internal and lives in _pipelineServices; orchestrator uses caller services — execution requires M6 integration host
[xUnit.net 00:00:00.09]       DeferredAdapterHandler is internal and lives in _pipelineServices; orchestrator uses caller services — execution requires M6 integration host
Test 'HPD.RAG.Pipeline.Tests.Pipeline.ProcessorAdapterTests.AddProcessor_ProcessAsyncCalled_WithCorrectInput' was skipped in the test run.
Test 'HPD.RAG.Pipeline.Tests.Pipeline.RouterAdapterTests.AddRouter_Port1_RoutesToCorrectDownstreamNode' was skipped in the test run.
[xUnit.net 00:00:00.11]       Requires graph artifact/backfill infrastructure — BackfillPartitionCompletedEvent is only emitted by orchestrator backfill path; covered by M6 IntegrationTests
[xUnit.net 00:00:00.11]       Requires graph artifact/backfill infrastructure — BackfillStartedEvent and BackfillCompletedEvent are only emitted by orchestrator backfill path; covered by M6 IntegrationTests
Test 'HPD.RAG.Pipeline.Tests.Events.EvaluationEventTests.BackfillAsync_EmitsEvalPartitionCompletedEvent_PerPartition' was skipped in the test run.
Test 'HPD.RAG.Pipeline.Tests.Events.EvaluationEventTests.BackfillAsync_EmitsEvalStartedAndCompleted' was skipped in the test run.
[xUnit.net 00:00:00.11]       DeferredAdapterHandler is internal and lives in _pipelineServices; orchestrator uses caller services — execution requires M6 integration host
Test 'HPD.RAG.Pipeline.Tests.Pipeline.ProcessorAdapterTests.AddProcessor_ProcessingContextExposesCorrectPipelineName' was skipped in the test run.
[xUnit.net 00:00:00.11]       DeferredAdapterHandler is internal and lives in _pipelineServices; orchestrator uses caller services — execution requires M6 integration host
Test 'HPD.RAG.Pipeline.Tests.Pipeline.RouterAdapterTests.AddRouter_Port0_RoutesToCorrectDownstreamNode' was skipped in the test run.
[xUnit.net 00:00:00.15]       HandleFailureAsync never emits NodeExecutionCompletedEvent before halting; DocumentFailedEvent path unreachable in unit tests — covered by M6 IntegrationTests
[xUnit.net 00:00:00.16]   Finished:    HPD-RAG.Pipeline.Tests
Test 'HPD.RAG.Pipeline.Tests.Events.IngestionEventTests.RunStreamingAsync_EmitsDocumentFailedEvent_OnHandlerError' was skipped in the test run.
</StdOut>
    </Output>
    <RunInfos>
      <RunInfo computerName="Einsteins-MacBook-Air" outcome="Warning" timestamp="2026-06-30T12:26:47.2367240-05:00">
        <Text>[xUnit.net 00:00:00.09]     HPD.RAG.Pipeline.Tests.Pipeline.RouterAdapterTests.AddRouter_Port1_RoutesToCorrectDownstreamNode [SKIP]</Text>
      </RunInfo>
      <RunInfo computerName="Einsteins-MacBook-Air" outcome="Warning" timestamp="2026-06-30T12:26:47.2379190-05:00">
        <Text>[xUnit.net 00:00:00.09]     HPD.RAG.Pipeline.Tests.Pipeline.ProcessorAdapterTests.AddProcessor_ProcessAsyncCalled_WithCorrectInput [SKIP]</Text>
      </RunInfo>
      <RunInfo computerName="Einsteins-MacBook-Air" outcome="Warning" timestamp="2026-06-30T12:26:47.2702340-05:00">
        <Text>[xUnit.net 00:00:00.11]     HPD.RAG.Pipeline.Tests.Events.EvaluationEventTests.BackfillAsync_EmitsEvalPartitionCompletedEvent_PerPartition [SKIP]</Text>
      </RunInfo>
      <RunInfo computerName="Einsteins-MacBook-Air" outcome="Warning" timestamp="2026-06-30T12:26:47.2702440-05:00">
        <Text>[xUnit.net 00:00:00.11]     HPD.RAG.Pipeline.Tests.Events.EvaluationEventTests.BackfillAsync_EmitsEvalStartedAndCompleted [SKIP]</Text>
      </RunInfo>
      <RunInfo computerName="Einsteins-MacBook-Air" outcome="Warning" timestamp="2026-06-30T12:26:47.2703480-05:00">
        <Text>[xUnit.net 00:00:00.11]     HPD.RAG.Pipeline.Tests.Pipeline.ProcessorAdapterTests.AddProcessor_ProcessingContextExposesCorrectPipelineName [SKIP]</Text>
      </RunInfo>
      <RunInfo computerName="Einsteins-MacBook-Air" outcome="Warning" timestamp="2026-06-30T12:26:47.2704150-05:00">
        <Text>[xUnit.net 00:00:00.11]     HPD.RAG.Pipeline.Tests.Pipeline.RouterAdapterTests.AddRouter_Port0_RoutesToCorrectDownstreamNode [SKIP]</Text>
      </RunInfo>
      <RunInfo computerName="Einsteins-MacBook-Air" outcome="Warning" timestamp="2026-06-30T12:26:47.3002930-05:00">
        <Text>[xUnit.net 00:00:00.15]     HPD.RAG.Pipeline.Tests.Events.IngestionEventTests.RunStreamingAsync_EmitsDocumentFailedEvent_OnHandlerError [SKIP]</Text>
      </RunInfo>
    </RunInfos>
  </ResultSummary>
</TestRun>